[preview.keenthemes.com/keen/demo1/authentication/layouts/corporate/sign-up.html]
[backblue.gif]
[fade.gif]
[index.html]
[preview.keenthemes.com/keen/demo1/assets/plugins/global/plugins.bundle.css]
[preview.keenthemes.com/keen/demo1/assets/css/style.bundle.css]
[preview.keenthemes.com/keen/demo1/assets/media/misc/auth-bg.png]
[preview.keenthemes.com/keen/demo1/assets/media/misc/auth-screens.png]
[preview.keenthemes.com/keen/demo1/authentication/layouts/corporate/sign-in.html]
[preview.keenthemes.com/keen/demo1/assets/js/scripts.bundle.js]
[preview.keenthemes.com/keen/demo1/assets/plugins/global/plugins.bundle.js]
[preview.keenthemes.com/keen/demo1/authentication/layouts/corporate/sign-up.html]
[preview.keenthemes.com/keen/demo1/assets/js/custom/authentication/sign-up/general.js]
[preview.keenthemes.com/keen/demo1/assets/plugins/global/fonts/bootstrap-icons/bootstrap-icons0107.woff2]
[preview.keenthemes.com/keen/demo1/assets/plugins/global/fonts/bootstrap-icons/bootstrap-icons0107.woff]
[preview.keenthemes.com/keen/demo1/assets/plugins/global/fonts/@fortawesome/fa-brands-400.woff2]
[preview.keenthemes.com/keen/demo1/assets/plugins/global/fonts/@fortawesome/fa-brands-400.ttf]
[preview.keenthemes.com/keen/demo1/assets/plugins/global/fonts/@fortawesome/fa-regular-400.woff2]
[preview.keenthemes.com/keen/demo1/assets/plugins/global/fonts/@fortawesome/fa-regular-400.ttf]
[preview.keenthemes.com/keen/demo1/assets/plugins/global/fonts/@fortawesome/fa-solid-900.woff2]
[preview.keenthemes.com/keen/demo1/assets/plugins/global/fonts/@fortawesome/fa-solid-900.ttf]
[preview.keenthemes.com/keen/demo1/assets/plugins/global/fonts/@fortawesome/fa-v4compatibility.woff2]
[preview.keenthemes.com/keen/demo1/assets/plugins/global/fonts/@fortawesome/fa-v4compatibility.ttf]
[preview.keenthemes.com/keen/demo1/assets/plugins/global/plugins.bundle.css]
[preview.keenthemes.com/keen/demo1/assets/css/style.bundle.css]
[preview.keenthemes.com/keen/demo1/authentication/layouts/corporate/reset-password.html]
[preview.keenthemes.com/keen/demo1/authentication/layouts/corporate/sign-in.html]
[preview.keenthemes.com/keen/demo1/assets/js/custom/authentication/sign-in/general.js]
[preview.keenthemes.com/keen/demo1/authentication/layouts/corporate/reset-password.html]
[preview.keenthemes.com/keen/demo1/assets/js/custom/authentication/reset-password/reset-password.js]
