CRITICAL - 2024-07-12 14:02:48 --> CodeIgniter\View\Exceptions\ViewException: Invalid file: "payment-detail.php"
in SYSTEMPATH\Exceptions\FrameworkException.php on line 39.
 1 SYSTEMPATH\View\View.php(216): CodeIgniter\Exceptions\FrameworkException::forInvalidFile('payment-detail.php')
 2 SYSTEMPATH\Common.php(1178): CodeIgniter\View\View->render('payment-detail', [], true)
 3 APPPATH\Controllers\Yacht.php(595): view('payment-detail')
 4 SYSTEMPATH\CodeIgniter.php(941): App\Controllers\Yacht->paymentDetail()
 5 SYSTEMPATH\CodeIgniter.php(502): CodeIgniter\CodeIgniter->runController(Object(App\Controllers\Yacht))
 6 SYSTEMPATH\CodeIgniter.php(361): CodeIgniter\CodeIgniter->handleRequest(null, Object(Config\Cache), false)
 7 FCPATH\index.php(79): CodeIgniter\CodeIgniter->run()
CRITICAL - 2024-07-12 14:12:40 --> ErrorException: Undefined variable $yacht
in APPPATH\Views\payment-detail.php on line 300.
 1 APPPATH\Views\payment-detail.php(300): CodeIgniter\Debug\Exceptions->errorHandler(2, 'Undefined variable $yacht', 'C:\\xampp\\htdocs\\bmy\\app\\Views\\payment-detail.php', 300)
 2 SYSTEMPATH\View\View.php(228): include('C:\\xampp\\htdocs\\bmy\\app\\Views\\payment-detail.php')
 3 SYSTEMPATH\View\View.php(231): CodeIgniter\View\View->CodeIgniter\View\{closure}()
 4 SYSTEMPATH\Common.php(1178): CodeIgniter\View\View->render('payment-detail', [], true)
 5 APPPATH\Controllers\Yacht.php(595): view('payment-detail')
 6 SYSTEMPATH\CodeIgniter.php(941): App\Controllers\Yacht->paymentDetail()
 7 SYSTEMPATH\CodeIgniter.php(502): CodeIgniter\CodeIgniter->runController(Object(App\Controllers\Yacht))
 8 SYSTEMPATH\CodeIgniter.php(361): CodeIgniter\CodeIgniter->handleRequest(null, Object(Config\Cache), false)
 9 FCPATH\index.php(79): CodeIgniter\CodeIgniter->run()
CRITICAL - 2024-07-12 14:16:31 --> ErrorException: Undefined variable $yacht
in APPPATH\Views\payment-detail.php on line 300.
 1 APPPATH\Views\payment-detail.php(300): CodeIgniter\Debug\Exceptions->errorHandler(2, 'Undefined variable $yacht', 'C:\\xampp\\htdocs\\bmy\\app\\Views\\payment-detail.php', 300)
 2 SYSTEMPATH\View\View.php(228): include('C:\\xampp\\htdocs\\bmy\\app\\Views\\payment-detail.php')
 3 SYSTEMPATH\View\View.php(231): CodeIgniter\View\View->CodeIgniter\View\{closure}()
 4 SYSTEMPATH\Common.php(1178): CodeIgniter\View\View->render('payment-detail', [], true)
 5 APPPATH\Controllers\Yacht.php(595): view('payment-detail')
 6 SYSTEMPATH\CodeIgniter.php(941): App\Controllers\Yacht->paymentDetail()
 7 SYSTEMPATH\CodeIgniter.php(502): CodeIgniter\CodeIgniter->runController(Object(App\Controllers\Yacht))
 8 SYSTEMPATH\CodeIgniter.php(361): CodeIgniter\CodeIgniter->handleRequest(null, Object(Config\Cache), false)
 9 FCPATH\index.php(79): CodeIgniter\CodeIgniter->run()
CRITICAL - 2024-07-12 14:29:04 --> ErrorException: Undefined variable $payment
in APPPATH\Views\payment-detail.php on line 96.
 1 APPPATH\Views\payment-detail.php(96): CodeIgniter\Debug\Exceptions->errorHandler(2, 'Undefined variable $payment', 'C:\\xampp\\htdocs\\bmy\\app\\Views\\payment-detail.php', 96)
 2 SYSTEMPATH\View\View.php(228): include('C:\\xampp\\htdocs\\bmy\\app\\Views\\payment-detail.php')
 3 SYSTEMPATH\View\View.php(231): CodeIgniter\View\View->CodeIgniter\View\{closure}()
 4 SYSTEMPATH\Common.php(1178): CodeIgniter\View\View->render('payment-detail', [], true)
 5 APPPATH\Controllers\Yacht.php(595): view('payment-detail')
 6 SYSTEMPATH\CodeIgniter.php(941): App\Controllers\Yacht->paymentDetail()
 7 SYSTEMPATH\CodeIgniter.php(502): CodeIgniter\CodeIgniter->runController(Object(App\Controllers\Yacht))
 8 SYSTEMPATH\CodeIgniter.php(361): CodeIgniter\CodeIgniter->handleRequest(null, Object(Config\Cache), false)
 9 FCPATH\index.php(79): CodeIgniter\CodeIgniter->run()
CRITICAL - 2024-07-12 14:50:57 --> ErrorException: Array to string conversion
in APPPATH\Views\payment-detail.php on line 110.
 1 APPPATH\Views\payment-detail.php(110): CodeIgniter\Debug\Exceptions->errorHandler(2, 'Array to string conversion', 'C:\\xampp\\htdocs\\bmy\\app\\Views\\payment-detail.php', 110)
 2 SYSTEMPATH\View\View.php(228): include('C:\\xampp\\htdocs\\bmy\\app\\Views\\payment-detail.php')
 3 SYSTEMPATH\View\View.php(231): CodeIgniter\View\View->CodeIgniter\View\{closure}()
 4 SYSTEMPATH\Common.php(1178): CodeIgniter\View\View->render('payment-detail', [], true)
 5 APPPATH\Controllers\Yacht.php(595): view('payment-detail', [...])
 6 SYSTEMPATH\CodeIgniter.php(941): App\Controllers\Yacht->paymentDetail()
 7 SYSTEMPATH\CodeIgniter.php(502): CodeIgniter\CodeIgniter->runController(Object(App\Controllers\Yacht))
 8 SYSTEMPATH\CodeIgniter.php(361): CodeIgniter\CodeIgniter->handleRequest(null, Object(Config\Cache), false)
 9 FCPATH\index.php(79): CodeIgniter\CodeIgniter->run()
CRITICAL - 2024-07-12 14:54:44 --> ErrorException: Undefined variable $payment
in APPPATH\Views\payment-detail.php on line 97.
 1 APPPATH\Views\payment-detail.php(97): CodeIgniter\Debug\Exceptions->errorHandler(2, 'Undefined variable $payment', 'C:\\xampp\\htdocs\\bmy\\app\\Views\\payment-detail.php', 97)
 2 SYSTEMPATH\View\View.php(228): include('C:\\xampp\\htdocs\\bmy\\app\\Views\\payment-detail.php')
 3 SYSTEMPATH\View\View.php(231): CodeIgniter\View\View->CodeIgniter\View\{closure}()
 4 SYSTEMPATH\Common.php(1178): CodeIgniter\View\View->render('payment-detail', [], true)
 5 APPPATH\Controllers\Yacht.php(587): view('payment-detail')
 6 SYSTEMPATH\CodeIgniter.php(941): App\Controllers\Yacht->paymentRecord()
 7 SYSTEMPATH\CodeIgniter.php(502): CodeIgniter\CodeIgniter->runController(Object(App\Controllers\Yacht))
 8 SYSTEMPATH\CodeIgniter.php(361): CodeIgniter\CodeIgniter->handleRequest(null, Object(Config\Cache), false)
 9 FCPATH\index.php(79): CodeIgniter\CodeIgniter->run()
ERROR - 2024-07-12 15:35:44 --> mysqli_sql_exception: Column 'name' cannot be null in C:\xampp\htdocs\bmy\system\Database\MySQLi\Connection.php:306
Stack trace:
#0 C:\xampp\htdocs\bmy\system\Database\MySQLi\Connection.php(306): mysqli->query('INSERT INTO `lo...', 0)
#1 C:\xampp\htdocs\bmy\system\Database\BaseConnection.php(693): CodeIgniter\Database\MySQLi\Connection->execute('INSERT INTO `lo...')
#2 C:\xampp\htdocs\bmy\system\Database\BaseConnection.php(607): CodeIgniter\Database\BaseConnection->simpleQuery('INSERT INTO `lo...')
#3 C:\xampp\htdocs\bmy\system\Database\BaseBuilder.php(2307): CodeIgniter\Database\BaseConnection->query('INSERT INTO `lo...', Array, false)
#4 C:\xampp\htdocs\bmy\system\Model.php(326): CodeIgniter\Database\BaseBuilder->insert()
#5 C:\xampp\htdocs\bmy\system\BaseModel.php(802): CodeIgniter\Model->doInsert(Array)
#6 C:\xampp\htdocs\bmy\system\Model.php(744): CodeIgniter\BaseModel->insert(Array, false)
#7 C:\xampp\htdocs\bmy\system\BaseModel.php(713): CodeIgniter\Model->insert(Array, false)
#8 C:\xampp\htdocs\bmy\app\Controllers\Home.php(385): CodeIgniter\BaseModel->save(Array)
#9 C:\xampp\htdocs\bmy\system\CodeIgniter.php(941): App\Controllers\Home->logout()
#10 C:\xampp\htdocs\bmy\system\CodeIgniter.php(502): CodeIgniter\CodeIgniter->runController(Object(App\Controllers\Home))
#11 C:\xampp\htdocs\bmy\system\CodeIgniter.php(361): CodeIgniter\CodeIgniter->handleRequest(NULL, Object(Config\Cache), false)
#12 C:\xampp\htdocs\bmy\index.php(79): CodeIgniter\CodeIgniter->run()
#13 {main}
CRITICAL - 2024-07-12 15:35:44 --> CodeIgniter\Database\Exceptions\DatabaseException: Column 'name' cannot be null
in SYSTEMPATH\Database\BaseConnection.php on line 647.
 1 SYSTEMPATH\Database\BaseBuilder.php(2307): CodeIgniter\Database\BaseConnection->query('INSERT INTO `logs` (`name`, `email`, `status`, `data_time`, `IP`, `browser`, `os`) VALUES (:name:, :email:, :status:, :data_time:, :IP:, :browser:, :os:)', [...], false)
 2 SYSTEMPATH\Model.php(326): CodeIgniter\Database\BaseBuilder->insert()
 3 SYSTEMPATH\BaseModel.php(802): CodeIgniter\Model->doInsert([...])
 4 SYSTEMPATH\Model.php(744): CodeIgniter\BaseModel->insert([...], false)
 5 SYSTEMPATH\BaseModel.php(713): CodeIgniter\Model->insert([...], false)
 6 APPPATH\Controllers\Home.php(385): CodeIgniter\BaseModel->save([...])
 7 SYSTEMPATH\CodeIgniter.php(941): App\Controllers\Home->logout()
 8 SYSTEMPATH\CodeIgniter.php(502): CodeIgniter\CodeIgniter->runController(Object(App\Controllers\Home))
 9 SYSTEMPATH\CodeIgniter.php(361): CodeIgniter\CodeIgniter->handleRequest(null, Object(Config\Cache), false)
10 FCPATH\index.php(79): CodeIgniter\CodeIgniter->run()
CRITICAL - 2024-07-12 15:35:44 --> [Caused by] CodeIgniter\Database\Exceptions\DatabaseException: Column 'name' cannot be null
in SYSTEMPATH\Database\MySQLi\Connection.php on line 311.
 1 SYSTEMPATH\Database\BaseConnection.php(693): CodeIgniter\Database\MySQLi\Connection->execute('INSERT INTO `logs` (`name`, `email`, `status`, `data_time`, `IP`, `browser`, `os`) VALUES (NULL, NULL, \'logout\', \'2024-07-12 15:35:44\', \'::1\', \'Edge\', \'Windows 10\')')
 2 SYSTEMPATH\Database\BaseConnection.php(607): CodeIgniter\Database\BaseConnection->simpleQuery('INSERT INTO `logs` (`name`, `email`, `status`, `data_time`, `IP`, `browser`, `os`) VALUES (NULL, NULL, \'logout\', \'2024-07-12 15:35:44\', \'::1\', \'Edge\', \'Windows 10\')')
 3 SYSTEMPATH\Database\BaseBuilder.php(2307): CodeIgniter\Database\BaseConnection->query('INSERT INTO `logs` (`name`, `email`, `status`, `data_time`, `IP`, `browser`, `os`) VALUES (:name:, :email:, :status:, :data_time:, :IP:, :browser:, :os:)', [...], false)
 4 SYSTEMPATH\Model.php(326): CodeIgniter\Database\BaseBuilder->insert()
 5 SYSTEMPATH\BaseModel.php(802): CodeIgniter\Model->doInsert([...])
 6 SYSTEMPATH\Model.php(744): CodeIgniter\BaseModel->insert([...], false)
 7 SYSTEMPATH\BaseModel.php(713): CodeIgniter\Model->insert([...], false)
 8 APPPATH\Controllers\Home.php(385): CodeIgniter\BaseModel->save([...])
 9 SYSTEMPATH\CodeIgniter.php(941): App\Controllers\Home->logout()
10 SYSTEMPATH\CodeIgniter.php(502): CodeIgniter\CodeIgniter->runController(Object(App\Controllers\Home))
11 SYSTEMPATH\CodeIgniter.php(361): CodeIgniter\CodeIgniter->handleRequest(null, Object(Config\Cache), false)
12 FCPATH\index.php(79): CodeIgniter\CodeIgniter->run()
CRITICAL - 2024-07-12 15:35:44 --> [Caused by] mysqli_sql_exception: Column 'name' cannot be null
in SYSTEMPATH\Database\MySQLi\Connection.php on line 306.
 1 SYSTEMPATH\Database\MySQLi\Connection.php(306): mysqli->query('INSERT INTO `logs` (`name`, `email`, `status`, `data_time`, `IP`, `browser`, `os`) VALUES (NULL, NULL, \'logout\', \'2024-07-12 15:35:44\', \'::1\', \'Edge\', \'Windows 10\')', 0)
 2 SYSTEMPATH\Database\BaseConnection.php(693): CodeIgniter\Database\MySQLi\Connection->execute('INSERT INTO `logs` (`name`, `email`, `status`, `data_time`, `IP`, `browser`, `os`) VALUES (NULL, NULL, \'logout\', \'2024-07-12 15:35:44\', \'::1\', \'Edge\', \'Windows 10\')')
 3 SYSTEMPATH\Database\BaseConnection.php(607): CodeIgniter\Database\BaseConnection->simpleQuery('INSERT INTO `logs` (`name`, `email`, `status`, `data_time`, `IP`, `browser`, `os`) VALUES (NULL, NULL, \'logout\', \'2024-07-12 15:35:44\', \'::1\', \'Edge\', \'Windows 10\')')
 4 SYSTEMPATH\Database\BaseBuilder.php(2307): CodeIgniter\Database\BaseConnection->query('INSERT INTO `logs` (`name`, `email`, `status`, `data_time`, `IP`, `browser`, `os`) VALUES (:name:, :email:, :status:, :data_time:, :IP:, :browser:, :os:)', [...], false)
 5 SYSTEMPATH\Model.php(326): CodeIgniter\Database\BaseBuilder->insert()
 6 SYSTEMPATH\BaseModel.php(802): CodeIgniter\Model->doInsert([...])
 7 SYSTEMPATH\Model.php(744): CodeIgniter\BaseModel->insert([...], false)
 8 SYSTEMPATH\BaseModel.php(713): CodeIgniter\Model->insert([...], false)
 9 APPPATH\Controllers\Home.php(385): CodeIgniter\BaseModel->save([...])
10 SYSTEMPATH\CodeIgniter.php(941): App\Controllers\Home->logout()
11 SYSTEMPATH\CodeIgniter.php(502): CodeIgniter\CodeIgniter->runController(Object(App\Controllers\Home))
12 SYSTEMPATH\CodeIgniter.php(361): CodeIgniter\CodeIgniter->handleRequest(null, Object(Config\Cache), false)
13 FCPATH\index.php(79): CodeIgniter\CodeIgniter->run()
CRITICAL - 2024-07-12 15:55:37 --> ErrorException: Undefined variable $user
in APPPATH\Views\payment-detail.php on line 103.
 1 APPPATH\Views\payment-detail.php(103): CodeIgniter\Debug\Exceptions->errorHandler(2, 'Undefined variable $user', 'C:\\xampp\\htdocs\\bmy\\app\\Views\\payment-detail.php', 103)
 2 SYSTEMPATH\View\View.php(228): include('C:\\xampp\\htdocs\\bmy\\app\\Views\\payment-detail.php')
 3 SYSTEMPATH\View\View.php(231): CodeIgniter\View\View->CodeIgniter\View\{closure}()
 4 SYSTEMPATH\Common.php(1178): CodeIgniter\View\View->render('payment-detail', [], true)
 5 APPPATH\Controllers\Yacht.php(596): view('payment-detail', [...])
 6 SYSTEMPATH\CodeIgniter.php(941): App\Controllers\Yacht->paymentDetail()
 7 SYSTEMPATH\CodeIgniter.php(502): CodeIgniter\CodeIgniter->runController(Object(App\Controllers\Yacht))
 8 SYSTEMPATH\CodeIgniter.php(361): CodeIgniter\CodeIgniter->handleRequest(null, Object(Config\Cache), false)
 9 FCPATH\index.php(79): CodeIgniter\CodeIgniter->run()
CRITICAL - 2024-07-12 15:55:55 --> ErrorException: Undefined variable $user
in APPPATH\Views\payment-detail.php on line 103.
 1 APPPATH\Views\payment-detail.php(103): CodeIgniter\Debug\Exceptions->errorHandler(2, 'Undefined variable $user', 'C:\\xampp\\htdocs\\bmy\\app\\Views\\payment-detail.php', 103)
 2 SYSTEMPATH\View\View.php(228): include('C:\\xampp\\htdocs\\bmy\\app\\Views\\payment-detail.php')
 3 SYSTEMPATH\View\View.php(231): CodeIgniter\View\View->CodeIgniter\View\{closure}()
 4 SYSTEMPATH\Common.php(1178): CodeIgniter\View\View->render('payment-detail', [], true)
 5 APPPATH\Controllers\Yacht.php(596): view('payment-detail', [...])
 6 SYSTEMPATH\CodeIgniter.php(941): App\Controllers\Yacht->paymentDetail()
 7 SYSTEMPATH\CodeIgniter.php(502): CodeIgniter\CodeIgniter->runController(Object(App\Controllers\Yacht))
 8 SYSTEMPATH\CodeIgniter.php(361): CodeIgniter\CodeIgniter->handleRequest(null, Object(Config\Cache), false)
 9 FCPATH\index.php(79): CodeIgniter\CodeIgniter->run()
CRITICAL - 2024-07-12 15:55:56 --> ErrorException: Undefined variable $user
in APPPATH\Views\payment-detail.php on line 103.
 1 APPPATH\Views\payment-detail.php(103): CodeIgniter\Debug\Exceptions->errorHandler(2, 'Undefined variable $user', 'C:\\xampp\\htdocs\\bmy\\app\\Views\\payment-detail.php', 103)
 2 SYSTEMPATH\View\View.php(228): include('C:\\xampp\\htdocs\\bmy\\app\\Views\\payment-detail.php')
 3 SYSTEMPATH\View\View.php(231): CodeIgniter\View\View->CodeIgniter\View\{closure}()
 4 SYSTEMPATH\Common.php(1178): CodeIgniter\View\View->render('payment-detail', [], true)
 5 APPPATH\Controllers\Yacht.php(596): view('payment-detail', [...])
 6 SYSTEMPATH\CodeIgniter.php(941): App\Controllers\Yacht->paymentDetail()
 7 SYSTEMPATH\CodeIgniter.php(502): CodeIgniter\CodeIgniter->runController(Object(App\Controllers\Yacht))
 8 SYSTEMPATH\CodeIgniter.php(361): CodeIgniter\CodeIgniter->handleRequest(null, Object(Config\Cache), false)
 9 FCPATH\index.php(79): CodeIgniter\CodeIgniter->run()
CRITICAL - 2024-07-12 15:55:57 --> ErrorException: Undefined variable $user
in APPPATH\Views\payment-detail.php on line 103.
 1 APPPATH\Views\payment-detail.php(103): CodeIgniter\Debug\Exceptions->errorHandler(2, 'Undefined variable $user', 'C:\\xampp\\htdocs\\bmy\\app\\Views\\payment-detail.php', 103)
 2 SYSTEMPATH\View\View.php(228): include('C:\\xampp\\htdocs\\bmy\\app\\Views\\payment-detail.php')
 3 SYSTEMPATH\View\View.php(231): CodeIgniter\View\View->CodeIgniter\View\{closure}()
 4 SYSTEMPATH\Common.php(1178): CodeIgniter\View\View->render('payment-detail', [], true)
 5 APPPATH\Controllers\Yacht.php(596): view('payment-detail', [...])
 6 SYSTEMPATH\CodeIgniter.php(941): App\Controllers\Yacht->paymentDetail()
 7 SYSTEMPATH\CodeIgniter.php(502): CodeIgniter\CodeIgniter->runController(Object(App\Controllers\Yacht))
 8 SYSTEMPATH\CodeIgniter.php(361): CodeIgniter\CodeIgniter->handleRequest(null, Object(Config\Cache), false)
 9 FCPATH\index.php(79): CodeIgniter\CodeIgniter->run()
CRITICAL - 2024-07-12 17:33:24 --> TypeError: implode(): Argument #1 ($array) must be of type array, string given
in APPPATH\Controllers\Home.php on line 421.
 1 APPPATH\Controllers\Home.php(421): implode(',', null)
 2 SYSTEMPATH\CodeIgniter.php(941): App\Controllers\Home->yachtRecordInsert()
 3 SYSTEMPATH\CodeIgniter.php(502): CodeIgniter\CodeIgniter->runController(Object(App\Controllers\Home))
 4 SYSTEMPATH\CodeIgniter.php(361): CodeIgniter\CodeIgniter->handleRequest(null, Object(Config\Cache), false)
 5 FCPATH\index.php(79): CodeIgniter\CodeIgniter->run()
ERROR - 2024-07-12 18:12:30 --> mysqli_sql_exception: Unknown column 'start_time' in 'field list' in C:\xampp\htdocs\bmy\system\Database\MySQLi\Connection.php:306
Stack trace:
#0 C:\xampp\htdocs\bmy\system\Database\MySQLi\Connection.php(306): mysqli->query('INSERT INTO `ya...', 0)
#1 C:\xampp\htdocs\bmy\system\Database\BaseConnection.php(693): CodeIgniter\Database\MySQLi\Connection->execute('INSERT INTO `ya...')
#2 C:\xampp\htdocs\bmy\system\Database\BaseConnection.php(607): CodeIgniter\Database\BaseConnection->simpleQuery('INSERT INTO `ya...')
#3 C:\xampp\htdocs\bmy\system\Database\BaseBuilder.php(2307): CodeIgniter\Database\BaseConnection->query('INSERT INTO `ya...', Array, false)
#4 C:\xampp\htdocs\bmy\system\Model.php(326): CodeIgniter\Database\BaseBuilder->insert()
#5 C:\xampp\htdocs\bmy\system\BaseModel.php(802): CodeIgniter\Model->doInsert(Array)
#6 C:\xampp\htdocs\bmy\system\Model.php(744): CodeIgniter\BaseModel->insert(Array, true)
#7 C:\xampp\htdocs\bmy\app\Controllers\Home.php(449): CodeIgniter\Model->insert(Array)
#8 C:\xampp\htdocs\bmy\system\CodeIgniter.php(941): App\Controllers\Home->yachtRecordInsert()
#9 C:\xampp\htdocs\bmy\system\CodeIgniter.php(502): CodeIgniter\CodeIgniter->runController(Object(App\Controllers\Home))
#10 C:\xampp\htdocs\bmy\system\CodeIgniter.php(361): CodeIgniter\CodeIgniter->handleRequest(NULL, Object(Config\Cache), false)
#11 C:\xampp\htdocs\bmy\index.php(79): CodeIgniter\CodeIgniter->run()
#12 {main}
CRITICAL - 2024-07-12 18:12:30 --> CodeIgniter\Database\Exceptions\DatabaseException: Unknown column 'start_time' in 'field list'
in SYSTEMPATH\Database\BaseConnection.php on line 647.
 1 SYSTEMPATH\Database\BaseBuilder.php(2307): CodeIgniter\Database\BaseConnection->query('INSERT INTO `yacht` (`id`, `days`, `start_time`, `username`, `status`, `build_name`, `about`, `yacht_length`, `size`, `hname`, `location`, `yacht_type`, `engine`, `max_speed`, `builder`, `year_of_build`, `guest`, `cabin`, `price`, `thumb-img`) VALUES (:id:, :days:, :start_time:, :username:, :status:, :build_name:, :about:, :yacht_length:, :size:, :hname:, :location:, :yacht_type:, :engine:, :max_speed:, :builder:, :year_of_build:, :guest:, :cabin:, :price:, :thumb-img:)', [...], false)
 2 SYSTEMPATH\Model.php(326): CodeIgniter\Database\BaseBuilder->insert()
 3 SYSTEMPATH\BaseModel.php(802): CodeIgniter\Model->doInsert([...])
 4 SYSTEMPATH\Model.php(744): CodeIgniter\BaseModel->insert([...], true)
 5 APPPATH\Controllers\Home.php(449): CodeIgniter\Model->insert([...])
 6 SYSTEMPATH\CodeIgniter.php(941): App\Controllers\Home->yachtRecordInsert()
 7 SYSTEMPATH\CodeIgniter.php(502): CodeIgniter\CodeIgniter->runController(Object(App\Controllers\Home))
 8 SYSTEMPATH\CodeIgniter.php(361): CodeIgniter\CodeIgniter->handleRequest(null, Object(Config\Cache), false)
 9 FCPATH\index.php(79): CodeIgniter\CodeIgniter->run()
CRITICAL - 2024-07-12 18:12:30 --> [Caused by] CodeIgniter\Database\Exceptions\DatabaseException: Unknown column 'start_time' in 'field list'
in SYSTEMPATH\Database\MySQLi\Connection.php on line 311.
 1 SYSTEMPATH\Database\BaseConnection.php(693): CodeIgniter\Database\MySQLi\Connection->execute('INSERT INTO `yacht` (`id`, `days`, `start_time`, `username`, `status`, `build_name`, `about`, `yacht_length`, `size`, `hname`, `location`, `yacht_type`, `engine`, `max_speed`, `builder`, `year_of_build`, `guest`, `cabin`, `price`, `thumb-img`) VALUES (NULL, \'Thursday,Friday\', \'11:42 PM\', \'pradeep\', \'Pending\', \'\', \'\', \'\', \'\', \'\', \'\', \'\', \'\', \'\', \'\', \'\', \'\', \'\', \'\', \'classic-yacht.jpg\')')
 2 SYSTEMPATH\Database\BaseConnection.php(607): CodeIgniter\Database\BaseConnection->simpleQuery('INSERT INTO `yacht` (`id`, `days`, `start_time`, `username`, `status`, `build_name`, `about`, `yacht_length`, `size`, `hname`, `location`, `yacht_type`, `engine`, `max_speed`, `builder`, `year_of_build`, `guest`, `cabin`, `price`, `thumb-img`) VALUES (NULL, \'Thursday,Friday\', \'11:42 PM\', \'pradeep\', \'Pending\', \'\', \'\', \'\', \'\', \'\', \'\', \'\', \'\', \'\', \'\', \'\', \'\', \'\', \'\', \'classic-yacht.jpg\')')
 3 SYSTEMPATH\Database\BaseBuilder.php(2307): CodeIgniter\Database\BaseConnection->query('INSERT INTO `yacht` (`id`, `days`, `start_time`, `username`, `status`, `build_name`, `about`, `yacht_length`, `size`, `hname`, `location`, `yacht_type`, `engine`, `max_speed`, `builder`, `year_of_build`, `guest`, `cabin`, `price`, `thumb-img`) VALUES (:id:, :days:, :start_time:, :username:, :status:, :build_name:, :about:, :yacht_length:, :size:, :hname:, :location:, :yacht_type:, :engine:, :max_speed:, :builder:, :year_of_build:, :guest:, :cabin:, :price:, :thumb-img:)', [...], false)
 4 SYSTEMPATH\Model.php(326): CodeIgniter\Database\BaseBuilder->insert()
 5 SYSTEMPATH\BaseModel.php(802): CodeIgniter\Model->doInsert([...])
 6 SYSTEMPATH\Model.php(744): CodeIgniter\BaseModel->insert([...], true)
 7 APPPATH\Controllers\Home.php(449): CodeIgniter\Model->insert([...])
 8 SYSTEMPATH\CodeIgniter.php(941): App\Controllers\Home->yachtRecordInsert()
 9 SYSTEMPATH\CodeIgniter.php(502): CodeIgniter\CodeIgniter->runController(Object(App\Controllers\Home))
10 SYSTEMPATH\CodeIgniter.php(361): CodeIgniter\CodeIgniter->handleRequest(null, Object(Config\Cache), false)
11 FCPATH\index.php(79): CodeIgniter\CodeIgniter->run()
CRITICAL - 2024-07-12 18:12:30 --> [Caused by] mysqli_sql_exception: Unknown column 'start_time' in 'field list'
in SYSTEMPATH\Database\MySQLi\Connection.php on line 306.
 1 SYSTEMPATH\Database\MySQLi\Connection.php(306): mysqli->query('INSERT INTO `yacht` (`id`, `days`, `start_time`, `username`, `status`, `build_name`, `about`, `yacht_length`, `size`, `hname`, `location`, `yacht_type`, `engine`, `max_speed`, `builder`, `year_of_build`, `guest`, `cabin`, `price`, `thumb-img`) VALUES (NULL, \'Thursday,Friday\', \'11:42 PM\', \'pradeep\', \'Pending\', \'\', \'\', \'\', \'\', \'\', \'\', \'\', \'\', \'\', \'\', \'\', \'\', \'\', \'\', \'classic-yacht.jpg\')', 0)
 2 SYSTEMPATH\Database\BaseConnection.php(693): CodeIgniter\Database\MySQLi\Connection->execute('INSERT INTO `yacht` (`id`, `days`, `start_time`, `username`, `status`, `build_name`, `about`, `yacht_length`, `size`, `hname`, `location`, `yacht_type`, `engine`, `max_speed`, `builder`, `year_of_build`, `guest`, `cabin`, `price`, `thumb-img`) VALUES (NULL, \'Thursday,Friday\', \'11:42 PM\', \'pradeep\', \'Pending\', \'\', \'\', \'\', \'\', \'\', \'\', \'\', \'\', \'\', \'\', \'\', \'\', \'\', \'\', \'classic-yacht.jpg\')')
 3 SYSTEMPATH\Database\BaseConnection.php(607): CodeIgniter\Database\BaseConnection->simpleQuery('INSERT INTO `yacht` (`id`, `days`, `start_time`, `username`, `status`, `build_name`, `about`, `yacht_length`, `size`, `hname`, `location`, `yacht_type`, `engine`, `max_speed`, `builder`, `year_of_build`, `guest`, `cabin`, `price`, `thumb-img`) VALUES (NULL, \'Thursday,Friday\', \'11:42 PM\', \'pradeep\', \'Pending\', \'\', \'\', \'\', \'\', \'\', \'\', \'\', \'\', \'\', \'\', \'\', \'\', \'\', \'\', \'classic-yacht.jpg\')')
 4 SYSTEMPATH\Database\BaseBuilder.php(2307): CodeIgniter\Database\BaseConnection->query('INSERT INTO `yacht` (`id`, `days`, `start_time`, `username`, `status`, `build_name`, `about`, `yacht_length`, `size`, `hname`, `location`, `yacht_type`, `engine`, `max_speed`, `builder`, `year_of_build`, `guest`, `cabin`, `price`, `thumb-img`) VALUES (:id:, :days:, :start_time:, :username:, :status:, :build_name:, :about:, :yacht_length:, :size:, :hname:, :location:, :yacht_type:, :engine:, :max_speed:, :builder:, :year_of_build:, :guest:, :cabin:, :price:, :thumb-img:)', [...], false)
 5 SYSTEMPATH\Model.php(326): CodeIgniter\Database\BaseBuilder->insert()
 6 SYSTEMPATH\BaseModel.php(802): CodeIgniter\Model->doInsert([...])
 7 SYSTEMPATH\Model.php(744): CodeIgniter\BaseModel->insert([...], true)
 8 APPPATH\Controllers\Home.php(449): CodeIgniter\Model->insert([...])
 9 SYSTEMPATH\CodeIgniter.php(941): App\Controllers\Home->yachtRecordInsert()
10 SYSTEMPATH\CodeIgniter.php(502): CodeIgniter\CodeIgniter->runController(Object(App\Controllers\Home))
11 SYSTEMPATH\CodeIgniter.php(361): CodeIgniter\CodeIgniter->handleRequest(null, Object(Config\Cache), false)
12 FCPATH\index.php(79): CodeIgniter\CodeIgniter->run()
ERROR - 2024-07-12 18:13:06 --> mysqli_sql_exception: Unknown column 'start_time' in 'field list' in C:\xampp\htdocs\bmy\system\Database\MySQLi\Connection.php:306
Stack trace:
#0 C:\xampp\htdocs\bmy\system\Database\MySQLi\Connection.php(306): mysqli->query('INSERT INTO `ya...', 0)
#1 C:\xampp\htdocs\bmy\system\Database\BaseConnection.php(693): CodeIgniter\Database\MySQLi\Connection->execute('INSERT INTO `ya...')
#2 C:\xampp\htdocs\bmy\system\Database\BaseConnection.php(607): CodeIgniter\Database\BaseConnection->simpleQuery('INSERT INTO `ya...')
#3 C:\xampp\htdocs\bmy\system\Database\BaseBuilder.php(2307): CodeIgniter\Database\BaseConnection->query('INSERT INTO `ya...', Array, false)
#4 C:\xampp\htdocs\bmy\system\Model.php(326): CodeIgniter\Database\BaseBuilder->insert()
#5 C:\xampp\htdocs\bmy\system\BaseModel.php(802): CodeIgniter\Model->doInsert(Array)
#6 C:\xampp\htdocs\bmy\system\Model.php(744): CodeIgniter\BaseModel->insert(Array, true)
#7 C:\xampp\htdocs\bmy\app\Controllers\Home.php(449): CodeIgniter\Model->insert(Array)
#8 C:\xampp\htdocs\bmy\system\CodeIgniter.php(941): App\Controllers\Home->yachtRecordInsert()
#9 C:\xampp\htdocs\bmy\system\CodeIgniter.php(502): CodeIgniter\CodeIgniter->runController(Object(App\Controllers\Home))
#10 C:\xampp\htdocs\bmy\system\CodeIgniter.php(361): CodeIgniter\CodeIgniter->handleRequest(NULL, Object(Config\Cache), false)
#11 C:\xampp\htdocs\bmy\index.php(79): CodeIgniter\CodeIgniter->run()
#12 {main}
CRITICAL - 2024-07-12 18:13:06 --> CodeIgniter\Database\Exceptions\DatabaseException: Unknown column 'start_time' in 'field list'
in SYSTEMPATH\Database\BaseConnection.php on line 647.
 1 SYSTEMPATH\Database\BaseBuilder.php(2307): CodeIgniter\Database\BaseConnection->query('INSERT INTO `yacht` (`id`, `days`, `start_time`, `end_time`, `username`, `status`, `build_name`, `about`, `yacht_length`, `size`, `hname`, `location`, `yacht_type`, `engine`, `max_speed`, `builder`, `year_of_build`, `guest`, `cabin`, `price`, `thumb-img`) VALUES (:id:, :days:, :start_time:, :end_time:, :username:, :status:, :build_name:, :about:, :yacht_length:, :size:, :hname:, :location:, :yacht_type:, :engine:, :max_speed:, :builder:, :year_of_build:, :guest:, :cabin:, :price:, :thumb-img:)', [...], false)
 2 SYSTEMPATH\Model.php(326): CodeIgniter\Database\BaseBuilder->insert()
 3 SYSTEMPATH\BaseModel.php(802): CodeIgniter\Model->doInsert([...])
 4 SYSTEMPATH\Model.php(744): CodeIgniter\BaseModel->insert([...], true)
 5 APPPATH\Controllers\Home.php(449): CodeIgniter\Model->insert([...])
 6 SYSTEMPATH\CodeIgniter.php(941): App\Controllers\Home->yachtRecordInsert()
 7 SYSTEMPATH\CodeIgniter.php(502): CodeIgniter\CodeIgniter->runController(Object(App\Controllers\Home))
 8 SYSTEMPATH\CodeIgniter.php(361): CodeIgniter\CodeIgniter->handleRequest(null, Object(Config\Cache), false)
 9 FCPATH\index.php(79): CodeIgniter\CodeIgniter->run()
CRITICAL - 2024-07-12 18:13:06 --> [Caused by] CodeIgniter\Database\Exceptions\DatabaseException: Unknown column 'start_time' in 'field list'
in SYSTEMPATH\Database\MySQLi\Connection.php on line 311.
 1 SYSTEMPATH\Database\BaseConnection.php(693): CodeIgniter\Database\MySQLi\Connection->execute('INSERT INTO `yacht` (`id`, `days`, `start_time`, `end_time`, `username`, `status`, `build_name`, `about`, `yacht_length`, `size`, `hname`, `location`, `yacht_type`, `engine`, `max_speed`, `builder`, `year_of_build`, `guest`, `cabin`, `price`, `thumb-img`) VALUES (NULL, \'Thursday,Friday\', \'11:42 PM\', \'11:42 AM\', \'pradeep\', \'Pending\', \'\', \'\', \'\', \'\', \'\', \'\', \'\', \'\', \'\', \'\', \'\', \'\', \'\', \'\', \'classic-yacht.jpg\')')
 2 SYSTEMPATH\Database\BaseConnection.php(607): CodeIgniter\Database\BaseConnection->simpleQuery('INSERT INTO `yacht` (`id`, `days`, `start_time`, `end_time`, `username`, `status`, `build_name`, `about`, `yacht_length`, `size`, `hname`, `location`, `yacht_type`, `engine`, `max_speed`, `builder`, `year_of_build`, `guest`, `cabin`, `price`, `thumb-img`) VALUES (NULL, \'Thursday,Friday\', \'11:42 PM\', \'11:42 AM\', \'pradeep\', \'Pending\', \'\', \'\', \'\', \'\', \'\', \'\', \'\', \'\', \'\', \'\', \'\', \'\', \'\', \'\', \'classic-yacht.jpg\')')
 3 SYSTEMPATH\Database\BaseBuilder.php(2307): CodeIgniter\Database\BaseConnection->query('INSERT INTO `yacht` (`id`, `days`, `start_time`, `end_time`, `username`, `status`, `build_name`, `about`, `yacht_length`, `size`, `hname`, `location`, `yacht_type`, `engine`, `max_speed`, `builder`, `year_of_build`, `guest`, `cabin`, `price`, `thumb-img`) VALUES (:id:, :days:, :start_time:, :end_time:, :username:, :status:, :build_name:, :about:, :yacht_length:, :size:, :hname:, :location:, :yacht_type:, :engine:, :max_speed:, :builder:, :year_of_build:, :guest:, :cabin:, :price:, :thumb-img:)', [...], false)
 4 SYSTEMPATH\Model.php(326): CodeIgniter\Database\BaseBuilder->insert()
 5 SYSTEMPATH\BaseModel.php(802): CodeIgniter\Model->doInsert([...])
 6 SYSTEMPATH\Model.php(744): CodeIgniter\BaseModel->insert([...], true)
 7 APPPATH\Controllers\Home.php(449): CodeIgniter\Model->insert([...])
 8 SYSTEMPATH\CodeIgniter.php(941): App\Controllers\Home->yachtRecordInsert()
 9 SYSTEMPATH\CodeIgniter.php(502): CodeIgniter\CodeIgniter->runController(Object(App\Controllers\Home))
10 SYSTEMPATH\CodeIgniter.php(361): CodeIgniter\CodeIgniter->handleRequest(null, Object(Config\Cache), false)
11 FCPATH\index.php(79): CodeIgniter\CodeIgniter->run()
CRITICAL - 2024-07-12 18:13:06 --> [Caused by] mysqli_sql_exception: Unknown column 'start_time' in 'field list'
in SYSTEMPATH\Database\MySQLi\Connection.php on line 306.
 1 SYSTEMPATH\Database\MySQLi\Connection.php(306): mysqli->query('INSERT INTO `yacht` (`id`, `days`, `start_time`, `end_time`, `username`, `status`, `build_name`, `about`, `yacht_length`, `size`, `hname`, `location`, `yacht_type`, `engine`, `max_speed`, `builder`, `year_of_build`, `guest`, `cabin`, `price`, `thumb-img`) VALUES (NULL, \'Thursday,Friday\', \'11:42 PM\', \'11:42 AM\', \'pradeep\', \'Pending\', \'\', \'\', \'\', \'\', \'\', \'\', \'\', \'\', \'\', \'\', \'\', \'\', \'\', \'\', \'classic-yacht.jpg\')', 0)
 2 SYSTEMPATH\Database\BaseConnection.php(693): CodeIgniter\Database\MySQLi\Connection->execute('INSERT INTO `yacht` (`id`, `days`, `start_time`, `end_time`, `username`, `status`, `build_name`, `about`, `yacht_length`, `size`, `hname`, `location`, `yacht_type`, `engine`, `max_speed`, `builder`, `year_of_build`, `guest`, `cabin`, `price`, `thumb-img`) VALUES (NULL, \'Thursday,Friday\', \'11:42 PM\', \'11:42 AM\', \'pradeep\', \'Pending\', \'\', \'\', \'\', \'\', \'\', \'\', \'\', \'\', \'\', \'\', \'\', \'\', \'\', \'\', \'classic-yacht.jpg\')')
 3 SYSTEMPATH\Database\BaseConnection.php(607): CodeIgniter\Database\BaseConnection->simpleQuery('INSERT INTO `yacht` (`id`, `days`, `start_time`, `end_time`, `username`, `status`, `build_name`, `about`, `yacht_length`, `size`, `hname`, `location`, `yacht_type`, `engine`, `max_speed`, `builder`, `year_of_build`, `guest`, `cabin`, `price`, `thumb-img`) VALUES (NULL, \'Thursday,Friday\', \'11:42 PM\', \'11:42 AM\', \'pradeep\', \'Pending\', \'\', \'\', \'\', \'\', \'\', \'\', \'\', \'\', \'\', \'\', \'\', \'\', \'\', \'\', \'classic-yacht.jpg\')')
 4 SYSTEMPATH\Database\BaseBuilder.php(2307): CodeIgniter\Database\BaseConnection->query('INSERT INTO `yacht` (`id`, `days`, `start_time`, `end_time`, `username`, `status`, `build_name`, `about`, `yacht_length`, `size`, `hname`, `location`, `yacht_type`, `engine`, `max_speed`, `builder`, `year_of_build`, `guest`, `cabin`, `price`, `thumb-img`) VALUES (:id:, :days:, :start_time:, :end_time:, :username:, :status:, :build_name:, :about:, :yacht_length:, :size:, :hname:, :location:, :yacht_type:, :engine:, :max_speed:, :builder:, :year_of_build:, :guest:, :cabin:, :price:, :thumb-img:)', [...], false)
 5 SYSTEMPATH\Model.php(326): CodeIgniter\Database\BaseBuilder->insert()
 6 SYSTEMPATH\BaseModel.php(802): CodeIgniter\Model->doInsert([...])
 7 SYSTEMPATH\Model.php(744): CodeIgniter\BaseModel->insert([...], true)
 8 APPPATH\Controllers\Home.php(449): CodeIgniter\Model->insert([...])
 9 SYSTEMPATH\CodeIgniter.php(941): App\Controllers\Home->yachtRecordInsert()
10 SYSTEMPATH\CodeIgniter.php(502): CodeIgniter\CodeIgniter->runController(Object(App\Controllers\Home))
11 SYSTEMPATH\CodeIgniter.php(361): CodeIgniter\CodeIgniter->handleRequest(null, Object(Config\Cache), false)
12 FCPATH\index.php(79): CodeIgniter\CodeIgniter->run()
CRITICAL - 2024-07-12 18:13:38 --> ErrorException: Undefined array key "start_date"
in APPPATH\Views\yacht-record.php on line 360.
 1 APPPATH\Views\yacht-record.php(360): CodeIgniter\Debug\Exceptions->errorHandler(2, 'Undefined array key "start_date"', 'C:\\xampp\\htdocs\\bmy\\app\\Views\\yacht-record.php', 360)
 2 SYSTEMPATH\View\View.php(228): include('C:\\xampp\\htdocs\\bmy\\app\\Views\\yacht-record.php')
 3 SYSTEMPATH\View\View.php(231): CodeIgniter\View\View->CodeIgniter\View\{closure}()
 4 SYSTEMPATH\Common.php(1178): CodeIgniter\View\View->render('yacht-record', [], true)
 5 APPPATH\Controllers\Home.php(486): view('yacht-record', [...])
 6 SYSTEMPATH\CodeIgniter.php(941): App\Controllers\Home->yachtRecord()
 7 SYSTEMPATH\CodeIgniter.php(502): CodeIgniter\CodeIgniter->runController(Object(App\Controllers\Home))
 8 SYSTEMPATH\CodeIgniter.php(361): CodeIgniter\CodeIgniter->handleRequest(null, Object(Config\Cache), false)
 9 FCPATH\index.php(79): CodeIgniter\CodeIgniter->run()
CRITICAL - 2024-07-12 18:13:39 --> ErrorException: Undefined array key "start_date"
in APPPATH\Views\yacht-record.php on line 360.
 1 APPPATH\Views\yacht-record.php(360): CodeIgniter\Debug\Exceptions->errorHandler(2, 'Undefined array key "start_date"', 'C:\\xampp\\htdocs\\bmy\\app\\Views\\yacht-record.php', 360)
 2 SYSTEMPATH\View\View.php(228): include('C:\\xampp\\htdocs\\bmy\\app\\Views\\yacht-record.php')
 3 SYSTEMPATH\View\View.php(231): CodeIgniter\View\View->CodeIgniter\View\{closure}()
 4 SYSTEMPATH\Common.php(1178): CodeIgniter\View\View->render('yacht-record', [], true)
 5 APPPATH\Controllers\Home.php(486): view('yacht-record', [...])
 6 SYSTEMPATH\CodeIgniter.php(941): App\Controllers\Home->yachtRecord()
 7 SYSTEMPATH\CodeIgniter.php(502): CodeIgniter\CodeIgniter->runController(Object(App\Controllers\Home))
 8 SYSTEMPATH\CodeIgniter.php(361): CodeIgniter\CodeIgniter->handleRequest(null, Object(Config\Cache), false)
 9 FCPATH\index.php(79): CodeIgniter\CodeIgniter->run()
CRITICAL - 2024-07-12 18:31:28 --> ErrorException: Undefined variable $record
in APPPATH\Views\yacht-record-edit.php on line 103.
 1 APPPATH\Views\yacht-record-edit.php(103): CodeIgniter\Debug\Exceptions->errorHandler(2, 'Undefined variable $record', 'C:\\xampp\\htdocs\\bmy\\app\\Views\\yacht-record-edit.php', 103)
 2 SYSTEMPATH\View\View.php(228): include('C:\\xampp\\htdocs\\bmy\\app\\Views\\yacht-record-edit.php')
 3 SYSTEMPATH\View\View.php(231): CodeIgniter\View\View->CodeIgniter\View\{closure}()
 4 SYSTEMPATH\Common.php(1178): CodeIgniter\View\View->render('yacht-record-edit', [], true)
 5 APPPATH\Controllers\Home.php(499): view('yacht-record-edit', [...])
 6 SYSTEMPATH\CodeIgniter.php(941): App\Controllers\Home->yachtRecordEdit('63')
 7 SYSTEMPATH\CodeIgniter.php(502): CodeIgniter\CodeIgniter->runController(Object(App\Controllers\Home))
 8 SYSTEMPATH\CodeIgniter.php(361): CodeIgniter\CodeIgniter->handleRequest(null, Object(Config\Cache), false)
 9 FCPATH\index.php(79): CodeIgniter\CodeIgniter->run()
CRITICAL - 2024-07-12 18:33:15 --> ErrorException: Undefined array key "day"
in APPPATH\Views\yacht-record-edit.php on line 103.
 1 APPPATH\Views\yacht-record-edit.php(103): CodeIgniter\Debug\Exceptions->errorHandler(2, 'Undefined array key "day"', 'C:\\xampp\\htdocs\\bmy\\app\\Views\\yacht-record-edit.php', 103)
 2 SYSTEMPATH\View\View.php(228): include('C:\\xampp\\htdocs\\bmy\\app\\Views\\yacht-record-edit.php')
 3 SYSTEMPATH\View\View.php(231): CodeIgniter\View\View->CodeIgniter\View\{closure}()
 4 SYSTEMPATH\Common.php(1178): CodeIgniter\View\View->render('yacht-record-edit', [], true)
 5 APPPATH\Controllers\Home.php(499): view('yacht-record-edit', [...])
 6 SYSTEMPATH\CodeIgniter.php(941): App\Controllers\Home->yachtRecordEdit('63')
 7 SYSTEMPATH\CodeIgniter.php(502): CodeIgniter\CodeIgniter->runController(Object(App\Controllers\Home))
 8 SYSTEMPATH\CodeIgniter.php(361): CodeIgniter\CodeIgniter->handleRequest(null, Object(Config\Cache), false)
 9 FCPATH\index.php(79): CodeIgniter\CodeIgniter->run()
CRITICAL - 2024-07-12 18:33:16 --> ErrorException: Undefined array key "day"
in APPPATH\Views\yacht-record-edit.php on line 103.
 1 APPPATH\Views\yacht-record-edit.php(103): CodeIgniter\Debug\Exceptions->errorHandler(2, 'Undefined array key "day"', 'C:\\xampp\\htdocs\\bmy\\app\\Views\\yacht-record-edit.php', 103)
 2 SYSTEMPATH\View\View.php(228): include('C:\\xampp\\htdocs\\bmy\\app\\Views\\yacht-record-edit.php')
 3 SYSTEMPATH\View\View.php(231): CodeIgniter\View\View->CodeIgniter\View\{closure}()
 4 SYSTEMPATH\Common.php(1178): CodeIgniter\View\View->render('yacht-record-edit', [], true)
 5 APPPATH\Controllers\Home.php(499): view('yacht-record-edit', [...])
 6 SYSTEMPATH\CodeIgniter.php(941): App\Controllers\Home->yachtRecordEdit('63')
 7 SYSTEMPATH\CodeIgniter.php(502): CodeIgniter\CodeIgniter->runController(Object(App\Controllers\Home))
 8 SYSTEMPATH\CodeIgniter.php(361): CodeIgniter\CodeIgniter->handleRequest(null, Object(Config\Cache), false)
 9 FCPATH\index.php(79): CodeIgniter\CodeIgniter->run()
CRITICAL - 2024-07-12 18:33:50 --> ErrorException: Undefined array key "day"
in APPPATH\Views\yacht-record-edit.php on line 103.
 1 APPPATH\Views\yacht-record-edit.php(103): CodeIgniter\Debug\Exceptions->errorHandler(2, 'Undefined array key "day"', 'C:\\xampp\\htdocs\\bmy\\app\\Views\\yacht-record-edit.php', 103)
 2 SYSTEMPATH\View\View.php(228): include('C:\\xampp\\htdocs\\bmy\\app\\Views\\yacht-record-edit.php')
 3 SYSTEMPATH\View\View.php(231): CodeIgniter\View\View->CodeIgniter\View\{closure}()
 4 SYSTEMPATH\Common.php(1178): CodeIgniter\View\View->render('yacht-record-edit', [], true)
 5 APPPATH\Controllers\Home.php(499): view('yacht-record-edit', [...])
 6 SYSTEMPATH\CodeIgniter.php(941): App\Controllers\Home->yachtRecordEdit('63')
 7 SYSTEMPATH\CodeIgniter.php(502): CodeIgniter\CodeIgniter->runController(Object(App\Controllers\Home))
 8 SYSTEMPATH\CodeIgniter.php(361): CodeIgniter\CodeIgniter->handleRequest(null, Object(Config\Cache), false)
 9 FCPATH\index.php(79): CodeIgniter\CodeIgniter->run()
CRITICAL - 2024-07-12 18:34:29 --> ParseError: syntax error, unexpected token ","
in APPPATH\Views\yacht-record-edit.php on line 103.
 1 SYSTEMPATH\View\View.php(231): CodeIgniter\View\View->CodeIgniter\View\{closure}()
 2 SYSTEMPATH\Common.php(1178): CodeIgniter\View\View->render('yacht-record-edit', [], true)
 3 APPPATH\Controllers\Home.php(499): view('yacht-record-edit', [...])
 4 SYSTEMPATH\CodeIgniter.php(941): App\Controllers\Home->yachtRecordEdit('63')
 5 SYSTEMPATH\CodeIgniter.php(502): CodeIgniter\CodeIgniter->runController(Object(App\Controllers\Home))
 6 SYSTEMPATH\CodeIgniter.php(361): CodeIgniter\CodeIgniter->handleRequest(null, Object(Config\Cache), false)
 7 FCPATH\index.php(79): CodeIgniter\CodeIgniter->run()
CRITICAL - 2024-07-12 18:34:49 --> ErrorException: Undefined array key "day"
in APPPATH\Views\yacht-record-edit.php on line 103.
 1 APPPATH\Views\yacht-record-edit.php(103): CodeIgniter\Debug\Exceptions->errorHandler(2, 'Undefined array key "day"', 'C:\\xampp\\htdocs\\bmy\\app\\Views\\yacht-record-edit.php', 103)
 2 SYSTEMPATH\View\View.php(228): include('C:\\xampp\\htdocs\\bmy\\app\\Views\\yacht-record-edit.php')
 3 SYSTEMPATH\View\View.php(231): CodeIgniter\View\View->CodeIgniter\View\{closure}()
 4 SYSTEMPATH\Common.php(1178): CodeIgniter\View\View->render('yacht-record-edit', [], true)
 5 APPPATH\Controllers\Home.php(499): view('yacht-record-edit', [...])
 6 SYSTEMPATH\CodeIgniter.php(941): App\Controllers\Home->yachtRecordEdit('63')
 7 SYSTEMPATH\CodeIgniter.php(502): CodeIgniter\CodeIgniter->runController(Object(App\Controllers\Home))
 8 SYSTEMPATH\CodeIgniter.php(361): CodeIgniter\CodeIgniter->handleRequest(null, Object(Config\Cache), false)
 9 FCPATH\index.php(79): CodeIgniter\CodeIgniter->run()
CRITICAL - 2024-07-12 18:34:49 --> ErrorException: Undefined array key "day"
in APPPATH\Views\yacht-record-edit.php on line 103.
 1 APPPATH\Views\yacht-record-edit.php(103): CodeIgniter\Debug\Exceptions->errorHandler(2, 'Undefined array key "day"', 'C:\\xampp\\htdocs\\bmy\\app\\Views\\yacht-record-edit.php', 103)
 2 SYSTEMPATH\View\View.php(228): include('C:\\xampp\\htdocs\\bmy\\app\\Views\\yacht-record-edit.php')
 3 SYSTEMPATH\View\View.php(231): CodeIgniter\View\View->CodeIgniter\View\{closure}()
 4 SYSTEMPATH\Common.php(1178): CodeIgniter\View\View->render('yacht-record-edit', [], true)
 5 APPPATH\Controllers\Home.php(499): view('yacht-record-edit', [...])
 6 SYSTEMPATH\CodeIgniter.php(941): App\Controllers\Home->yachtRecordEdit('63')
 7 SYSTEMPATH\CodeIgniter.php(502): CodeIgniter\CodeIgniter->runController(Object(App\Controllers\Home))
 8 SYSTEMPATH\CodeIgniter.php(361): CodeIgniter\CodeIgniter->handleRequest(null, Object(Config\Cache), false)
 9 FCPATH\index.php(79): CodeIgniter\CodeIgniter->run()
CRITICAL - 2024-07-12 18:45:29 --> ParseError: syntax error, unexpected single-quoted string "start_time", expecting "]"
in APPPATH\Controllers\Home.php on line 532.
 1 SYSTEMPATH\Autoloader\Autoloader.php(288): CodeIgniter\Autoloader\Autoloader->includeFile('C:\\xampp\\htdocs\\bmy\\app\\Controllers\\Home.php')
 2 SYSTEMPATH\Autoloader\Autoloader.php(266): CodeIgniter\Autoloader\Autoloader->loadInNamespace('App\\Controllers\\Home')
 3 [internal function]: CodeIgniter\Autoloader\Autoloader->loadClass('App\\Controllers\\Home')
 4 SYSTEMPATH\CodeIgniter.php(899): class_exists('\\App\\Controllers\\Home', true)
 5 SYSTEMPATH\CodeIgniter.php(489): CodeIgniter\CodeIgniter->startController()
 6 SYSTEMPATH\CodeIgniter.php(361): CodeIgniter\CodeIgniter->handleRequest(null, Object(Config\Cache), false)
 7 FCPATH\index.php(79): CodeIgniter\CodeIgniter->run()
CRITICAL - 2024-07-12 18:45:30 --> ParseError: syntax error, unexpected single-quoted string "start_time", expecting "]"
in APPPATH\Controllers\Home.php on line 532.
 1 SYSTEMPATH\Autoloader\Autoloader.php(288): CodeIgniter\Autoloader\Autoloader->includeFile('C:\\xampp\\htdocs\\bmy\\app\\Controllers\\Home.php')
 2 SYSTEMPATH\Autoloader\Autoloader.php(266): CodeIgniter\Autoloader\Autoloader->loadInNamespace('App\\Controllers\\Home')
 3 [internal function]: CodeIgniter\Autoloader\Autoloader->loadClass('App\\Controllers\\Home')
 4 SYSTEMPATH\CodeIgniter.php(899): class_exists('\\App\\Controllers\\Home', true)
 5 SYSTEMPATH\CodeIgniter.php(489): CodeIgniter\CodeIgniter->startController()
 6 SYSTEMPATH\CodeIgniter.php(361): CodeIgniter\CodeIgniter->handleRequest(null, Object(Config\Cache), false)
 7 FCPATH\index.php(79): CodeIgniter\CodeIgniter->run()
CRITICAL - 2024-07-12 18:45:40 --> ParseError: syntax error, unexpected single-quoted string "start_time", expecting "]"
in APPPATH\Controllers\Home.php on line 532.
 1 SYSTEMPATH\Autoloader\Autoloader.php(288): CodeIgniter\Autoloader\Autoloader->includeFile('C:\\xampp\\htdocs\\bmy\\app\\Controllers\\Home.php')
 2 SYSTEMPATH\Autoloader\Autoloader.php(266): CodeIgniter\Autoloader\Autoloader->loadInNamespace('App\\Controllers\\Home')
 3 [internal function]: CodeIgniter\Autoloader\Autoloader->loadClass('App\\Controllers\\Home')
 4 SYSTEMPATH\CodeIgniter.php(899): class_exists('\\App\\Controllers\\Home', true)
 5 SYSTEMPATH\CodeIgniter.php(489): CodeIgniter\CodeIgniter->startController()
 6 SYSTEMPATH\CodeIgniter.php(361): CodeIgniter\CodeIgniter->handleRequest(null, Object(Config\Cache), false)
 7 FCPATH\index.php(79): CodeIgniter\CodeIgniter->run()
CRITICAL - 2024-07-12 18:45:41 --> ParseError: syntax error, unexpected single-quoted string "start_time", expecting "]"
in APPPATH\Controllers\Home.php on line 532.
 1 SYSTEMPATH\Autoloader\Autoloader.php(288): CodeIgniter\Autoloader\Autoloader->includeFile('C:\\xampp\\htdocs\\bmy\\app\\Controllers\\Home.php')
 2 SYSTEMPATH\Autoloader\Autoloader.php(266): CodeIgniter\Autoloader\Autoloader->loadInNamespace('App\\Controllers\\Home')
 3 [internal function]: CodeIgniter\Autoloader\Autoloader->loadClass('App\\Controllers\\Home')
 4 SYSTEMPATH\CodeIgniter.php(899): class_exists('\\App\\Controllers\\Home', true)
 5 SYSTEMPATH\CodeIgniter.php(489): CodeIgniter\CodeIgniter->startController()
 6 SYSTEMPATH\CodeIgniter.php(361): CodeIgniter\CodeIgniter->handleRequest(null, Object(Config\Cache), false)
 7 FCPATH\index.php(79): CodeIgniter\CodeIgniter->run()
CRITICAL - 2024-07-12 18:45:43 --> ParseError: syntax error, unexpected single-quoted string "start_time", expecting "]"
in APPPATH\Controllers\Home.php on line 532.
 1 SYSTEMPATH\Autoloader\Autoloader.php(288): CodeIgniter\Autoloader\Autoloader->includeFile('C:\\xampp\\htdocs\\bmy\\app\\Controllers\\Home.php')
 2 SYSTEMPATH\Autoloader\Autoloader.php(266): CodeIgniter\Autoloader\Autoloader->loadInNamespace('App\\Controllers\\Home')
 3 [internal function]: CodeIgniter\Autoloader\Autoloader->loadClass('App\\Controllers\\Home')
 4 SYSTEMPATH\CodeIgniter.php(899): class_exists('\\App\\Controllers\\Home', true)
 5 SYSTEMPATH\CodeIgniter.php(489): CodeIgniter\CodeIgniter->startController()
 6 SYSTEMPATH\CodeIgniter.php(361): CodeIgniter\CodeIgniter->handleRequest(null, Object(Config\Cache), false)
 7 FCPATH\index.php(79): CodeIgniter\CodeIgniter->run()
ERROR - 2024-07-12 20:23:46 --> Error connecting to the database: mysqli_sql_exception: Access denied for user 'root'@'localhost' (using password: NO) in /home/u679963801/domains/bookmyyacht.us/public_html/bmy/bmy/system/Database/MySQLi/Connection.php:185
Stack trace:
#0 /home/u679963801/domains/bookmyyacht.us/public_html/bmy/bmy/system/Database/MySQLi/Connection.php(185): mysqli->real_connect()
#1 /home/u679963801/domains/bookmyyacht.us/public_html/bmy/bmy/system/Database/BaseConnection.php(392): CodeIgniter\Database\MySQLi\Connection->connect()
#2 /home/u679963801/domains/bookmyyacht.us/public_html/bmy/bmy/system/Database/BaseConnection.php(575): CodeIgniter\Database\BaseConnection->initialize()
#3 /home/u679963801/domains/bookmyyacht.us/public_html/bmy/bmy/system/Database/BaseBuilder.php(1616): CodeIgniter\Database\BaseConnection->query()
#4 /home/u679963801/domains/bookmyyacht.us/public_html/bmy/bmy/system/Model.php(242): CodeIgniter\Database\BaseBuilder->get()
#5 /home/u679963801/domains/bookmyyacht.us/public_html/bmy/bmy/system/BaseModel.php(638): CodeIgniter\Model->doFindAll()
#6 /home/u679963801/domains/bookmyyacht.us/public_html/bmy/bmy/app/Controllers/Yacht.php(20): CodeIgniter\BaseModel->findAll()
#7 /home/u679963801/domains/bookmyyacht.us/public_html/bmy/bmy/system/CodeIgniter.php(941): App\Controllers\Yacht->index()
#8 /home/u679963801/domains/bookmyyacht.us/public_html/bmy/bmy/system/CodeIgniter.php(502): CodeIgniter\CodeIgniter->runController()
#9 /home/u679963801/domains/bookmyyacht.us/public_html/bmy/bmy/system/CodeIgniter.php(361): CodeIgniter\CodeIgniter->handleRequest()
#10 /home/u679963801/domains/bookmyyacht.us/public_html/bmy/bmy/index.php(79): CodeIgniter\CodeIgniter->run()
#11 {main}

Next CodeIgniter\Database\Exceptions\DatabaseException: Access denied for user '****'@'localhost' (using password: NO) in /home/u679963801/domains/bookmyyacht.us/public_html/bmy/bmy/system/Database/MySQLi/Connection.php:229
Stack trace:
#0 /home/u679963801/domains/bookmyyacht.us/public_html/bmy/bmy/system/Database/BaseConnection.php(392): CodeIgniter\Database\MySQLi\Connection->connect()
#1 /home/u679963801/domains/bookmyyacht.us/public_html/bmy/bmy/system/Database/BaseConnection.php(575): CodeIgniter\Database\BaseConnection->initialize()
#2 /home/u679963801/domains/bookmyyacht.us/public_html/bmy/bmy/system/Database/BaseBuilder.php(1616): CodeIgniter\Database\BaseConnection->query()
#3 /home/u679963801/domains/bookmyyacht.us/public_html/bmy/bmy/system/Model.php(242): CodeIgniter\Database\BaseBuilder->get()
#4 /home/u679963801/domains/bookmyyacht.us/public_html/bmy/bmy/system/BaseModel.php(638): CodeIgniter\Model->doFindAll()
#5 /home/u679963801/domains/bookmyyacht.us/public_html/bmy/bmy/app/Controllers/Yacht.php(20): CodeIgniter\BaseModel->findAll()
#6 /home/u679963801/domains/bookmyyacht.us/public_html/bmy/bmy/system/CodeIgniter.php(941): App\Controllers\Yacht->index()
#7 /home/u679963801/domains/bookmyyacht.us/public_html/bmy/bmy/system/CodeIgniter.php(502): CodeIgniter\CodeIgniter->runController()
#8 /home/u679963801/domains/bookmyyacht.us/public_html/bmy/bmy/system/CodeIgniter.php(361): CodeIgniter\CodeIgniter->handleRequest()
#9 /home/u679963801/domains/bookmyyacht.us/public_html/bmy/bmy/index.php(79): CodeIgniter\CodeIgniter->run()
#10 {main}
CRITICAL - 2024-07-12 20:23:46 --> CodeIgniter\Database\Exceptions\DatabaseException: Unable to connect to the database.
Main connection [MySQLi]: Access denied for user '****'@'localhost' (using password: NO)
in SYSTEMPATH/Database/BaseConnection.php on line 428.
 1 SYSTEMPATH/Database/BaseConnection.php(575): CodeIgniter\Database\BaseConnection->initialize()
 2 SYSTEMPATH/Database/BaseBuilder.php(1616): CodeIgniter\Database\BaseConnection->query()
 3 SYSTEMPATH/Model.php(242): CodeIgniter\Database\BaseBuilder->get()
 4 SYSTEMPATH/BaseModel.php(638): CodeIgniter\Model->doFindAll()
 5 APPPATH/Controllers/Yacht.php(20): CodeIgniter\BaseModel->findAll()
 6 SYSTEMPATH/CodeIgniter.php(941): App\Controllers\Yacht->index()
 7 SYSTEMPATH/CodeIgniter.php(502): CodeIgniter\CodeIgniter->runController()
 8 SYSTEMPATH/CodeIgniter.php(361): CodeIgniter\CodeIgniter->handleRequest()
 9 FCPATH/index.php(79): CodeIgniter\CodeIgniter->run()
ERROR - 2024-07-12 20:25:40 --> mysqli_sql_exception: Table 'u679963801_bmy.tbl_yachtna' doesn't exist in /home/u679963801/domains/bookmyyacht.us/public_html/bmy/bmy/system/Database/MySQLi/Connection.php:306
Stack trace:
#0 /home/u679963801/domains/bookmyyacht.us/public_html/bmy/bmy/system/Database/MySQLi/Connection.php(306): mysqli->query()
#1 /home/u679963801/domains/bookmyyacht.us/public_html/bmy/bmy/system/Database/BaseConnection.php(693): CodeIgniter\Database\MySQLi\Connection->execute()
#2 /home/u679963801/domains/bookmyyacht.us/public_html/bmy/bmy/system/Database/BaseConnection.php(607): CodeIgniter\Database\BaseConnection->simpleQuery()
#3 /home/u679963801/domains/bookmyyacht.us/public_html/bmy/bmy/system/Database/BaseBuilder.php(1616): CodeIgniter\Database\BaseConnection->query()
#4 /home/u679963801/domains/bookmyyacht.us/public_html/bmy/bmy/system/Model.php(242): CodeIgniter\Database\BaseBuilder->get()
#5 /home/u679963801/domains/bookmyyacht.us/public_html/bmy/bmy/system/BaseModel.php(638): CodeIgniter\Model->doFindAll()
#6 /home/u679963801/domains/bookmyyacht.us/public_html/bmy/bmy/app/Controllers/NewYachtCRM.php(32): CodeIgniter\BaseModel->findAll()
#7 /home/u679963801/domains/bookmyyacht.us/public_html/bmy/bmy/system/CodeIgniter.php(941): App\Controllers\NewYachtCRM->calendar()
#8 /home/u679963801/domains/bookmyyacht.us/public_html/bmy/bmy/system/CodeIgniter.php(502): CodeIgniter\CodeIgniter->runController()
#9 /home/u679963801/domains/bookmyyacht.us/public_html/bmy/bmy/system/CodeIgniter.php(361): CodeIgniter\CodeIgniter->handleRequest()
#10 /home/u679963801/domains/bookmyyacht.us/public_html/bmy/bmy/index.php(79): CodeIgniter\CodeIgniter->run()
#11 {main}
CRITICAL - 2024-07-12 20:25:40 --> CodeIgniter\Database\Exceptions\DatabaseException: Table 'u679963801_bmy.tbl_yachtna' doesn't exist
in SYSTEMPATH/Database/BaseConnection.php on line 647.
 1 SYSTEMPATH/Database/BaseBuilder.php(1616): CodeIgniter\Database\BaseConnection->query()
 2 SYSTEMPATH/Model.php(242): CodeIgniter\Database\BaseBuilder->get()
 3 SYSTEMPATH/BaseModel.php(638): CodeIgniter\Model->doFindAll()
 4 APPPATH/Controllers/NewYachtCRM.php(32): CodeIgniter\BaseModel->findAll()
 5 SYSTEMPATH/CodeIgniter.php(941): App\Controllers\NewYachtCRM->calendar()
 6 SYSTEMPATH/CodeIgniter.php(502): CodeIgniter\CodeIgniter->runController()
 7 SYSTEMPATH/CodeIgniter.php(361): CodeIgniter\CodeIgniter->handleRequest()
 8 FCPATH/index.php(79): CodeIgniter\CodeIgniter->run()
CRITICAL - 2024-07-12 20:25:40 --> [Caused by] CodeIgniter\Database\Exceptions\DatabaseException: Table 'u679963801_bmy.tbl_yachtna' doesn't exist
in SYSTEMPATH/Database/MySQLi/Connection.php on line 311.
 1 SYSTEMPATH/Database/BaseConnection.php(693): CodeIgniter\Database\MySQLi\Connection->execute()
 2 SYSTEMPATH/Database/BaseConnection.php(607): CodeIgniter\Database\BaseConnection->simpleQuery()
 3 SYSTEMPATH/Database/BaseBuilder.php(1616): CodeIgniter\Database\BaseConnection->query()
 4 SYSTEMPATH/Model.php(242): CodeIgniter\Database\BaseBuilder->get()
 5 SYSTEMPATH/BaseModel.php(638): CodeIgniter\Model->doFindAll()
 6 APPPATH/Controllers/NewYachtCRM.php(32): CodeIgniter\BaseModel->findAll()
 7 SYSTEMPATH/CodeIgniter.php(941): App\Controllers\NewYachtCRM->calendar()
 8 SYSTEMPATH/CodeIgniter.php(502): CodeIgniter\CodeIgniter->runController()
 9 SYSTEMPATH/CodeIgniter.php(361): CodeIgniter\CodeIgniter->handleRequest()
10 FCPATH/index.php(79): CodeIgniter\CodeIgniter->run()
CRITICAL - 2024-07-12 20:25:40 --> [Caused by] mysqli_sql_exception: Table 'u679963801_bmy.tbl_yachtna' doesn't exist
in SYSTEMPATH/Database/MySQLi/Connection.php on line 306.
 1 SYSTEMPATH/Database/MySQLi/Connection.php(306): mysqli->query()
 2 SYSTEMPATH/Database/BaseConnection.php(693): CodeIgniter\Database\MySQLi\Connection->execute()
 3 SYSTEMPATH/Database/BaseConnection.php(607): CodeIgniter\Database\BaseConnection->simpleQuery()
 4 SYSTEMPATH/Database/BaseBuilder.php(1616): CodeIgniter\Database\BaseConnection->query()
 5 SYSTEMPATH/Model.php(242): CodeIgniter\Database\BaseBuilder->get()
 6 SYSTEMPATH/BaseModel.php(638): CodeIgniter\Model->doFindAll()
 7 APPPATH/Controllers/NewYachtCRM.php(32): CodeIgniter\BaseModel->findAll()
 8 SYSTEMPATH/CodeIgniter.php(941): App\Controllers\NewYachtCRM->calendar()
 9 SYSTEMPATH/CodeIgniter.php(502): CodeIgniter\CodeIgniter->runController()
10 SYSTEMPATH/CodeIgniter.php(361): CodeIgniter\CodeIgniter->handleRequest()
11 FCPATH/index.php(79): CodeIgniter\CodeIgniter->run()
CRITICAL - 2024-07-12 20:38:23 --> ParseError: Unmatched '}'
in APPPATH/Views/yacht-record.php on line 241.
 1 SYSTEMPATH/View/View.php(231): CodeIgniter\View\View->CodeIgniter\View\{closure}()
 2 SYSTEMPATH/Common.php(1178): CodeIgniter\View\View->render()
 3 APPPATH/Controllers/Home.php(485): view()
 4 SYSTEMPATH/CodeIgniter.php(941): App\Controllers\Home->yachtRecord()
 5 SYSTEMPATH/CodeIgniter.php(502): CodeIgniter\CodeIgniter->runController()
 6 SYSTEMPATH/CodeIgniter.php(361): CodeIgniter\CodeIgniter->handleRequest()
 7 FCPATH/index.php(79): CodeIgniter\CodeIgniter->run()
CRITICAL - 2024-07-12 20:50:19 --> TypeError: implode(): Argument #1 ($array) must be of type array, string given
in APPPATH/Controllers/Home.php on line 531.
 1 APPPATH/Controllers/Home.php(531): implode()
 2 SYSTEMPATH/CodeIgniter.php(941): App\Controllers\Home->yachtRecordUpdate()
 3 SYSTEMPATH/CodeIgniter.php(502): CodeIgniter\CodeIgniter->runController()
 4 SYSTEMPATH/CodeIgniter.php(361): CodeIgniter\CodeIgniter->handleRequest()
 5 FCPATH/index.php(79): CodeIgniter\CodeIgniter->run()
