CRITICAL - 2024-04-18 15:29:20 --> ErrorException: Undefined array key "hname"
in APPPATH\Views\NewYachtCRM\user-yacht-booking.php on line 101.
 1 APPPATH\Views\NewYachtCRM\user-yacht-booking.php(101): CodeIgniter\Debug\Exceptions->errorHandler(2, 'Undefined array key "hname"', 'C:\\xampp\\htdocs\\ciproject\\app\\Views\\NewYachtCRM\\user-yacht-booking.php', 101)
 2 SYSTEMPATH\View\View.php(228): include('C:\\xampp\\htdocs\\ciproject\\app\\Views\\NewYachtCRM\\user-yacht-booking.php')
 3 SYSTEMPATH\View\View.php(231): CodeIgniter\View\View->CodeIgniter\View\{closure}()
 4 SYSTEMPATH\Common.php(1178): CodeIgniter\View\View->render('NewYachtCRM/user-yacht-booking', [], true)
 5 APPPATH\Controllers\NewYachtCRM.php(62): view('NewYachtCRM/user-yacht-booking', [...])
 6 SYSTEMPATH\CodeIgniter.php(941): App\Controllers\NewYachtCRM->userYachtBooking()
 7 SYSTEMPATH\CodeIgniter.php(502): CodeIgniter\CodeIgniter->runController(Object(App\Controllers\NewYachtCRM))
 8 SYSTEMPATH\CodeIgniter.php(361): CodeIgniter\CodeIgniter->handleRequest(null, Object(Config\Cache), false)
 9 FCPATH\index.php(79): CodeIgniter\CodeIgniter->run()
CRITICAL - 2024-04-18 15:29:21 --> ErrorException: Undefined array key "hname"
in APPPATH\Views\NewYachtCRM\user-tour-booking.php on line 337.
 1 APPPATH\Views\NewYachtCRM\user-tour-booking.php(337): CodeIgniter\Debug\Exceptions->errorHandler(2, 'Undefined array key "hname"', 'C:\\xampp\\htdocs\\ciproject\\app\\Views\\NewYachtCRM\\user-tour-booking.php', 337)
 2 SYSTEMPATH\View\View.php(228): include('C:\\xampp\\htdocs\\ciproject\\app\\Views\\NewYachtCRM\\user-tour-booking.php')
 3 SYSTEMPATH\View\View.php(231): CodeIgniter\View\View->CodeIgniter\View\{closure}()
 4 SYSTEMPATH\Common.php(1178): CodeIgniter\View\View->render('NewYachtCRM/user-tour-booking', [], true)
 5 APPPATH\Controllers\NewYachtCRM.php(87): view('NewYachtCRM/user-tour-booking', [...])
 6 SYSTEMPATH\CodeIgniter.php(941): App\Controllers\NewYachtCRM->userTourBooking()
 7 SYSTEMPATH\CodeIgniter.php(502): CodeIgniter\CodeIgniter->runController(Object(App\Controllers\NewYachtCRM))
 8 SYSTEMPATH\CodeIgniter.php(361): CodeIgniter\CodeIgniter->handleRequest(null, Object(Config\Cache), false)
 9 FCPATH\index.php(79): CodeIgniter\CodeIgniter->run()
CRITICAL - 2024-04-18 15:30:44 --> ErrorException: Undefined array key "hname"
in APPPATH\Views\NewYachtCRM\user-tour-booking.php on line 337.
 1 APPPATH\Views\NewYachtCRM\user-tour-booking.php(337): CodeIgniter\Debug\Exceptions->errorHandler(2, 'Undefined array key "hname"', 'C:\\xampp\\htdocs\\ciproject\\app\\Views\\NewYachtCRM\\user-tour-booking.php', 337)
 2 SYSTEMPATH\View\View.php(228): include('C:\\xampp\\htdocs\\ciproject\\app\\Views\\NewYachtCRM\\user-tour-booking.php')
 3 SYSTEMPATH\View\View.php(231): CodeIgniter\View\View->CodeIgniter\View\{closure}()
 4 SYSTEMPATH\Common.php(1178): CodeIgniter\View\View->render('NewYachtCRM/user-tour-booking', [], true)
 5 APPPATH\Controllers\NewYachtCRM.php(87): view('NewYachtCRM/user-tour-booking', [...])
 6 SYSTEMPATH\CodeIgniter.php(941): App\Controllers\NewYachtCRM->userTourBooking()
 7 SYSTEMPATH\CodeIgniter.php(502): CodeIgniter\CodeIgniter->runController(Object(App\Controllers\NewYachtCRM))
 8 SYSTEMPATH\CodeIgniter.php(361): CodeIgniter\CodeIgniter->handleRequest(null, Object(Config\Cache), false)
 9 FCPATH\index.php(79): CodeIgniter\CodeIgniter->run()
CRITICAL - 2024-04-18 15:30:45 --> ErrorException: Undefined array key "hname"
in APPPATH\Views\NewYachtCRM\user-tour-booking.php on line 337.
 1 APPPATH\Views\NewYachtCRM\user-tour-booking.php(337): CodeIgniter\Debug\Exceptions->errorHandler(2, 'Undefined array key "hname"', 'C:\\xampp\\htdocs\\ciproject\\app\\Views\\NewYachtCRM\\user-tour-booking.php', 337)
 2 SYSTEMPATH\View\View.php(228): include('C:\\xampp\\htdocs\\ciproject\\app\\Views\\NewYachtCRM\\user-tour-booking.php')
 3 SYSTEMPATH\View\View.php(231): CodeIgniter\View\View->CodeIgniter\View\{closure}()
 4 SYSTEMPATH\Common.php(1178): CodeIgniter\View\View->render('NewYachtCRM/user-tour-booking', [], true)
 5 APPPATH\Controllers\NewYachtCRM.php(87): view('NewYachtCRM/user-tour-booking', [...])
 6 SYSTEMPATH\CodeIgniter.php(941): App\Controllers\NewYachtCRM->userTourBooking()
 7 SYSTEMPATH\CodeIgniter.php(502): CodeIgniter\CodeIgniter->runController(Object(App\Controllers\NewYachtCRM))
 8 SYSTEMPATH\CodeIgniter.php(361): CodeIgniter\CodeIgniter->handleRequest(null, Object(Config\Cache), false)
 9 FCPATH\index.php(79): CodeIgniter\CodeIgniter->run()
CRITICAL - 2024-04-18 15:30:45 --> ErrorException: Undefined array key "hname"
in APPPATH\Views\NewYachtCRM\user-tour-booking.php on line 337.
 1 APPPATH\Views\NewYachtCRM\user-tour-booking.php(337): CodeIgniter\Debug\Exceptions->errorHandler(2, 'Undefined array key "hname"', 'C:\\xampp\\htdocs\\ciproject\\app\\Views\\NewYachtCRM\\user-tour-booking.php', 337)
 2 SYSTEMPATH\View\View.php(228): include('C:\\xampp\\htdocs\\ciproject\\app\\Views\\NewYachtCRM\\user-tour-booking.php')
 3 SYSTEMPATH\View\View.php(231): CodeIgniter\View\View->CodeIgniter\View\{closure}()
 4 SYSTEMPATH\Common.php(1178): CodeIgniter\View\View->render('NewYachtCRM/user-tour-booking', [], true)
 5 APPPATH\Controllers\NewYachtCRM.php(87): view('NewYachtCRM/user-tour-booking', [...])
 6 SYSTEMPATH\CodeIgniter.php(941): App\Controllers\NewYachtCRM->userTourBooking()
 7 SYSTEMPATH\CodeIgniter.php(502): CodeIgniter\CodeIgniter->runController(Object(App\Controllers\NewYachtCRM))
 8 SYSTEMPATH\CodeIgniter.php(361): CodeIgniter\CodeIgniter->handleRequest(null, Object(Config\Cache), false)
 9 FCPATH\index.php(79): CodeIgniter\CodeIgniter->run()
CRITICAL - 2024-04-18 15:30:45 --> ErrorException: Undefined array key "hname"
in APPPATH\Views\NewYachtCRM\user-tour-booking.php on line 337.
 1 APPPATH\Views\NewYachtCRM\user-tour-booking.php(337): CodeIgniter\Debug\Exceptions->errorHandler(2, 'Undefined array key "hname"', 'C:\\xampp\\htdocs\\ciproject\\app\\Views\\NewYachtCRM\\user-tour-booking.php', 337)
 2 SYSTEMPATH\View\View.php(228): include('C:\\xampp\\htdocs\\ciproject\\app\\Views\\NewYachtCRM\\user-tour-booking.php')
 3 SYSTEMPATH\View\View.php(231): CodeIgniter\View\View->CodeIgniter\View\{closure}()
 4 SYSTEMPATH\Common.php(1178): CodeIgniter\View\View->render('NewYachtCRM/user-tour-booking', [], true)
 5 APPPATH\Controllers\NewYachtCRM.php(87): view('NewYachtCRM/user-tour-booking', [...])
 6 SYSTEMPATH\CodeIgniter.php(941): App\Controllers\NewYachtCRM->userTourBooking()
 7 SYSTEMPATH\CodeIgniter.php(502): CodeIgniter\CodeIgniter->runController(Object(App\Controllers\NewYachtCRM))
 8 SYSTEMPATH\CodeIgniter.php(361): CodeIgniter\CodeIgniter->handleRequest(null, Object(Config\Cache), false)
 9 FCPATH\index.php(79): CodeIgniter\CodeIgniter->run()
CRITICAL - 2024-04-18 15:31:14 --> ErrorException: Undefined array key "hname"
in APPPATH\Views\NewYachtCRM\user-tour-booking.php on line 337.
 1 APPPATH\Views\NewYachtCRM\user-tour-booking.php(337): CodeIgniter\Debug\Exceptions->errorHandler(2, 'Undefined array key "hname"', 'C:\\xampp\\htdocs\\ciproject\\app\\Views\\NewYachtCRM\\user-tour-booking.php', 337)
 2 SYSTEMPATH\View\View.php(228): include('C:\\xampp\\htdocs\\ciproject\\app\\Views\\NewYachtCRM\\user-tour-booking.php')
 3 SYSTEMPATH\View\View.php(231): CodeIgniter\View\View->CodeIgniter\View\{closure}()
 4 SYSTEMPATH\Common.php(1178): CodeIgniter\View\View->render('NewYachtCRM/user-tour-booking', [], true)
 5 APPPATH\Controllers\NewYachtCRM.php(87): view('NewYachtCRM/user-tour-booking', [...])
 6 SYSTEMPATH\CodeIgniter.php(941): App\Controllers\NewYachtCRM->userTourBooking()
 7 SYSTEMPATH\CodeIgniter.php(502): CodeIgniter\CodeIgniter->runController(Object(App\Controllers\NewYachtCRM))
 8 SYSTEMPATH\CodeIgniter.php(361): CodeIgniter\CodeIgniter->handleRequest(null, Object(Config\Cache), false)
 9 FCPATH\index.php(79): CodeIgniter\CodeIgniter->run()
CRITICAL - 2024-04-18 15:31:16 --> ErrorException: Undefined array key "hname"
in APPPATH\Views\NewYachtCRM\user-tour-booking.php on line 337.
 1 APPPATH\Views\NewYachtCRM\user-tour-booking.php(337): CodeIgniter\Debug\Exceptions->errorHandler(2, 'Undefined array key "hname"', 'C:\\xampp\\htdocs\\ciproject\\app\\Views\\NewYachtCRM\\user-tour-booking.php', 337)
 2 SYSTEMPATH\View\View.php(228): include('C:\\xampp\\htdocs\\ciproject\\app\\Views\\NewYachtCRM\\user-tour-booking.php')
 3 SYSTEMPATH\View\View.php(231): CodeIgniter\View\View->CodeIgniter\View\{closure}()
 4 SYSTEMPATH\Common.php(1178): CodeIgniter\View\View->render('NewYachtCRM/user-tour-booking', [], true)
 5 APPPATH\Controllers\NewYachtCRM.php(87): view('NewYachtCRM/user-tour-booking', [...])
 6 SYSTEMPATH\CodeIgniter.php(941): App\Controllers\NewYachtCRM->userTourBooking()
 7 SYSTEMPATH\CodeIgniter.php(502): CodeIgniter\CodeIgniter->runController(Object(App\Controllers\NewYachtCRM))
 8 SYSTEMPATH\CodeIgniter.php(361): CodeIgniter\CodeIgniter->handleRequest(null, Object(Config\Cache), false)
 9 FCPATH\index.php(79): CodeIgniter\CodeIgniter->run()
CRITICAL - 2024-04-18 15:31:16 --> ErrorException: Undefined array key "hname"
in APPPATH\Views\NewYachtCRM\user-tour-booking.php on line 337.
 1 APPPATH\Views\NewYachtCRM\user-tour-booking.php(337): CodeIgniter\Debug\Exceptions->errorHandler(2, 'Undefined array key "hname"', 'C:\\xampp\\htdocs\\ciproject\\app\\Views\\NewYachtCRM\\user-tour-booking.php', 337)
 2 SYSTEMPATH\View\View.php(228): include('C:\\xampp\\htdocs\\ciproject\\app\\Views\\NewYachtCRM\\user-tour-booking.php')
 3 SYSTEMPATH\View\View.php(231): CodeIgniter\View\View->CodeIgniter\View\{closure}()
 4 SYSTEMPATH\Common.php(1178): CodeIgniter\View\View->render('NewYachtCRM/user-tour-booking', [], true)
 5 APPPATH\Controllers\NewYachtCRM.php(87): view('NewYachtCRM/user-tour-booking', [...])
 6 SYSTEMPATH\CodeIgniter.php(941): App\Controllers\NewYachtCRM->userTourBooking()
 7 SYSTEMPATH\CodeIgniter.php(502): CodeIgniter\CodeIgniter->runController(Object(App\Controllers\NewYachtCRM))
 8 SYSTEMPATH\CodeIgniter.php(361): CodeIgniter\CodeIgniter->handleRequest(null, Object(Config\Cache), false)
 9 FCPATH\index.php(79): CodeIgniter\CodeIgniter->run()
CRITICAL - 2024-04-18 15:31:16 --> ErrorException: Undefined array key "hname"
in APPPATH\Views\NewYachtCRM\user-tour-booking.php on line 337.
 1 APPPATH\Views\NewYachtCRM\user-tour-booking.php(337): CodeIgniter\Debug\Exceptions->errorHandler(2, 'Undefined array key "hname"', 'C:\\xampp\\htdocs\\ciproject\\app\\Views\\NewYachtCRM\\user-tour-booking.php', 337)
 2 SYSTEMPATH\View\View.php(228): include('C:\\xampp\\htdocs\\ciproject\\app\\Views\\NewYachtCRM\\user-tour-booking.php')
 3 SYSTEMPATH\View\View.php(231): CodeIgniter\View\View->CodeIgniter\View\{closure}()
 4 SYSTEMPATH\Common.php(1178): CodeIgniter\View\View->render('NewYachtCRM/user-tour-booking', [], true)
 5 APPPATH\Controllers\NewYachtCRM.php(87): view('NewYachtCRM/user-tour-booking', [...])
 6 SYSTEMPATH\CodeIgniter.php(941): App\Controllers\NewYachtCRM->userTourBooking()
 7 SYSTEMPATH\CodeIgniter.php(502): CodeIgniter\CodeIgniter->runController(Object(App\Controllers\NewYachtCRM))
 8 SYSTEMPATH\CodeIgniter.php(361): CodeIgniter\CodeIgniter->handleRequest(null, Object(Config\Cache), false)
 9 FCPATH\index.php(79): CodeIgniter\CodeIgniter->run()
CRITICAL - 2024-04-18 15:31:17 --> ErrorException: Undefined array key "hname"
in APPPATH\Views\NewYachtCRM\user-tour-booking.php on line 337.
 1 APPPATH\Views\NewYachtCRM\user-tour-booking.php(337): CodeIgniter\Debug\Exceptions->errorHandler(2, 'Undefined array key "hname"', 'C:\\xampp\\htdocs\\ciproject\\app\\Views\\NewYachtCRM\\user-tour-booking.php', 337)
 2 SYSTEMPATH\View\View.php(228): include('C:\\xampp\\htdocs\\ciproject\\app\\Views\\NewYachtCRM\\user-tour-booking.php')
 3 SYSTEMPATH\View\View.php(231): CodeIgniter\View\View->CodeIgniter\View\{closure}()
 4 SYSTEMPATH\Common.php(1178): CodeIgniter\View\View->render('NewYachtCRM/user-tour-booking', [], true)
 5 APPPATH\Controllers\NewYachtCRM.php(87): view('NewYachtCRM/user-tour-booking', [...])
 6 SYSTEMPATH\CodeIgniter.php(941): App\Controllers\NewYachtCRM->userTourBooking()
 7 SYSTEMPATH\CodeIgniter.php(502): CodeIgniter\CodeIgniter->runController(Object(App\Controllers\NewYachtCRM))
 8 SYSTEMPATH\CodeIgniter.php(361): CodeIgniter\CodeIgniter->handleRequest(null, Object(Config\Cache), false)
 9 FCPATH\index.php(79): CodeIgniter\CodeIgniter->run()
ERROR - 2024-04-18 15:33:55 --> mysqli_sql_exception: Column 'yacht_type' cannot be null in C:\xampp\htdocs\ciproject\system\Database\MySQLi\Connection.php:306
Stack trace:
#0 C:\xampp\htdocs\ciproject\system\Database\MySQLi\Connection.php(306): mysqli->query('INSERT INTO `ya...', 0)
#1 C:\xampp\htdocs\ciproject\system\Database\BaseConnection.php(693): CodeIgniter\Database\MySQLi\Connection->execute('INSERT INTO `ya...')
#2 C:\xampp\htdocs\ciproject\system\Database\BaseConnection.php(607): CodeIgniter\Database\BaseConnection->simpleQuery('INSERT INTO `ya...')
#3 C:\xampp\htdocs\ciproject\system\Database\BaseBuilder.php(2307): CodeIgniter\Database\BaseConnection->query('INSERT INTO `ya...', Array, false)
#4 C:\xampp\htdocs\ciproject\system\Model.php(326): CodeIgniter\Database\BaseBuilder->insert()
#5 C:\xampp\htdocs\ciproject\system\BaseModel.php(802): CodeIgniter\Model->doInsert(Array)
#6 C:\xampp\htdocs\ciproject\system\Model.php(744): CodeIgniter\BaseModel->insert(Array, true)
#7 C:\xampp\htdocs\ciproject\app\Controllers\NewYachtCRM.php(213): CodeIgniter\Model->insert(Array)
#8 C:\xampp\htdocs\ciproject\system\CodeIgniter.php(941): App\Controllers\NewYachtCRM->saveBooking()
#9 C:\xampp\htdocs\ciproject\system\CodeIgniter.php(502): CodeIgniter\CodeIgniter->runController(Object(App\Controllers\NewYachtCRM))
#10 C:\xampp\htdocs\ciproject\system\CodeIgniter.php(361): CodeIgniter\CodeIgniter->handleRequest(NULL, Object(Config\Cache), false)
#11 C:\xampp\htdocs\ciproject\index.php(79): CodeIgniter\CodeIgniter->run()
#12 {main}
CRITICAL - 2024-04-18 15:33:55 --> CodeIgniter\Database\Exceptions\DatabaseException: Column 'yacht_type' cannot be null
in SYSTEMPATH\Database\BaseConnection.php on line 647.
 1 SYSTEMPATH\Database\BaseBuilder.php(2307): CodeIgniter\Database\BaseConnection->query('INSERT INTO `yacht_booking` (`token`, `yacht_type`, `customer_name`, `ccount`, `phone`, `email`, `address`, `booking_date`, `booking_time`, `plan_description`, `status`, `adate`) VALUES (:token:, :yacht_type:, :customer_name:, :ccount:, :phone:, :email:, :address:, :booking_date:, :booking_time:, :plan_description:, :status:, :adate:)', [...], false)
 2 SYSTEMPATH\Model.php(326): CodeIgniter\Database\BaseBuilder->insert()
 3 SYSTEMPATH\BaseModel.php(802): CodeIgniter\Model->doInsert([...])
 4 SYSTEMPATH\Model.php(744): CodeIgniter\BaseModel->insert([...], true)
 5 APPPATH\Controllers\NewYachtCRM.php(213): CodeIgniter\Model->insert([...])
 6 SYSTEMPATH\CodeIgniter.php(941): App\Controllers\NewYachtCRM->saveBooking()
 7 SYSTEMPATH\CodeIgniter.php(502): CodeIgniter\CodeIgniter->runController(Object(App\Controllers\NewYachtCRM))
 8 SYSTEMPATH\CodeIgniter.php(361): CodeIgniter\CodeIgniter->handleRequest(null, Object(Config\Cache), false)
 9 FCPATH\index.php(79): CodeIgniter\CodeIgniter->run()
CRITICAL - 2024-04-18 15:33:55 --> [Caused by] CodeIgniter\Database\Exceptions\DatabaseException: Column 'yacht_type' cannot be null
in SYSTEMPATH\Database\MySQLi\Connection.php on line 311.
 1 SYSTEMPATH\Database\BaseConnection.php(693): CodeIgniter\Database\MySQLi\Connection->execute('INSERT INTO `yacht_booking` (`token`, `yacht_type`, `customer_name`, `ccount`, `phone`, `email`, `address`, `booking_date`, `booking_time`, `plan_description`, `status`, `adate`) VALUES (\'token\', NULL, \'anjali\', \'2\', \'7898451265\', \'anjali@gmail.com\', \'nashik\', \'2024-05-31\', \'09:03\', \'2 hour\', \'pending\', \'2024-04-18 15:33:55\')')
 2 SYSTEMPATH\Database\BaseConnection.php(607): CodeIgniter\Database\BaseConnection->simpleQuery('INSERT INTO `yacht_booking` (`token`, `yacht_type`, `customer_name`, `ccount`, `phone`, `email`, `address`, `booking_date`, `booking_time`, `plan_description`, `status`, `adate`) VALUES (\'token\', NULL, \'anjali\', \'2\', \'7898451265\', \'anjali@gmail.com\', \'nashik\', \'2024-05-31\', \'09:03\', \'2 hour\', \'pending\', \'2024-04-18 15:33:55\')')
 3 SYSTEMPATH\Database\BaseBuilder.php(2307): CodeIgniter\Database\BaseConnection->query('INSERT INTO `yacht_booking` (`token`, `yacht_type`, `customer_name`, `ccount`, `phone`, `email`, `address`, `booking_date`, `booking_time`, `plan_description`, `status`, `adate`) VALUES (:token:, :yacht_type:, :customer_name:, :ccount:, :phone:, :email:, :address:, :booking_date:, :booking_time:, :plan_description:, :status:, :adate:)', [...], false)
 4 SYSTEMPATH\Model.php(326): CodeIgniter\Database\BaseBuilder->insert()
 5 SYSTEMPATH\BaseModel.php(802): CodeIgniter\Model->doInsert([...])
 6 SYSTEMPATH\Model.php(744): CodeIgniter\BaseModel->insert([...], true)
 7 APPPATH\Controllers\NewYachtCRM.php(213): CodeIgniter\Model->insert([...])
 8 SYSTEMPATH\CodeIgniter.php(941): App\Controllers\NewYachtCRM->saveBooking()
 9 SYSTEMPATH\CodeIgniter.php(502): CodeIgniter\CodeIgniter->runController(Object(App\Controllers\NewYachtCRM))
10 SYSTEMPATH\CodeIgniter.php(361): CodeIgniter\CodeIgniter->handleRequest(null, Object(Config\Cache), false)
11 FCPATH\index.php(79): CodeIgniter\CodeIgniter->run()
CRITICAL - 2024-04-18 15:33:55 --> [Caused by] mysqli_sql_exception: Column 'yacht_type' cannot be null
in SYSTEMPATH\Database\MySQLi\Connection.php on line 306.
 1 SYSTEMPATH\Database\MySQLi\Connection.php(306): mysqli->query('INSERT INTO `yacht_booking` (`token`, `yacht_type`, `customer_name`, `ccount`, `phone`, `email`, `address`, `booking_date`, `booking_time`, `plan_description`, `status`, `adate`) VALUES (\'token\', NULL, \'anjali\', \'2\', \'7898451265\', \'anjali@gmail.com\', \'nashik\', \'2024-05-31\', \'09:03\', \'2 hour\', \'pending\', \'2024-04-18 15:33:55\')', 0)
 2 SYSTEMPATH\Database\BaseConnection.php(693): CodeIgniter\Database\MySQLi\Connection->execute('INSERT INTO `yacht_booking` (`token`, `yacht_type`, `customer_name`, `ccount`, `phone`, `email`, `address`, `booking_date`, `booking_time`, `plan_description`, `status`, `adate`) VALUES (\'token\', NULL, \'anjali\', \'2\', \'7898451265\', \'anjali@gmail.com\', \'nashik\', \'2024-05-31\', \'09:03\', \'2 hour\', \'pending\', \'2024-04-18 15:33:55\')')
 3 SYSTEMPATH\Database\BaseConnection.php(607): CodeIgniter\Database\BaseConnection->simpleQuery('INSERT INTO `yacht_booking` (`token`, `yacht_type`, `customer_name`, `ccount`, `phone`, `email`, `address`, `booking_date`, `booking_time`, `plan_description`, `status`, `adate`) VALUES (\'token\', NULL, \'anjali\', \'2\', \'7898451265\', \'anjali@gmail.com\', \'nashik\', \'2024-05-31\', \'09:03\', \'2 hour\', \'pending\', \'2024-04-18 15:33:55\')')
 4 SYSTEMPATH\Database\BaseBuilder.php(2307): CodeIgniter\Database\BaseConnection->query('INSERT INTO `yacht_booking` (`token`, `yacht_type`, `customer_name`, `ccount`, `phone`, `email`, `address`, `booking_date`, `booking_time`, `plan_description`, `status`, `adate`) VALUES (:token:, :yacht_type:, :customer_name:, :ccount:, :phone:, :email:, :address:, :booking_date:, :booking_time:, :plan_description:, :status:, :adate:)', [...], false)
 5 SYSTEMPATH\Model.php(326): CodeIgniter\Database\BaseBuilder->insert()
 6 SYSTEMPATH\BaseModel.php(802): CodeIgniter\Model->doInsert([...])
 7 SYSTEMPATH\Model.php(744): CodeIgniter\BaseModel->insert([...], true)
 8 APPPATH\Controllers\NewYachtCRM.php(213): CodeIgniter\Model->insert([...])
 9 SYSTEMPATH\CodeIgniter.php(941): App\Controllers\NewYachtCRM->saveBooking()
10 SYSTEMPATH\CodeIgniter.php(502): CodeIgniter\CodeIgniter->runController(Object(App\Controllers\NewYachtCRM))
11 SYSTEMPATH\CodeIgniter.php(361): CodeIgniter\CodeIgniter->handleRequest(null, Object(Config\Cache), false)
12 FCPATH\index.php(79): CodeIgniter\CodeIgniter->run()
CRITICAL - 2024-04-18 17:31:45 --> ErrorException: Undefined variable $options
in APPPATH\Views\NewYachtCRM\user-tour-booking.php on line 91.
 1 APPPATH\Views\NewYachtCRM\user-tour-booking.php(91): CodeIgniter\Debug\Exceptions->errorHandler(2, 'Undefined variable $options', 'C:\\xampp\\htdocs\\ciproject\\app\\Views\\NewYachtCRM\\user-tour-booking.php', 91)
 2 SYSTEMPATH\View\View.php(228): include('C:\\xampp\\htdocs\\ciproject\\app\\Views\\NewYachtCRM\\user-tour-booking.php')
 3 SYSTEMPATH\View\View.php(231): CodeIgniter\View\View->CodeIgniter\View\{closure}()
 4 SYSTEMPATH\Common.php(1178): CodeIgniter\View\View->render('NewYachtCRM/user-tour-booking', [], true)
 5 APPPATH\Controllers\NewYachtCRM.php(87): view('NewYachtCRM/user-tour-booking', [...])
 6 SYSTEMPATH\CodeIgniter.php(941): App\Controllers\NewYachtCRM->userTourBooking()
 7 SYSTEMPATH\CodeIgniter.php(502): CodeIgniter\CodeIgniter->runController(Object(App\Controllers\NewYachtCRM))
 8 SYSTEMPATH\CodeIgniter.php(361): CodeIgniter\CodeIgniter->handleRequest(null, Object(Config\Cache), false)
 9 FCPATH\index.php(79): CodeIgniter\CodeIgniter->run()
CRITICAL - 2024-04-18 18:26:44 --> ParseError: syntax error, unexpected variable "$data", expecting "]"
in APPPATH\Controllers\Yacht.php on line 30.
 1 SYSTEMPATH\Autoloader\Autoloader.php(288): CodeIgniter\Autoloader\Autoloader->includeFile('C:\\xampp\\htdocs\\ciproject\\app\\Controllers\\Yacht.php')
 2 SYSTEMPATH\Autoloader\Autoloader.php(266): CodeIgniter\Autoloader\Autoloader->loadInNamespace('App\\Controllers\\Yacht')
 3 [internal function]: CodeIgniter\Autoloader\Autoloader->loadClass('App\\Controllers\\Yacht')
 4 SYSTEMPATH\CodeIgniter.php(899): class_exists('\\App\\Controllers\\Yacht', true)
 5 SYSTEMPATH\CodeIgniter.php(489): CodeIgniter\CodeIgniter->startController()
 6 SYSTEMPATH\CodeIgniter.php(361): CodeIgniter\CodeIgniter->handleRequest(null, Object(Config\Cache), false)
 7 FCPATH\index.php(79): CodeIgniter\CodeIgniter->run()
CRITICAL - 2024-04-18 18:39:48 --> ErrorException: Undefined variable $yacht
in APPPATH\Views\yachtProject\index.php on line 823.
 1 APPPATH\Views\yachtProject\index.php(823): CodeIgniter\Debug\Exceptions->errorHandler(2, 'Undefined variable $yacht', 'C:\\xampp\\htdocs\\ciproject\\app\\Views\\yachtProject\\index.php', 823)
 2 SYSTEMPATH\View\View.php(228): include('C:\\xampp\\htdocs\\ciproject\\app\\Views\\yachtProject\\index.php')
 3 SYSTEMPATH\View\View.php(231): CodeIgniter\View\View->CodeIgniter\View\{closure}()
 4 SYSTEMPATH\Common.php(1178): CodeIgniter\View\View->render('yachtProject/index', [], true)
 5 APPPATH\Controllers\Yacht.php(40): view('yachtProject/index')
 6 SYSTEMPATH\CodeIgniter.php(941): App\Controllers\Yacht->enquiryForm()
 7 SYSTEMPATH\CodeIgniter.php(502): CodeIgniter\CodeIgniter->runController(Object(App\Controllers\Yacht))
 8 SYSTEMPATH\CodeIgniter.php(361): CodeIgniter\CodeIgniter->handleRequest(null, Object(Config\Cache), false)
 9 FCPATH\index.php(79): CodeIgniter\CodeIgniter->run()
CRITICAL - 2024-04-18 18:45:50 --> ErrorException: Undefined variable $yacht
in APPPATH\Views\yachtProject\index.php on line 823.
 1 APPPATH\Views\yachtProject\index.php(823): CodeIgniter\Debug\Exceptions->errorHandler(2, 'Undefined variable $yacht', 'C:\\xampp\\htdocs\\ciproject\\app\\Views\\yachtProject\\index.php', 823)
 2 SYSTEMPATH\View\View.php(228): include('C:\\xampp\\htdocs\\ciproject\\app\\Views\\yachtProject\\index.php')
 3 SYSTEMPATH\View\View.php(231): CodeIgniter\View\View->CodeIgniter\View\{closure}()
 4 SYSTEMPATH\Common.php(1178): CodeIgniter\View\View->render('yachtProject/index', [], true)
 5 APPPATH\Controllers\Yacht.php(40): view('yachtProject/index')
 6 SYSTEMPATH\CodeIgniter.php(941): App\Controllers\Yacht->enquiryForm()
 7 SYSTEMPATH\CodeIgniter.php(502): CodeIgniter\CodeIgniter->runController(Object(App\Controllers\Yacht))
 8 SYSTEMPATH\CodeIgniter.php(361): CodeIgniter\CodeIgniter->handleRequest(null, Object(Config\Cache), false)
 9 FCPATH\index.php(79): CodeIgniter\CodeIgniter->run()
CRITICAL - 2024-04-18 18:50:57 --> ErrorException: Undefined variable $yacht
in APPPATH\Views\yachtProject\index.php on line 823.
 1 APPPATH\Views\yachtProject\index.php(823): CodeIgniter\Debug\Exceptions->errorHandler(2, 'Undefined variable $yacht', 'C:\\xampp\\htdocs\\ciproject\\app\\Views\\yachtProject\\index.php', 823)
 2 SYSTEMPATH\View\View.php(228): include('C:\\xampp\\htdocs\\ciproject\\app\\Views\\yachtProject\\index.php')
 3 SYSTEMPATH\View\View.php(231): CodeIgniter\View\View->CodeIgniter\View\{closure}()
 4 SYSTEMPATH\Common.php(1178): CodeIgniter\View\View->render('yachtProject/index', [], true)
 5 APPPATH\Controllers\Yacht.php(40): view('yachtProject/index')
 6 SYSTEMPATH\CodeIgniter.php(941): App\Controllers\Yacht->enquiryForm()
 7 SYSTEMPATH\CodeIgniter.php(502): CodeIgniter\CodeIgniter->runController(Object(App\Controllers\Yacht))
 8 SYSTEMPATH\CodeIgniter.php(361): CodeIgniter\CodeIgniter->handleRequest(null, Object(Config\Cache), false)
 9 FCPATH\index.php(79): CodeIgniter\CodeIgniter->run()
CRITICAL - 2024-04-18 18:52:10 --> ErrorException: Undefined variable $yacht
in APPPATH\Views\yachtProject\index.php on line 823.
 1 APPPATH\Views\yachtProject\index.php(823): CodeIgniter\Debug\Exceptions->errorHandler(2, 'Undefined variable $yacht', 'C:\\xampp\\htdocs\\ciproject\\app\\Views\\yachtProject\\index.php', 823)
 2 SYSTEMPATH\View\View.php(228): include('C:\\xampp\\htdocs\\ciproject\\app\\Views\\yachtProject\\index.php')
 3 SYSTEMPATH\View\View.php(231): CodeIgniter\View\View->CodeIgniter\View\{closure}()
 4 SYSTEMPATH\Common.php(1178): CodeIgniter\View\View->render('yachtProject/index', [], true)
 5 APPPATH\Controllers\Yacht.php(40): view('yachtProject/index', [...])
 6 SYSTEMPATH\CodeIgniter.php(941): App\Controllers\Yacht->enquiryForm()
 7 SYSTEMPATH\CodeIgniter.php(502): CodeIgniter\CodeIgniter->runController(Object(App\Controllers\Yacht))
 8 SYSTEMPATH\CodeIgniter.php(361): CodeIgniter\CodeIgniter->handleRequest(null, Object(Config\Cache), false)
 9 FCPATH\index.php(79): CodeIgniter\CodeIgniter->run()
CRITICAL - 2024-04-18 18:52:44 --> ErrorException: Undefined variable $abc
in APPPATH\Views\yachtProject\index.php on line 823.
 1 APPPATH\Views\yachtProject\index.php(823): CodeIgniter\Debug\Exceptions->errorHandler(2, 'Undefined variable $abc', 'C:\\xampp\\htdocs\\ciproject\\app\\Views\\yachtProject\\index.php', 823)
 2 SYSTEMPATH\View\View.php(228): include('C:\\xampp\\htdocs\\ciproject\\app\\Views\\yachtProject\\index.php')
 3 SYSTEMPATH\View\View.php(231): CodeIgniter\View\View->CodeIgniter\View\{closure}()
 4 SYSTEMPATH\Common.php(1178): CodeIgniter\View\View->render('yachtProject/index', [], true)
 5 APPPATH\Controllers\Yacht.php(40): view('yachtProject/index', [...])
 6 SYSTEMPATH\CodeIgniter.php(941): App\Controllers\Yacht->enquiryForm()
 7 SYSTEMPATH\CodeIgniter.php(502): CodeIgniter\CodeIgniter->runController(Object(App\Controllers\Yacht))
 8 SYSTEMPATH\CodeIgniter.php(361): CodeIgniter\CodeIgniter->handleRequest(null, Object(Config\Cache), false)
 9 FCPATH\index.php(79): CodeIgniter\CodeIgniter->run()
CRITICAL - 2024-04-18 18:55:41 --> Error: Call to undefined function App\Controllers\index()
in APPPATH\Controllers\Yacht.php on line 41.
 1 SYSTEMPATH\CodeIgniter.php(941): App\Controllers\Yacht->enquiryForm()
 2 SYSTEMPATH\CodeIgniter.php(502): CodeIgniter\CodeIgniter->runController(Object(App\Controllers\Yacht))
 3 SYSTEMPATH\CodeIgniter.php(361): CodeIgniter\CodeIgniter->handleRequest(null, Object(Config\Cache), false)
 4 FCPATH\index.php(79): CodeIgniter\CodeIgniter->run()
ERROR - 2024-04-18 20:30:04 --> mysqli_sql_exception: Column 'enquiry' cannot be null in C:\xampp\htdocs\ciproject\system\Database\MySQLi\Connection.php:306
Stack trace:
#0 C:\xampp\htdocs\ciproject\system\Database\MySQLi\Connection.php(306): mysqli->query('INSERT INTO `en...', 0)
#1 C:\xampp\htdocs\ciproject\system\Database\BaseConnection.php(693): CodeIgniter\Database\MySQLi\Connection->execute('INSERT INTO `en...')
#2 C:\xampp\htdocs\ciproject\system\Database\BaseConnection.php(607): CodeIgniter\Database\BaseConnection->simpleQuery('INSERT INTO `en...')
#3 C:\xampp\htdocs\ciproject\system\Database\BaseBuilder.php(2307): CodeIgniter\Database\BaseConnection->query('INSERT INTO `en...', Array, false)
#4 C:\xampp\htdocs\ciproject\system\Model.php(326): CodeIgniter\Database\BaseBuilder->insert()
#5 C:\xampp\htdocs\ciproject\system\BaseModel.php(802): CodeIgniter\Model->doInsert(Array)
#6 C:\xampp\htdocs\ciproject\system\Model.php(744): CodeIgniter\BaseModel->insert(Array, true)
#7 C:\xampp\htdocs\ciproject\app\Controllers\Yacht.php(38): CodeIgniter\Model->insert(Array)
#8 C:\xampp\htdocs\ciproject\system\CodeIgniter.php(941): App\Controllers\Yacht->enquiryForm()
#9 C:\xampp\htdocs\ciproject\system\CodeIgniter.php(502): CodeIgniter\CodeIgniter->runController(Object(App\Controllers\Yacht))
#10 C:\xampp\htdocs\ciproject\system\CodeIgniter.php(361): CodeIgniter\CodeIgniter->handleRequest(NULL, Object(Config\Cache), false)
#11 C:\xampp\htdocs\ciproject\index.php(79): CodeIgniter\CodeIgniter->run()
#12 {main}
CRITICAL - 2024-04-18 20:30:04 --> CodeIgniter\Database\Exceptions\DatabaseException: Column 'enquiry' cannot be null
in SYSTEMPATH\Database\BaseConnection.php on line 647.
 1 SYSTEMPATH\Database\BaseBuilder.php(2307): CodeIgniter\Database\BaseConnection->query('INSERT INTO `enquiry_form` (`name`, `email`, `phone`, `location`, `budget`, `people`, `enquiry`) VALUES (:name:, :email:, :phone:, :location:, :budget:, :people:, :enquiry:)', [...], false)
 2 SYSTEMPATH\Model.php(326): CodeIgniter\Database\BaseBuilder->insert()
 3 SYSTEMPATH\BaseModel.php(802): CodeIgniter\Model->doInsert([...])
 4 SYSTEMPATH\Model.php(744): CodeIgniter\BaseModel->insert([...], true)
 5 APPPATH\Controllers\Yacht.php(38): CodeIgniter\Model->insert([...])
 6 SYSTEMPATH\CodeIgniter.php(941): App\Controllers\Yacht->enquiryForm()
 7 SYSTEMPATH\CodeIgniter.php(502): CodeIgniter\CodeIgniter->runController(Object(App\Controllers\Yacht))
 8 SYSTEMPATH\CodeIgniter.php(361): CodeIgniter\CodeIgniter->handleRequest(null, Object(Config\Cache), false)
 9 FCPATH\index.php(79): CodeIgniter\CodeIgniter->run()
CRITICAL - 2024-04-18 20:30:04 --> [Caused by] CodeIgniter\Database\Exceptions\DatabaseException: Column 'enquiry' cannot be null
in SYSTEMPATH\Database\MySQLi\Connection.php on line 311.
 1 SYSTEMPATH\Database\BaseConnection.php(693): CodeIgniter\Database\MySQLi\Connection->execute('INSERT INTO `enquiry_form` (`name`, `email`, `phone`, `location`, `budget`, `people`, `enquiry`) VALUES (\'dipali\', \'dipali@gmail.com\', \'7889455612\', \'dubai\', \'150\', \'5\', NULL)')
 2 SYSTEMPATH\Database\BaseConnection.php(607): CodeIgniter\Database\BaseConnection->simpleQuery('INSERT INTO `enquiry_form` (`name`, `email`, `phone`, `location`, `budget`, `people`, `enquiry`) VALUES (\'dipali\', \'dipali@gmail.com\', \'7889455612\', \'dubai\', \'150\', \'5\', NULL)')
 3 SYSTEMPATH\Database\BaseBuilder.php(2307): CodeIgniter\Database\BaseConnection->query('INSERT INTO `enquiry_form` (`name`, `email`, `phone`, `location`, `budget`, `people`, `enquiry`) VALUES (:name:, :email:, :phone:, :location:, :budget:, :people:, :enquiry:)', [...], false)
 4 SYSTEMPATH\Model.php(326): CodeIgniter\Database\BaseBuilder->insert()
 5 SYSTEMPATH\BaseModel.php(802): CodeIgniter\Model->doInsert([...])
 6 SYSTEMPATH\Model.php(744): CodeIgniter\BaseModel->insert([...], true)
 7 APPPATH\Controllers\Yacht.php(38): CodeIgniter\Model->insert([...])
 8 SYSTEMPATH\CodeIgniter.php(941): App\Controllers\Yacht->enquiryForm()
 9 SYSTEMPATH\CodeIgniter.php(502): CodeIgniter\CodeIgniter->runController(Object(App\Controllers\Yacht))
10 SYSTEMPATH\CodeIgniter.php(361): CodeIgniter\CodeIgniter->handleRequest(null, Object(Config\Cache), false)
11 FCPATH\index.php(79): CodeIgniter\CodeIgniter->run()
CRITICAL - 2024-04-18 20:30:04 --> [Caused by] mysqli_sql_exception: Column 'enquiry' cannot be null
in SYSTEMPATH\Database\MySQLi\Connection.php on line 306.
 1 SYSTEMPATH\Database\MySQLi\Connection.php(306): mysqli->query('INSERT INTO `enquiry_form` (`name`, `email`, `phone`, `location`, `budget`, `people`, `enquiry`) VALUES (\'dipali\', \'dipali@gmail.com\', \'7889455612\', \'dubai\', \'150\', \'5\', NULL)', 0)
 2 SYSTEMPATH\Database\BaseConnection.php(693): CodeIgniter\Database\MySQLi\Connection->execute('INSERT INTO `enquiry_form` (`name`, `email`, `phone`, `location`, `budget`, `people`, `enquiry`) VALUES (\'dipali\', \'dipali@gmail.com\', \'7889455612\', \'dubai\', \'150\', \'5\', NULL)')
 3 SYSTEMPATH\Database\BaseConnection.php(607): CodeIgniter\Database\BaseConnection->simpleQuery('INSERT INTO `enquiry_form` (`name`, `email`, `phone`, `location`, `budget`, `people`, `enquiry`) VALUES (\'dipali\', \'dipali@gmail.com\', \'7889455612\', \'dubai\', \'150\', \'5\', NULL)')
 4 SYSTEMPATH\Database\BaseBuilder.php(2307): CodeIgniter\Database\BaseConnection->query('INSERT INTO `enquiry_form` (`name`, `email`, `phone`, `location`, `budget`, `people`, `enquiry`) VALUES (:name:, :email:, :phone:, :location:, :budget:, :people:, :enquiry:)', [...], false)
 5 SYSTEMPATH\Model.php(326): CodeIgniter\Database\BaseBuilder->insert()
 6 SYSTEMPATH\BaseModel.php(802): CodeIgniter\Model->doInsert([...])
 7 SYSTEMPATH\Model.php(744): CodeIgniter\BaseModel->insert([...], true)
 8 APPPATH\Controllers\Yacht.php(38): CodeIgniter\Model->insert([...])
 9 SYSTEMPATH\CodeIgniter.php(941): App\Controllers\Yacht->enquiryForm()
10 SYSTEMPATH\CodeIgniter.php(502): CodeIgniter\CodeIgniter->runController(Object(App\Controllers\Yacht))
11 SYSTEMPATH\CodeIgniter.php(361): CodeIgniter\CodeIgniter->handleRequest(null, Object(Config\Cache), false)
12 FCPATH\index.php(79): CodeIgniter\CodeIgniter->run()
