CRITICAL - 2024-06-14 17:26:53 --> ParseError: syntax error, unexpected token "<"
in APPPATH\Views\yacht-record-edit.php on line 92.
 1 SYSTEMPATH\View\View.php(231): CodeIgniter\View\View->CodeIgniter\View\{closure}()
 2 SYSTEMPATH\Common.php(1178): CodeIgniter\View\View->render('yacht-record-edit', [], true)
 3 APPPATH\Controllers\Home.php(273): view('yacht-record-edit', [...])
 4 SYSTEMPATH\CodeIgniter.php(941): App\Controllers\Home->yachtRecordEdit('4')
 5 SYSTEMPATH\CodeIgniter.php(502): CodeIgniter\CodeIgniter->runController(Object(App\Controllers\Home))
 6 SYSTEMPATH\CodeIgniter.php(361): CodeIgniter\CodeIgniter->handleRequest(null, Object(Config\Cache), false)
 7 FCPATH\index.php(79): CodeIgniter\CodeIgniter->run()
CRITICAL - 2024-06-14 17:30:47 --> ParseError: syntax error, unexpected token "<"
in APPPATH\Views\yacht-record-edit.php on line 93.
 1 SYSTEMPATH\View\View.php(231): CodeIgniter\View\View->CodeIgniter\View\{closure}()
 2 SYSTEMPATH\Common.php(1178): CodeIgniter\View\View->render('yacht-record-edit', [], true)
 3 APPPATH\Controllers\Home.php(273): view('yacht-record-edit', [...])
 4 SYSTEMPATH\CodeIgniter.php(941): App\Controllers\Home->yachtRecordEdit('4')
 5 SYSTEMPATH\CodeIgniter.php(502): CodeIgniter\CodeIgniter->runController(Object(App\Controllers\Home))
 6 SYSTEMPATH\CodeIgniter.php(361): CodeIgniter\CodeIgniter->handleRequest(null, Object(Config\Cache), false)
 7 FCPATH\index.php(79): CodeIgniter\CodeIgniter->run()
CRITICAL - 2024-06-14 17:30:48 --> ParseError: syntax error, unexpected token "<"
in APPPATH\Views\yacht-record-edit.php on line 93.
 1 SYSTEMPATH\View\View.php(231): CodeIgniter\View\View->CodeIgniter\View\{closure}()
 2 SYSTEMPATH\Common.php(1178): CodeIgniter\View\View->render('yacht-record-edit', [], true)
 3 APPPATH\Controllers\Home.php(273): view('yacht-record-edit', [...])
 4 SYSTEMPATH\CodeIgniter.php(941): App\Controllers\Home->yachtRecordEdit('4')
 5 SYSTEMPATH\CodeIgniter.php(502): CodeIgniter\CodeIgniter->runController(Object(App\Controllers\Home))
 6 SYSTEMPATH\CodeIgniter.php(361): CodeIgniter\CodeIgniter->handleRequest(null, Object(Config\Cache), false)
 7 FCPATH\index.php(79): CodeIgniter\CodeIgniter->run()
CRITICAL - 2024-06-14 17:35:14 --> TypeError: Cannot access offset of type string on string
in APPPATH\Views\yacht-record-edit.php on line 91.
 1 SYSTEMPATH\View\View.php(228): include()
 2 SYSTEMPATH\View\View.php(231): CodeIgniter\View\View->CodeIgniter\View\{closure}()
 3 SYSTEMPATH\Common.php(1178): CodeIgniter\View\View->render('yacht-record-edit', [], true)
 4 APPPATH\Controllers\Home.php(273): view('yacht-record-edit', [...])
 5 SYSTEMPATH\CodeIgniter.php(941): App\Controllers\Home->yachtRecordEdit('4')
 6 SYSTEMPATH\CodeIgniter.php(502): CodeIgniter\CodeIgniter->runController(Object(App\Controllers\Home))
 7 SYSTEMPATH\CodeIgniter.php(361): CodeIgniter\CodeIgniter->handleRequest(null, Object(Config\Cache), false)
 8 FCPATH\index.php(79): CodeIgniter\CodeIgniter->run()
CRITICAL - 2024-06-14 17:36:25 --> TypeError: Cannot access offset of type string on string
in APPPATH\Views\yacht-record-edit.php on line 91.
 1 SYSTEMPATH\View\View.php(228): include()
 2 SYSTEMPATH\View\View.php(231): CodeIgniter\View\View->CodeIgniter\View\{closure}()
 3 SYSTEMPATH\Common.php(1178): CodeIgniter\View\View->render('yacht-record-edit', [], true)
 4 APPPATH\Controllers\Home.php(273): view('yacht-record-edit', [...])
 5 SYSTEMPATH\CodeIgniter.php(941): App\Controllers\Home->yachtRecordEdit('4')
 6 SYSTEMPATH\CodeIgniter.php(502): CodeIgniter\CodeIgniter->runController(Object(App\Controllers\Home))
 7 SYSTEMPATH\CodeIgniter.php(361): CodeIgniter\CodeIgniter->handleRequest(null, Object(Config\Cache), false)
 8 FCPATH\index.php(79): CodeIgniter\CodeIgniter->run()
CRITICAL - 2024-06-14 17:36:25 --> TypeError: Cannot access offset of type string on string
in APPPATH\Views\yacht-record-edit.php on line 91.
 1 SYSTEMPATH\View\View.php(228): include()
 2 SYSTEMPATH\View\View.php(231): CodeIgniter\View\View->CodeIgniter\View\{closure}()
 3 SYSTEMPATH\Common.php(1178): CodeIgniter\View\View->render('yacht-record-edit', [], true)
 4 APPPATH\Controllers\Home.php(273): view('yacht-record-edit', [...])
 5 SYSTEMPATH\CodeIgniter.php(941): App\Controllers\Home->yachtRecordEdit('4')
 6 SYSTEMPATH\CodeIgniter.php(502): CodeIgniter\CodeIgniter->runController(Object(App\Controllers\Home))
 7 SYSTEMPATH\CodeIgniter.php(361): CodeIgniter\CodeIgniter->handleRequest(null, Object(Config\Cache), false)
 8 FCPATH\index.php(79): CodeIgniter\CodeIgniter->run()
CRITICAL - 2024-06-14 17:36:25 --> TypeError: Cannot access offset of type string on string
in APPPATH\Views\yacht-record-edit.php on line 91.
 1 SYSTEMPATH\View\View.php(228): include()
 2 SYSTEMPATH\View\View.php(231): CodeIgniter\View\View->CodeIgniter\View\{closure}()
 3 SYSTEMPATH\Common.php(1178): CodeIgniter\View\View->render('yacht-record-edit', [], true)
 4 APPPATH\Controllers\Home.php(273): view('yacht-record-edit', [...])
 5 SYSTEMPATH\CodeIgniter.php(941): App\Controllers\Home->yachtRecordEdit('4')
 6 SYSTEMPATH\CodeIgniter.php(502): CodeIgniter\CodeIgniter->runController(Object(App\Controllers\Home))
 7 SYSTEMPATH\CodeIgniter.php(361): CodeIgniter\CodeIgniter->handleRequest(null, Object(Config\Cache), false)
 8 FCPATH\index.php(79): CodeIgniter\CodeIgniter->run()
CRITICAL - 2024-06-14 17:36:26 --> TypeError: Cannot access offset of type string on string
in APPPATH\Views\yacht-record-edit.php on line 91.
 1 SYSTEMPATH\View\View.php(228): include()
 2 SYSTEMPATH\View\View.php(231): CodeIgniter\View\View->CodeIgniter\View\{closure}()
 3 SYSTEMPATH\Common.php(1178): CodeIgniter\View\View->render('yacht-record-edit', [], true)
 4 APPPATH\Controllers\Home.php(273): view('yacht-record-edit', [...])
 5 SYSTEMPATH\CodeIgniter.php(941): App\Controllers\Home->yachtRecordEdit('4')
 6 SYSTEMPATH\CodeIgniter.php(502): CodeIgniter\CodeIgniter->runController(Object(App\Controllers\Home))
 7 SYSTEMPATH\CodeIgniter.php(361): CodeIgniter\CodeIgniter->handleRequest(null, Object(Config\Cache), false)
 8 FCPATH\index.php(79): CodeIgniter\CodeIgniter->run()
CRITICAL - 2024-06-14 17:36:26 --> TypeError: Cannot access offset of type string on string
in APPPATH\Views\yacht-record-edit.php on line 91.
 1 SYSTEMPATH\View\View.php(228): include()
 2 SYSTEMPATH\View\View.php(231): CodeIgniter\View\View->CodeIgniter\View\{closure}()
 3 SYSTEMPATH\Common.php(1178): CodeIgniter\View\View->render('yacht-record-edit', [], true)
 4 APPPATH\Controllers\Home.php(273): view('yacht-record-edit', [...])
 5 SYSTEMPATH\CodeIgniter.php(941): App\Controllers\Home->yachtRecordEdit('4')
 6 SYSTEMPATH\CodeIgniter.php(502): CodeIgniter\CodeIgniter->runController(Object(App\Controllers\Home))
 7 SYSTEMPATH\CodeIgniter.php(361): CodeIgniter\CodeIgniter->handleRequest(null, Object(Config\Cache), false)
 8 FCPATH\index.php(79): CodeIgniter\CodeIgniter->run()
CRITICAL - 2024-06-14 17:36:26 --> TypeError: Cannot access offset of type string on string
in APPPATH\Views\yacht-record-edit.php on line 91.
 1 SYSTEMPATH\View\View.php(228): include()
 2 SYSTEMPATH\View\View.php(231): CodeIgniter\View\View->CodeIgniter\View\{closure}()
 3 SYSTEMPATH\Common.php(1178): CodeIgniter\View\View->render('yacht-record-edit', [], true)
 4 APPPATH\Controllers\Home.php(273): view('yacht-record-edit', [...])
 5 SYSTEMPATH\CodeIgniter.php(941): App\Controllers\Home->yachtRecordEdit('4')
 6 SYSTEMPATH\CodeIgniter.php(502): CodeIgniter\CodeIgniter->runController(Object(App\Controllers\Home))
 7 SYSTEMPATH\CodeIgniter.php(361): CodeIgniter\CodeIgniter->handleRequest(null, Object(Config\Cache), false)
 8 FCPATH\index.php(79): CodeIgniter\CodeIgniter->run()
CRITICAL - 2024-06-14 17:37:00 --> TypeError: Cannot access offset of type string on string
in APPPATH\Views\yacht-record-edit.php on line 91.
 1 SYSTEMPATH\View\View.php(228): include()
 2 SYSTEMPATH\View\View.php(231): CodeIgniter\View\View->CodeIgniter\View\{closure}()
 3 SYSTEMPATH\Common.php(1178): CodeIgniter\View\View->render('yacht-record-edit', [], true)
 4 APPPATH\Controllers\Home.php(273): view('yacht-record-edit', [...])
 5 SYSTEMPATH\CodeIgniter.php(941): App\Controllers\Home->yachtRecordEdit('4')
 6 SYSTEMPATH\CodeIgniter.php(502): CodeIgniter\CodeIgniter->runController(Object(App\Controllers\Home))
 7 SYSTEMPATH\CodeIgniter.php(361): CodeIgniter\CodeIgniter->handleRequest(null, Object(Config\Cache), false)
 8 FCPATH\index.php(79): CodeIgniter\CodeIgniter->run()
CRITICAL - 2024-06-14 17:37:00 --> TypeError: Cannot access offset of type string on string
in APPPATH\Views\yacht-record-edit.php on line 91.
 1 SYSTEMPATH\View\View.php(228): include()
 2 SYSTEMPATH\View\View.php(231): CodeIgniter\View\View->CodeIgniter\View\{closure}()
 3 SYSTEMPATH\Common.php(1178): CodeIgniter\View\View->render('yacht-record-edit', [], true)
 4 APPPATH\Controllers\Home.php(273): view('yacht-record-edit', [...])
 5 SYSTEMPATH\CodeIgniter.php(941): App\Controllers\Home->yachtRecordEdit('4')
 6 SYSTEMPATH\CodeIgniter.php(502): CodeIgniter\CodeIgniter->runController(Object(App\Controllers\Home))
 7 SYSTEMPATH\CodeIgniter.php(361): CodeIgniter\CodeIgniter->handleRequest(null, Object(Config\Cache), false)
 8 FCPATH\index.php(79): CodeIgniter\CodeIgniter->run()
CRITICAL - 2024-06-14 17:37:00 --> TypeError: Cannot access offset of type string on string
in APPPATH\Views\yacht-record-edit.php on line 91.
 1 SYSTEMPATH\View\View.php(228): include()
 2 SYSTEMPATH\View\View.php(231): CodeIgniter\View\View->CodeIgniter\View\{closure}()
 3 SYSTEMPATH\Common.php(1178): CodeIgniter\View\View->render('yacht-record-edit', [], true)
 4 APPPATH\Controllers\Home.php(273): view('yacht-record-edit', [...])
 5 SYSTEMPATH\CodeIgniter.php(941): App\Controllers\Home->yachtRecordEdit('4')
 6 SYSTEMPATH\CodeIgniter.php(502): CodeIgniter\CodeIgniter->runController(Object(App\Controllers\Home))
 7 SYSTEMPATH\CodeIgniter.php(361): CodeIgniter\CodeIgniter->handleRequest(null, Object(Config\Cache), false)
 8 FCPATH\index.php(79): CodeIgniter\CodeIgniter->run()
CRITICAL - 2024-06-14 17:37:00 --> TypeError: Cannot access offset of type string on string
in APPPATH\Views\yacht-record-edit.php on line 91.
 1 SYSTEMPATH\View\View.php(228): include()
 2 SYSTEMPATH\View\View.php(231): CodeIgniter\View\View->CodeIgniter\View\{closure}()
 3 SYSTEMPATH\Common.php(1178): CodeIgniter\View\View->render('yacht-record-edit', [], true)
 4 APPPATH\Controllers\Home.php(273): view('yacht-record-edit', [...])
 5 SYSTEMPATH\CodeIgniter.php(941): App\Controllers\Home->yachtRecordEdit('4')
 6 SYSTEMPATH\CodeIgniter.php(502): CodeIgniter\CodeIgniter->runController(Object(App\Controllers\Home))
 7 SYSTEMPATH\CodeIgniter.php(361): CodeIgniter\CodeIgniter->handleRequest(null, Object(Config\Cache), false)
 8 FCPATH\index.php(79): CodeIgniter\CodeIgniter->run()
CRITICAL - 2024-06-14 17:38:27 --> ErrorException: Undefined variable $records
in APPPATH\Views\yacht-record-edit.php on line 91.
 1 APPPATH\Views\yacht-record-edit.php(91): CodeIgniter\Debug\Exceptions->errorHandler(2, 'Undefined variable $records', 'C:\\xampp\\htdocs\\bmy\\app\\Views\\yacht-record-edit.php', 91)
 2 SYSTEMPATH\View\View.php(228): include('C:\\xampp\\htdocs\\bmy\\app\\Views\\yacht-record-edit.php')
 3 SYSTEMPATH\View\View.php(231): CodeIgniter\View\View->CodeIgniter\View\{closure}()
 4 SYSTEMPATH\Common.php(1178): CodeIgniter\View\View->render('yacht-record-edit', [], true)
 5 APPPATH\Controllers\Home.php(273): view('yacht-record-edit', [...])
 6 SYSTEMPATH\CodeIgniter.php(941): App\Controllers\Home->yachtRecordEdit('4')
 7 SYSTEMPATH\CodeIgniter.php(502): CodeIgniter\CodeIgniter->runController(Object(App\Controllers\Home))
 8 SYSTEMPATH\CodeIgniter.php(361): CodeIgniter\CodeIgniter->handleRequest(null, Object(Config\Cache), false)
 9 FCPATH\index.php(79): CodeIgniter\CodeIgniter->run()
CRITICAL - 2024-06-14 17:38:27 --> ErrorException: Undefined variable $records
in APPPATH\Views\yacht-record-edit.php on line 91.
 1 APPPATH\Views\yacht-record-edit.php(91): CodeIgniter\Debug\Exceptions->errorHandler(2, 'Undefined variable $records', 'C:\\xampp\\htdocs\\bmy\\app\\Views\\yacht-record-edit.php', 91)
 2 SYSTEMPATH\View\View.php(228): include('C:\\xampp\\htdocs\\bmy\\app\\Views\\yacht-record-edit.php')
 3 SYSTEMPATH\View\View.php(231): CodeIgniter\View\View->CodeIgniter\View\{closure}()
 4 SYSTEMPATH\Common.php(1178): CodeIgniter\View\View->render('yacht-record-edit', [], true)
 5 APPPATH\Controllers\Home.php(273): view('yacht-record-edit', [...])
 6 SYSTEMPATH\CodeIgniter.php(941): App\Controllers\Home->yachtRecordEdit('4')
 7 SYSTEMPATH\CodeIgniter.php(502): CodeIgniter\CodeIgniter->runController(Object(App\Controllers\Home))
 8 SYSTEMPATH\CodeIgniter.php(361): CodeIgniter\CodeIgniter->handleRequest(null, Object(Config\Cache), false)
 9 FCPATH\index.php(79): CodeIgniter\CodeIgniter->run()
CRITICAL - 2024-06-14 17:38:27 --> ErrorException: Undefined variable $records
in APPPATH\Views\yacht-record-edit.php on line 91.
 1 APPPATH\Views\yacht-record-edit.php(91): CodeIgniter\Debug\Exceptions->errorHandler(2, 'Undefined variable $records', 'C:\\xampp\\htdocs\\bmy\\app\\Views\\yacht-record-edit.php', 91)
 2 SYSTEMPATH\View\View.php(228): include('C:\\xampp\\htdocs\\bmy\\app\\Views\\yacht-record-edit.php')
 3 SYSTEMPATH\View\View.php(231): CodeIgniter\View\View->CodeIgniter\View\{closure}()
 4 SYSTEMPATH\Common.php(1178): CodeIgniter\View\View->render('yacht-record-edit', [], true)
 5 APPPATH\Controllers\Home.php(273): view('yacht-record-edit', [...])
 6 SYSTEMPATH\CodeIgniter.php(941): App\Controllers\Home->yachtRecordEdit('4')
 7 SYSTEMPATH\CodeIgniter.php(502): CodeIgniter\CodeIgniter->runController(Object(App\Controllers\Home))
 8 SYSTEMPATH\CodeIgniter.php(361): CodeIgniter\CodeIgniter->handleRequest(null, Object(Config\Cache), false)
 9 FCPATH\index.php(79): CodeIgniter\CodeIgniter->run()
CRITICAL - 2024-06-14 17:38:27 --> ErrorException: Undefined variable $records
in APPPATH\Views\yacht-record-edit.php on line 91.
 1 APPPATH\Views\yacht-record-edit.php(91): CodeIgniter\Debug\Exceptions->errorHandler(2, 'Undefined variable $records', 'C:\\xampp\\htdocs\\bmy\\app\\Views\\yacht-record-edit.php', 91)
 2 SYSTEMPATH\View\View.php(228): include('C:\\xampp\\htdocs\\bmy\\app\\Views\\yacht-record-edit.php')
 3 SYSTEMPATH\View\View.php(231): CodeIgniter\View\View->CodeIgniter\View\{closure}()
 4 SYSTEMPATH\Common.php(1178): CodeIgniter\View\View->render('yacht-record-edit', [], true)
 5 APPPATH\Controllers\Home.php(273): view('yacht-record-edit', [...])
 6 SYSTEMPATH\CodeIgniter.php(941): App\Controllers\Home->yachtRecordEdit('4')
 7 SYSTEMPATH\CodeIgniter.php(502): CodeIgniter\CodeIgniter->runController(Object(App\Controllers\Home))
 8 SYSTEMPATH\CodeIgniter.php(361): CodeIgniter\CodeIgniter->handleRequest(null, Object(Config\Cache), false)
 9 FCPATH\index.php(79): CodeIgniter\CodeIgniter->run()
CRITICAL - 2024-06-14 17:40:02 --> TypeError: Cannot access offset of type string on string
in APPPATH\Views\yacht-record-edit.php on line 92.
 1 SYSTEMPATH\View\View.php(228): include()
 2 SYSTEMPATH\View\View.php(231): CodeIgniter\View\View->CodeIgniter\View\{closure}()
 3 SYSTEMPATH\Common.php(1178): CodeIgniter\View\View->render('yacht-record-edit', [], true)
 4 APPPATH\Controllers\Home.php(273): view('yacht-record-edit', [...])
 5 SYSTEMPATH\CodeIgniter.php(941): App\Controllers\Home->yachtRecordEdit('4')
 6 SYSTEMPATH\CodeIgniter.php(502): CodeIgniter\CodeIgniter->runController(Object(App\Controllers\Home))
 7 SYSTEMPATH\CodeIgniter.php(361): CodeIgniter\CodeIgniter->handleRequest(null, Object(Config\Cache), false)
 8 FCPATH\index.php(79): CodeIgniter\CodeIgniter->run()
CRITICAL - 2024-06-14 17:40:02 --> TypeError: Cannot access offset of type string on string
in APPPATH\Views\yacht-record-edit.php on line 92.
 1 SYSTEMPATH\View\View.php(228): include()
 2 SYSTEMPATH\View\View.php(231): CodeIgniter\View\View->CodeIgniter\View\{closure}()
 3 SYSTEMPATH\Common.php(1178): CodeIgniter\View\View->render('yacht-record-edit', [], true)
 4 APPPATH\Controllers\Home.php(273): view('yacht-record-edit', [...])
 5 SYSTEMPATH\CodeIgniter.php(941): App\Controllers\Home->yachtRecordEdit('4')
 6 SYSTEMPATH\CodeIgniter.php(502): CodeIgniter\CodeIgniter->runController(Object(App\Controllers\Home))
 7 SYSTEMPATH\CodeIgniter.php(361): CodeIgniter\CodeIgniter->handleRequest(null, Object(Config\Cache), false)
 8 FCPATH\index.php(79): CodeIgniter\CodeIgniter->run()
CRITICAL - 2024-06-14 17:41:28 --> ErrorException: Undefined variable $records
in APPPATH\Views\yacht-record-edit.php on line 90.
 1 APPPATH\Views\yacht-record-edit.php(90): CodeIgniter\Debug\Exceptions->errorHandler(2, 'Undefined variable $records', 'C:\\xampp\\htdocs\\bmy\\app\\Views\\yacht-record-edit.php', 90)
 2 SYSTEMPATH\View\View.php(228): include('C:\\xampp\\htdocs\\bmy\\app\\Views\\yacht-record-edit.php')
 3 SYSTEMPATH\View\View.php(231): CodeIgniter\View\View->CodeIgniter\View\{closure}()
 4 SYSTEMPATH\Common.php(1178): CodeIgniter\View\View->render('yacht-record-edit', [], true)
 5 APPPATH\Controllers\Home.php(273): view('yacht-record-edit', [...])
 6 SYSTEMPATH\CodeIgniter.php(941): App\Controllers\Home->yachtRecordEdit('4')
 7 SYSTEMPATH\CodeIgniter.php(502): CodeIgniter\CodeIgniter->runController(Object(App\Controllers\Home))
 8 SYSTEMPATH\CodeIgniter.php(361): CodeIgniter\CodeIgniter->handleRequest(null, Object(Config\Cache), false)
 9 FCPATH\index.php(79): CodeIgniter\CodeIgniter->run()
CRITICAL - 2024-06-14 17:41:28 --> ErrorException: Undefined variable $records
in APPPATH\Views\yacht-record-edit.php on line 90.
 1 APPPATH\Views\yacht-record-edit.php(90): CodeIgniter\Debug\Exceptions->errorHandler(2, 'Undefined variable $records', 'C:\\xampp\\htdocs\\bmy\\app\\Views\\yacht-record-edit.php', 90)
 2 SYSTEMPATH\View\View.php(228): include('C:\\xampp\\htdocs\\bmy\\app\\Views\\yacht-record-edit.php')
 3 SYSTEMPATH\View\View.php(231): CodeIgniter\View\View->CodeIgniter\View\{closure}()
 4 SYSTEMPATH\Common.php(1178): CodeIgniter\View\View->render('yacht-record-edit', [], true)
 5 APPPATH\Controllers\Home.php(273): view('yacht-record-edit', [...])
 6 SYSTEMPATH\CodeIgniter.php(941): App\Controllers\Home->yachtRecordEdit('4')
 7 SYSTEMPATH\CodeIgniter.php(502): CodeIgniter\CodeIgniter->runController(Object(App\Controllers\Home))
 8 SYSTEMPATH\CodeIgniter.php(361): CodeIgniter\CodeIgniter->handleRequest(null, Object(Config\Cache), false)
 9 FCPATH\index.php(79): CodeIgniter\CodeIgniter->run()
CRITICAL - 2024-06-14 17:46:56 --> ParseError: syntax error, unexpected token "<"
in APPPATH\Views\yacht-record-edit.php on line 96.
 1 SYSTEMPATH\View\View.php(231): CodeIgniter\View\View->CodeIgniter\View\{closure}()
 2 SYSTEMPATH\Common.php(1178): CodeIgniter\View\View->render('yacht-record-edit', [], true)
 3 APPPATH\Controllers\Home.php(273): view('yacht-record-edit', [...])
 4 SYSTEMPATH\CodeIgniter.php(941): App\Controllers\Home->yachtRecordEdit('4')
 5 SYSTEMPATH\CodeIgniter.php(502): CodeIgniter\CodeIgniter->runController(Object(App\Controllers\Home))
 6 SYSTEMPATH\CodeIgniter.php(361): CodeIgniter\CodeIgniter->handleRequest(null, Object(Config\Cache), false)
 7 FCPATH\index.php(79): CodeIgniter\CodeIgniter->run()
CRITICAL - 2024-06-14 17:49:51 --> ParseError: syntax error, unexpected token "<"
in APPPATH\Views\yacht-record-edit.php on line 92.
 1 SYSTEMPATH\View\View.php(231): CodeIgniter\View\View->CodeIgniter\View\{closure}()
 2 SYSTEMPATH\Common.php(1178): CodeIgniter\View\View->render('yacht-record-edit', [], true)
 3 APPPATH\Controllers\Home.php(273): view('yacht-record-edit', [...])
 4 SYSTEMPATH\CodeIgniter.php(941): App\Controllers\Home->yachtRecordEdit('4')
 5 SYSTEMPATH\CodeIgniter.php(502): CodeIgniter\CodeIgniter->runController(Object(App\Controllers\Home))
 6 SYSTEMPATH\CodeIgniter.php(361): CodeIgniter\CodeIgniter->handleRequest(null, Object(Config\Cache), false)
 7 FCPATH\index.php(79): CodeIgniter\CodeIgniter->run()
CRITICAL - 2024-06-14 17:49:52 --> ParseError: syntax error, unexpected token "<"
in APPPATH\Views\yacht-record-edit.php on line 92.
 1 SYSTEMPATH\View\View.php(231): CodeIgniter\View\View->CodeIgniter\View\{closure}()
 2 SYSTEMPATH\Common.php(1178): CodeIgniter\View\View->render('yacht-record-edit', [], true)
 3 APPPATH\Controllers\Home.php(273): view('yacht-record-edit', [...])
 4 SYSTEMPATH\CodeIgniter.php(941): App\Controllers\Home->yachtRecordEdit('4')
 5 SYSTEMPATH\CodeIgniter.php(502): CodeIgniter\CodeIgniter->runController(Object(App\Controllers\Home))
 6 SYSTEMPATH\CodeIgniter.php(361): CodeIgniter\CodeIgniter->handleRequest(null, Object(Config\Cache), false)
 7 FCPATH\index.php(79): CodeIgniter\CodeIgniter->run()
CRITICAL - 2024-06-14 17:49:52 --> ParseError: syntax error, unexpected token "<"
in APPPATH\Views\yacht-record-edit.php on line 92.
 1 SYSTEMPATH\View\View.php(231): CodeIgniter\View\View->CodeIgniter\View\{closure}()
 2 SYSTEMPATH\Common.php(1178): CodeIgniter\View\View->render('yacht-record-edit', [], true)
 3 APPPATH\Controllers\Home.php(273): view('yacht-record-edit', [...])
 4 SYSTEMPATH\CodeIgniter.php(941): App\Controllers\Home->yachtRecordEdit('4')
 5 SYSTEMPATH\CodeIgniter.php(502): CodeIgniter\CodeIgniter->runController(Object(App\Controllers\Home))
 6 SYSTEMPATH\CodeIgniter.php(361): CodeIgniter\CodeIgniter->handleRequest(null, Object(Config\Cache), false)
 7 FCPATH\index.php(79): CodeIgniter\CodeIgniter->run()
CRITICAL - 2024-06-14 17:54:24 --> TypeError: Cannot access offset of type string on string
in APPPATH\Views\yacht-record-edit.php on line 92.
 1 SYSTEMPATH\View\View.php(228): include()
 2 SYSTEMPATH\View\View.php(231): CodeIgniter\View\View->CodeIgniter\View\{closure}()
 3 SYSTEMPATH\Common.php(1178): CodeIgniter\View\View->render('yacht-record-edit', [], true)
 4 APPPATH\Controllers\Home.php(273): view('yacht-record-edit', [...])
 5 SYSTEMPATH\CodeIgniter.php(941): App\Controllers\Home->yachtRecordEdit('4')
 6 SYSTEMPATH\CodeIgniter.php(502): CodeIgniter\CodeIgniter->runController(Object(App\Controllers\Home))
 7 SYSTEMPATH\CodeIgniter.php(361): CodeIgniter\CodeIgniter->handleRequest(null, Object(Config\Cache), false)
 8 FCPATH\index.php(79): CodeIgniter\CodeIgniter->run()
CRITICAL - 2024-06-14 17:54:24 --> TypeError: Cannot access offset of type string on string
in APPPATH\Views\yacht-record-edit.php on line 92.
 1 SYSTEMPATH\View\View.php(228): include()
 2 SYSTEMPATH\View\View.php(231): CodeIgniter\View\View->CodeIgniter\View\{closure}()
 3 SYSTEMPATH\Common.php(1178): CodeIgniter\View\View->render('yacht-record-edit', [], true)
 4 APPPATH\Controllers\Home.php(273): view('yacht-record-edit', [...])
 5 SYSTEMPATH\CodeIgniter.php(941): App\Controllers\Home->yachtRecordEdit('4')
 6 SYSTEMPATH\CodeIgniter.php(502): CodeIgniter\CodeIgniter->runController(Object(App\Controllers\Home))
 7 SYSTEMPATH\CodeIgniter.php(361): CodeIgniter\CodeIgniter->handleRequest(null, Object(Config\Cache), false)
 8 FCPATH\index.php(79): CodeIgniter\CodeIgniter->run()
CRITICAL - 2024-06-14 17:54:42 --> TypeError: Cannot access offset of type string on string
in APPPATH\Views\yacht-record-edit.php on line 92.
 1 SYSTEMPATH\View\View.php(228): include()
 2 SYSTEMPATH\View\View.php(231): CodeIgniter\View\View->CodeIgniter\View\{closure}()
 3 SYSTEMPATH\Common.php(1178): CodeIgniter\View\View->render('yacht-record-edit', [], true)
 4 APPPATH\Controllers\Home.php(273): view('yacht-record-edit', [...])
 5 SYSTEMPATH\CodeIgniter.php(941): App\Controllers\Home->yachtRecordEdit('3')
 6 SYSTEMPATH\CodeIgniter.php(502): CodeIgniter\CodeIgniter->runController(Object(App\Controllers\Home))
 7 SYSTEMPATH\CodeIgniter.php(361): CodeIgniter\CodeIgniter->handleRequest(null, Object(Config\Cache), false)
 8 FCPATH\index.php(79): CodeIgniter\CodeIgniter->run()
CRITICAL - 2024-06-14 17:55:09 --> TypeError: Cannot access offset of type string on string
in APPPATH\Views\yacht-record-edit.php on line 92.
 1 SYSTEMPATH\View\View.php(228): include()
 2 SYSTEMPATH\View\View.php(231): CodeIgniter\View\View->CodeIgniter\View\{closure}()
 3 SYSTEMPATH\Common.php(1178): CodeIgniter\View\View->render('yacht-record-edit', [], true)
 4 APPPATH\Controllers\Home.php(273): view('yacht-record-edit', [...])
 5 SYSTEMPATH\CodeIgniter.php(941): App\Controllers\Home->yachtRecordEdit('3')
 6 SYSTEMPATH\CodeIgniter.php(502): CodeIgniter\CodeIgniter->runController(Object(App\Controllers\Home))
 7 SYSTEMPATH\CodeIgniter.php(361): CodeIgniter\CodeIgniter->handleRequest(null, Object(Config\Cache), false)
 8 FCPATH\index.php(79): CodeIgniter\CodeIgniter->run()
CRITICAL - 2024-06-14 17:55:10 --> TypeError: Cannot access offset of type string on string
in APPPATH\Views\yacht-record-edit.php on line 92.
 1 SYSTEMPATH\View\View.php(228): include()
 2 SYSTEMPATH\View\View.php(231): CodeIgniter\View\View->CodeIgniter\View\{closure}()
 3 SYSTEMPATH\Common.php(1178): CodeIgniter\View\View->render('yacht-record-edit', [], true)
 4 APPPATH\Controllers\Home.php(273): view('yacht-record-edit', [...])
 5 SYSTEMPATH\CodeIgniter.php(941): App\Controllers\Home->yachtRecordEdit('3')
 6 SYSTEMPATH\CodeIgniter.php(502): CodeIgniter\CodeIgniter->runController(Object(App\Controllers\Home))
 7 SYSTEMPATH\CodeIgniter.php(361): CodeIgniter\CodeIgniter->handleRequest(null, Object(Config\Cache), false)
 8 FCPATH\index.php(79): CodeIgniter\CodeIgniter->run()
CRITICAL - 2024-06-14 17:55:10 --> TypeError: Cannot access offset of type string on string
in APPPATH\Views\yacht-record-edit.php on line 92.
 1 SYSTEMPATH\View\View.php(228): include()
 2 SYSTEMPATH\View\View.php(231): CodeIgniter\View\View->CodeIgniter\View\{closure}()
 3 SYSTEMPATH\Common.php(1178): CodeIgniter\View\View->render('yacht-record-edit', [], true)
 4 APPPATH\Controllers\Home.php(273): view('yacht-record-edit', [...])
 5 SYSTEMPATH\CodeIgniter.php(941): App\Controllers\Home->yachtRecordEdit('3')
 6 SYSTEMPATH\CodeIgniter.php(502): CodeIgniter\CodeIgniter->runController(Object(App\Controllers\Home))
 7 SYSTEMPATH\CodeIgniter.php(361): CodeIgniter\CodeIgniter->handleRequest(null, Object(Config\Cache), false)
 8 FCPATH\index.php(79): CodeIgniter\CodeIgniter->run()
CRITICAL - 2024-06-14 17:55:10 --> TypeError: Cannot access offset of type string on string
in APPPATH\Views\yacht-record-edit.php on line 92.
 1 SYSTEMPATH\View\View.php(228): include()
 2 SYSTEMPATH\View\View.php(231): CodeIgniter\View\View->CodeIgniter\View\{closure}()
 3 SYSTEMPATH\Common.php(1178): CodeIgniter\View\View->render('yacht-record-edit', [], true)
 4 APPPATH\Controllers\Home.php(273): view('yacht-record-edit', [...])
 5 SYSTEMPATH\CodeIgniter.php(941): App\Controllers\Home->yachtRecordEdit('3')
 6 SYSTEMPATH\CodeIgniter.php(502): CodeIgniter\CodeIgniter->runController(Object(App\Controllers\Home))
 7 SYSTEMPATH\CodeIgniter.php(361): CodeIgniter\CodeIgniter->handleRequest(null, Object(Config\Cache), false)
 8 FCPATH\index.php(79): CodeIgniter\CodeIgniter->run()
CRITICAL - 2024-06-14 17:55:11 --> TypeError: Cannot access offset of type string on string
in APPPATH\Views\yacht-record-edit.php on line 92.
 1 SYSTEMPATH\View\View.php(228): include()
 2 SYSTEMPATH\View\View.php(231): CodeIgniter\View\View->CodeIgniter\View\{closure}()
 3 SYSTEMPATH\Common.php(1178): CodeIgniter\View\View->render('yacht-record-edit', [], true)
 4 APPPATH\Controllers\Home.php(273): view('yacht-record-edit', [...])
 5 SYSTEMPATH\CodeIgniter.php(941): App\Controllers\Home->yachtRecordEdit('3')
 6 SYSTEMPATH\CodeIgniter.php(502): CodeIgniter\CodeIgniter->runController(Object(App\Controllers\Home))
 7 SYSTEMPATH\CodeIgniter.php(361): CodeIgniter\CodeIgniter->handleRequest(null, Object(Config\Cache), false)
 8 FCPATH\index.php(79): CodeIgniter\CodeIgniter->run()
CRITICAL - 2024-06-14 17:55:12 --> TypeError: Cannot access offset of type string on string
in APPPATH\Views\yacht-record-edit.php on line 92.
 1 SYSTEMPATH\View\View.php(228): include()
 2 SYSTEMPATH\View\View.php(231): CodeIgniter\View\View->CodeIgniter\View\{closure}()
 3 SYSTEMPATH\Common.php(1178): CodeIgniter\View\View->render('yacht-record-edit', [], true)
 4 APPPATH\Controllers\Home.php(273): view('yacht-record-edit', [...])
 5 SYSTEMPATH\CodeIgniter.php(941): App\Controllers\Home->yachtRecordEdit('3')
 6 SYSTEMPATH\CodeIgniter.php(502): CodeIgniter\CodeIgniter->runController(Object(App\Controllers\Home))
 7 SYSTEMPATH\CodeIgniter.php(361): CodeIgniter\CodeIgniter->handleRequest(null, Object(Config\Cache), false)
 8 FCPATH\index.php(79): CodeIgniter\CodeIgniter->run()
CRITICAL - 2024-06-14 17:55:19 --> ErrorException: Undefined variable $records
in APPPATH\Views\yacht-record-edit.php on line 91.
 1 APPPATH\Views\yacht-record-edit.php(91): CodeIgniter\Debug\Exceptions->errorHandler(2, 'Undefined variable $records', 'C:\\xampp\\htdocs\\bmy\\app\\Views\\yacht-record-edit.php', 91)
 2 SYSTEMPATH\View\View.php(228): include('C:\\xampp\\htdocs\\bmy\\app\\Views\\yacht-record-edit.php')
 3 SYSTEMPATH\View\View.php(231): CodeIgniter\View\View->CodeIgniter\View\{closure}()
 4 SYSTEMPATH\Common.php(1178): CodeIgniter\View\View->render('yacht-record-edit', [], true)
 5 APPPATH\Controllers\Home.php(273): view('yacht-record-edit', [...])
 6 SYSTEMPATH\CodeIgniter.php(941): App\Controllers\Home->yachtRecordEdit('3')
 7 SYSTEMPATH\CodeIgniter.php(502): CodeIgniter\CodeIgniter->runController(Object(App\Controllers\Home))
 8 SYSTEMPATH\CodeIgniter.php(361): CodeIgniter\CodeIgniter->handleRequest(null, Object(Config\Cache), false)
 9 FCPATH\index.php(79): CodeIgniter\CodeIgniter->run()
CRITICAL - 2024-06-14 17:55:19 --> ErrorException: Undefined variable $records
in APPPATH\Views\yacht-record-edit.php on line 91.
 1 APPPATH\Views\yacht-record-edit.php(91): CodeIgniter\Debug\Exceptions->errorHandler(2, 'Undefined variable $records', 'C:\\xampp\\htdocs\\bmy\\app\\Views\\yacht-record-edit.php', 91)
 2 SYSTEMPATH\View\View.php(228): include('C:\\xampp\\htdocs\\bmy\\app\\Views\\yacht-record-edit.php')
 3 SYSTEMPATH\View\View.php(231): CodeIgniter\View\View->CodeIgniter\View\{closure}()
 4 SYSTEMPATH\Common.php(1178): CodeIgniter\View\View->render('yacht-record-edit', [], true)
 5 APPPATH\Controllers\Home.php(273): view('yacht-record-edit', [...])
 6 SYSTEMPATH\CodeIgniter.php(941): App\Controllers\Home->yachtRecordEdit('3')
 7 SYSTEMPATH\CodeIgniter.php(502): CodeIgniter\CodeIgniter->runController(Object(App\Controllers\Home))
 8 SYSTEMPATH\CodeIgniter.php(361): CodeIgniter\CodeIgniter->handleRequest(null, Object(Config\Cache), false)
 9 FCPATH\index.php(79): CodeIgniter\CodeIgniter->run()
CRITICAL - 2024-06-14 17:55:35 --> TypeError: Cannot access offset of type string on string
in APPPATH\Views\yacht-record-edit.php on line 92.
 1 SYSTEMPATH\View\View.php(228): include()
 2 SYSTEMPATH\View\View.php(231): CodeIgniter\View\View->CodeIgniter\View\{closure}()
 3 SYSTEMPATH\Common.php(1178): CodeIgniter\View\View->render('yacht-record-edit', [], true)
 4 APPPATH\Controllers\Home.php(273): view('yacht-record-edit', [...])
 5 SYSTEMPATH\CodeIgniter.php(941): App\Controllers\Home->yachtRecordEdit('3')
 6 SYSTEMPATH\CodeIgniter.php(502): CodeIgniter\CodeIgniter->runController(Object(App\Controllers\Home))
 7 SYSTEMPATH\CodeIgniter.php(361): CodeIgniter\CodeIgniter->handleRequest(null, Object(Config\Cache), false)
 8 FCPATH\index.php(79): CodeIgniter\CodeIgniter->run()
CRITICAL - 2024-06-14 17:55:35 --> TypeError: Cannot access offset of type string on string
in APPPATH\Views\yacht-record-edit.php on line 92.
 1 SYSTEMPATH\View\View.php(228): include()
 2 SYSTEMPATH\View\View.php(231): CodeIgniter\View\View->CodeIgniter\View\{closure}()
 3 SYSTEMPATH\Common.php(1178): CodeIgniter\View\View->render('yacht-record-edit', [], true)
 4 APPPATH\Controllers\Home.php(273): view('yacht-record-edit', [...])
 5 SYSTEMPATH\CodeIgniter.php(941): App\Controllers\Home->yachtRecordEdit('3')
 6 SYSTEMPATH\CodeIgniter.php(502): CodeIgniter\CodeIgniter->runController(Object(App\Controllers\Home))
 7 SYSTEMPATH\CodeIgniter.php(361): CodeIgniter\CodeIgniter->handleRequest(null, Object(Config\Cache), false)
 8 FCPATH\index.php(79): CodeIgniter\CodeIgniter->run()
CRITICAL - 2024-06-14 17:56:49 --> ErrorException: Undefined variable $abc
in APPPATH\Views\yacht-record-edit.php on line 92.
 1 APPPATH\Views\yacht-record-edit.php(92): CodeIgniter\Debug\Exceptions->errorHandler(2, 'Undefined variable $abc', 'C:\\xampp\\htdocs\\bmy\\app\\Views\\yacht-record-edit.php', 92)
 2 SYSTEMPATH\View\View.php(228): include('C:\\xampp\\htdocs\\bmy\\app\\Views\\yacht-record-edit.php')
 3 SYSTEMPATH\View\View.php(231): CodeIgniter\View\View->CodeIgniter\View\{closure}()
 4 SYSTEMPATH\Common.php(1178): CodeIgniter\View\View->render('yacht-record-edit', [], true)
 5 APPPATH\Controllers\Home.php(273): view('yacht-record-edit', [...])
 6 SYSTEMPATH\CodeIgniter.php(941): App\Controllers\Home->yachtRecordEdit('3')
 7 SYSTEMPATH\CodeIgniter.php(502): CodeIgniter\CodeIgniter->runController(Object(App\Controllers\Home))
 8 SYSTEMPATH\CodeIgniter.php(361): CodeIgniter\CodeIgniter->handleRequest(null, Object(Config\Cache), false)
 9 FCPATH\index.php(79): CodeIgniter\CodeIgniter->run()
CRITICAL - 2024-06-14 17:56:49 --> ErrorException: Undefined variable $abc
in APPPATH\Views\yacht-record-edit.php on line 92.
 1 APPPATH\Views\yacht-record-edit.php(92): CodeIgniter\Debug\Exceptions->errorHandler(2, 'Undefined variable $abc', 'C:\\xampp\\htdocs\\bmy\\app\\Views\\yacht-record-edit.php', 92)
 2 SYSTEMPATH\View\View.php(228): include('C:\\xampp\\htdocs\\bmy\\app\\Views\\yacht-record-edit.php')
 3 SYSTEMPATH\View\View.php(231): CodeIgniter\View\View->CodeIgniter\View\{closure}()
 4 SYSTEMPATH\Common.php(1178): CodeIgniter\View\View->render('yacht-record-edit', [], true)
 5 APPPATH\Controllers\Home.php(273): view('yacht-record-edit', [...])
 6 SYSTEMPATH\CodeIgniter.php(941): App\Controllers\Home->yachtRecordEdit('3')
 7 SYSTEMPATH\CodeIgniter.php(502): CodeIgniter\CodeIgniter->runController(Object(App\Controllers\Home))
 8 SYSTEMPATH\CodeIgniter.php(361): CodeIgniter\CodeIgniter->handleRequest(null, Object(Config\Cache), false)
 9 FCPATH\index.php(79): CodeIgniter\CodeIgniter->run()
CRITICAL - 2024-06-14 17:56:50 --> ErrorException: Undefined variable $abc
in APPPATH\Views\yacht-record-edit.php on line 92.
 1 APPPATH\Views\yacht-record-edit.php(92): CodeIgniter\Debug\Exceptions->errorHandler(2, 'Undefined variable $abc', 'C:\\xampp\\htdocs\\bmy\\app\\Views\\yacht-record-edit.php', 92)
 2 SYSTEMPATH\View\View.php(228): include('C:\\xampp\\htdocs\\bmy\\app\\Views\\yacht-record-edit.php')
 3 SYSTEMPATH\View\View.php(231): CodeIgniter\View\View->CodeIgniter\View\{closure}()
 4 SYSTEMPATH\Common.php(1178): CodeIgniter\View\View->render('yacht-record-edit', [], true)
 5 APPPATH\Controllers\Home.php(273): view('yacht-record-edit', [...])
 6 SYSTEMPATH\CodeIgniter.php(941): App\Controllers\Home->yachtRecordEdit('3')
 7 SYSTEMPATH\CodeIgniter.php(502): CodeIgniter\CodeIgniter->runController(Object(App\Controllers\Home))
 8 SYSTEMPATH\CodeIgniter.php(361): CodeIgniter\CodeIgniter->handleRequest(null, Object(Config\Cache), false)
 9 FCPATH\index.php(79): CodeIgniter\CodeIgniter->run()
CRITICAL - 2024-06-14 17:56:50 --> ErrorException: Undefined variable $abc
in APPPATH\Views\yacht-record-edit.php on line 92.
 1 APPPATH\Views\yacht-record-edit.php(92): CodeIgniter\Debug\Exceptions->errorHandler(2, 'Undefined variable $abc', 'C:\\xampp\\htdocs\\bmy\\app\\Views\\yacht-record-edit.php', 92)
 2 SYSTEMPATH\View\View.php(228): include('C:\\xampp\\htdocs\\bmy\\app\\Views\\yacht-record-edit.php')
 3 SYSTEMPATH\View\View.php(231): CodeIgniter\View\View->CodeIgniter\View\{closure}()
 4 SYSTEMPATH\Common.php(1178): CodeIgniter\View\View->render('yacht-record-edit', [], true)
 5 APPPATH\Controllers\Home.php(273): view('yacht-record-edit', [...])
 6 SYSTEMPATH\CodeIgniter.php(941): App\Controllers\Home->yachtRecordEdit('3')
 7 SYSTEMPATH\CodeIgniter.php(502): CodeIgniter\CodeIgniter->runController(Object(App\Controllers\Home))
 8 SYSTEMPATH\CodeIgniter.php(361): CodeIgniter\CodeIgniter->handleRequest(null, Object(Config\Cache), false)
 9 FCPATH\index.php(79): CodeIgniter\CodeIgniter->run()
