CRITICAL - 2025-03-25 22:36:12 --> ErrorException: Trying to access array offset on value of type null
in APPPATH\Views\yachtProject\us\booking-page.php on line 142.
 1 APPPATH\Views\yachtProject\us\booking-page.php(142): CodeIgniter\Debug\Exceptions->errorHandler(2, 'Trying to access array offset on value of type null', 'C:\\xampp\\htdocs\\bmy\\app\\Views\\yachtProject\\us\\booking-page.php', 142)
 2 SYSTEMPATH\View\View.php(228): include('C:\\xampp\\htdocs\\bmy\\app\\Views\\yachtProject\\us\\booking-page.php')
 3 SYSTEMPATH\View\View.php(231): CodeIgniter\View\View->CodeIgniter\View\{closure}()
 4 SYSTEMPATH\Common.php(1178): CodeIgniter\View\View->render('yachtProject/us/booking-page', [], true)
 5 APPPATH\Controllers\Yacht.php(416): view('yachtProject/us/booking-page', [...])
 6 SYSTEMPATH\CodeIgniter.php(941): App\Controllers\Yacht->gotobooking()
 7 SYSTEMPATH\CodeIgniter.php(502): CodeIgniter\CodeIgniter->runController(Object(App\Controllers\Yacht))
 8 SYSTEMPATH\CodeIgniter.php(361): CodeIgniter\CodeIgniter->handleRequest(null, Object(Config\Cache), false)
 9 FCPATH\index.php(79): CodeIgniter\CodeIgniter->run()
CRITICAL - 2025-03-25 22:37:50 --> ErrorException: Trying to access array offset on value of type null
in APPPATH\Views\yachtProject\us\booking-page.php on line 142.
 1 APPPATH\Views\yachtProject\us\booking-page.php(142): CodeIgniter\Debug\Exceptions->errorHandler(2, 'Trying to access array offset on value of type null', 'C:\\xampp\\htdocs\\bmy\\app\\Views\\yachtProject\\us\\booking-page.php', 142)
 2 SYSTEMPATH\View\View.php(228): include('C:\\xampp\\htdocs\\bmy\\app\\Views\\yachtProject\\us\\booking-page.php')
 3 SYSTEMPATH\View\View.php(231): CodeIgniter\View\View->CodeIgniter\View\{closure}()
 4 SYSTEMPATH\Common.php(1178): CodeIgniter\View\View->render('yachtProject/us/booking-page', [], true)
 5 APPPATH\Controllers\Yacht.php(416): view('yachtProject/us/booking-page', [...])
 6 SYSTEMPATH\CodeIgniter.php(941): App\Controllers\Yacht->gotobooking()
 7 SYSTEMPATH\CodeIgniter.php(502): CodeIgniter\CodeIgniter->runController(Object(App\Controllers\Yacht))
 8 SYSTEMPATH\CodeIgniter.php(361): CodeIgniter\CodeIgniter->handleRequest(null, Object(Config\Cache), false)
 9 FCPATH\index.php(79): CodeIgniter\CodeIgniter->run()
