CRITICAL - 2024-04-17 14:26:11 --> CodeIgniter\Security\Exceptions\SecurityException: The action you requested is not allowed.
in SYSTEMPATH\Security\Security.php on line 300.
 1 SYSTEMPATH\Security\Security.php(300): CodeIgniter\Security\Exceptions\SecurityException::forDisallowedAction()
 2 SYSTEMPATH\Filters\CSRF.php(56): CodeIgniter\Security\Security->verify(Object(CodeIgniter\HTTP\IncomingRequest))
 3 SYSTEMPATH\Filters\Filters.php(184): CodeIgniter\Filters\CSRF->before(Object(CodeIgniter\HTTP\IncomingRequest), null)
 4 SYSTEMPATH\CodeIgniter.php(474): CodeIgniter\Filters\Filters->run('about-subscribe', 'before')
 5 SYSTEMPATH\CodeIgniter.php(361): CodeIgniter\CodeIgniter->handleRequest(null, Object(Config\Cache), false)
 6 FCPATH\index.php(79): CodeIgniter\CodeIgniter->run()
CRITICAL - 2024-04-17 15:21:54 --> CodeIgniter\View\Exceptions\ViewException: Invalid file: "us/yacht-booked.php"
in SYSTEMPATH\Exceptions\FrameworkException.php on line 39.
 1 SYSTEMPATH\View\View.php(216): CodeIgniter\Exceptions\FrameworkException::forInvalidFile('us/yacht-booked.php')
 2 SYSTEMPATH\Common.php(1178): CodeIgniter\View\View->render('us/yacht-booked', [], true)
 3 APPPATH\Controllers\Yacht.php(43): view('us/yacht-booked')
 4 SYSTEMPATH\CodeIgniter.php(941): App\Controllers\Yacht->BookedYacht()
 5 SYSTEMPATH\CodeIgniter.php(502): CodeIgniter\CodeIgniter->runController(Object(App\Controllers\Yacht))
 6 SYSTEMPATH\CodeIgniter.php(361): CodeIgniter\CodeIgniter->handleRequest(null, Object(Config\Cache), false)
 7 FCPATH\index.php(79): CodeIgniter\CodeIgniter->run()
CRITICAL - 2024-04-17 15:22:58 --> CodeIgniter\View\Exceptions\ViewException: Invalid file: "us/yacht-booked.php"
in SYSTEMPATH\Exceptions\FrameworkException.php on line 39.
 1 SYSTEMPATH\View\View.php(216): CodeIgniter\Exceptions\FrameworkException::forInvalidFile('us/yacht-booked.php')
 2 SYSTEMPATH\Common.php(1178): CodeIgniter\View\View->render('us/yacht-booked', [], true)
 3 APPPATH\Controllers\Yacht.php(43): view('us/yacht-booked')
 4 SYSTEMPATH\CodeIgniter.php(941): App\Controllers\Yacht->BookedYacht()
 5 SYSTEMPATH\CodeIgniter.php(502): CodeIgniter\CodeIgniter->runController(Object(App\Controllers\Yacht))
 6 SYSTEMPATH\CodeIgniter.php(361): CodeIgniter\CodeIgniter->handleRequest(null, Object(Config\Cache), false)
 7 FCPATH\index.php(79): CodeIgniter\CodeIgniter->run()
CRITICAL - 2024-04-17 15:24:00 --> CodeIgniter\View\Exceptions\ViewException: Invalid file: "us/yacht-booked.php"
in SYSTEMPATH\Exceptions\FrameworkException.php on line 39.
 1 SYSTEMPATH\View\View.php(216): CodeIgniter\Exceptions\FrameworkException::forInvalidFile('us/yacht-booked.php')
 2 SYSTEMPATH\Common.php(1178): CodeIgniter\View\View->render('us/yacht-booked', [], true)
 3 APPPATH\Controllers\Yacht.php(43): view('us/yacht-booked')
 4 SYSTEMPATH\CodeIgniter.php(941): App\Controllers\Yacht->BookedYacht()
 5 SYSTEMPATH\CodeIgniter.php(502): CodeIgniter\CodeIgniter->runController(Object(App\Controllers\Yacht))
 6 SYSTEMPATH\CodeIgniter.php(361): CodeIgniter\CodeIgniter->handleRequest(null, Object(Config\Cache), false)
 7 FCPATH\index.php(79): CodeIgniter\CodeIgniter->run()
CRITICAL - 2024-04-17 15:24:02 --> CodeIgniter\View\Exceptions\ViewException: Invalid file: "us/yacht-booked.php"
in SYSTEMPATH\Exceptions\FrameworkException.php on line 39.
 1 SYSTEMPATH\View\View.php(216): CodeIgniter\Exceptions\FrameworkException::forInvalidFile('us/yacht-booked.php')
 2 SYSTEMPATH\Common.php(1178): CodeIgniter\View\View->render('us/yacht-booked', [], true)
 3 APPPATH\Controllers\Yacht.php(43): view('us/yacht-booked')
 4 SYSTEMPATH\CodeIgniter.php(941): App\Controllers\Yacht->BookedYacht()
 5 SYSTEMPATH\CodeIgniter.php(502): CodeIgniter\CodeIgniter->runController(Object(App\Controllers\Yacht))
 6 SYSTEMPATH\CodeIgniter.php(361): CodeIgniter\CodeIgniter->handleRequest(null, Object(Config\Cache), false)
 7 FCPATH\index.php(79): CodeIgniter\CodeIgniter->run()
CRITICAL - 2024-04-17 15:24:22 --> CodeIgniter\View\Exceptions\ViewException: Invalid file: "us/yacht-booked.php"
in SYSTEMPATH\Exceptions\FrameworkException.php on line 39.
 1 SYSTEMPATH\View\View.php(216): CodeIgniter\Exceptions\FrameworkException::forInvalidFile('us/yacht-booked.php')
 2 SYSTEMPATH\Common.php(1178): CodeIgniter\View\View->render('us/yacht-booked', [], true)
 3 APPPATH\Controllers\Yacht.php(43): view('us/yacht-booked')
 4 SYSTEMPATH\CodeIgniter.php(941): App\Controllers\Yacht->BookedYacht()
 5 SYSTEMPATH\CodeIgniter.php(502): CodeIgniter\CodeIgniter->runController(Object(App\Controllers\Yacht))
 6 SYSTEMPATH\CodeIgniter.php(361): CodeIgniter\CodeIgniter->handleRequest(null, Object(Config\Cache), false)
 7 FCPATH\index.php(79): CodeIgniter\CodeIgniter->run()
CRITICAL - 2024-04-17 15:42:42 --> ErrorException: Undefined variable $record
in APPPATH\Views\yachtProject\us\yacht-booking.php on line 62.
 1 APPPATH\Views\yachtProject\us\yacht-booking.php(62): CodeIgniter\Debug\Exceptions->errorHandler(2, 'Undefined variable $record', 'C:\\xampp\\htdocs\\ciproject\\app\\Views\\yachtProject\\us\\yacht-booking.php', 62)
 2 SYSTEMPATH\View\View.php(228): include('C:\\xampp\\htdocs\\ciproject\\app\\Views\\yachtProject\\us\\yacht-booking.php')
 3 SYSTEMPATH\View\View.php(231): CodeIgniter\View\View->CodeIgniter\View\{closure}()
 4 SYSTEMPATH\Common.php(1178): CodeIgniter\View\View->render('yachtProject/us/yacht-booking', [], true)
 5 APPPATH\Controllers\Yacht.php(252): view('yachtProject/us/yacht-booking', [...])
 6 SYSTEMPATH\CodeIgniter.php(941): App\Controllers\Yacht->yachtBookingPage()
 7 SYSTEMPATH\CodeIgniter.php(502): CodeIgniter\CodeIgniter->runController(Object(App\Controllers\Yacht))
 8 SYSTEMPATH\CodeIgniter.php(361): CodeIgniter\CodeIgniter->handleRequest(null, Object(Config\Cache), false)
 9 FCPATH\index.php(79): CodeIgniter\CodeIgniter->run()
CRITICAL - 2024-04-17 15:58:09 --> ErrorException: Undefined variable $record
in APPPATH\Views\yachtProject\us\yacht-booking.php on line 62.
 1 APPPATH\Views\yachtProject\us\yacht-booking.php(62): CodeIgniter\Debug\Exceptions->errorHandler(2, 'Undefined variable $record', 'C:\\xampp\\htdocs\\ciproject\\app\\Views\\yachtProject\\us\\yacht-booking.php', 62)
 2 SYSTEMPATH\View\View.php(228): include('C:\\xampp\\htdocs\\ciproject\\app\\Views\\yachtProject\\us\\yacht-booking.php')
 3 SYSTEMPATH\View\View.php(231): CodeIgniter\View\View->CodeIgniter\View\{closure}()
 4 SYSTEMPATH\Common.php(1178): CodeIgniter\View\View->render('yachtProject/us/yacht-booking', [], true)
 5 APPPATH\Controllers\Yacht.php(259): view('yachtProject/us/yacht-booking', [...])
 6 SYSTEMPATH\CodeIgniter.php(941): App\Controllers\Yacht->yachtBookingPage()
 7 SYSTEMPATH\CodeIgniter.php(502): CodeIgniter\CodeIgniter->runController(Object(App\Controllers\Yacht))
 8 SYSTEMPATH\CodeIgniter.php(361): CodeIgniter\CodeIgniter->handleRequest(null, Object(Config\Cache), false)
 9 FCPATH\index.php(79): CodeIgniter\CodeIgniter->run()
CRITICAL - 2024-04-17 16:07:03 --> ErrorException: Undefined variable $record
in APPPATH\Views\yachtProject\us\yacht-booked.php on line 42.
 1 APPPATH\Views\yachtProject\us\yacht-booked.php(42): CodeIgniter\Debug\Exceptions->errorHandler(2, 'Undefined variable $record', 'C:\\xampp\\htdocs\\ciproject\\app\\Views\\yachtProject\\us\\yacht-booked.php', 42)
 2 SYSTEMPATH\View\View.php(228): include('C:\\xampp\\htdocs\\ciproject\\app\\Views\\yachtProject\\us\\yacht-booked.php')
 3 SYSTEMPATH\View\View.php(231): CodeIgniter\View\View->CodeIgniter\View\{closure}()
 4 SYSTEMPATH\Common.php(1178): CodeIgniter\View\View->render('yachtProject/us/yacht-booked', [], true)
 5 APPPATH\Controllers\Yacht.php(45): view('yachtProject/us/yacht-booked', [...])
 6 SYSTEMPATH\CodeIgniter.php(941): App\Controllers\Yacht->BookedYacht()
 7 SYSTEMPATH\CodeIgniter.php(502): CodeIgniter\CodeIgniter->runController(Object(App\Controllers\Yacht))
 8 SYSTEMPATH\CodeIgniter.php(361): CodeIgniter\CodeIgniter->handleRequest(null, Object(Config\Cache), false)
 9 FCPATH\index.php(79): CodeIgniter\CodeIgniter->run()
CRITICAL - 2024-04-17 16:11:20 --> ErrorException: Undefined variable $record
in APPPATH\Views\yachtProject\us\yacht-booked.php on line 42.
 1 APPPATH\Views\yachtProject\us\yacht-booked.php(42): CodeIgniter\Debug\Exceptions->errorHandler(2, 'Undefined variable $record', 'C:\\xampp\\htdocs\\ciproject\\app\\Views\\yachtProject\\us\\yacht-booked.php', 42)
 2 SYSTEMPATH\View\View.php(228): include('C:\\xampp\\htdocs\\ciproject\\app\\Views\\yachtProject\\us\\yacht-booked.php')
 3 SYSTEMPATH\View\View.php(231): CodeIgniter\View\View->CodeIgniter\View\{closure}()
 4 SYSTEMPATH\Common.php(1178): CodeIgniter\View\View->render('yachtProject/us/yacht-booked', [], true)
 5 APPPATH\Controllers\Yacht.php(45): view('yachtProject/us/yacht-booked', [...])
 6 SYSTEMPATH\CodeIgniter.php(941): App\Controllers\Yacht->BookedYacht()
 7 SYSTEMPATH\CodeIgniter.php(502): CodeIgniter\CodeIgniter->runController(Object(App\Controllers\Yacht))
 8 SYSTEMPATH\CodeIgniter.php(361): CodeIgniter\CodeIgniter->handleRequest(null, Object(Config\Cache), false)
 9 FCPATH\index.php(79): CodeIgniter\CodeIgniter->run()
CRITICAL - 2024-04-17 19:28:18 --> ErrorException: Undefined variable $record
in APPPATH\Views\yachtProject\us\yacht-booked.php on line 44.
 1 APPPATH\Views\yachtProject\us\yacht-booked.php(44): CodeIgniter\Debug\Exceptions->errorHandler(2, 'Undefined variable $record', 'C:\\xampp\\htdocs\\ciproject\\app\\Views\\yachtProject\\us\\yacht-booked.php', 44)
 2 SYSTEMPATH\View\View.php(228): include('C:\\xampp\\htdocs\\ciproject\\app\\Views\\yachtProject\\us\\yacht-booked.php')
 3 SYSTEMPATH\View\View.php(231): CodeIgniter\View\View->CodeIgniter\View\{closure}()
 4 SYSTEMPATH\Common.php(1178): CodeIgniter\View\View->render('yachtProject/us/yacht-booked', [], true)
 5 APPPATH\Controllers\Yacht.php(45): view('yachtProject/us/yacht-booked', [...])
 6 SYSTEMPATH\CodeIgniter.php(941): App\Controllers\Yacht->BookedYacht()
 7 SYSTEMPATH\CodeIgniter.php(502): CodeIgniter\CodeIgniter->runController(Object(App\Controllers\Yacht))
 8 SYSTEMPATH\CodeIgniter.php(361): CodeIgniter\CodeIgniter->handleRequest(null, Object(Config\Cache), false)
 9 FCPATH\index.php(79): CodeIgniter\CodeIgniter->run()
CRITICAL - 2024-04-17 19:46:07 --> ErrorException: Undefined variable $record
in APPPATH\Views\yachtProject\us\yacht-booked.php on line 44.
 1 APPPATH\Views\yachtProject\us\yacht-booked.php(44): CodeIgniter\Debug\Exceptions->errorHandler(2, 'Undefined variable $record', 'C:\\xampp\\htdocs\\ciproject\\app\\Views\\yachtProject\\us\\yacht-booked.php', 44)
 2 SYSTEMPATH\View\View.php(228): include('C:\\xampp\\htdocs\\ciproject\\app\\Views\\yachtProject\\us\\yacht-booked.php')
 3 SYSTEMPATH\View\View.php(231): CodeIgniter\View\View->CodeIgniter\View\{closure}()
 4 SYSTEMPATH\Common.php(1178): CodeIgniter\View\View->render('yachtProject/us/yacht-booked', [], true)
 5 APPPATH\Controllers\Yacht.php(45): view('yachtProject/us/yacht-booked', [...])
 6 SYSTEMPATH\CodeIgniter.php(941): App\Controllers\Yacht->BookedYacht()
 7 SYSTEMPATH\CodeIgniter.php(502): CodeIgniter\CodeIgniter->runController(Object(App\Controllers\Yacht))
 8 SYSTEMPATH\CodeIgniter.php(361): CodeIgniter\CodeIgniter->handleRequest(null, Object(Config\Cache), false)
 9 FCPATH\index.php(79): CodeIgniter\CodeIgniter->run()
CRITICAL - 2024-04-17 19:46:08 --> ErrorException: Undefined variable $record
in APPPATH\Views\yachtProject\us\yacht-booked.php on line 44.
 1 APPPATH\Views\yachtProject\us\yacht-booked.php(44): CodeIgniter\Debug\Exceptions->errorHandler(2, 'Undefined variable $record', 'C:\\xampp\\htdocs\\ciproject\\app\\Views\\yachtProject\\us\\yacht-booked.php', 44)
 2 SYSTEMPATH\View\View.php(228): include('C:\\xampp\\htdocs\\ciproject\\app\\Views\\yachtProject\\us\\yacht-booked.php')
 3 SYSTEMPATH\View\View.php(231): CodeIgniter\View\View->CodeIgniter\View\{closure}()
 4 SYSTEMPATH\Common.php(1178): CodeIgniter\View\View->render('yachtProject/us/yacht-booked', [], true)
 5 APPPATH\Controllers\Yacht.php(45): view('yachtProject/us/yacht-booked', [...])
 6 SYSTEMPATH\CodeIgniter.php(941): App\Controllers\Yacht->BookedYacht()
 7 SYSTEMPATH\CodeIgniter.php(502): CodeIgniter\CodeIgniter->runController(Object(App\Controllers\Yacht))
 8 SYSTEMPATH\CodeIgniter.php(361): CodeIgniter\CodeIgniter->handleRequest(null, Object(Config\Cache), false)
 9 FCPATH\index.php(79): CodeIgniter\CodeIgniter->run()
CRITICAL - 2024-04-17 19:46:08 --> ErrorException: Undefined variable $record
in APPPATH\Views\yachtProject\us\yacht-booked.php on line 44.
 1 APPPATH\Views\yachtProject\us\yacht-booked.php(44): CodeIgniter\Debug\Exceptions->errorHandler(2, 'Undefined variable $record', 'C:\\xampp\\htdocs\\ciproject\\app\\Views\\yachtProject\\us\\yacht-booked.php', 44)
 2 SYSTEMPATH\View\View.php(228): include('C:\\xampp\\htdocs\\ciproject\\app\\Views\\yachtProject\\us\\yacht-booked.php')
 3 SYSTEMPATH\View\View.php(231): CodeIgniter\View\View->CodeIgniter\View\{closure}()
 4 SYSTEMPATH\Common.php(1178): CodeIgniter\View\View->render('yachtProject/us/yacht-booked', [], true)
 5 APPPATH\Controllers\Yacht.php(45): view('yachtProject/us/yacht-booked', [...])
 6 SYSTEMPATH\CodeIgniter.php(941): App\Controllers\Yacht->BookedYacht()
 7 SYSTEMPATH\CodeIgniter.php(502): CodeIgniter\CodeIgniter->runController(Object(App\Controllers\Yacht))
 8 SYSTEMPATH\CodeIgniter.php(361): CodeIgniter\CodeIgniter->handleRequest(null, Object(Config\Cache), false)
 9 FCPATH\index.php(79): CodeIgniter\CodeIgniter->run()
CRITICAL - 2024-04-17 19:47:13 --> ErrorException: Undefined variable $record
in APPPATH\Views\yachtProject\us\yacht-booked.php on line 44.
 1 APPPATH\Views\yachtProject\us\yacht-booked.php(44): CodeIgniter\Debug\Exceptions->errorHandler(2, 'Undefined variable $record', 'C:\\xampp\\htdocs\\ciproject\\app\\Views\\yachtProject\\us\\yacht-booked.php', 44)
 2 SYSTEMPATH\View\View.php(228): include('C:\\xampp\\htdocs\\ciproject\\app\\Views\\yachtProject\\us\\yacht-booked.php')
 3 SYSTEMPATH\View\View.php(231): CodeIgniter\View\View->CodeIgniter\View\{closure}()
 4 SYSTEMPATH\Common.php(1178): CodeIgniter\View\View->render('yachtProject/us/yacht-booked', [], true)
 5 APPPATH\Controllers\Yacht.php(45): view('yachtProject/us/yacht-booked', [...])
 6 SYSTEMPATH\CodeIgniter.php(941): App\Controllers\Yacht->BookedYacht()
 7 SYSTEMPATH\CodeIgniter.php(502): CodeIgniter\CodeIgniter->runController(Object(App\Controllers\Yacht))
 8 SYSTEMPATH\CodeIgniter.php(361): CodeIgniter\CodeIgniter->handleRequest(null, Object(Config\Cache), false)
 9 FCPATH\index.php(79): CodeIgniter\CodeIgniter->run()
CRITICAL - 2024-04-17 19:52:09 --> ErrorException: Undefined variable $record
in APPPATH\Views\yachtProject\us\yacht-booked.php on line 44.
 1 APPPATH\Views\yachtProject\us\yacht-booked.php(44): CodeIgniter\Debug\Exceptions->errorHandler(2, 'Undefined variable $record', 'C:\\xampp\\htdocs\\ciproject\\app\\Views\\yachtProject\\us\\yacht-booked.php', 44)
 2 SYSTEMPATH\View\View.php(228): include('C:\\xampp\\htdocs\\ciproject\\app\\Views\\yachtProject\\us\\yacht-booked.php')
 3 SYSTEMPATH\View\View.php(231): CodeIgniter\View\View->CodeIgniter\View\{closure}()
 4 SYSTEMPATH\Common.php(1178): CodeIgniter\View\View->render('yachtProject/us/yacht-booked', [], true)
 5 APPPATH\Controllers\Yacht.php(45): view('yachtProject/us/yacht-booked', [...])
 6 SYSTEMPATH\CodeIgniter.php(941): App\Controllers\Yacht->BookedYacht()
 7 SYSTEMPATH\CodeIgniter.php(502): CodeIgniter\CodeIgniter->runController(Object(App\Controllers\Yacht))
 8 SYSTEMPATH\CodeIgniter.php(361): CodeIgniter\CodeIgniter->handleRequest(null, Object(Config\Cache), false)
 9 FCPATH\index.php(79): CodeIgniter\CodeIgniter->run()
CRITICAL - 2024-04-17 19:56:53 --> ErrorException: Undefined variable $record
in APPPATH\Views\yachtProject\us\yacht-booked.php on line 44.
 1 APPPATH\Views\yachtProject\us\yacht-booked.php(44): CodeIgniter\Debug\Exceptions->errorHandler(2, 'Undefined variable $record', 'C:\\xampp\\htdocs\\ciproject\\app\\Views\\yachtProject\\us\\yacht-booked.php', 44)
 2 SYSTEMPATH\View\View.php(228): include('C:\\xampp\\htdocs\\ciproject\\app\\Views\\yachtProject\\us\\yacht-booked.php')
 3 SYSTEMPATH\View\View.php(231): CodeIgniter\View\View->CodeIgniter\View\{closure}()
 4 SYSTEMPATH\Common.php(1178): CodeIgniter\View\View->render('yachtProject/us/yacht-booked', [], true)
 5 APPPATH\Controllers\Yacht.php(45): view('yachtProject/us/yacht-booked', [...])
 6 SYSTEMPATH\CodeIgniter.php(941): App\Controllers\Yacht->BookedYacht()
 7 SYSTEMPATH\CodeIgniter.php(502): CodeIgniter\CodeIgniter->runController(Object(App\Controllers\Yacht))
 8 SYSTEMPATH\CodeIgniter.php(361): CodeIgniter\CodeIgniter->handleRequest(null, Object(Config\Cache), false)
 9 FCPATH\index.php(79): CodeIgniter\CodeIgniter->run()
CRITICAL - 2024-04-17 19:59:34 --> ParseError: syntax error, unexpected token "echo"
in APPPATH\Views\yachtProject\us\yacht-booked.php on line 44.
 1 SYSTEMPATH\View\View.php(231): CodeIgniter\View\View->CodeIgniter\View\{closure}()
 2 SYSTEMPATH\Common.php(1178): CodeIgniter\View\View->render('yachtProject/us/yacht-booked', [], true)
 3 APPPATH\Controllers\Yacht.php(52): view('yachtProject/us/yacht-booked', [...])
 4 SYSTEMPATH\CodeIgniter.php(941): App\Controllers\Yacht->BookedYachtTest('4')
 5 SYSTEMPATH\CodeIgniter.php(502): CodeIgniter\CodeIgniter->runController(Object(App\Controllers\Yacht))
 6 SYSTEMPATH\CodeIgniter.php(361): CodeIgniter\CodeIgniter->handleRequest(null, Object(Config\Cache), false)
 7 FCPATH\index.php(79): CodeIgniter\CodeIgniter->run()
CRITICAL - 2024-04-17 19:59:35 --> ParseError: syntax error, unexpected token "echo"
in APPPATH\Views\yachtProject\us\yacht-booked.php on line 44.
 1 SYSTEMPATH\View\View.php(231): CodeIgniter\View\View->CodeIgniter\View\{closure}()
 2 SYSTEMPATH\Common.php(1178): CodeIgniter\View\View->render('yachtProject/us/yacht-booked', [], true)
 3 APPPATH\Controllers\Yacht.php(52): view('yachtProject/us/yacht-booked', [...])
 4 SYSTEMPATH\CodeIgniter.php(941): App\Controllers\Yacht->BookedYachtTest('4')
 5 SYSTEMPATH\CodeIgniter.php(502): CodeIgniter\CodeIgniter->runController(Object(App\Controllers\Yacht))
 6 SYSTEMPATH\CodeIgniter.php(361): CodeIgniter\CodeIgniter->handleRequest(null, Object(Config\Cache), false)
 7 FCPATH\index.php(79): CodeIgniter\CodeIgniter->run()
CRITICAL - 2024-04-17 19:59:43 --> ParseError: syntax error, unexpected identifier "build_name", expecting "]"
in APPPATH\Views\yachtProject\us\yacht-booked.php on line 55.
 1 SYSTEMPATH\View\View.php(231): CodeIgniter\View\View->CodeIgniter\View\{closure}()
 2 SYSTEMPATH\Common.php(1178): CodeIgniter\View\View->render('yachtProject/us/yacht-booked', [], true)
 3 APPPATH\Controllers\Yacht.php(52): view('yachtProject/us/yacht-booked', [...])
 4 SYSTEMPATH\CodeIgniter.php(941): App\Controllers\Yacht->BookedYachtTest('4')
 5 SYSTEMPATH\CodeIgniter.php(502): CodeIgniter\CodeIgniter->runController(Object(App\Controllers\Yacht))
 6 SYSTEMPATH\CodeIgniter.php(361): CodeIgniter\CodeIgniter->handleRequest(null, Object(Config\Cache), false)
 7 FCPATH\index.php(79): CodeIgniter\CodeIgniter->run()
CRITICAL - 2024-04-17 19:59:49 --> ParseError: syntax error, unexpected identifier "build_name", expecting "]"
in APPPATH\Views\yachtProject\us\yacht-booked.php on line 55.
 1 SYSTEMPATH\View\View.php(231): CodeIgniter\View\View->CodeIgniter\View\{closure}()
 2 SYSTEMPATH\Common.php(1178): CodeIgniter\View\View->render('yachtProject/us/yacht-booked', [], true)
 3 APPPATH\Controllers\Yacht.php(52): view('yachtProject/us/yacht-booked', [...])
 4 SYSTEMPATH\CodeIgniter.php(941): App\Controllers\Yacht->BookedYachtTest('4')
 5 SYSTEMPATH\CodeIgniter.php(502): CodeIgniter\CodeIgniter->runController(Object(App\Controllers\Yacht))
 6 SYSTEMPATH\CodeIgniter.php(361): CodeIgniter\CodeIgniter->handleRequest(null, Object(Config\Cache), false)
 7 FCPATH\index.php(79): CodeIgniter\CodeIgniter->run()
CRITICAL - 2024-04-17 20:00:55 --> ParseError: syntax error, unexpected identifier "footer", expecting "]"
in APPPATH\Views\yachtProject\us\yacht-booked.php on line 59.
 1 SYSTEMPATH\View\View.php(231): CodeIgniter\View\View->CodeIgniter\View\{closure}()
 2 SYSTEMPATH\Common.php(1178): CodeIgniter\View\View->render('yachtProject/us/yacht-booked', [], true)
 3 APPPATH\Controllers\Yacht.php(52): view('yachtProject/us/yacht-booked', [...])
 4 SYSTEMPATH\CodeIgniter.php(941): App\Controllers\Yacht->BookedYachtTest('4')
 5 SYSTEMPATH\CodeIgniter.php(502): CodeIgniter\CodeIgniter->runController(Object(App\Controllers\Yacht))
 6 SYSTEMPATH\CodeIgniter.php(361): CodeIgniter\CodeIgniter->handleRequest(null, Object(Config\Cache), false)
 7 FCPATH\index.php(79): CodeIgniter\CodeIgniter->run()
CRITICAL - 2024-04-17 20:01:23 --> ParseError: syntax error, unexpected string content "thumb-img]; ?>" width="550px" ...", expecting "]"
in APPPATH\Views\yachtProject\us\yacht-booked.php on line 44.
 1 SYSTEMPATH\View\View.php(231): CodeIgniter\View\View->CodeIgniter\View\{closure}()
 2 SYSTEMPATH\Common.php(1178): CodeIgniter\View\View->render('yachtProject/us/yacht-booked', [], true)
 3 APPPATH\Controllers\Yacht.php(52): view('yachtProject/us/yacht-booked', [...])
 4 SYSTEMPATH\CodeIgniter.php(941): App\Controllers\Yacht->BookedYachtTest('4')
 5 SYSTEMPATH\CodeIgniter.php(502): CodeIgniter\CodeIgniter->runController(Object(App\Controllers\Yacht))
 6 SYSTEMPATH\CodeIgniter.php(361): CodeIgniter\CodeIgniter->handleRequest(null, Object(Config\Cache), false)
 7 FCPATH\index.php(79): CodeIgniter\CodeIgniter->run()
CRITICAL - 2024-04-17 20:01:38 --> ParseError: syntax error, unexpected identifier "build_name", expecting "]"
in APPPATH\Views\yachtProject\us\yacht-booked.php on line 55.
 1 SYSTEMPATH\View\View.php(231): CodeIgniter\View\View->CodeIgniter\View\{closure}()
 2 SYSTEMPATH\Common.php(1178): CodeIgniter\View\View->render('yachtProject/us/yacht-booked', [], true)
 3 APPPATH\Controllers\Yacht.php(52): view('yachtProject/us/yacht-booked', [...])
 4 SYSTEMPATH\CodeIgniter.php(941): App\Controllers\Yacht->BookedYachtTest('4')
 5 SYSTEMPATH\CodeIgniter.php(502): CodeIgniter\CodeIgniter->runController(Object(App\Controllers\Yacht))
 6 SYSTEMPATH\CodeIgniter.php(361): CodeIgniter\CodeIgniter->handleRequest(null, Object(Config\Cache), false)
 7 FCPATH\index.php(79): CodeIgniter\CodeIgniter->run()
CRITICAL - 2024-04-17 20:02:41 --> ParseError: syntax error, unexpected identifier "build_name", expecting "]"
in APPPATH\Views\yachtProject\us\yacht-booked.php on line 55.
 1 SYSTEMPATH\View\View.php(231): CodeIgniter\View\View->CodeIgniter\View\{closure}()
 2 SYSTEMPATH\Common.php(1178): CodeIgniter\View\View->render('yachtProject/us/yacht-booked', [], true)
 3 APPPATH\Controllers\Yacht.php(52): view('yachtProject/us/yacht-booked', [...])
 4 SYSTEMPATH\CodeIgniter.php(941): App\Controllers\Yacht->BookedYachtTest('4')
 5 SYSTEMPATH\CodeIgniter.php(502): CodeIgniter\CodeIgniter->runController(Object(App\Controllers\Yacht))
 6 SYSTEMPATH\CodeIgniter.php(361): CodeIgniter\CodeIgniter->handleRequest(null, Object(Config\Cache), false)
 7 FCPATH\index.php(79): CodeIgniter\CodeIgniter->run()
CRITICAL - 2024-04-17 20:02:41 --> ParseError: syntax error, unexpected identifier "build_name", expecting "]"
in APPPATH\Views\yachtProject\us\yacht-booked.php on line 55.
 1 SYSTEMPATH\View\View.php(231): CodeIgniter\View\View->CodeIgniter\View\{closure}()
 2 SYSTEMPATH\Common.php(1178): CodeIgniter\View\View->render('yachtProject/us/yacht-booked', [], true)
 3 APPPATH\Controllers\Yacht.php(52): view('yachtProject/us/yacht-booked', [...])
 4 SYSTEMPATH\CodeIgniter.php(941): App\Controllers\Yacht->BookedYachtTest('4')
 5 SYSTEMPATH\CodeIgniter.php(502): CodeIgniter\CodeIgniter->runController(Object(App\Controllers\Yacht))
 6 SYSTEMPATH\CodeIgniter.php(361): CodeIgniter\CodeIgniter->handleRequest(null, Object(Config\Cache), false)
 7 FCPATH\index.php(79): CodeIgniter\CodeIgniter->run()
CRITICAL - 2024-04-17 20:02:42 --> ParseError: syntax error, unexpected identifier "build_name", expecting "]"
in APPPATH\Views\yachtProject\us\yacht-booked.php on line 55.
 1 SYSTEMPATH\View\View.php(231): CodeIgniter\View\View->CodeIgniter\View\{closure}()
 2 SYSTEMPATH\Common.php(1178): CodeIgniter\View\View->render('yachtProject/us/yacht-booked', [], true)
 3 APPPATH\Controllers\Yacht.php(52): view('yachtProject/us/yacht-booked', [...])
 4 SYSTEMPATH\CodeIgniter.php(941): App\Controllers\Yacht->BookedYachtTest('4')
 5 SYSTEMPATH\CodeIgniter.php(502): CodeIgniter\CodeIgniter->runController(Object(App\Controllers\Yacht))
 6 SYSTEMPATH\CodeIgniter.php(361): CodeIgniter\CodeIgniter->handleRequest(null, Object(Config\Cache), false)
 7 FCPATH\index.php(79): CodeIgniter\CodeIgniter->run()
CRITICAL - 2024-04-17 20:02:42 --> ParseError: syntax error, unexpected identifier "build_name", expecting "]"
in APPPATH\Views\yachtProject\us\yacht-booked.php on line 55.
 1 SYSTEMPATH\View\View.php(231): CodeIgniter\View\View->CodeIgniter\View\{closure}()
 2 SYSTEMPATH\Common.php(1178): CodeIgniter\View\View->render('yachtProject/us/yacht-booked', [], true)
 3 APPPATH\Controllers\Yacht.php(52): view('yachtProject/us/yacht-booked', [...])
 4 SYSTEMPATH\CodeIgniter.php(941): App\Controllers\Yacht->BookedYachtTest('4')
 5 SYSTEMPATH\CodeIgniter.php(502): CodeIgniter\CodeIgniter->runController(Object(App\Controllers\Yacht))
 6 SYSTEMPATH\CodeIgniter.php(361): CodeIgniter\CodeIgniter->handleRequest(null, Object(Config\Cache), false)
 7 FCPATH\index.php(79): CodeIgniter\CodeIgniter->run()
CRITICAL - 2024-04-17 20:07:27 --> ParseError: syntax error, unexpected identifier "thumb", expecting "]"
in APPPATH\Views\yachtProject\us\yacht-booked.php on line 50.
 1 SYSTEMPATH\View\View.php(231): CodeIgniter\View\View->CodeIgniter\View\{closure}()
 2 SYSTEMPATH\Common.php(1178): CodeIgniter\View\View->render('yachtProject/us/yacht-booked', [], true)
 3 APPPATH\Controllers\Yacht.php(52): view('yachtProject/us/yacht-booked', [...])
 4 SYSTEMPATH\CodeIgniter.php(941): App\Controllers\Yacht->BookedYachtTest('4')
 5 SYSTEMPATH\CodeIgniter.php(502): CodeIgniter\CodeIgniter->runController(Object(App\Controllers\Yacht))
 6 SYSTEMPATH\CodeIgniter.php(361): CodeIgniter\CodeIgniter->handleRequest(null, Object(Config\Cache), false)
 7 FCPATH\index.php(79): CodeIgniter\CodeIgniter->run()
CRITICAL - 2024-04-17 20:07:51 --> ParseError: syntax error, unexpected identifier "thumb", expecting "]"
in APPPATH\Views\yachtProject\us\yacht-booked.php on line 50.
 1 SYSTEMPATH\View\View.php(231): CodeIgniter\View\View->CodeIgniter\View\{closure}()
 2 SYSTEMPATH\Common.php(1178): CodeIgniter\View\View->render('yachtProject/us/yacht-booked', [], true)
 3 APPPATH\Controllers\Yacht.php(52): view('yachtProject/us/yacht-booked', [...])
 4 SYSTEMPATH\CodeIgniter.php(941): App\Controllers\Yacht->BookedYachtTest('4')
 5 SYSTEMPATH\CodeIgniter.php(502): CodeIgniter\CodeIgniter->runController(Object(App\Controllers\Yacht))
 6 SYSTEMPATH\CodeIgniter.php(361): CodeIgniter\CodeIgniter->handleRequest(null, Object(Config\Cache), false)
 7 FCPATH\index.php(79): CodeIgniter\CodeIgniter->run()
CRITICAL - 2024-04-17 20:07:52 --> ParseError: syntax error, unexpected identifier "thumb", expecting "]"
in APPPATH\Views\yachtProject\us\yacht-booked.php on line 50.
 1 SYSTEMPATH\View\View.php(231): CodeIgniter\View\View->CodeIgniter\View\{closure}()
 2 SYSTEMPATH\Common.php(1178): CodeIgniter\View\View->render('yachtProject/us/yacht-booked', [], true)
 3 APPPATH\Controllers\Yacht.php(52): view('yachtProject/us/yacht-booked', [...])
 4 SYSTEMPATH\CodeIgniter.php(941): App\Controllers\Yacht->BookedYachtTest('4')
 5 SYSTEMPATH\CodeIgniter.php(502): CodeIgniter\CodeIgniter->runController(Object(App\Controllers\Yacht))
 6 SYSTEMPATH\CodeIgniter.php(361): CodeIgniter\CodeIgniter->handleRequest(null, Object(Config\Cache), false)
 7 FCPATH\index.php(79): CodeIgniter\CodeIgniter->run()
CRITICAL - 2024-04-17 20:07:52 --> ParseError: syntax error, unexpected identifier "thumb", expecting "]"
in APPPATH\Views\yachtProject\us\yacht-booked.php on line 50.
 1 SYSTEMPATH\View\View.php(231): CodeIgniter\View\View->CodeIgniter\View\{closure}()
 2 SYSTEMPATH\Common.php(1178): CodeIgniter\View\View->render('yachtProject/us/yacht-booked', [], true)
 3 APPPATH\Controllers\Yacht.php(52): view('yachtProject/us/yacht-booked', [...])
 4 SYSTEMPATH\CodeIgniter.php(941): App\Controllers\Yacht->BookedYachtTest('4')
 5 SYSTEMPATH\CodeIgniter.php(502): CodeIgniter\CodeIgniter->runController(Object(App\Controllers\Yacht))
 6 SYSTEMPATH\CodeIgniter.php(361): CodeIgniter\CodeIgniter->handleRequest(null, Object(Config\Cache), false)
 7 FCPATH\index.php(79): CodeIgniter\CodeIgniter->run()
CRITICAL - 2024-04-17 20:10:08 --> ErrorException: Undefined variable $record
in APPPATH\Views\yachtProject\us\yacht-booked.php on line 45.
 1 APPPATH\Views\yachtProject\us\yacht-booked.php(45): CodeIgniter\Debug\Exceptions->errorHandler(2, 'Undefined variable $record', 'C:\\xampp\\htdocs\\ciproject\\app\\Views\\yachtProject\\us\\yacht-booked.php', 45)
 2 SYSTEMPATH\View\View.php(228): include('C:\\xampp\\htdocs\\ciproject\\app\\Views\\yachtProject\\us\\yacht-booked.php')
 3 SYSTEMPATH\View\View.php(231): CodeIgniter\View\View->CodeIgniter\View\{closure}()
 4 SYSTEMPATH\Common.php(1178): CodeIgniter\View\View->render('yachtProject/us/yacht-booked', [], true)
 5 APPPATH\Controllers\Yacht.php(45): view('yachtProject/us/yacht-booked', [...])
 6 SYSTEMPATH\CodeIgniter.php(941): App\Controllers\Yacht->BookedYacht()
 7 SYSTEMPATH\CodeIgniter.php(502): CodeIgniter\CodeIgniter->runController(Object(App\Controllers\Yacht))
 8 SYSTEMPATH\CodeIgniter.php(361): CodeIgniter\CodeIgniter->handleRequest(null, Object(Config\Cache), false)
 9 FCPATH\index.php(79): CodeIgniter\CodeIgniter->run()
CRITICAL - 2024-04-17 20:11:38 --> ErrorException: Undefined variable $record
in APPPATH\Views\yachtProject\us\yacht-booked.php on line 45.
 1 APPPATH\Views\yachtProject\us\yacht-booked.php(45): CodeIgniter\Debug\Exceptions->errorHandler(2, 'Undefined variable $record', 'C:\\xampp\\htdocs\\ciproject\\app\\Views\\yachtProject\\us\\yacht-booked.php', 45)
 2 SYSTEMPATH\View\View.php(228): include('C:\\xampp\\htdocs\\ciproject\\app\\Views\\yachtProject\\us\\yacht-booked.php')
 3 SYSTEMPATH\View\View.php(231): CodeIgniter\View\View->CodeIgniter\View\{closure}()
 4 SYSTEMPATH\Common.php(1178): CodeIgniter\View\View->render('yachtProject/us/yacht-booked', [], true)
 5 APPPATH\Controllers\Yacht.php(45): view('yachtProject/us/yacht-booked', [...])
 6 SYSTEMPATH\CodeIgniter.php(941): App\Controllers\Yacht->BookedYacht()
 7 SYSTEMPATH\CodeIgniter.php(502): CodeIgniter\CodeIgniter->runController(Object(App\Controllers\Yacht))
 8 SYSTEMPATH\CodeIgniter.php(361): CodeIgniter\CodeIgniter->handleRequest(null, Object(Config\Cache), false)
 9 FCPATH\index.php(79): CodeIgniter\CodeIgniter->run()
CRITICAL - 2024-04-17 20:18:13 --> ErrorException: Undefined variable $record
in APPPATH\Views\yachtProject\us\yacht-booked.php on line 45.
 1 APPPATH\Views\yachtProject\us\yacht-booked.php(45): CodeIgniter\Debug\Exceptions->errorHandler(2, 'Undefined variable $record', 'C:\\xampp\\htdocs\\ciproject\\app\\Views\\yachtProject\\us\\yacht-booked.php', 45)
 2 SYSTEMPATH\View\View.php(228): include('C:\\xampp\\htdocs\\ciproject\\app\\Views\\yachtProject\\us\\yacht-booked.php')
 3 SYSTEMPATH\View\View.php(231): CodeIgniter\View\View->CodeIgniter\View\{closure}()
 4 SYSTEMPATH\Common.php(1178): CodeIgniter\View\View->render('yachtProject/us/yacht-booked', [], true)
 5 APPPATH\Controllers\Yacht.php(45): view('yachtProject/us/yacht-booked', [...])
 6 SYSTEMPATH\CodeIgniter.php(941): App\Controllers\Yacht->BookedYacht()
 7 SYSTEMPATH\CodeIgniter.php(502): CodeIgniter\CodeIgniter->runController(Object(App\Controllers\Yacht))
 8 SYSTEMPATH\CodeIgniter.php(361): CodeIgniter\CodeIgniter->handleRequest(null, Object(Config\Cache), false)
 9 FCPATH\index.php(79): CodeIgniter\CodeIgniter->run()
CRITICAL - 2024-04-17 20:28:13 --> ErrorException: Undefined variable $record
in APPPATH\Views\yachtProject\us\yacht-booked.php on line 45.
 1 APPPATH\Views\yachtProject\us\yacht-booked.php(45): CodeIgniter\Debug\Exceptions->errorHandler(2, 'Undefined variable $record', 'C:\\xampp\\htdocs\\ciproject\\app\\Views\\yachtProject\\us\\yacht-booked.php', 45)
 2 SYSTEMPATH\View\View.php(228): include('C:\\xampp\\htdocs\\ciproject\\app\\Views\\yachtProject\\us\\yacht-booked.php')
 3 SYSTEMPATH\View\View.php(231): CodeIgniter\View\View->CodeIgniter\View\{closure}()
 4 SYSTEMPATH\Common.php(1178): CodeIgniter\View\View->render('yachtProject/us/yacht-booked', [], true)
 5 APPPATH\Controllers\Yacht.php(45): view('yachtProject/us/yacht-booked', [...])
 6 SYSTEMPATH\CodeIgniter.php(941): App\Controllers\Yacht->BookedYacht()
 7 SYSTEMPATH\CodeIgniter.php(502): CodeIgniter\CodeIgniter->runController(Object(App\Controllers\Yacht))
 8 SYSTEMPATH\CodeIgniter.php(361): CodeIgniter\CodeIgniter->handleRequest(null, Object(Config\Cache), false)
 9 FCPATH\index.php(79): CodeIgniter\CodeIgniter->run()
CRITICAL - 2024-04-17 20:28:58 --> ErrorException: Undefined variable $record
in APPPATH\Views\yachtProject\us\yacht-booked.php on line 56.
 1 APPPATH\Views\yachtProject\us\yacht-booked.php(56): CodeIgniter\Debug\Exceptions->errorHandler(2, 'Undefined variable $record', 'C:\\xampp\\htdocs\\ciproject\\app\\Views\\yachtProject\\us\\yacht-booked.php', 56)
 2 SYSTEMPATH\View\View.php(228): include('C:\\xampp\\htdocs\\ciproject\\app\\Views\\yachtProject\\us\\yacht-booked.php')
 3 SYSTEMPATH\View\View.php(231): CodeIgniter\View\View->CodeIgniter\View\{closure}()
 4 SYSTEMPATH\Common.php(1178): CodeIgniter\View\View->render('yachtProject/us/yacht-booked', [], true)
 5 APPPATH\Controllers\Yacht.php(45): view('yachtProject/us/yacht-booked', [...])
 6 SYSTEMPATH\CodeIgniter.php(941): App\Controllers\Yacht->BookedYacht()
 7 SYSTEMPATH\CodeIgniter.php(502): CodeIgniter\CodeIgniter->runController(Object(App\Controllers\Yacht))
 8 SYSTEMPATH\CodeIgniter.php(361): CodeIgniter\CodeIgniter->handleRequest(null, Object(Config\Cache), false)
 9 FCPATH\index.php(79): CodeIgniter\CodeIgniter->run()
CRITICAL - 2024-04-17 20:31:06 --> ErrorException: Undefined variable $record
in APPPATH\Views\yachtProject\us\yacht-booked.php on line 44.
 1 APPPATH\Views\yachtProject\us\yacht-booked.php(44): CodeIgniter\Debug\Exceptions->errorHandler(2, 'Undefined variable $record', 'C:\\xampp\\htdocs\\ciproject\\app\\Views\\yachtProject\\us\\yacht-booked.php', 44)
 2 SYSTEMPATH\View\View.php(228): include('C:\\xampp\\htdocs\\ciproject\\app\\Views\\yachtProject\\us\\yacht-booked.php')
 3 SYSTEMPATH\View\View.php(231): CodeIgniter\View\View->CodeIgniter\View\{closure}()
 4 SYSTEMPATH\Common.php(1178): CodeIgniter\View\View->render('yachtProject/us/yacht-booked', [], true)
 5 APPPATH\Controllers\Yacht.php(45): view('yachtProject/us/yacht-booked', [...])
 6 SYSTEMPATH\CodeIgniter.php(941): App\Controllers\Yacht->BookedYacht()
 7 SYSTEMPATH\CodeIgniter.php(502): CodeIgniter\CodeIgniter->runController(Object(App\Controllers\Yacht))
 8 SYSTEMPATH\CodeIgniter.php(361): CodeIgniter\CodeIgniter->handleRequest(null, Object(Config\Cache), false)
 9 FCPATH\index.php(79): CodeIgniter\CodeIgniter->run()
CRITICAL - 2024-04-17 20:34:10 --> ErrorException: Undefined variable $record
in APPPATH\Views\yachtProject\us\yacht-booked.php on line 44.
 1 APPPATH\Views\yachtProject\us\yacht-booked.php(44): CodeIgniter\Debug\Exceptions->errorHandler(2, 'Undefined variable $record', 'C:\\xampp\\htdocs\\ciproject\\app\\Views\\yachtProject\\us\\yacht-booked.php', 44)
 2 SYSTEMPATH\View\View.php(228): include('C:\\xampp\\htdocs\\ciproject\\app\\Views\\yachtProject\\us\\yacht-booked.php')
 3 SYSTEMPATH\View\View.php(231): CodeIgniter\View\View->CodeIgniter\View\{closure}()
 4 SYSTEMPATH\Common.php(1178): CodeIgniter\View\View->render('yachtProject/us/yacht-booked', [], true)
 5 APPPATH\Controllers\Yacht.php(45): view('yachtProject/us/yacht-booked', [...])
 6 SYSTEMPATH\CodeIgniter.php(941): App\Controllers\Yacht->BookedYacht()
 7 SYSTEMPATH\CodeIgniter.php(502): CodeIgniter\CodeIgniter->runController(Object(App\Controllers\Yacht))
 8 SYSTEMPATH\CodeIgniter.php(361): CodeIgniter\CodeIgniter->handleRequest(null, Object(Config\Cache), false)
 9 FCPATH\index.php(79): CodeIgniter\CodeIgniter->run()
CRITICAL - 2024-04-17 20:35:47 --> ErrorException: Undefined variable $record
in APPPATH\Views\yachtProject\us\yacht-booked.php on line 44.
 1 APPPATH\Views\yachtProject\us\yacht-booked.php(44): CodeIgniter\Debug\Exceptions->errorHandler(2, 'Undefined variable $record', 'C:\\xampp\\htdocs\\ciproject\\app\\Views\\yachtProject\\us\\yacht-booked.php', 44)
 2 SYSTEMPATH\View\View.php(228): include('C:\\xampp\\htdocs\\ciproject\\app\\Views\\yachtProject\\us\\yacht-booked.php')
 3 SYSTEMPATH\View\View.php(231): CodeIgniter\View\View->CodeIgniter\View\{closure}()
 4 SYSTEMPATH\Common.php(1178): CodeIgniter\View\View->render('yachtProject/us/yacht-booked', [], true)
 5 APPPATH\Controllers\Yacht.php(45): view('yachtProject/us/yacht-booked', [...])
 6 SYSTEMPATH\CodeIgniter.php(941): App\Controllers\Yacht->BookedYacht()
 7 SYSTEMPATH\CodeIgniter.php(502): CodeIgniter\CodeIgniter->runController(Object(App\Controllers\Yacht))
 8 SYSTEMPATH\CodeIgniter.php(361): CodeIgniter\CodeIgniter->handleRequest(null, Object(Config\Cache), false)
 9 FCPATH\index.php(79): CodeIgniter\CodeIgniter->run()
CRITICAL - 2024-04-17 20:36:11 --> ErrorException: Trying to access array offset on value of type null
in APPPATH\Views\yachtProject\us\yacht-booked.php on line 44.
 1 APPPATH\Views\yachtProject\us\yacht-booked.php(44): CodeIgniter\Debug\Exceptions->errorHandler(2, 'Trying to access array offset on value of type null', 'C:\\xampp\\htdocs\\ciproject\\app\\Views\\yachtProject\\us\\yacht-booked.php', 44)
 2 SYSTEMPATH\View\View.php(228): include('C:\\xampp\\htdocs\\ciproject\\app\\Views\\yachtProject\\us\\yacht-booked.php')
 3 SYSTEMPATH\View\View.php(231): CodeIgniter\View\View->CodeIgniter\View\{closure}()
 4 SYSTEMPATH\Common.php(1178): CodeIgniter\View\View->render('yachtProject/us/yacht-booked', [], true)
 5 APPPATH\Controllers\Yacht.php(52): view('yachtProject/us/yacht-booked', [...])
 6 SYSTEMPATH\CodeIgniter.php(941): App\Controllers\Yacht->BookedYachtTest('5')
 7 SYSTEMPATH\CodeIgniter.php(502): CodeIgniter\CodeIgniter->runController(Object(App\Controllers\Yacht))
 8 SYSTEMPATH\CodeIgniter.php(361): CodeIgniter\CodeIgniter->handleRequest(null, Object(Config\Cache), false)
 9 FCPATH\index.php(79): CodeIgniter\CodeIgniter->run()
CRITICAL - 2024-04-17 20:37:12 --> ErrorException: Trying to access array offset on value of type null
in APPPATH\Views\yachtProject\us\yacht-booked.php on line 44.
 1 APPPATH\Views\yachtProject\us\yacht-booked.php(44): CodeIgniter\Debug\Exceptions->errorHandler(2, 'Trying to access array offset on value of type null', 'C:\\xampp\\htdocs\\ciproject\\app\\Views\\yachtProject\\us\\yacht-booked.php', 44)
 2 SYSTEMPATH\View\View.php(228): include('C:\\xampp\\htdocs\\ciproject\\app\\Views\\yachtProject\\us\\yacht-booked.php')
 3 SYSTEMPATH\View\View.php(231): CodeIgniter\View\View->CodeIgniter\View\{closure}()
 4 SYSTEMPATH\Common.php(1178): CodeIgniter\View\View->render('yachtProject/us/yacht-booked', [], true)
 5 APPPATH\Controllers\Yacht.php(52): view('yachtProject/us/yacht-booked', [...])
 6 SYSTEMPATH\CodeIgniter.php(941): App\Controllers\Yacht->BookedYachtTest('5')
 7 SYSTEMPATH\CodeIgniter.php(502): CodeIgniter\CodeIgniter->runController(Object(App\Controllers\Yacht))
 8 SYSTEMPATH\CodeIgniter.php(361): CodeIgniter\CodeIgniter->handleRequest(null, Object(Config\Cache), false)
 9 FCPATH\index.php(79): CodeIgniter\CodeIgniter->run()
CRITICAL - 2024-04-17 20:43:13 --> ErrorException: Undefined variable $record
in APPPATH\Views\yachtProject\us\yacht-booked.php on line 44.
 1 APPPATH\Views\yachtProject\us\yacht-booked.php(44): CodeIgniter\Debug\Exceptions->errorHandler(2, 'Undefined variable $record', 'C:\\xampp\\htdocs\\ciproject\\app\\Views\\yachtProject\\us\\yacht-booked.php', 44)
 2 SYSTEMPATH\View\View.php(228): include('C:\\xampp\\htdocs\\ciproject\\app\\Views\\yachtProject\\us\\yacht-booked.php')
 3 SYSTEMPATH\View\View.php(231): CodeIgniter\View\View->CodeIgniter\View\{closure}()
 4 SYSTEMPATH\Common.php(1178): CodeIgniter\View\View->render('yachtProject/us/yacht-booked', [], true)
 5 APPPATH\Controllers\Yacht.php(45): view('yachtProject/us/yacht-booked', [...])
 6 SYSTEMPATH\CodeIgniter.php(941): App\Controllers\Yacht->BookedYacht()
 7 SYSTEMPATH\CodeIgniter.php(502): CodeIgniter\CodeIgniter->runController(Object(App\Controllers\Yacht))
 8 SYSTEMPATH\CodeIgniter.php(361): CodeIgniter\CodeIgniter->handleRequest(null, Object(Config\Cache), false)
 9 FCPATH\index.php(79): CodeIgniter\CodeIgniter->run()
CRITICAL - 2024-04-17 20:44:42 --> ErrorException: Undefined variable $record
in APPPATH\Views\yachtProject\us\yacht-booked.php on line 44.
 1 APPPATH\Views\yachtProject\us\yacht-booked.php(44): CodeIgniter\Debug\Exceptions->errorHandler(2, 'Undefined variable $record', 'C:\\xampp\\htdocs\\ciproject\\app\\Views\\yachtProject\\us\\yacht-booked.php', 44)
 2 SYSTEMPATH\View\View.php(228): include('C:\\xampp\\htdocs\\ciproject\\app\\Views\\yachtProject\\us\\yacht-booked.php')
 3 SYSTEMPATH\View\View.php(231): CodeIgniter\View\View->CodeIgniter\View\{closure}()
 4 SYSTEMPATH\Common.php(1178): CodeIgniter\View\View->render('yachtProject/us/yacht-booked', [], true)
 5 APPPATH\Controllers\Yacht.php(163): view('yachtProject/us/yacht-booked', [...])
 6 SYSTEMPATH\CodeIgniter.php(941): App\Controllers\Yacht->yachtBook()
 7 SYSTEMPATH\CodeIgniter.php(502): CodeIgniter\CodeIgniter->runController(Object(App\Controllers\Yacht))
 8 SYSTEMPATH\CodeIgniter.php(361): CodeIgniter\CodeIgniter->handleRequest(null, Object(Config\Cache), false)
 9 FCPATH\index.php(79): CodeIgniter\CodeIgniter->run()
CRITICAL - 2024-04-17 20:47:13 --> ErrorException: Undefined variable $record
in APPPATH\Views\yachtProject\us\yacht-booked.php on line 55.
 1 APPPATH\Views\yachtProject\us\yacht-booked.php(55): CodeIgniter\Debug\Exceptions->errorHandler(2, 'Undefined variable $record', 'C:\\xampp\\htdocs\\ciproject\\app\\Views\\yachtProject\\us\\yacht-booked.php', 55)
 2 SYSTEMPATH\View\View.php(228): include('C:\\xampp\\htdocs\\ciproject\\app\\Views\\yachtProject\\us\\yacht-booked.php')
 3 SYSTEMPATH\View\View.php(231): CodeIgniter\View\View->CodeIgniter\View\{closure}()
 4 SYSTEMPATH\Common.php(1178): CodeIgniter\View\View->render('yachtProject/us/yacht-booked', [], true)
 5 APPPATH\Controllers\Yacht.php(163): view('yachtProject/us/yacht-booked', [...])
 6 SYSTEMPATH\CodeIgniter.php(941): App\Controllers\Yacht->yachtBook()
 7 SYSTEMPATH\CodeIgniter.php(502): CodeIgniter\CodeIgniter->runController(Object(App\Controllers\Yacht))
 8 SYSTEMPATH\CodeIgniter.php(361): CodeIgniter\CodeIgniter->handleRequest(null, Object(Config\Cache), false)
 9 FCPATH\index.php(79): CodeIgniter\CodeIgniter->run()
CRITICAL - 2024-04-17 20:48:43 --> ErrorException: Undefined variable $record
in APPPATH\Views\yachtProject\us\yacht-booked.php on line 44.
 1 APPPATH\Views\yachtProject\us\yacht-booked.php(44): CodeIgniter\Debug\Exceptions->errorHandler(2, 'Undefined variable $record', 'C:\\xampp\\htdocs\\ciproject\\app\\Views\\yachtProject\\us\\yacht-booked.php', 44)
 2 SYSTEMPATH\View\View.php(228): include('C:\\xampp\\htdocs\\ciproject\\app\\Views\\yachtProject\\us\\yacht-booked.php')
 3 SYSTEMPATH\View\View.php(231): CodeIgniter\View\View->CodeIgniter\View\{closure}()
 4 SYSTEMPATH\Common.php(1178): CodeIgniter\View\View->render('yachtProject/us/yacht-booked', [], true)
 5 APPPATH\Controllers\Yacht.php(163): view('yachtProject/us/yacht-booked', [...])
 6 SYSTEMPATH\CodeIgniter.php(941): App\Controllers\Yacht->yachtBook()
 7 SYSTEMPATH\CodeIgniter.php(502): CodeIgniter\CodeIgniter->runController(Object(App\Controllers\Yacht))
 8 SYSTEMPATH\CodeIgniter.php(361): CodeIgniter\CodeIgniter->handleRequest(null, Object(Config\Cache), false)
 9 FCPATH\index.php(79): CodeIgniter\CodeIgniter->run()
CRITICAL - 2024-04-17 20:51:20 --> ErrorException: Undefined variable $record
in APPPATH\Views\yachtProject\us\yacht-booking.php on line 62.
 1 APPPATH\Views\yachtProject\us\yacht-booking.php(62): CodeIgniter\Debug\Exceptions->errorHandler(2, 'Undefined variable $record', 'C:\\xampp\\htdocs\\ciproject\\app\\Views\\yachtProject\\us\\yacht-booking.php', 62)
 2 SYSTEMPATH\View\View.php(228): include('C:\\xampp\\htdocs\\ciproject\\app\\Views\\yachtProject\\us\\yacht-booking.php')
 3 SYSTEMPATH\View\View.php(231): CodeIgniter\View\View->CodeIgniter\View\{closure}()
 4 SYSTEMPATH\Common.php(1178): CodeIgniter\View\View->render('yachtProject/us/yacht-booking', [], true)
 5 APPPATH\Controllers\Yacht.php(265): view('yachtProject/us/yacht-booking', [...])
 6 SYSTEMPATH\CodeIgniter.php(941): App\Controllers\Yacht->yachtBookingPage()
 7 SYSTEMPATH\CodeIgniter.php(502): CodeIgniter\CodeIgniter->runController(Object(App\Controllers\Yacht))
 8 SYSTEMPATH\CodeIgniter.php(361): CodeIgniter\CodeIgniter->handleRequest(null, Object(Config\Cache), false)
 9 FCPATH\index.php(79): CodeIgniter\CodeIgniter->run()
CRITICAL - 2024-04-17 20:52:35 --> ErrorException: Undefined variable $record
in APPPATH\Views\yachtProject\us\yacht-booking.php on line 62.
 1 APPPATH\Views\yachtProject\us\yacht-booking.php(62): CodeIgniter\Debug\Exceptions->errorHandler(2, 'Undefined variable $record', 'C:\\xampp\\htdocs\\ciproject\\app\\Views\\yachtProject\\us\\yacht-booking.php', 62)
 2 SYSTEMPATH\View\View.php(228): include('C:\\xampp\\htdocs\\ciproject\\app\\Views\\yachtProject\\us\\yacht-booking.php')
 3 SYSTEMPATH\View\View.php(231): CodeIgniter\View\View->CodeIgniter\View\{closure}()
 4 SYSTEMPATH\Common.php(1178): CodeIgniter\View\View->render('yachtProject/us/yacht-booking', [], true)
 5 APPPATH\Controllers\Yacht.php(269): view('yachtProject/us/yacht-booking', [...])
 6 SYSTEMPATH\CodeIgniter.php(941): App\Controllers\Yacht->yachtBookingPage()
 7 SYSTEMPATH\CodeIgniter.php(502): CodeIgniter\CodeIgniter->runController(Object(App\Controllers\Yacht))
 8 SYSTEMPATH\CodeIgniter.php(361): CodeIgniter\CodeIgniter->handleRequest(null, Object(Config\Cache), false)
 9 FCPATH\index.php(79): CodeIgniter\CodeIgniter->run()
CRITICAL - 2024-04-17 20:52:36 --> ErrorException: Undefined variable $record
in APPPATH\Views\yachtProject\us\yacht-booking.php on line 62.
 1 APPPATH\Views\yachtProject\us\yacht-booking.php(62): CodeIgniter\Debug\Exceptions->errorHandler(2, 'Undefined variable $record', 'C:\\xampp\\htdocs\\ciproject\\app\\Views\\yachtProject\\us\\yacht-booking.php', 62)
 2 SYSTEMPATH\View\View.php(228): include('C:\\xampp\\htdocs\\ciproject\\app\\Views\\yachtProject\\us\\yacht-booking.php')
 3 SYSTEMPATH\View\View.php(231): CodeIgniter\View\View->CodeIgniter\View\{closure}()
 4 SYSTEMPATH\Common.php(1178): CodeIgniter\View\View->render('yachtProject/us/yacht-booking', [], true)
 5 APPPATH\Controllers\Yacht.php(269): view('yachtProject/us/yacht-booking', [...])
 6 SYSTEMPATH\CodeIgniter.php(941): App\Controllers\Yacht->yachtBookingPage()
 7 SYSTEMPATH\CodeIgniter.php(502): CodeIgniter\CodeIgniter->runController(Object(App\Controllers\Yacht))
 8 SYSTEMPATH\CodeIgniter.php(361): CodeIgniter\CodeIgniter->handleRequest(null, Object(Config\Cache), false)
 9 FCPATH\index.php(79): CodeIgniter\CodeIgniter->run()
CRITICAL - 2024-04-17 20:52:36 --> ErrorException: Undefined variable $record
in APPPATH\Views\yachtProject\us\yacht-booking.php on line 62.
 1 APPPATH\Views\yachtProject\us\yacht-booking.php(62): CodeIgniter\Debug\Exceptions->errorHandler(2, 'Undefined variable $record', 'C:\\xampp\\htdocs\\ciproject\\app\\Views\\yachtProject\\us\\yacht-booking.php', 62)
 2 SYSTEMPATH\View\View.php(228): include('C:\\xampp\\htdocs\\ciproject\\app\\Views\\yachtProject\\us\\yacht-booking.php')
 3 SYSTEMPATH\View\View.php(231): CodeIgniter\View\View->CodeIgniter\View\{closure}()
 4 SYSTEMPATH\Common.php(1178): CodeIgniter\View\View->render('yachtProject/us/yacht-booking', [], true)
 5 APPPATH\Controllers\Yacht.php(269): view('yachtProject/us/yacht-booking', [...])
 6 SYSTEMPATH\CodeIgniter.php(941): App\Controllers\Yacht->yachtBookingPage()
 7 SYSTEMPATH\CodeIgniter.php(502): CodeIgniter\CodeIgniter->runController(Object(App\Controllers\Yacht))
 8 SYSTEMPATH\CodeIgniter.php(361): CodeIgniter\CodeIgniter->handleRequest(null, Object(Config\Cache), false)
 9 FCPATH\index.php(79): CodeIgniter\CodeIgniter->run()
CRITICAL - 2024-04-17 20:52:36 --> ErrorException: Undefined variable $record
in APPPATH\Views\yachtProject\us\yacht-booking.php on line 62.
 1 APPPATH\Views\yachtProject\us\yacht-booking.php(62): CodeIgniter\Debug\Exceptions->errorHandler(2, 'Undefined variable $record', 'C:\\xampp\\htdocs\\ciproject\\app\\Views\\yachtProject\\us\\yacht-booking.php', 62)
 2 SYSTEMPATH\View\View.php(228): include('C:\\xampp\\htdocs\\ciproject\\app\\Views\\yachtProject\\us\\yacht-booking.php')
 3 SYSTEMPATH\View\View.php(231): CodeIgniter\View\View->CodeIgniter\View\{closure}()
 4 SYSTEMPATH\Common.php(1178): CodeIgniter\View\View->render('yachtProject/us/yacht-booking', [], true)
 5 APPPATH\Controllers\Yacht.php(269): view('yachtProject/us/yacht-booking', [...])
 6 SYSTEMPATH\CodeIgniter.php(941): App\Controllers\Yacht->yachtBookingPage()
 7 SYSTEMPATH\CodeIgniter.php(502): CodeIgniter\CodeIgniter->runController(Object(App\Controllers\Yacht))
 8 SYSTEMPATH\CodeIgniter.php(361): CodeIgniter\CodeIgniter->handleRequest(null, Object(Config\Cache), false)
 9 FCPATH\index.php(79): CodeIgniter\CodeIgniter->run()
CRITICAL - 2024-04-17 20:52:41 --> ErrorException: Undefined variable $record
in APPPATH\Views\yachtProject\us\yacht-booking.php on line 62.
 1 APPPATH\Views\yachtProject\us\yacht-booking.php(62): CodeIgniter\Debug\Exceptions->errorHandler(2, 'Undefined variable $record', 'C:\\xampp\\htdocs\\ciproject\\app\\Views\\yachtProject\\us\\yacht-booking.php', 62)
 2 SYSTEMPATH\View\View.php(228): include('C:\\xampp\\htdocs\\ciproject\\app\\Views\\yachtProject\\us\\yacht-booking.php')
 3 SYSTEMPATH\View\View.php(231): CodeIgniter\View\View->CodeIgniter\View\{closure}()
 4 SYSTEMPATH\Common.php(1178): CodeIgniter\View\View->render('yachtProject/us/yacht-booking', [], true)
 5 APPPATH\Controllers\Yacht.php(269): view('yachtProject/us/yacht-booking', [...])
 6 SYSTEMPATH\CodeIgniter.php(941): App\Controllers\Yacht->yachtBookingPage()
 7 SYSTEMPATH\CodeIgniter.php(502): CodeIgniter\CodeIgniter->runController(Object(App\Controllers\Yacht))
 8 SYSTEMPATH\CodeIgniter.php(361): CodeIgniter\CodeIgniter->handleRequest(null, Object(Config\Cache), false)
 9 FCPATH\index.php(79): CodeIgniter\CodeIgniter->run()
CRITICAL - 2024-04-17 20:57:58 --> ErrorException: Undefined variable $record
in APPPATH\Views\yachtProject\us\yacht-booked.php on line 44.
 1 APPPATH\Views\yachtProject\us\yacht-booked.php(44): CodeIgniter\Debug\Exceptions->errorHandler(2, 'Undefined variable $record', 'C:\\xampp\\htdocs\\ciproject\\app\\Views\\yachtProject\\us\\yacht-booked.php', 44)
 2 SYSTEMPATH\View\View.php(228): include('C:\\xampp\\htdocs\\ciproject\\app\\Views\\yachtProject\\us\\yacht-booked.php')
 3 SYSTEMPATH\View\View.php(231): CodeIgniter\View\View->CodeIgniter\View\{closure}()
 4 SYSTEMPATH\Common.php(1178): CodeIgniter\View\View->render('yachtProject/us/yacht-booked', [], true)
 5 APPPATH\Controllers\Yacht.php(45): view('yachtProject/us/yacht-booked', [...])
 6 SYSTEMPATH\CodeIgniter.php(941): App\Controllers\Yacht->BookedYacht()
 7 SYSTEMPATH\CodeIgniter.php(502): CodeIgniter\CodeIgniter->runController(Object(App\Controllers\Yacht))
 8 SYSTEMPATH\CodeIgniter.php(361): CodeIgniter\CodeIgniter->handleRequest(null, Object(Config\Cache), false)
 9 FCPATH\index.php(79): CodeIgniter\CodeIgniter->run()
CRITICAL - 2024-04-17 21:17:18 --> CodeIgniter\Security\Exceptions\SecurityException: The action you requested is not allowed.
in SYSTEMPATH\Security\Security.php on line 300.
 1 SYSTEMPATH\Security\Security.php(300): CodeIgniter\Security\Exceptions\SecurityException::forDisallowedAction()
 2 SYSTEMPATH\Filters\CSRF.php(56): CodeIgniter\Security\Security->verify(Object(CodeIgniter\HTTP\IncomingRequest))
 3 SYSTEMPATH\Filters\Filters.php(184): CodeIgniter\Filters\CSRF->before(Object(CodeIgniter\HTTP\IncomingRequest), null)
 4 SYSTEMPATH\CodeIgniter.php(474): CodeIgniter\Filters\Filters->run('us/yacht-booked', 'before')
 5 SYSTEMPATH\CodeIgniter.php(361): CodeIgniter\CodeIgniter->handleRequest(null, Object(Config\Cache), false)
 6 FCPATH\index.php(79): CodeIgniter\CodeIgniter->run()
CRITICAL - 2024-04-17 21:20:47 --> CodeIgniter\Security\Exceptions\SecurityException: The action you requested is not allowed.
in SYSTEMPATH\Security\Security.php on line 300.
 1 SYSTEMPATH\Security\Security.php(300): CodeIgniter\Security\Exceptions\SecurityException::forDisallowedAction()
 2 SYSTEMPATH\Filters\CSRF.php(56): CodeIgniter\Security\Security->verify(Object(CodeIgniter\HTTP\IncomingRequest))
 3 SYSTEMPATH\Filters\Filters.php(184): CodeIgniter\Filters\CSRF->before(Object(CodeIgniter\HTTP\IncomingRequest), null)
 4 SYSTEMPATH\CodeIgniter.php(474): CodeIgniter\Filters\Filters->run('us/yacht-booked', 'before')
 5 SYSTEMPATH\CodeIgniter.php(361): CodeIgniter\CodeIgniter->handleRequest(null, Object(Config\Cache), false)
 6 FCPATH\index.php(79): CodeIgniter\CodeIgniter->run()
CRITICAL - 2024-04-17 21:23:44 --> ErrorException: Undefined variable $record
in APPPATH\Views\yachtProject\us\yacht-booked.php on line 23.
 1 APPPATH\Views\yachtProject\us\yacht-booked.php(23): CodeIgniter\Debug\Exceptions->errorHandler(2, 'Undefined variable $record', 'C:\\xampp\\htdocs\\ciproject\\app\\Views\\yachtProject\\us\\yacht-booked.php', 23)
 2 SYSTEMPATH\View\View.php(228): include('C:\\xampp\\htdocs\\ciproject\\app\\Views\\yachtProject\\us\\yacht-booked.php')
 3 SYSTEMPATH\View\View.php(231): CodeIgniter\View\View->CodeIgniter\View\{closure}()
 4 SYSTEMPATH\Common.php(1178): CodeIgniter\View\View->render('yachtProject/us/yacht-booked', [], true)
 5 APPPATH\Controllers\Yacht.php(56): view('yachtProject/us/yacht-booked')
 6 SYSTEMPATH\CodeIgniter.php(941): App\Controllers\Yacht->testPage()
 7 SYSTEMPATH\CodeIgniter.php(502): CodeIgniter\CodeIgniter->runController(Object(App\Controllers\Yacht))
 8 SYSTEMPATH\CodeIgniter.php(361): CodeIgniter\CodeIgniter->handleRequest(null, Object(Config\Cache), false)
 9 FCPATH\index.php(79): CodeIgniter\CodeIgniter->run()
CRITICAL - 2024-04-17 21:27:35 --> ErrorException: Undefined variable $record
in APPPATH\Views\yachtProject\us\yacht-booking.php on line 62.
 1 APPPATH\Views\yachtProject\us\yacht-booking.php(62): CodeIgniter\Debug\Exceptions->errorHandler(2, 'Undefined variable $record', 'C:\\xampp\\htdocs\\ciproject\\app\\Views\\yachtProject\\us\\yacht-booking.php', 62)
 2 SYSTEMPATH\View\View.php(228): include('C:\\xampp\\htdocs\\ciproject\\app\\Views\\yachtProject\\us\\yacht-booking.php')
 3 SYSTEMPATH\View\View.php(231): CodeIgniter\View\View->CodeIgniter\View\{closure}()
 4 SYSTEMPATH\Common.php(1178): CodeIgniter\View\View->render('yachtProject/us/yacht-booking', [], true)
 5 APPPATH\Controllers\Yacht.php(250): view('yachtProject/us/yacht-booking', [...])
 6 SYSTEMPATH\CodeIgniter.php(941): App\Controllers\Yacht->yachtBookingPage()
 7 SYSTEMPATH\CodeIgniter.php(502): CodeIgniter\CodeIgniter->runController(Object(App\Controllers\Yacht))
 8 SYSTEMPATH\CodeIgniter.php(361): CodeIgniter\CodeIgniter->handleRequest(null, Object(Config\Cache), false)
 9 FCPATH\index.php(79): CodeIgniter\CodeIgniter->run()
CRITICAL - 2024-04-17 22:07:41 --> CodeIgniter\Security\Exceptions\SecurityException: The action you requested is not allowed.
in SYSTEMPATH\Security\Security.php on line 300.
 1 SYSTEMPATH\Security\Security.php(300): CodeIgniter\Security\Exceptions\SecurityException::forDisallowedAction()
 2 SYSTEMPATH\Filters\CSRF.php(56): CodeIgniter\Security\Security->verify(Object(CodeIgniter\HTTP\IncomingRequest))
 3 SYSTEMPATH\Filters\Filters.php(184): CodeIgniter\Filters\CSRF->before(Object(CodeIgniter\HTTP\IncomingRequest), null)
 4 SYSTEMPATH\CodeIgniter.php(474): CodeIgniter\Filters\Filters->run('us/yacht-booked', 'before')
 5 SYSTEMPATH\CodeIgniter.php(361): CodeIgniter\CodeIgniter->handleRequest(null, Object(Config\Cache), false)
 6 FCPATH\index.php(79): CodeIgniter\CodeIgniter->run()
CRITICAL - 2024-04-17 22:23:56 --> ErrorException: Undefined variable $record
in APPPATH\Views\yachtProject\us\yacht-booked.php on line 18.
 1 APPPATH\Views\yachtProject\us\yacht-booked.php(18): CodeIgniter\Debug\Exceptions->errorHandler(2, 'Undefined variable $record', 'C:\\xampp\\htdocs\\ciproject\\app\\Views\\yachtProject\\us\\yacht-booked.php', 18)
 2 SYSTEMPATH\View\View.php(228): include('C:\\xampp\\htdocs\\ciproject\\app\\Views\\yachtProject\\us\\yacht-booked.php')
 3 SYSTEMPATH\View\View.php(231): CodeIgniter\View\View->CodeIgniter\View\{closure}()
 4 SYSTEMPATH\Common.php(1178): CodeIgniter\View\View->render('yachtProject/us/yacht-booked', [], true)
 5 APPPATH\Controllers\Yacht.php(174): view('yachtProject/us/yacht-booked')
 6 SYSTEMPATH\CodeIgniter.php(941): App\Controllers\Yacht->testPage()
 7 SYSTEMPATH\CodeIgniter.php(502): CodeIgniter\CodeIgniter->runController(Object(App\Controllers\Yacht))
 8 SYSTEMPATH\CodeIgniter.php(361): CodeIgniter\CodeIgniter->handleRequest(null, Object(Config\Cache), false)
 9 FCPATH\index.php(79): CodeIgniter\CodeIgniter->run()
CRITICAL - 2024-04-17 22:23:56 --> ErrorException: Undefined variable $record
in APPPATH\Views\yachtProject\us\yacht-booked.php on line 18.
 1 APPPATH\Views\yachtProject\us\yacht-booked.php(18): CodeIgniter\Debug\Exceptions->errorHandler(2, 'Undefined variable $record', 'C:\\xampp\\htdocs\\ciproject\\app\\Views\\yachtProject\\us\\yacht-booked.php', 18)
 2 SYSTEMPATH\View\View.php(228): include('C:\\xampp\\htdocs\\ciproject\\app\\Views\\yachtProject\\us\\yacht-booked.php')
 3 SYSTEMPATH\View\View.php(231): CodeIgniter\View\View->CodeIgniter\View\{closure}()
 4 SYSTEMPATH\Common.php(1178): CodeIgniter\View\View->render('yachtProject/us/yacht-booked', [], true)
 5 APPPATH\Controllers\Yacht.php(174): view('yachtProject/us/yacht-booked')
 6 SYSTEMPATH\CodeIgniter.php(941): App\Controllers\Yacht->testPage()
 7 SYSTEMPATH\CodeIgniter.php(502): CodeIgniter\CodeIgniter->runController(Object(App\Controllers\Yacht))
 8 SYSTEMPATH\CodeIgniter.php(361): CodeIgniter\CodeIgniter->handleRequest(null, Object(Config\Cache), false)
 9 FCPATH\index.php(79): CodeIgniter\CodeIgniter->run()
CRITICAL - 2024-04-17 22:25:04 --> ErrorException: Undefined variable $record
in APPPATH\Views\yachtProject\us\yacht-booked.php on line 18.
 1 APPPATH\Views\yachtProject\us\yacht-booked.php(18): CodeIgniter\Debug\Exceptions->errorHandler(2, 'Undefined variable $record', 'C:\\xampp\\htdocs\\ciproject\\app\\Views\\yachtProject\\us\\yacht-booked.php', 18)
 2 SYSTEMPATH\View\View.php(228): include('C:\\xampp\\htdocs\\ciproject\\app\\Views\\yachtProject\\us\\yacht-booked.php')
 3 SYSTEMPATH\View\View.php(231): CodeIgniter\View\View->CodeIgniter\View\{closure}()
 4 SYSTEMPATH\Common.php(1178): CodeIgniter\View\View->render('yachtProject/us/yacht-booked', [], true)
 5 APPPATH\Controllers\Yacht.php(174): view('yachtProject/us/yacht-booked')
 6 SYSTEMPATH\CodeIgniter.php(941): App\Controllers\Yacht->testPage()
 7 SYSTEMPATH\CodeIgniter.php(502): CodeIgniter\CodeIgniter->runController(Object(App\Controllers\Yacht))
 8 SYSTEMPATH\CodeIgniter.php(361): CodeIgniter\CodeIgniter->handleRequest(null, Object(Config\Cache), false)
 9 FCPATH\index.php(79): CodeIgniter\CodeIgniter->run()
CRITICAL - 2024-04-17 22:25:36 --> ErrorException: Undefined variable $record
in APPPATH\Views\yachtProject\us\yacht-booked.php on line 18.
 1 APPPATH\Views\yachtProject\us\yacht-booked.php(18): CodeIgniter\Debug\Exceptions->errorHandler(2, 'Undefined variable $record', 'C:\\xampp\\htdocs\\ciproject\\app\\Views\\yachtProject\\us\\yacht-booked.php', 18)
 2 SYSTEMPATH\View\View.php(228): include('C:\\xampp\\htdocs\\ciproject\\app\\Views\\yachtProject\\us\\yacht-booked.php')
 3 SYSTEMPATH\View\View.php(231): CodeIgniter\View\View->CodeIgniter\View\{closure}()
 4 SYSTEMPATH\Common.php(1178): CodeIgniter\View\View->render('yachtProject/us/yacht-booked', [], true)
 5 APPPATH\Controllers\Yacht.php(174): view('yachtProject/us/yacht-booked')
 6 SYSTEMPATH\CodeIgniter.php(941): App\Controllers\Yacht->testPage()
 7 SYSTEMPATH\CodeIgniter.php(502): CodeIgniter\CodeIgniter->runController(Object(App\Controllers\Yacht))
 8 SYSTEMPATH\CodeIgniter.php(361): CodeIgniter\CodeIgniter->handleRequest(null, Object(Config\Cache), false)
 9 FCPATH\index.php(79): CodeIgniter\CodeIgniter->run()
CRITICAL - 2024-04-17 22:25:36 --> ErrorException: Undefined variable $record
in APPPATH\Views\yachtProject\us\yacht-booked.php on line 18.
 1 APPPATH\Views\yachtProject\us\yacht-booked.php(18): CodeIgniter\Debug\Exceptions->errorHandler(2, 'Undefined variable $record', 'C:\\xampp\\htdocs\\ciproject\\app\\Views\\yachtProject\\us\\yacht-booked.php', 18)
 2 SYSTEMPATH\View\View.php(228): include('C:\\xampp\\htdocs\\ciproject\\app\\Views\\yachtProject\\us\\yacht-booked.php')
 3 SYSTEMPATH\View\View.php(231): CodeIgniter\View\View->CodeIgniter\View\{closure}()
 4 SYSTEMPATH\Common.php(1178): CodeIgniter\View\View->render('yachtProject/us/yacht-booked', [], true)
 5 APPPATH\Controllers\Yacht.php(174): view('yachtProject/us/yacht-booked')
 6 SYSTEMPATH\CodeIgniter.php(941): App\Controllers\Yacht->testPage()
 7 SYSTEMPATH\CodeIgniter.php(502): CodeIgniter\CodeIgniter->runController(Object(App\Controllers\Yacht))
 8 SYSTEMPATH\CodeIgniter.php(361): CodeIgniter\CodeIgniter->handleRequest(null, Object(Config\Cache), false)
 9 FCPATH\index.php(79): CodeIgniter\CodeIgniter->run()
CRITICAL - 2024-04-17 22:31:22 --> ErrorException: Array to string conversion
in APPPATH\Views\yachtProject\us\yacht-booked.php on line 18.
 1 APPPATH\Views\yachtProject\us\yacht-booked.php(18): CodeIgniter\Debug\Exceptions->errorHandler(2, 'Array to string conversion', 'C:\\xampp\\htdocs\\ciproject\\app\\Views\\yachtProject\\us\\yacht-booked.php', 18)
 2 SYSTEMPATH\View\View.php(228): include('C:\\xampp\\htdocs\\ciproject\\app\\Views\\yachtProject\\us\\yacht-booked.php')
 3 SYSTEMPATH\View\View.php(231): CodeIgniter\View\View->CodeIgniter\View\{closure}()
 4 SYSTEMPATH\Common.php(1178): CodeIgniter\View\View->render('yachtProject/us/yacht-booked', [], true)
 5 APPPATH\Controllers\Yacht.php(174): view('yachtProject/us/yacht-booked')
 6 SYSTEMPATH\CodeIgniter.php(941): App\Controllers\Yacht->testPage()
 7 SYSTEMPATH\CodeIgniter.php(502): CodeIgniter\CodeIgniter->runController(Object(App\Controllers\Yacht))
 8 SYSTEMPATH\CodeIgniter.php(361): CodeIgniter\CodeIgniter->handleRequest(null, Object(Config\Cache), false)
 9 FCPATH\index.php(79): CodeIgniter\CodeIgniter->run()
CRITICAL - 2024-04-17 22:31:35 --> ErrorException: Undefined variable $record
in APPPATH\Views\yachtProject\us\yacht-booked.php on line 18.
 1 APPPATH\Views\yachtProject\us\yacht-booked.php(18): CodeIgniter\Debug\Exceptions->errorHandler(2, 'Undefined variable $record', 'C:\\xampp\\htdocs\\ciproject\\app\\Views\\yachtProject\\us\\yacht-booked.php', 18)
 2 SYSTEMPATH\View\View.php(228): include('C:\\xampp\\htdocs\\ciproject\\app\\Views\\yachtProject\\us\\yacht-booked.php')
 3 SYSTEMPATH\View\View.php(231): CodeIgniter\View\View->CodeIgniter\View\{closure}()
 4 SYSTEMPATH\Common.php(1178): CodeIgniter\View\View->render('yachtProject/us/yacht-booked', [], true)
 5 APPPATH\Controllers\Yacht.php(174): view('yachtProject/us/yacht-booked')
 6 SYSTEMPATH\CodeIgniter.php(941): App\Controllers\Yacht->testPage()
 7 SYSTEMPATH\CodeIgniter.php(502): CodeIgniter\CodeIgniter->runController(Object(App\Controllers\Yacht))
 8 SYSTEMPATH\CodeIgniter.php(361): CodeIgniter\CodeIgniter->handleRequest(null, Object(Config\Cache), false)
 9 FCPATH\index.php(79): CodeIgniter\CodeIgniter->run()
