CRITICAL - 2024-07-16 11:55:11 --> ErrorException: Undefined array key 0
in APPPATH/Controllers/Yacht.php on line 68.
 1 APPPATH/Controllers/Yacht.php(68): CodeIgniter\Debug\Exceptions->errorHandler()
 2 SYSTEMPATH/CodeIgniter.php(941): App\Controllers\Yacht->yachtRecordEditnew()
 3 SYSTEMPATH/CodeIgniter.php(502): CodeIgniter\CodeIgniter->runController()
 4 SYSTEMPATH/CodeIgniter.php(361): CodeIgniter\CodeIgniter->handleRequest()
 5 FCPATH/index.php(79): CodeIgniter\CodeIgniter->run()
CRITICAL - 2024-07-16 11:55:12 --> ErrorException: Undefined array key 3
in APPPATH/Controllers/Yacht.php on line 71.
 1 APPPATH/Controllers/Yacht.php(71): CodeIgniter\Debug\Exceptions->errorHandler()
 2 SYSTEMPATH/CodeIgniter.php(941): App\Controllers\Yacht->yachtRecordEditnew()
 3 SYSTEMPATH/CodeIgniter.php(502): CodeIgniter\CodeIgniter->runController()
 4 SYSTEMPATH/CodeIgniter.php(361): CodeIgniter\CodeIgniter->handleRequest()
 5 FCPATH/index.php(79): CodeIgniter\CodeIgniter->run()
CRITICAL - 2024-07-16 11:55:13 --> ErrorException: Undefined array key 4
in APPPATH/Controllers/Yacht.php on line 72.
 1 APPPATH/Controllers/Yacht.php(72): CodeIgniter\Debug\Exceptions->errorHandler()
 2 SYSTEMPATH/CodeIgniter.php(941): App\Controllers\Yacht->yachtRecordEditnew()
 3 SYSTEMPATH/CodeIgniter.php(502): CodeIgniter\CodeIgniter->runController()
 4 SYSTEMPATH/CodeIgniter.php(361): CodeIgniter\CodeIgniter->handleRequest()
 5 FCPATH/index.php(79): CodeIgniter\CodeIgniter->run()
CRITICAL - 2024-07-16 21:58:12 --> Error: Class "App\Models\PriceModel" not found
in APPPATH/Controllers/Home.php on line 495.
 1 SYSTEMPATH/CodeIgniter.php(941): App\Controllers\Home->yachtRecord()
 2 SYSTEMPATH/CodeIgniter.php(502): CodeIgniter\CodeIgniter->runController()
 3 SYSTEMPATH/CodeIgniter.php(361): CodeIgniter\CodeIgniter->handleRequest()
 4 FCPATH/index.php(79): CodeIgniter\CodeIgniter->run()
CRITICAL - 2024-07-16 21:58:19 --> Error: Class "App\Models\PriceModel" not found
in APPPATH/Controllers/Home.php on line 495.
 1 SYSTEMPATH/CodeIgniter.php(941): App\Controllers\Home->yachtRecord()
 2 SYSTEMPATH/CodeIgniter.php(502): CodeIgniter\CodeIgniter->runController()
 3 SYSTEMPATH/CodeIgniter.php(361): CodeIgniter\CodeIgniter->handleRequest()
 4 FCPATH/index.php(79): CodeIgniter\CodeIgniter->run()
CRITICAL - 2024-07-16 21:58:38 --> Error: Class "App\Models\PriceModel" not found
in APPPATH/Controllers/Home.php on line 495.
 1 SYSTEMPATH/CodeIgniter.php(941): App\Controllers\Home->yachtRecord()
 2 SYSTEMPATH/CodeIgniter.php(502): CodeIgniter\CodeIgniter->runController()
 3 SYSTEMPATH/CodeIgniter.php(361): CodeIgniter\CodeIgniter->handleRequest()
 4 FCPATH/index.php(79): CodeIgniter\CodeIgniter->run()
CRITICAL - 2024-07-16 21:58:40 --> Error: Class "App\Models\PriceModel" not found
in APPPATH/Controllers/Home.php on line 495.
 1 SYSTEMPATH/CodeIgniter.php(941): App\Controllers\Home->yachtRecord()
 2 SYSTEMPATH/CodeIgniter.php(502): CodeIgniter\CodeIgniter->runController()
 3 SYSTEMPATH/CodeIgniter.php(361): CodeIgniter\CodeIgniter->handleRequest()
 4 FCPATH/index.php(79): CodeIgniter\CodeIgniter->run()
CRITICAL - 2024-07-16 21:58:42 --> Error: Class "App\Models\PriceModel" not found
in APPPATH/Controllers/Home.php on line 495.
 1 SYSTEMPATH/CodeIgniter.php(941): App\Controllers\Home->yachtRecord()
 2 SYSTEMPATH/CodeIgniter.php(502): CodeIgniter\CodeIgniter->runController()
 3 SYSTEMPATH/CodeIgniter.php(361): CodeIgniter\CodeIgniter->handleRequest()
 4 FCPATH/index.php(79): CodeIgniter\CodeIgniter->run()
CRITICAL - 2024-07-16 21:58:45 --> Error: Class "App\Models\PriceModel" not found
in APPPATH/Controllers/Home.php on line 495.
 1 SYSTEMPATH/CodeIgniter.php(941): App\Controllers\Home->yachtRecord()
 2 SYSTEMPATH/CodeIgniter.php(502): CodeIgniter\CodeIgniter->runController()
 3 SYSTEMPATH/CodeIgniter.php(361): CodeIgniter\CodeIgniter->handleRequest()
 4 FCPATH/index.php(79): CodeIgniter\CodeIgniter->run()
CRITICAL - 2024-07-16 21:58:54 --> Error: Class "App\Models\PriceModel" not found
in APPPATH/Controllers/Home.php on line 495.
 1 SYSTEMPATH/CodeIgniter.php(941): App\Controllers\Home->yachtRecord()
 2 SYSTEMPATH/CodeIgniter.php(502): CodeIgniter\CodeIgniter->runController()
 3 SYSTEMPATH/CodeIgniter.php(361): CodeIgniter\CodeIgniter->handleRequest()
 4 FCPATH/index.php(79): CodeIgniter\CodeIgniter->run()
CRITICAL - 2024-07-16 22:03:07 --> Error: Class "App\Models\PriceModel" not found
in APPPATH/Controllers/Home.php on line 495.
 1 SYSTEMPATH/CodeIgniter.php(941): App\Controllers\Home->yachtRecord()
 2 SYSTEMPATH/CodeIgniter.php(502): CodeIgniter\CodeIgniter->runController()
 3 SYSTEMPATH/CodeIgniter.php(361): CodeIgniter\CodeIgniter->handleRequest()
 4 FCPATH/index.php(79): CodeIgniter\CodeIgniter->run()
