CRITICAL - 2024-04-05 13:47:02 --> ErrorException: Undefined variable $events
in APPPATH\Views\NewYachtCRM\calendarView.php on line 324.
 1 APPPATH\Views\NewYachtCRM\calendarView.php(324): CodeIgniter\Debug\Exceptions->errorHandler(2, 'Undefined variable $events', 'C:\\xampp\\htdocs\\ciproject\\app\\Views\\NewYachtCRM\\calendarView.php', 324)
 2 SYSTEMPATH\View\View.php(228): include('C:\\xampp\\htdocs\\ciproject\\app\\Views\\NewYachtCRM\\calendarView.php')
 3 SYSTEMPATH\View\View.php(231): CodeIgniter\View\View->CodeIgniter\View\{closure}()
 4 SYSTEMPATH\Common.php(1178): CodeIgniter\View\View->render('NewYachtCRM/calendarView', [], true)
 5 APPPATH\Controllers\NewYachtCRM.php(29): view('NewYachtCRM/calendarView', [...])
 6 SYSTEMPATH\CodeIgniter.php(941): App\Controllers\NewYachtCRM->cal()
 7 SYSTEMPATH\CodeIgniter.php(502): CodeIgniter\CodeIgniter->runController(Object(App\Controllers\NewYachtCRM))
 8 SYSTEMPATH\CodeIgniter.php(361): CodeIgniter\CodeIgniter->handleRequest(null, Object(Config\Cache), false)
 9 FCPATH\index.php(79): CodeIgniter\CodeIgniter->run()
CRITICAL - 2024-04-05 13:48:37 --> Error: Class "App\Controllers\RecordModel" not found
in APPPATH\Controllers\NewYachtCRM.php on line 38.
 1 SYSTEMPATH\CodeIgniter.php(941): App\Controllers\NewYachtCRM->cal()
 2 SYSTEMPATH\CodeIgniter.php(502): CodeIgniter\CodeIgniter->runController(Object(App\Controllers\NewYachtCRM))
 3 SYSTEMPATH\CodeIgniter.php(361): CodeIgniter\CodeIgniter->handleRequest(null, Object(Config\Cache), false)
 4 FCPATH\index.php(79): CodeIgniter\CodeIgniter->run()
CRITICAL - 2024-04-05 13:48:55 --> ErrorException: Undefined array key "customer_name"
in APPPATH\Views\NewYachtCRM\calendarView.php on line 326.
 1 APPPATH\Views\NewYachtCRM\calendarView.php(326): CodeIgniter\Debug\Exceptions->errorHandler(2, 'Undefined array key "customer_name"', 'C:\\xampp\\htdocs\\ciproject\\app\\Views\\NewYachtCRM\\calendarView.php', 326)
 2 SYSTEMPATH\View\View.php(228): include('C:\\xampp\\htdocs\\ciproject\\app\\Views\\NewYachtCRM\\calendarView.php')
 3 SYSTEMPATH\View\View.php(231): CodeIgniter\View\View->CodeIgniter\View\{closure}()
 4 SYSTEMPATH\Common.php(1178): CodeIgniter\View\View->render('NewYachtCRM/calendarView', [], true)
 5 APPPATH\Controllers\NewYachtCRM.php(42): view('NewYachtCRM/calendarView', [...])
 6 SYSTEMPATH\CodeIgniter.php(941): App\Controllers\NewYachtCRM->cal()
 7 SYSTEMPATH\CodeIgniter.php(502): CodeIgniter\CodeIgniter->runController(Object(App\Controllers\NewYachtCRM))
 8 SYSTEMPATH\CodeIgniter.php(361): CodeIgniter\CodeIgniter->handleRequest(null, Object(Config\Cache), false)
 9 FCPATH\index.php(79): CodeIgniter\CodeIgniter->run()
CRITICAL - 2024-04-05 13:49:16 --> ErrorException: Undefined array key "yacht_type"
in APPPATH\Views\NewYachtCRM\calendarView.php on line 364.
 1 APPPATH\Views\NewYachtCRM\calendarView.php(364): CodeIgniter\Debug\Exceptions->errorHandler(2, 'Undefined array key "yacht_type"', 'C:\\xampp\\htdocs\\ciproject\\app\\Views\\NewYachtCRM\\calendarView.php', 364)
 2 SYSTEMPATH\View\View.php(228): include('C:\\xampp\\htdocs\\ciproject\\app\\Views\\NewYachtCRM\\calendarView.php')
 3 SYSTEMPATH\View\View.php(231): CodeIgniter\View\View->CodeIgniter\View\{closure}()
 4 SYSTEMPATH\Common.php(1178): CodeIgniter\View\View->render('NewYachtCRM/calendarView', [], true)
 5 APPPATH\Controllers\NewYachtCRM.php(42): view('NewYachtCRM/calendarView', [...])
 6 SYSTEMPATH\CodeIgniter.php(941): App\Controllers\NewYachtCRM->cal()
 7 SYSTEMPATH\CodeIgniter.php(502): CodeIgniter\CodeIgniter->runController(Object(App\Controllers\NewYachtCRM))
 8 SYSTEMPATH\CodeIgniter.php(361): CodeIgniter\CodeIgniter->handleRequest(null, Object(Config\Cache), false)
 9 FCPATH\index.php(79): CodeIgniter\CodeIgniter->run()
CRITICAL - 2024-04-05 13:51:26 --> ErrorException: Undefined array key "customer_name"
in APPPATH\Views\NewYachtCRM\calendarView.php on line 326.
 1 APPPATH\Views\NewYachtCRM\calendarView.php(326): CodeIgniter\Debug\Exceptions->errorHandler(2, 'Undefined array key "customer_name"', 'C:\\xampp\\htdocs\\ciproject\\app\\Views\\NewYachtCRM\\calendarView.php', 326)
 2 SYSTEMPATH\View\View.php(228): include('C:\\xampp\\htdocs\\ciproject\\app\\Views\\NewYachtCRM\\calendarView.php')
 3 SYSTEMPATH\View\View.php(231): CodeIgniter\View\View->CodeIgniter\View\{closure}()
 4 SYSTEMPATH\Common.php(1178): CodeIgniter\View\View->render('NewYachtCRM/calendarView', [], true)
 5 APPPATH\Controllers\NewYachtCRM.php(42): view('NewYachtCRM/calendarView', [...])
 6 SYSTEMPATH\CodeIgniter.php(941): App\Controllers\NewYachtCRM->cal()
 7 SYSTEMPATH\CodeIgniter.php(502): CodeIgniter\CodeIgniter->runController(Object(App\Controllers\NewYachtCRM))
 8 SYSTEMPATH\CodeIgniter.php(361): CodeIgniter\CodeIgniter->handleRequest(null, Object(Config\Cache), false)
 9 FCPATH\index.php(79): CodeIgniter\CodeIgniter->run()
CRITICAL - 2024-04-05 13:51:58 --> ErrorException: Undefined array key "yacht_type"
in APPPATH\Views\NewYachtCRM\calendarView.php on line 347.
 1 APPPATH\Views\NewYachtCRM\calendarView.php(347): CodeIgniter\Debug\Exceptions->errorHandler(2, 'Undefined array key "yacht_type"', 'C:\\xampp\\htdocs\\ciproject\\app\\Views\\NewYachtCRM\\calendarView.php', 347)
 2 SYSTEMPATH\View\View.php(228): include('C:\\xampp\\htdocs\\ciproject\\app\\Views\\NewYachtCRM\\calendarView.php')
 3 SYSTEMPATH\View\View.php(231): CodeIgniter\View\View->CodeIgniter\View\{closure}()
 4 SYSTEMPATH\Common.php(1178): CodeIgniter\View\View->render('NewYachtCRM/calendarView', [], true)
 5 APPPATH\Controllers\NewYachtCRM.php(42): view('NewYachtCRM/calendarView', [...])
 6 SYSTEMPATH\CodeIgniter.php(941): App\Controllers\NewYachtCRM->cal()
 7 SYSTEMPATH\CodeIgniter.php(502): CodeIgniter\CodeIgniter->runController(Object(App\Controllers\NewYachtCRM))
 8 SYSTEMPATH\CodeIgniter.php(361): CodeIgniter\CodeIgniter->handleRequest(null, Object(Config\Cache), false)
 9 FCPATH\index.php(79): CodeIgniter\CodeIgniter->run()
CRITICAL - 2024-04-05 14:03:43 --> ErrorException: Undefined array key "fname"
in APPPATH\Views\NewYachtCRM\calendarView.php on line 327.
 1 APPPATH\Views\NewYachtCRM\calendarView.php(327): CodeIgniter\Debug\Exceptions->errorHandler(2, 'Undefined array key "fname"', 'C:\\xampp\\htdocs\\ciproject\\app\\Views\\NewYachtCRM\\calendarView.php', 327)
 2 SYSTEMPATH\View\View.php(228): include('C:\\xampp\\htdocs\\ciproject\\app\\Views\\NewYachtCRM\\calendarView.php')
 3 SYSTEMPATH\View\View.php(231): CodeIgniter\View\View->CodeIgniter\View\{closure}()
 4 SYSTEMPATH\Common.php(1178): CodeIgniter\View\View->render('NewYachtCRM/calendarView', [], true)
 5 APPPATH\Controllers\NewYachtCRM.php(42): view('NewYachtCRM/calendarView', [...])
 6 SYSTEMPATH\CodeIgniter.php(941): App\Controllers\NewYachtCRM->cal()
 7 SYSTEMPATH\CodeIgniter.php(502): CodeIgniter\CodeIgniter->runController(Object(App\Controllers\NewYachtCRM))
 8 SYSTEMPATH\CodeIgniter.php(361): CodeIgniter\CodeIgniter->handleRequest(null, Object(Config\Cache), false)
 9 FCPATH\index.php(79): CodeIgniter\CodeIgniter->run()
CRITICAL - 2024-04-05 14:03:57 --> ErrorException: Undefined array key "customar_name"
in APPPATH\Views\NewYachtCRM\calendarView.php on line 327.
 1 APPPATH\Views\NewYachtCRM\calendarView.php(327): CodeIgniter\Debug\Exceptions->errorHandler(2, 'Undefined array key "customar_name"', 'C:\\xampp\\htdocs\\ciproject\\app\\Views\\NewYachtCRM\\calendarView.php', 327)
 2 SYSTEMPATH\View\View.php(228): include('C:\\xampp\\htdocs\\ciproject\\app\\Views\\NewYachtCRM\\calendarView.php')
 3 SYSTEMPATH\View\View.php(231): CodeIgniter\View\View->CodeIgniter\View\{closure}()
 4 SYSTEMPATH\Common.php(1178): CodeIgniter\View\View->render('NewYachtCRM/calendarView', [], true)
 5 APPPATH\Controllers\NewYachtCRM.php(42): view('NewYachtCRM/calendarView', [...])
 6 SYSTEMPATH\CodeIgniter.php(941): App\Controllers\NewYachtCRM->cal()
 7 SYSTEMPATH\CodeIgniter.php(502): CodeIgniter\CodeIgniter->runController(Object(App\Controllers\NewYachtCRM))
 8 SYSTEMPATH\CodeIgniter.php(361): CodeIgniter\CodeIgniter->handleRequest(null, Object(Config\Cache), false)
 9 FCPATH\index.php(79): CodeIgniter\CodeIgniter->run()
CRITICAL - 2024-04-05 14:04:53 --> ErrorException: Undefined array key "fname"
in APPPATH\Views\NewYachtCRM\admin-yacht-booking.php on line 103.
 1 APPPATH\Views\NewYachtCRM\admin-yacht-booking.php(103): CodeIgniter\Debug\Exceptions->errorHandler(2, 'Undefined array key "fname"', 'C:\\xampp\\htdocs\\ciproject\\app\\Views\\NewYachtCRM\\admin-yacht-booking.php', 103)
 2 SYSTEMPATH\View\View.php(228): include('C:\\xampp\\htdocs\\ciproject\\app\\Views\\NewYachtCRM\\admin-yacht-booking.php')
 3 SYSTEMPATH\View\View.php(231): CodeIgniter\View\View->CodeIgniter\View\{closure}()
 4 SYSTEMPATH\Common.php(1178): CodeIgniter\View\View->render('NewYachtCRM/admin-yacht-booking', [], true)
 5 APPPATH\Controllers\NewYachtCRM.php(49): view('NewYachtCRM/admin-yacht-booking', [...])
 6 SYSTEMPATH\CodeIgniter.php(941): App\Controllers\NewYachtCRM->adminYachtBooking()
 7 SYSTEMPATH\CodeIgniter.php(502): CodeIgniter\CodeIgniter->runController(Object(App\Controllers\NewYachtCRM))
 8 SYSTEMPATH\CodeIgniter.php(361): CodeIgniter\CodeIgniter->handleRequest(null, Object(Config\Cache), false)
 9 FCPATH\index.php(79): CodeIgniter\CodeIgniter->run()
CRITICAL - 2024-04-05 14:07:47 --> ErrorException: Undefined variable $record
in APPPATH\Views\yachtProject\us\yacht-booking.php on line 62.
 1 APPPATH\Views\yachtProject\us\yacht-booking.php(62): CodeIgniter\Debug\Exceptions->errorHandler(2, 'Undefined variable $record', 'C:\\xampp\\htdocs\\ciproject\\app\\Views\\yachtProject\\us\\yacht-booking.php', 62)
 2 SYSTEMPATH\View\View.php(228): include('C:\\xampp\\htdocs\\ciproject\\app\\Views\\yachtProject\\us\\yacht-booking.php')
 3 SYSTEMPATH\View\View.php(231): CodeIgniter\View\View->CodeIgniter\View\{closure}()
 4 SYSTEMPATH\Common.php(1178): CodeIgniter\View\View->render('yachtProject/us/yacht-booking', [], true)
 5 APPPATH\Controllers\Yacht.php(168): view('yachtProject/us/yacht-booking', [...])
 6 SYSTEMPATH\CodeIgniter.php(941): App\Controllers\Yacht->yachtBookingPage()
 7 SYSTEMPATH\CodeIgniter.php(502): CodeIgniter\CodeIgniter->runController(Object(App\Controllers\Yacht))
 8 SYSTEMPATH\CodeIgniter.php(361): CodeIgniter\CodeIgniter->handleRequest(null, Object(Config\Cache), false)
 9 FCPATH\index.php(79): CodeIgniter\CodeIgniter->run()
CRITICAL - 2024-04-05 14:20:33 --> ErrorException: Undefined array key "fname"
in APPPATH\Views\NewYachtCRM\admin-yacht-booking.php on line 103.
 1 APPPATH\Views\NewYachtCRM\admin-yacht-booking.php(103): CodeIgniter\Debug\Exceptions->errorHandler(2, 'Undefined array key "fname"', 'C:\\xampp\\htdocs\\ciproject\\app\\Views\\NewYachtCRM\\admin-yacht-booking.php', 103)
 2 SYSTEMPATH\View\View.php(228): include('C:\\xampp\\htdocs\\ciproject\\app\\Views\\NewYachtCRM\\admin-yacht-booking.php')
 3 SYSTEMPATH\View\View.php(231): CodeIgniter\View\View->CodeIgniter\View\{closure}()
 4 SYSTEMPATH\Common.php(1178): CodeIgniter\View\View->render('NewYachtCRM/admin-yacht-booking', [], true)
 5 APPPATH\Controllers\NewYachtCRM.php(26): view('NewYachtCRM/admin-yacht-booking', [...])
 6 SYSTEMPATH\CodeIgniter.php(941): App\Controllers\NewYachtCRM->adminYachtBooking()
 7 SYSTEMPATH\CodeIgniter.php(502): CodeIgniter\CodeIgniter->runController(Object(App\Controllers\NewYachtCRM))
 8 SYSTEMPATH\CodeIgniter.php(361): CodeIgniter\CodeIgniter->handleRequest(null, Object(Config\Cache), false)
 9 FCPATH\index.php(79): CodeIgniter\CodeIgniter->run()
CRITICAL - 2024-04-05 14:25:56 --> ParseError: syntax error, unexpected single-quoted string "ccount", expecting "]"
in APPPATH\Models\YachtBookingModel.php on line 13.
 1 SYSTEMPATH\Autoloader\Autoloader.php(288): CodeIgniter\Autoloader\Autoloader->includeFile('C:\\xampp\\htdocs\\ciproject\\app\\Models\\YachtBookingModel.php')
 2 SYSTEMPATH\Autoloader\Autoloader.php(266): CodeIgniter\Autoloader\Autoloader->loadInNamespace('App\\Models\\YachtBookingModel')
 3 APPPATH\Controllers\NewYachtCRM.php(24): CodeIgniter\Autoloader\Autoloader->loadClass('App\\Models\\YachtBookingModel')
 4 SYSTEMPATH\CodeIgniter.php(941): App\Controllers\NewYachtCRM->adminYachtBooking()
 5 SYSTEMPATH\CodeIgniter.php(502): CodeIgniter\CodeIgniter->runController(Object(App\Controllers\NewYachtCRM))
 6 SYSTEMPATH\CodeIgniter.php(361): CodeIgniter\CodeIgniter->handleRequest(null, Object(Config\Cache), false)
 7 FCPATH\index.php(79): CodeIgniter\CodeIgniter->run()
CRITICAL - 2024-04-05 14:27:09 --> ParseError: syntax error, unexpected single-quoted string "ccount", expecting "]"
in APPPATH\Models\YachtBookingModel.php on line 13.
 1 SYSTEMPATH\Autoloader\Autoloader.php(288): CodeIgniter\Autoloader\Autoloader->includeFile('C:\\xampp\\htdocs\\ciproject\\app\\Models\\YachtBookingModel.php')
 2 SYSTEMPATH\Autoloader\Autoloader.php(266): CodeIgniter\Autoloader\Autoloader->loadInNamespace('App\\Models\\YachtBookingModel')
 3 APPPATH\Controllers\NewYachtCRM.php(15): CodeIgniter\Autoloader\Autoloader->loadClass('App\\Models\\YachtBookingModel')
 4 SYSTEMPATH\CodeIgniter.php(941): App\Controllers\NewYachtCRM->calendar()
 5 SYSTEMPATH\CodeIgniter.php(502): CodeIgniter\CodeIgniter->runController(Object(App\Controllers\NewYachtCRM))
 6 SYSTEMPATH\CodeIgniter.php(361): CodeIgniter\CodeIgniter->handleRequest(null, Object(Config\Cache), false)
 7 FCPATH\index.php(79): CodeIgniter\CodeIgniter->run()
CRITICAL - 2024-04-05 14:41:44 --> ErrorException: Undefined variable $record
in APPPATH\Views\yachtProject\us\yacht-booking.php on line 62.
 1 APPPATH\Views\yachtProject\us\yacht-booking.php(62): CodeIgniter\Debug\Exceptions->errorHandler(2, 'Undefined variable $record', 'C:\\xampp\\htdocs\\ciproject\\app\\Views\\yachtProject\\us\\yacht-booking.php', 62)
 2 SYSTEMPATH\View\View.php(228): include('C:\\xampp\\htdocs\\ciproject\\app\\Views\\yachtProject\\us\\yacht-booking.php')
 3 SYSTEMPATH\View\View.php(231): CodeIgniter\View\View->CodeIgniter\View\{closure}()
 4 SYSTEMPATH\Common.php(1178): CodeIgniter\View\View->render('yachtProject/us/yacht-booking', [], true)
 5 APPPATH\Controllers\Yacht.php(170): view('yachtProject/us/yacht-booking', [...])
 6 SYSTEMPATH\CodeIgniter.php(941): App\Controllers\Yacht->yachtBookingPage()
 7 SYSTEMPATH\CodeIgniter.php(502): CodeIgniter\CodeIgniter->runController(Object(App\Controllers\Yacht))
 8 SYSTEMPATH\CodeIgniter.php(361): CodeIgniter\CodeIgniter->handleRequest(null, Object(Config\Cache), false)
 9 FCPATH\index.php(79): CodeIgniter\CodeIgniter->run()
ERROR - 2024-04-05 14:46:15 --> mysqli_sql_exception: Column 'hname' cannot be null in C:\xampp\htdocs\ciproject\system\Database\MySQLi\Connection.php:306
Stack trace:
#0 C:\xampp\htdocs\ciproject\system\Database\MySQLi\Connection.php(306): mysqli->query('INSERT INTO `ya...', 0)
#1 C:\xampp\htdocs\ciproject\system\Database\BaseConnection.php(693): CodeIgniter\Database\MySQLi\Connection->execute('INSERT INTO `ya...')
#2 C:\xampp\htdocs\ciproject\system\Database\BaseConnection.php(607): CodeIgniter\Database\BaseConnection->simpleQuery('INSERT INTO `ya...')
#3 C:\xampp\htdocs\ciproject\system\Database\BaseBuilder.php(2307): CodeIgniter\Database\BaseConnection->query('INSERT INTO `ya...', Array, false)
#4 C:\xampp\htdocs\ciproject\system\Model.php(326): CodeIgniter\Database\BaseBuilder->insert()
#5 C:\xampp\htdocs\ciproject\system\BaseModel.php(802): CodeIgniter\Model->doInsert(Array)
#6 C:\xampp\htdocs\ciproject\system\Model.php(744): CodeIgniter\BaseModel->insert(Array, true)
#7 C:\xampp\htdocs\ciproject\app\Controllers\NewYachtCRM.php(104): CodeIgniter\Model->insert(Array)
#8 C:\xampp\htdocs\ciproject\system\CodeIgniter.php(941): App\Controllers\NewYachtCRM->saveBooking()
#9 C:\xampp\htdocs\ciproject\system\CodeIgniter.php(502): CodeIgniter\CodeIgniter->runController(Object(App\Controllers\NewYachtCRM))
#10 C:\xampp\htdocs\ciproject\system\CodeIgniter.php(361): CodeIgniter\CodeIgniter->handleRequest(NULL, Object(Config\Cache), false)
#11 C:\xampp\htdocs\ciproject\index.php(79): CodeIgniter\CodeIgniter->run()
#12 {main}
CRITICAL - 2024-04-05 14:46:15 --> CodeIgniter\Database\Exceptions\DatabaseException: Column 'hname' cannot be null
in SYSTEMPATH\Database\BaseConnection.php on line 647.
 1 SYSTEMPATH\Database\BaseBuilder.php(2307): CodeIgniter\Database\BaseConnection->query('INSERT INTO `yacht_booking` (`token`, `hname`, `customer_name`, `ccount`, `phone`, `email`, `address`, `booking_date`, `booking_time`, `plan_description`, `status`, `adate`) VALUES (:token:, :hname:, :customer_name:, :ccount:, :phone:, :email:, :address:, :booking_date:, :booking_time:, :plan_description:, :status:, :adate:)', [...], false)
 2 SYSTEMPATH\Model.php(326): CodeIgniter\Database\BaseBuilder->insert()
 3 SYSTEMPATH\BaseModel.php(802): CodeIgniter\Model->doInsert([...])
 4 SYSTEMPATH\Model.php(744): CodeIgniter\BaseModel->insert([...], true)
 5 APPPATH\Controllers\NewYachtCRM.php(104): CodeIgniter\Model->insert([...])
 6 SYSTEMPATH\CodeIgniter.php(941): App\Controllers\NewYachtCRM->saveBooking()
 7 SYSTEMPATH\CodeIgniter.php(502): CodeIgniter\CodeIgniter->runController(Object(App\Controllers\NewYachtCRM))
 8 SYSTEMPATH\CodeIgniter.php(361): CodeIgniter\CodeIgniter->handleRequest(null, Object(Config\Cache), false)
 9 FCPATH\index.php(79): CodeIgniter\CodeIgniter->run()
CRITICAL - 2024-04-05 14:46:15 --> [Caused by] CodeIgniter\Database\Exceptions\DatabaseException: Column 'hname' cannot be null
in SYSTEMPATH\Database\MySQLi\Connection.php on line 311.
 1 SYSTEMPATH\Database\BaseConnection.php(693): CodeIgniter\Database\MySQLi\Connection->execute('INSERT INTO `yacht_booking` (`token`, `hname`, `customer_name`, `ccount`, `phone`, `email`, `address`, `booking_date`, `booking_time`, `plan_description`, `status`, `adate`) VALUES (\'token\', NULL, \'Anjali\', \'2\', \'445115445\', \'anjali@gmail.com\', \'USA\', \'2024-04-25\', \'13:16\', \'3 hour\', \'pending\', \'2024-04-05 14:46:15\')')
 2 SYSTEMPATH\Database\BaseConnection.php(607): CodeIgniter\Database\BaseConnection->simpleQuery('INSERT INTO `yacht_booking` (`token`, `hname`, `customer_name`, `ccount`, `phone`, `email`, `address`, `booking_date`, `booking_time`, `plan_description`, `status`, `adate`) VALUES (\'token\', NULL, \'Anjali\', \'2\', \'445115445\', \'anjali@gmail.com\', \'USA\', \'2024-04-25\', \'13:16\', \'3 hour\', \'pending\', \'2024-04-05 14:46:15\')')
 3 SYSTEMPATH\Database\BaseBuilder.php(2307): CodeIgniter\Database\BaseConnection->query('INSERT INTO `yacht_booking` (`token`, `hname`, `customer_name`, `ccount`, `phone`, `email`, `address`, `booking_date`, `booking_time`, `plan_description`, `status`, `adate`) VALUES (:token:, :hname:, :customer_name:, :ccount:, :phone:, :email:, :address:, :booking_date:, :booking_time:, :plan_description:, :status:, :adate:)', [...], false)
 4 SYSTEMPATH\Model.php(326): CodeIgniter\Database\BaseBuilder->insert()
 5 SYSTEMPATH\BaseModel.php(802): CodeIgniter\Model->doInsert([...])
 6 SYSTEMPATH\Model.php(744): CodeIgniter\BaseModel->insert([...], true)
 7 APPPATH\Controllers\NewYachtCRM.php(104): CodeIgniter\Model->insert([...])
 8 SYSTEMPATH\CodeIgniter.php(941): App\Controllers\NewYachtCRM->saveBooking()
 9 SYSTEMPATH\CodeIgniter.php(502): CodeIgniter\CodeIgniter->runController(Object(App\Controllers\NewYachtCRM))
10 SYSTEMPATH\CodeIgniter.php(361): CodeIgniter\CodeIgniter->handleRequest(null, Object(Config\Cache), false)
11 FCPATH\index.php(79): CodeIgniter\CodeIgniter->run()
CRITICAL - 2024-04-05 14:46:15 --> [Caused by] mysqli_sql_exception: Column 'hname' cannot be null
in SYSTEMPATH\Database\MySQLi\Connection.php on line 306.
 1 SYSTEMPATH\Database\MySQLi\Connection.php(306): mysqli->query('INSERT INTO `yacht_booking` (`token`, `hname`, `customer_name`, `ccount`, `phone`, `email`, `address`, `booking_date`, `booking_time`, `plan_description`, `status`, `adate`) VALUES (\'token\', NULL, \'Anjali\', \'2\', \'445115445\', \'anjali@gmail.com\', \'USA\', \'2024-04-25\', \'13:16\', \'3 hour\', \'pending\', \'2024-04-05 14:46:15\')', 0)
 2 SYSTEMPATH\Database\BaseConnection.php(693): CodeIgniter\Database\MySQLi\Connection->execute('INSERT INTO `yacht_booking` (`token`, `hname`, `customer_name`, `ccount`, `phone`, `email`, `address`, `booking_date`, `booking_time`, `plan_description`, `status`, `adate`) VALUES (\'token\', NULL, \'Anjali\', \'2\', \'445115445\', \'anjali@gmail.com\', \'USA\', \'2024-04-25\', \'13:16\', \'3 hour\', \'pending\', \'2024-04-05 14:46:15\')')
 3 SYSTEMPATH\Database\BaseConnection.php(607): CodeIgniter\Database\BaseConnection->simpleQuery('INSERT INTO `yacht_booking` (`token`, `hname`, `customer_name`, `ccount`, `phone`, `email`, `address`, `booking_date`, `booking_time`, `plan_description`, `status`, `adate`) VALUES (\'token\', NULL, \'Anjali\', \'2\', \'445115445\', \'anjali@gmail.com\', \'USA\', \'2024-04-25\', \'13:16\', \'3 hour\', \'pending\', \'2024-04-05 14:46:15\')')
 4 SYSTEMPATH\Database\BaseBuilder.php(2307): CodeIgniter\Database\BaseConnection->query('INSERT INTO `yacht_booking` (`token`, `hname`, `customer_name`, `ccount`, `phone`, `email`, `address`, `booking_date`, `booking_time`, `plan_description`, `status`, `adate`) VALUES (:token:, :hname:, :customer_name:, :ccount:, :phone:, :email:, :address:, :booking_date:, :booking_time:, :plan_description:, :status:, :adate:)', [...], false)
 5 SYSTEMPATH\Model.php(326): CodeIgniter\Database\BaseBuilder->insert()
 6 SYSTEMPATH\BaseModel.php(802): CodeIgniter\Model->doInsert([...])
 7 SYSTEMPATH\Model.php(744): CodeIgniter\BaseModel->insert([...], true)
 8 APPPATH\Controllers\NewYachtCRM.php(104): CodeIgniter\Model->insert([...])
 9 SYSTEMPATH\CodeIgniter.php(941): App\Controllers\NewYachtCRM->saveBooking()
10 SYSTEMPATH\CodeIgniter.php(502): CodeIgniter\CodeIgniter->runController(Object(App\Controllers\NewYachtCRM))
11 SYSTEMPATH\CodeIgniter.php(361): CodeIgniter\CodeIgniter->handleRequest(null, Object(Config\Cache), false)
12 FCPATH\index.php(79): CodeIgniter\CodeIgniter->run()
CRITICAL - 2024-04-05 15:24:30 --> ErrorException: Undefined variable $users
in APPPATH\Views\formEdit.php on line 76.
 1 APPPATH\Views\formEdit.php(76): CodeIgniter\Debug\Exceptions->errorHandler(2, 'Undefined variable $users', 'C:\\xampp\\htdocs\\ciproject\\app\\Views\\formEdit.php', 76)
 2 SYSTEMPATH\View\View.php(228): include('C:\\xampp\\htdocs\\ciproject\\app\\Views\\formEdit.php')
 3 SYSTEMPATH\View\View.php(231): CodeIgniter\View\View->CodeIgniter\View\{closure}()
 4 SYSTEMPATH\Common.php(1178): CodeIgniter\View\View->render('formEdit', [], true)
 5 APPPATH\Controllers\Home.php(376): view('formEdit')
 6 SYSTEMPATH\CodeIgniter.php(941): App\Controllers\Home->form()
 7 SYSTEMPATH\CodeIgniter.php(502): CodeIgniter\CodeIgniter->runController(Object(App\Controllers\Home))
 8 SYSTEMPATH\CodeIgniter.php(361): CodeIgniter\CodeIgniter->handleRequest(null, Object(Config\Cache), false)
 9 FCPATH\index.php(79): CodeIgniter\CodeIgniter->run()
CRITICAL - 2024-04-05 15:29:16 --> ErrorException: Undefined variable $users
in APPPATH\Views\table-responsive.php on line 96.
 1 APPPATH\Views\table-responsive.php(96): CodeIgniter\Debug\Exceptions->errorHandler(2, 'Undefined variable $users', 'C:\\xampp\\htdocs\\ciproject\\app\\Views\\table-responsive.php', 96)
 2 SYSTEMPATH\View\View.php(228): include('C:\\xampp\\htdocs\\ciproject\\app\\Views\\table-responsive.php')
 3 SYSTEMPATH\View\View.php(231): CodeIgniter\View\View->CodeIgniter\View\{closure}()
 4 SYSTEMPATH\Common.php(1178): CodeIgniter\View\View->render('table-responsive', [], true)
 5 APPPATH\Controllers\Home.php(417): view('table-responsive')
 6 SYSTEMPATH\CodeIgniter.php(941): App\Controllers\Home->userHistory()
 7 SYSTEMPATH\CodeIgniter.php(502): CodeIgniter\CodeIgniter->runController(Object(App\Controllers\Home))
 8 SYSTEMPATH\CodeIgniter.php(361): CodeIgniter\CodeIgniter->handleRequest(null, Object(Config\Cache), false)
 9 FCPATH\index.php(79): CodeIgniter\CodeIgniter->run()
ERROR - 2024-04-05 15:31:50 --> mysqli_sql_exception: Column 'name' cannot be null in C:\xampp\htdocs\ciproject\system\Database\MySQLi\Connection.php:306
Stack trace:
#0 C:\xampp\htdocs\ciproject\system\Database\MySQLi\Connection.php(306): mysqli->query('INSERT INTO `lo...', 0)
#1 C:\xampp\htdocs\ciproject\system\Database\BaseConnection.php(693): CodeIgniter\Database\MySQLi\Connection->execute('INSERT INTO `lo...')
#2 C:\xampp\htdocs\ciproject\system\Database\BaseConnection.php(607): CodeIgniter\Database\BaseConnection->simpleQuery('INSERT INTO `lo...')
#3 C:\xampp\htdocs\ciproject\system\Database\BaseBuilder.php(2307): CodeIgniter\Database\BaseConnection->query('INSERT INTO `lo...', Array, false)
#4 C:\xampp\htdocs\ciproject\system\Model.php(326): CodeIgniter\Database\BaseBuilder->insert()
#5 C:\xampp\htdocs\ciproject\system\BaseModel.php(802): CodeIgniter\Model->doInsert(Array)
#6 C:\xampp\htdocs\ciproject\system\Model.php(744): CodeIgniter\BaseModel->insert(Array, false)
#7 C:\xampp\htdocs\ciproject\system\BaseModel.php(713): CodeIgniter\Model->insert(Array, false)
#8 C:\xampp\htdocs\ciproject\app\Controllers\Home.php(171): CodeIgniter\BaseModel->save(Array)
#9 C:\xampp\htdocs\ciproject\system\CodeIgniter.php(941): App\Controllers\Home->logout()
#10 C:\xampp\htdocs\ciproject\system\CodeIgniter.php(502): CodeIgniter\CodeIgniter->runController(Object(App\Controllers\Home))
#11 C:\xampp\htdocs\ciproject\system\CodeIgniter.php(361): CodeIgniter\CodeIgniter->handleRequest(NULL, Object(Config\Cache), false)
#12 C:\xampp\htdocs\ciproject\index.php(79): CodeIgniter\CodeIgniter->run()
#13 {main}
CRITICAL - 2024-04-05 15:31:50 --> CodeIgniter\Database\Exceptions\DatabaseException: Column 'name' cannot be null
in SYSTEMPATH\Database\BaseConnection.php on line 647.
 1 SYSTEMPATH\Database\BaseBuilder.php(2307): CodeIgniter\Database\BaseConnection->query('INSERT INTO `logs` (`name`, `email`, `status`, `data_time`, `IP`, `browser`, `os`) VALUES (:name:, :email:, :status:, :data_time:, :IP:, :browser:, :os:)', [...], false)
 2 SYSTEMPATH\Model.php(326): CodeIgniter\Database\BaseBuilder->insert()
 3 SYSTEMPATH\BaseModel.php(802): CodeIgniter\Model->doInsert([...])
 4 SYSTEMPATH\Model.php(744): CodeIgniter\BaseModel->insert([...], false)
 5 SYSTEMPATH\BaseModel.php(713): CodeIgniter\Model->insert([...], false)
 6 APPPATH\Controllers\Home.php(171): CodeIgniter\BaseModel->save([...])
 7 SYSTEMPATH\CodeIgniter.php(941): App\Controllers\Home->logout()
 8 SYSTEMPATH\CodeIgniter.php(502): CodeIgniter\CodeIgniter->runController(Object(App\Controllers\Home))
 9 SYSTEMPATH\CodeIgniter.php(361): CodeIgniter\CodeIgniter->handleRequest(null, Object(Config\Cache), false)
10 FCPATH\index.php(79): CodeIgniter\CodeIgniter->run()
CRITICAL - 2024-04-05 15:31:50 --> [Caused by] CodeIgniter\Database\Exceptions\DatabaseException: Column 'name' cannot be null
in SYSTEMPATH\Database\MySQLi\Connection.php on line 311.
 1 SYSTEMPATH\Database\BaseConnection.php(693): CodeIgniter\Database\MySQLi\Connection->execute('INSERT INTO `logs` (`name`, `email`, `status`, `data_time`, `IP`, `browser`, `os`) VALUES (NULL, NULL, \'logout\', \'2024-04-05 15:31:50\', \'::1\', \'Mozilla/5.0 (Windows NT 10.0; Win64; x64) AppleWebKit/537.36 (KHTML, like Gecko) Chrome/123.0.0.0 Safari/537.36\', \'Windows 10\')')
 2 SYSTEMPATH\Database\BaseConnection.php(607): CodeIgniter\Database\BaseConnection->simpleQuery('INSERT INTO `logs` (`name`, `email`, `status`, `data_time`, `IP`, `browser`, `os`) VALUES (NULL, NULL, \'logout\', \'2024-04-05 15:31:50\', \'::1\', \'Mozilla/5.0 (Windows NT 10.0; Win64; x64) AppleWebKit/537.36 (KHTML, like Gecko) Chrome/123.0.0.0 Safari/537.36\', \'Windows 10\')')
 3 SYSTEMPATH\Database\BaseBuilder.php(2307): CodeIgniter\Database\BaseConnection->query('INSERT INTO `logs` (`name`, `email`, `status`, `data_time`, `IP`, `browser`, `os`) VALUES (:name:, :email:, :status:, :data_time:, :IP:, :browser:, :os:)', [...], false)
 4 SYSTEMPATH\Model.php(326): CodeIgniter\Database\BaseBuilder->insert()
 5 SYSTEMPATH\BaseModel.php(802): CodeIgniter\Model->doInsert([...])
 6 SYSTEMPATH\Model.php(744): CodeIgniter\BaseModel->insert([...], false)
 7 SYSTEMPATH\BaseModel.php(713): CodeIgniter\Model->insert([...], false)
 8 APPPATH\Controllers\Home.php(171): CodeIgniter\BaseModel->save([...])
 9 SYSTEMPATH\CodeIgniter.php(941): App\Controllers\Home->logout()
10 SYSTEMPATH\CodeIgniter.php(502): CodeIgniter\CodeIgniter->runController(Object(App\Controllers\Home))
11 SYSTEMPATH\CodeIgniter.php(361): CodeIgniter\CodeIgniter->handleRequest(null, Object(Config\Cache), false)
12 FCPATH\index.php(79): CodeIgniter\CodeIgniter->run()
CRITICAL - 2024-04-05 15:31:50 --> [Caused by] mysqli_sql_exception: Column 'name' cannot be null
in SYSTEMPATH\Database\MySQLi\Connection.php on line 306.
 1 SYSTEMPATH\Database\MySQLi\Connection.php(306): mysqli->query('INSERT INTO `logs` (`name`, `email`, `status`, `data_time`, `IP`, `browser`, `os`) VALUES (NULL, NULL, \'logout\', \'2024-04-05 15:31:50\', \'::1\', \'Mozilla/5.0 (Windows NT 10.0; Win64; x64) AppleWebKit/537.36 (KHTML, like Gecko) Chrome/123.0.0.0 Safari/537.36\', \'Windows 10\')', 0)
 2 SYSTEMPATH\Database\BaseConnection.php(693): CodeIgniter\Database\MySQLi\Connection->execute('INSERT INTO `logs` (`name`, `email`, `status`, `data_time`, `IP`, `browser`, `os`) VALUES (NULL, NULL, \'logout\', \'2024-04-05 15:31:50\', \'::1\', \'Mozilla/5.0 (Windows NT 10.0; Win64; x64) AppleWebKit/537.36 (KHTML, like Gecko) Chrome/123.0.0.0 Safari/537.36\', \'Windows 10\')')
 3 SYSTEMPATH\Database\BaseConnection.php(607): CodeIgniter\Database\BaseConnection->simpleQuery('INSERT INTO `logs` (`name`, `email`, `status`, `data_time`, `IP`, `browser`, `os`) VALUES (NULL, NULL, \'logout\', \'2024-04-05 15:31:50\', \'::1\', \'Mozilla/5.0 (Windows NT 10.0; Win64; x64) AppleWebKit/537.36 (KHTML, like Gecko) Chrome/123.0.0.0 Safari/537.36\', \'Windows 10\')')
 4 SYSTEMPATH\Database\BaseBuilder.php(2307): CodeIgniter\Database\BaseConnection->query('INSERT INTO `logs` (`name`, `email`, `status`, `data_time`, `IP`, `browser`, `os`) VALUES (:name:, :email:, :status:, :data_time:, :IP:, :browser:, :os:)', [...], false)
 5 SYSTEMPATH\Model.php(326): CodeIgniter\Database\BaseBuilder->insert()
 6 SYSTEMPATH\BaseModel.php(802): CodeIgniter\Model->doInsert([...])
 7 SYSTEMPATH\Model.php(744): CodeIgniter\BaseModel->insert([...], false)
 8 SYSTEMPATH\BaseModel.php(713): CodeIgniter\Model->insert([...], false)
 9 APPPATH\Controllers\Home.php(171): CodeIgniter\BaseModel->save([...])
10 SYSTEMPATH\CodeIgniter.php(941): App\Controllers\Home->logout()
11 SYSTEMPATH\CodeIgniter.php(502): CodeIgniter\CodeIgniter->runController(Object(App\Controllers\Home))
12 SYSTEMPATH\CodeIgniter.php(361): CodeIgniter\CodeIgniter->handleRequest(null, Object(Config\Cache), false)
13 FCPATH\index.php(79): CodeIgniter\CodeIgniter->run()
