CRITICAL - 2024-02-19 16:17:05 --> ErrorException: Undefined array key "pass"
in APPPATH\Views\tables-datatable.php on line 649.
 1 APPPATH\Views\tables-datatable.php(649): CodeIgniter\Debug\Exceptions->errorHandler(2, 'Undefined array key "pass"', 'C:\\xampp\\htdocs\\mainproject\\app\\Views\\tables-datatable.php', 649)
 2 SYSTEMPATH\View\View.php(228): include('C:\\xampp\\htdocs\\mainproject\\app\\Views\\tables-datatable.php')
 3 SYSTEMPATH\View\View.php(231): CodeIgniter\View\View->CodeIgniter\View\{closure}()
 4 SYSTEMPATH\Common.php(1178): CodeIgniter\View\View->render('tables-datatable', [], true)
 5 APPPATH\Controllers\Home.php(242): view('tables-datatable', [...])
 6 SYSTEMPATH\CodeIgniter.php(941): App\Controllers\Home->do_userData()
 7 SYSTEMPATH\CodeIgniter.php(502): CodeIgniter\CodeIgniter->runController(Object(App\Controllers\Home))
 8 SYSTEMPATH\CodeIgniter.php(361): CodeIgniter\CodeIgniter->handleRequest(null, Object(Config\Cache), false)
 9 FCPATH\index.php(79): CodeIgniter\CodeIgniter->run()
CRITICAL - 2024-02-19 16:31:19 --> ParseError: syntax error, unexpected token ";", expecting "]"
in APPPATH\Controllers\Home.php on line 88.
 1 SYSTEMPATH\Autoloader\Autoloader.php(288): CodeIgniter\Autoloader\Autoloader->includeFile('C:\\xampp\\htdocs\\mainproject\\app\\Controllers\\Home.php')
 2 SYSTEMPATH\Autoloader\Autoloader.php(266): CodeIgniter\Autoloader\Autoloader->loadInNamespace('App\\Controllers\\Home')
 3 [internal function]: CodeIgniter\Autoloader\Autoloader->loadClass('App\\Controllers\\Home')
 4 SYSTEMPATH\CodeIgniter.php(899): class_exists('\\App\\Controllers\\Home', true)
 5 SYSTEMPATH\CodeIgniter.php(489): CodeIgniter\CodeIgniter->startController()
 6 SYSTEMPATH\CodeIgniter.php(361): CodeIgniter\CodeIgniter->handleRequest(null, Object(Config\Cache), false)
 7 FCPATH\index.php(79): CodeIgniter\CodeIgniter->run()
