CRITICAL - 2024-05-22 17:49:52 --> ParseError: syntax error, unexpected token ";", expecting ")"
in APPPATH\Views\yachtProject\us\yacht-list.php on line 219.
 1 SYSTEMPATH\View\View.php(231): CodeIgniter\View\View->CodeIgniter\View\{closure}()
 2 SYSTEMPATH\Common.php(1178): CodeIgniter\View\View->render('yachtProject/us/yacht-list', [], true)
 3 APPPATH\Controllers\Yacht.php(66): view('yachtProject/us/yacht-list', [...])
 4 SYSTEMPATH\CodeIgniter.php(941): App\Controllers\Yacht->yachtList()
 5 SYSTEMPATH\CodeIgniter.php(502): CodeIgniter\CodeIgniter->runController(Object(App\Controllers\Yacht))
 6 SYSTEMPATH\CodeIgniter.php(361): CodeIgniter\CodeIgniter->handleRequest(null, Object(Config\Cache), false)
 7 FCPATH\index.php(79): CodeIgniter\CodeIgniter->run()
CRITICAL - 2024-05-22 17:50:21 --> ParseError: syntax error, unexpected token ";", expecting ")"
in APPPATH\Views\yachtProject\us\yacht-list.php on line 219.
 1 SYSTEMPATH\View\View.php(231): CodeIgniter\View\View->CodeIgniter\View\{closure}()
 2 SYSTEMPATH\Common.php(1178): CodeIgniter\View\View->render('yachtProject/us/yacht-list', [], true)
 3 APPPATH\Controllers\Yacht.php(66): view('yachtProject/us/yacht-list', [...])
 4 SYSTEMPATH\CodeIgniter.php(941): App\Controllers\Yacht->yachtList()
 5 SYSTEMPATH\CodeIgniter.php(502): CodeIgniter\CodeIgniter->runController(Object(App\Controllers\Yacht))
 6 SYSTEMPATH\CodeIgniter.php(361): CodeIgniter\CodeIgniter->handleRequest(null, Object(Config\Cache), false)
 7 FCPATH\index.php(79): CodeIgniter\CodeIgniter->run()
CRITICAL - 2024-05-22 17:50:22 --> ParseError: syntax error, unexpected token ";", expecting ")"
in APPPATH\Views\yachtProject\us\yacht-list.php on line 219.
 1 SYSTEMPATH\View\View.php(231): CodeIgniter\View\View->CodeIgniter\View\{closure}()
 2 SYSTEMPATH\Common.php(1178): CodeIgniter\View\View->render('yachtProject/us/yacht-list', [], true)
 3 APPPATH\Controllers\Yacht.php(66): view('yachtProject/us/yacht-list', [...])
 4 SYSTEMPATH\CodeIgniter.php(941): App\Controllers\Yacht->yachtList()
 5 SYSTEMPATH\CodeIgniter.php(502): CodeIgniter\CodeIgniter->runController(Object(App\Controllers\Yacht))
 6 SYSTEMPATH\CodeIgniter.php(361): CodeIgniter\CodeIgniter->handleRequest(null, Object(Config\Cache), false)
 7 FCPATH\index.php(79): CodeIgniter\CodeIgniter->run()
CRITICAL - 2024-05-22 17:50:22 --> ParseError: syntax error, unexpected token ";", expecting ")"
in APPPATH\Views\yachtProject\us\yacht-list.php on line 219.
 1 SYSTEMPATH\View\View.php(231): CodeIgniter\View\View->CodeIgniter\View\{closure}()
 2 SYSTEMPATH\Common.php(1178): CodeIgniter\View\View->render('yachtProject/us/yacht-list', [], true)
 3 APPPATH\Controllers\Yacht.php(66): view('yachtProject/us/yacht-list', [...])
 4 SYSTEMPATH\CodeIgniter.php(941): App\Controllers\Yacht->yachtList()
 5 SYSTEMPATH\CodeIgniter.php(502): CodeIgniter\CodeIgniter->runController(Object(App\Controllers\Yacht))
 6 SYSTEMPATH\CodeIgniter.php(361): CodeIgniter\CodeIgniter->handleRequest(null, Object(Config\Cache), false)
 7 FCPATH\index.php(79): CodeIgniter\CodeIgniter->run()
CRITICAL - 2024-05-22 17:50:22 --> ParseError: syntax error, unexpected token ";", expecting ")"
in APPPATH\Views\yachtProject\us\yacht-list.php on line 219.
 1 SYSTEMPATH\View\View.php(231): CodeIgniter\View\View->CodeIgniter\View\{closure}()
 2 SYSTEMPATH\Common.php(1178): CodeIgniter\View\View->render('yachtProject/us/yacht-list', [], true)
 3 APPPATH\Controllers\Yacht.php(66): view('yachtProject/us/yacht-list', [...])
 4 SYSTEMPATH\CodeIgniter.php(941): App\Controllers\Yacht->yachtList()
 5 SYSTEMPATH\CodeIgniter.php(502): CodeIgniter\CodeIgniter->runController(Object(App\Controllers\Yacht))
 6 SYSTEMPATH\CodeIgniter.php(361): CodeIgniter\CodeIgniter->handleRequest(null, Object(Config\Cache), false)
 7 FCPATH\index.php(79): CodeIgniter\CodeIgniter->run()
CRITICAL - 2024-05-22 17:50:37 --> ParseError: syntax error, unexpected token ";", expecting ")"
in APPPATH\Views\yachtProject\us\yacht-list.php on line 219.
 1 SYSTEMPATH\View\View.php(231): CodeIgniter\View\View->CodeIgniter\View\{closure}()
 2 SYSTEMPATH\Common.php(1178): CodeIgniter\View\View->render('yachtProject/us/yacht-list', [], true)
 3 APPPATH\Controllers\Yacht.php(66): view('yachtProject/us/yacht-list', [...])
 4 SYSTEMPATH\CodeIgniter.php(941): App\Controllers\Yacht->yachtList()
 5 SYSTEMPATH\CodeIgniter.php(502): CodeIgniter\CodeIgniter->runController(Object(App\Controllers\Yacht))
 6 SYSTEMPATH\CodeIgniter.php(361): CodeIgniter\CodeIgniter->handleRequest(null, Object(Config\Cache), false)
 7 FCPATH\index.php(79): CodeIgniter\CodeIgniter->run()
CRITICAL - 2024-05-22 17:50:38 --> ParseError: syntax error, unexpected token ";", expecting ")"
in APPPATH\Views\yachtProject\us\yacht-list.php on line 219.
 1 SYSTEMPATH\View\View.php(231): CodeIgniter\View\View->CodeIgniter\View\{closure}()
 2 SYSTEMPATH\Common.php(1178): CodeIgniter\View\View->render('yachtProject/us/yacht-list', [], true)
 3 APPPATH\Controllers\Yacht.php(66): view('yachtProject/us/yacht-list', [...])
 4 SYSTEMPATH\CodeIgniter.php(941): App\Controllers\Yacht->yachtList()
 5 SYSTEMPATH\CodeIgniter.php(502): CodeIgniter\CodeIgniter->runController(Object(App\Controllers\Yacht))
 6 SYSTEMPATH\CodeIgniter.php(361): CodeIgniter\CodeIgniter->handleRequest(null, Object(Config\Cache), false)
 7 FCPATH\index.php(79): CodeIgniter\CodeIgniter->run()
CRITICAL - 2024-05-22 17:50:39 --> ParseError: syntax error, unexpected token ";", expecting ")"
in APPPATH\Views\yachtProject\us\yacht-list.php on line 219.
 1 SYSTEMPATH\View\View.php(231): CodeIgniter\View\View->CodeIgniter\View\{closure}()
 2 SYSTEMPATH\Common.php(1178): CodeIgniter\View\View->render('yachtProject/us/yacht-list', [], true)
 3 APPPATH\Controllers\Yacht.php(66): view('yachtProject/us/yacht-list', [...])
 4 SYSTEMPATH\CodeIgniter.php(941): App\Controllers\Yacht->yachtList()
 5 SYSTEMPATH\CodeIgniter.php(502): CodeIgniter\CodeIgniter->runController(Object(App\Controllers\Yacht))
 6 SYSTEMPATH\CodeIgniter.php(361): CodeIgniter\CodeIgniter->handleRequest(null, Object(Config\Cache), false)
 7 FCPATH\index.php(79): CodeIgniter\CodeIgniter->run()
CRITICAL - 2024-05-22 17:50:39 --> ParseError: syntax error, unexpected token ";", expecting ")"
in APPPATH\Views\yachtProject\us\yacht-list.php on line 219.
 1 SYSTEMPATH\View\View.php(231): CodeIgniter\View\View->CodeIgniter\View\{closure}()
 2 SYSTEMPATH\Common.php(1178): CodeIgniter\View\View->render('yachtProject/us/yacht-list', [], true)
 3 APPPATH\Controllers\Yacht.php(66): view('yachtProject/us/yacht-list', [...])
 4 SYSTEMPATH\CodeIgniter.php(941): App\Controllers\Yacht->yachtList()
 5 SYSTEMPATH\CodeIgniter.php(502): CodeIgniter\CodeIgniter->runController(Object(App\Controllers\Yacht))
 6 SYSTEMPATH\CodeIgniter.php(361): CodeIgniter\CodeIgniter->handleRequest(null, Object(Config\Cache), false)
 7 FCPATH\index.php(79): CodeIgniter\CodeIgniter->run()
CRITICAL - 2024-05-22 17:50:40 --> ParseError: syntax error, unexpected token ";", expecting ")"
in APPPATH\Views\yachtProject\us\yacht-list.php on line 219.
 1 SYSTEMPATH\View\View.php(231): CodeIgniter\View\View->CodeIgniter\View\{closure}()
 2 SYSTEMPATH\Common.php(1178): CodeIgniter\View\View->render('yachtProject/us/yacht-list', [], true)
 3 APPPATH\Controllers\Yacht.php(66): view('yachtProject/us/yacht-list', [...])
 4 SYSTEMPATH\CodeIgniter.php(941): App\Controllers\Yacht->yachtList()
 5 SYSTEMPATH\CodeIgniter.php(502): CodeIgniter\CodeIgniter->runController(Object(App\Controllers\Yacht))
 6 SYSTEMPATH\CodeIgniter.php(361): CodeIgniter\CodeIgniter->handleRequest(null, Object(Config\Cache), false)
 7 FCPATH\index.php(79): CodeIgniter\CodeIgniter->run()
CRITICAL - 2024-05-22 17:50:42 --> ParseError: syntax error, unexpected token ";", expecting ")"
in APPPATH\Views\yachtProject\us\yacht-list.php on line 219.
 1 SYSTEMPATH\View\View.php(231): CodeIgniter\View\View->CodeIgniter\View\{closure}()
 2 SYSTEMPATH\Common.php(1178): CodeIgniter\View\View->render('yachtProject/us/yacht-list', [], true)
 3 APPPATH\Controllers\Yacht.php(66): view('yachtProject/us/yacht-list', [...])
 4 SYSTEMPATH\CodeIgniter.php(941): App\Controllers\Yacht->yachtList()
 5 SYSTEMPATH\CodeIgniter.php(502): CodeIgniter\CodeIgniter->runController(Object(App\Controllers\Yacht))
 6 SYSTEMPATH\CodeIgniter.php(361): CodeIgniter\CodeIgniter->handleRequest(null, Object(Config\Cache), false)
 7 FCPATH\index.php(79): CodeIgniter\CodeIgniter->run()
CRITICAL - 2024-05-22 17:51:01 --> ParseError: syntax error, unexpected token ";", expecting ")"
in APPPATH\Views\yachtProject\us\yacht-list.php on line 219.
 1 SYSTEMPATH\View\View.php(231): CodeIgniter\View\View->CodeIgniter\View\{closure}()
 2 SYSTEMPATH\Common.php(1178): CodeIgniter\View\View->render('yachtProject/us/yacht-list', [], true)
 3 APPPATH\Controllers\Yacht.php(66): view('yachtProject/us/yacht-list', [...])
 4 SYSTEMPATH\CodeIgniter.php(941): App\Controllers\Yacht->yachtList()
 5 SYSTEMPATH\CodeIgniter.php(502): CodeIgniter\CodeIgniter->runController(Object(App\Controllers\Yacht))
 6 SYSTEMPATH\CodeIgniter.php(361): CodeIgniter\CodeIgniter->handleRequest(null, Object(Config\Cache), false)
 7 FCPATH\index.php(79): CodeIgniter\CodeIgniter->run()
CRITICAL - 2024-05-22 17:51:20 --> ParseError: syntax error, unexpected token ";", expecting ")"
in APPPATH\Views\yachtProject\us\yacht-list.php on line 219.
 1 SYSTEMPATH\View\View.php(231): CodeIgniter\View\View->CodeIgniter\View\{closure}()
 2 SYSTEMPATH\Common.php(1178): CodeIgniter\View\View->render('yachtProject/us/yacht-list', [], true)
 3 APPPATH\Controllers\Yacht.php(66): view('yachtProject/us/yacht-list', [...])
 4 SYSTEMPATH\CodeIgniter.php(941): App\Controllers\Yacht->yachtList()
 5 SYSTEMPATH\CodeIgniter.php(502): CodeIgniter\CodeIgniter->runController(Object(App\Controllers\Yacht))
 6 SYSTEMPATH\CodeIgniter.php(361): CodeIgniter\CodeIgniter->handleRequest(null, Object(Config\Cache), false)
 7 FCPATH\index.php(79): CodeIgniter\CodeIgniter->run()
CRITICAL - 2024-05-22 17:51:20 --> ParseError: syntax error, unexpected token ";", expecting ")"
in APPPATH\Views\yachtProject\us\yacht-list.php on line 219.
 1 SYSTEMPATH\View\View.php(231): CodeIgniter\View\View->CodeIgniter\View\{closure}()
 2 SYSTEMPATH\Common.php(1178): CodeIgniter\View\View->render('yachtProject/us/yacht-list', [], true)
 3 APPPATH\Controllers\Yacht.php(66): view('yachtProject/us/yacht-list', [...])
 4 SYSTEMPATH\CodeIgniter.php(941): App\Controllers\Yacht->yachtList()
 5 SYSTEMPATH\CodeIgniter.php(502): CodeIgniter\CodeIgniter->runController(Object(App\Controllers\Yacht))
 6 SYSTEMPATH\CodeIgniter.php(361): CodeIgniter\CodeIgniter->handleRequest(null, Object(Config\Cache), false)
 7 FCPATH\index.php(79): CodeIgniter\CodeIgniter->run()
CRITICAL - 2024-05-22 17:51:20 --> ParseError: syntax error, unexpected token ";", expecting ")"
in APPPATH\Views\yachtProject\us\yacht-list.php on line 219.
 1 SYSTEMPATH\View\View.php(231): CodeIgniter\View\View->CodeIgniter\View\{closure}()
 2 SYSTEMPATH\Common.php(1178): CodeIgniter\View\View->render('yachtProject/us/yacht-list', [], true)
 3 APPPATH\Controllers\Yacht.php(66): view('yachtProject/us/yacht-list', [...])
 4 SYSTEMPATH\CodeIgniter.php(941): App\Controllers\Yacht->yachtList()
 5 SYSTEMPATH\CodeIgniter.php(502): CodeIgniter\CodeIgniter->runController(Object(App\Controllers\Yacht))
 6 SYSTEMPATH\CodeIgniter.php(361): CodeIgniter\CodeIgniter->handleRequest(null, Object(Config\Cache), false)
 7 FCPATH\index.php(79): CodeIgniter\CodeIgniter->run()
CRITICAL - 2024-05-22 17:51:24 --> ParseError: syntax error, unexpected token ";", expecting ")"
in APPPATH\Views\yachtProject\us\yacht-list.php on line 219.
 1 SYSTEMPATH\View\View.php(231): CodeIgniter\View\View->CodeIgniter\View\{closure}()
 2 SYSTEMPATH\Common.php(1178): CodeIgniter\View\View->render('yachtProject/us/yacht-list', [], true)
 3 APPPATH\Controllers\Yacht.php(66): view('yachtProject/us/yacht-list', [...])
 4 SYSTEMPATH\CodeIgniter.php(941): App\Controllers\Yacht->yachtList()
 5 SYSTEMPATH\CodeIgniter.php(502): CodeIgniter\CodeIgniter->runController(Object(App\Controllers\Yacht))
 6 SYSTEMPATH\CodeIgniter.php(361): CodeIgniter\CodeIgniter->handleRequest(null, Object(Config\Cache), false)
 7 FCPATH\index.php(79): CodeIgniter\CodeIgniter->run()
CRITICAL - 2024-05-22 17:51:27 --> ParseError: syntax error, unexpected token ";", expecting ")"
in APPPATH\Views\yachtProject\us\yacht-list.php on line 219.
 1 SYSTEMPATH\View\View.php(231): CodeIgniter\View\View->CodeIgniter\View\{closure}()
 2 SYSTEMPATH\Common.php(1178): CodeIgniter\View\View->render('yachtProject/us/yacht-list', [], true)
 3 APPPATH\Controllers\Yacht.php(66): view('yachtProject/us/yacht-list', [...])
 4 SYSTEMPATH\CodeIgniter.php(941): App\Controllers\Yacht->yachtList()
 5 SYSTEMPATH\CodeIgniter.php(502): CodeIgniter\CodeIgniter->runController(Object(App\Controllers\Yacht))
 6 SYSTEMPATH\CodeIgniter.php(361): CodeIgniter\CodeIgniter->handleRequest(null, Object(Config\Cache), false)
 7 FCPATH\index.php(79): CodeIgniter\CodeIgniter->run()
CRITICAL - 2024-05-22 17:51:39 --> ParseError: syntax error, unexpected token ";", expecting ")"
in APPPATH\Views\yachtProject\us\yacht-list.php on line 219.
 1 SYSTEMPATH\View\View.php(231): CodeIgniter\View\View->CodeIgniter\View\{closure}()
 2 SYSTEMPATH\Common.php(1178): CodeIgniter\View\View->render('yachtProject/us/yacht-list', [], true)
 3 APPPATH\Controllers\Yacht.php(66): view('yachtProject/us/yacht-list', [...])
 4 SYSTEMPATH\CodeIgniter.php(941): App\Controllers\Yacht->yachtList()
 5 SYSTEMPATH\CodeIgniter.php(502): CodeIgniter\CodeIgniter->runController(Object(App\Controllers\Yacht))
 6 SYSTEMPATH\CodeIgniter.php(361): CodeIgniter\CodeIgniter->handleRequest(null, Object(Config\Cache), false)
 7 FCPATH\index.php(79): CodeIgniter\CodeIgniter->run()
CRITICAL - 2024-05-22 17:51:39 --> ParseError: syntax error, unexpected token ";", expecting ")"
in APPPATH\Views\yachtProject\us\yacht-list.php on line 219.
 1 SYSTEMPATH\View\View.php(231): CodeIgniter\View\View->CodeIgniter\View\{closure}()
 2 SYSTEMPATH\Common.php(1178): CodeIgniter\View\View->render('yachtProject/us/yacht-list', [], true)
 3 APPPATH\Controllers\Yacht.php(66): view('yachtProject/us/yacht-list', [...])
 4 SYSTEMPATH\CodeIgniter.php(941): App\Controllers\Yacht->yachtList()
 5 SYSTEMPATH\CodeIgniter.php(502): CodeIgniter\CodeIgniter->runController(Object(App\Controllers\Yacht))
 6 SYSTEMPATH\CodeIgniter.php(361): CodeIgniter\CodeIgniter->handleRequest(null, Object(Config\Cache), false)
 7 FCPATH\index.php(79): CodeIgniter\CodeIgniter->run()
CRITICAL - 2024-05-22 17:51:39 --> ParseError: syntax error, unexpected token ";", expecting ")"
in APPPATH\Views\yachtProject\us\yacht-list.php on line 219.
 1 SYSTEMPATH\View\View.php(231): CodeIgniter\View\View->CodeIgniter\View\{closure}()
 2 SYSTEMPATH\Common.php(1178): CodeIgniter\View\View->render('yachtProject/us/yacht-list', [], true)
 3 APPPATH\Controllers\Yacht.php(66): view('yachtProject/us/yacht-list', [...])
 4 SYSTEMPATH\CodeIgniter.php(941): App\Controllers\Yacht->yachtList()
 5 SYSTEMPATH\CodeIgniter.php(502): CodeIgniter\CodeIgniter->runController(Object(App\Controllers\Yacht))
 6 SYSTEMPATH\CodeIgniter.php(361): CodeIgniter\CodeIgniter->handleRequest(null, Object(Config\Cache), false)
 7 FCPATH\index.php(79): CodeIgniter\CodeIgniter->run()
CRITICAL - 2024-05-22 17:51:39 --> ParseError: syntax error, unexpected token ";", expecting ")"
in APPPATH\Views\yachtProject\us\yacht-list.php on line 219.
 1 SYSTEMPATH\View\View.php(231): CodeIgniter\View\View->CodeIgniter\View\{closure}()
 2 SYSTEMPATH\Common.php(1178): CodeIgniter\View\View->render('yachtProject/us/yacht-list', [], true)
 3 APPPATH\Controllers\Yacht.php(66): view('yachtProject/us/yacht-list', [...])
 4 SYSTEMPATH\CodeIgniter.php(941): App\Controllers\Yacht->yachtList()
 5 SYSTEMPATH\CodeIgniter.php(502): CodeIgniter\CodeIgniter->runController(Object(App\Controllers\Yacht))
 6 SYSTEMPATH\CodeIgniter.php(361): CodeIgniter\CodeIgniter->handleRequest(null, Object(Config\Cache), false)
 7 FCPATH\index.php(79): CodeIgniter\CodeIgniter->run()
CRITICAL - 2024-05-22 17:51:40 --> ParseError: syntax error, unexpected token ";", expecting ")"
in APPPATH\Views\yachtProject\us\yacht-list.php on line 219.
 1 SYSTEMPATH\View\View.php(231): CodeIgniter\View\View->CodeIgniter\View\{closure}()
 2 SYSTEMPATH\Common.php(1178): CodeIgniter\View\View->render('yachtProject/us/yacht-list', [], true)
 3 APPPATH\Controllers\Yacht.php(66): view('yachtProject/us/yacht-list', [...])
 4 SYSTEMPATH\CodeIgniter.php(941): App\Controllers\Yacht->yachtList()
 5 SYSTEMPATH\CodeIgniter.php(502): CodeIgniter\CodeIgniter->runController(Object(App\Controllers\Yacht))
 6 SYSTEMPATH\CodeIgniter.php(361): CodeIgniter\CodeIgniter->handleRequest(null, Object(Config\Cache), false)
 7 FCPATH\index.php(79): CodeIgniter\CodeIgniter->run()
CRITICAL - 2024-05-22 17:51:40 --> ParseError: syntax error, unexpected token ";", expecting ")"
in APPPATH\Views\yachtProject\us\yacht-list.php on line 219.
 1 SYSTEMPATH\View\View.php(231): CodeIgniter\View\View->CodeIgniter\View\{closure}()
 2 SYSTEMPATH\Common.php(1178): CodeIgniter\View\View->render('yachtProject/us/yacht-list', [], true)
 3 APPPATH\Controllers\Yacht.php(66): view('yachtProject/us/yacht-list', [...])
 4 SYSTEMPATH\CodeIgniter.php(941): App\Controllers\Yacht->yachtList()
 5 SYSTEMPATH\CodeIgniter.php(502): CodeIgniter\CodeIgniter->runController(Object(App\Controllers\Yacht))
 6 SYSTEMPATH\CodeIgniter.php(361): CodeIgniter\CodeIgniter->handleRequest(null, Object(Config\Cache), false)
 7 FCPATH\index.php(79): CodeIgniter\CodeIgniter->run()
CRITICAL - 2024-05-22 17:51:40 --> ParseError: syntax error, unexpected token ";", expecting ")"
in APPPATH\Views\yachtProject\us\yacht-list.php on line 219.
 1 SYSTEMPATH\View\View.php(231): CodeIgniter\View\View->CodeIgniter\View\{closure}()
 2 SYSTEMPATH\Common.php(1178): CodeIgniter\View\View->render('yachtProject/us/yacht-list', [], true)
 3 APPPATH\Controllers\Yacht.php(66): view('yachtProject/us/yacht-list', [...])
 4 SYSTEMPATH\CodeIgniter.php(941): App\Controllers\Yacht->yachtList()
 5 SYSTEMPATH\CodeIgniter.php(502): CodeIgniter\CodeIgniter->runController(Object(App\Controllers\Yacht))
 6 SYSTEMPATH\CodeIgniter.php(361): CodeIgniter\CodeIgniter->handleRequest(null, Object(Config\Cache), false)
 7 FCPATH\index.php(79): CodeIgniter\CodeIgniter->run()
CRITICAL - 2024-05-22 17:51:40 --> ParseError: syntax error, unexpected token ";", expecting ")"
in APPPATH\Views\yachtProject\us\yacht-list.php on line 219.
 1 SYSTEMPATH\View\View.php(231): CodeIgniter\View\View->CodeIgniter\View\{closure}()
 2 SYSTEMPATH\Common.php(1178): CodeIgniter\View\View->render('yachtProject/us/yacht-list', [], true)
 3 APPPATH\Controllers\Yacht.php(66): view('yachtProject/us/yacht-list', [...])
 4 SYSTEMPATH\CodeIgniter.php(941): App\Controllers\Yacht->yachtList()
 5 SYSTEMPATH\CodeIgniter.php(502): CodeIgniter\CodeIgniter->runController(Object(App\Controllers\Yacht))
 6 SYSTEMPATH\CodeIgniter.php(361): CodeIgniter\CodeIgniter->handleRequest(null, Object(Config\Cache), false)
 7 FCPATH\index.php(79): CodeIgniter\CodeIgniter->run()
CRITICAL - 2024-05-22 17:51:51 --> ParseError: syntax error, unexpected token ";", expecting ")"
in APPPATH\Views\yachtProject\us\yacht-list.php on line 219.
 1 SYSTEMPATH\View\View.php(231): CodeIgniter\View\View->CodeIgniter\View\{closure}()
 2 SYSTEMPATH\Common.php(1178): CodeIgniter\View\View->render('yachtProject/us/yacht-list', [], true)
 3 APPPATH\Controllers\Yacht.php(66): view('yachtProject/us/yacht-list', [...])
 4 SYSTEMPATH\CodeIgniter.php(941): App\Controllers\Yacht->yachtList()
 5 SYSTEMPATH\CodeIgniter.php(502): CodeIgniter\CodeIgniter->runController(Object(App\Controllers\Yacht))
 6 SYSTEMPATH\CodeIgniter.php(361): CodeIgniter\CodeIgniter->handleRequest(null, Object(Config\Cache), false)
 7 FCPATH\index.php(79): CodeIgniter\CodeIgniter->run()
CRITICAL - 2024-05-22 17:51:51 --> ParseError: syntax error, unexpected token ";", expecting ")"
in APPPATH\Views\yachtProject\us\yacht-list.php on line 219.
 1 SYSTEMPATH\View\View.php(231): CodeIgniter\View\View->CodeIgniter\View\{closure}()
 2 SYSTEMPATH\Common.php(1178): CodeIgniter\View\View->render('yachtProject/us/yacht-list', [], true)
 3 APPPATH\Controllers\Yacht.php(66): view('yachtProject/us/yacht-list', [...])
 4 SYSTEMPATH\CodeIgniter.php(941): App\Controllers\Yacht->yachtList()
 5 SYSTEMPATH\CodeIgniter.php(502): CodeIgniter\CodeIgniter->runController(Object(App\Controllers\Yacht))
 6 SYSTEMPATH\CodeIgniter.php(361): CodeIgniter\CodeIgniter->handleRequest(null, Object(Config\Cache), false)
 7 FCPATH\index.php(79): CodeIgniter\CodeIgniter->run()
CRITICAL - 2024-05-22 17:51:52 --> ParseError: syntax error, unexpected token ";", expecting ")"
in APPPATH\Views\yachtProject\us\yacht-list.php on line 219.
 1 SYSTEMPATH\View\View.php(231): CodeIgniter\View\View->CodeIgniter\View\{closure}()
 2 SYSTEMPATH\Common.php(1178): CodeIgniter\View\View->render('yachtProject/us/yacht-list', [], true)
 3 APPPATH\Controllers\Yacht.php(66): view('yachtProject/us/yacht-list', [...])
 4 SYSTEMPATH\CodeIgniter.php(941): App\Controllers\Yacht->yachtList()
 5 SYSTEMPATH\CodeIgniter.php(502): CodeIgniter\CodeIgniter->runController(Object(App\Controllers\Yacht))
 6 SYSTEMPATH\CodeIgniter.php(361): CodeIgniter\CodeIgniter->handleRequest(null, Object(Config\Cache), false)
 7 FCPATH\index.php(79): CodeIgniter\CodeIgniter->run()
CRITICAL - 2024-05-22 17:51:52 --> ParseError: syntax error, unexpected token ";", expecting ")"
in APPPATH\Views\yachtProject\us\yacht-list.php on line 219.
 1 SYSTEMPATH\View\View.php(231): CodeIgniter\View\View->CodeIgniter\View\{closure}()
 2 SYSTEMPATH\Common.php(1178): CodeIgniter\View\View->render('yachtProject/us/yacht-list', [], true)
 3 APPPATH\Controllers\Yacht.php(66): view('yachtProject/us/yacht-list', [...])
 4 SYSTEMPATH\CodeIgniter.php(941): App\Controllers\Yacht->yachtList()
 5 SYSTEMPATH\CodeIgniter.php(502): CodeIgniter\CodeIgniter->runController(Object(App\Controllers\Yacht))
 6 SYSTEMPATH\CodeIgniter.php(361): CodeIgniter\CodeIgniter->handleRequest(null, Object(Config\Cache), false)
 7 FCPATH\index.php(79): CodeIgniter\CodeIgniter->run()
CRITICAL - 2024-05-22 17:51:52 --> ParseError: syntax error, unexpected token ";", expecting ")"
in APPPATH\Views\yachtProject\us\yacht-list.php on line 219.
 1 SYSTEMPATH\View\View.php(231): CodeIgniter\View\View->CodeIgniter\View\{closure}()
 2 SYSTEMPATH\Common.php(1178): CodeIgniter\View\View->render('yachtProject/us/yacht-list', [], true)
 3 APPPATH\Controllers\Yacht.php(66): view('yachtProject/us/yacht-list', [...])
 4 SYSTEMPATH\CodeIgniter.php(941): App\Controllers\Yacht->yachtList()
 5 SYSTEMPATH\CodeIgniter.php(502): CodeIgniter\CodeIgniter->runController(Object(App\Controllers\Yacht))
 6 SYSTEMPATH\CodeIgniter.php(361): CodeIgniter\CodeIgniter->handleRequest(null, Object(Config\Cache), false)
 7 FCPATH\index.php(79): CodeIgniter\CodeIgniter->run()
CRITICAL - 2024-05-22 17:51:52 --> ParseError: syntax error, unexpected token ";", expecting ")"
in APPPATH\Views\yachtProject\us\yacht-list.php on line 219.
 1 SYSTEMPATH\View\View.php(231): CodeIgniter\View\View->CodeIgniter\View\{closure}()
 2 SYSTEMPATH\Common.php(1178): CodeIgniter\View\View->render('yachtProject/us/yacht-list', [], true)
 3 APPPATH\Controllers\Yacht.php(66): view('yachtProject/us/yacht-list', [...])
 4 SYSTEMPATH\CodeIgniter.php(941): App\Controllers\Yacht->yachtList()
 5 SYSTEMPATH\CodeIgniter.php(502): CodeIgniter\CodeIgniter->runController(Object(App\Controllers\Yacht))
 6 SYSTEMPATH\CodeIgniter.php(361): CodeIgniter\CodeIgniter->handleRequest(null, Object(Config\Cache), false)
 7 FCPATH\index.php(79): CodeIgniter\CodeIgniter->run()
CRITICAL - 2024-05-22 17:51:53 --> ParseError: syntax error, unexpected token ";", expecting ")"
in APPPATH\Views\yachtProject\us\yacht-list.php on line 219.
 1 SYSTEMPATH\View\View.php(231): CodeIgniter\View\View->CodeIgniter\View\{closure}()
 2 SYSTEMPATH\Common.php(1178): CodeIgniter\View\View->render('yachtProject/us/yacht-list', [], true)
 3 APPPATH\Controllers\Yacht.php(66): view('yachtProject/us/yacht-list', [...])
 4 SYSTEMPATH\CodeIgniter.php(941): App\Controllers\Yacht->yachtList()
 5 SYSTEMPATH\CodeIgniter.php(502): CodeIgniter\CodeIgniter->runController(Object(App\Controllers\Yacht))
 6 SYSTEMPATH\CodeIgniter.php(361): CodeIgniter\CodeIgniter->handleRequest(null, Object(Config\Cache), false)
 7 FCPATH\index.php(79): CodeIgniter\CodeIgniter->run()
CRITICAL - 2024-05-22 17:51:54 --> ParseError: syntax error, unexpected token ";", expecting ")"
in APPPATH\Views\yachtProject\us\yacht-list.php on line 219.
 1 SYSTEMPATH\View\View.php(231): CodeIgniter\View\View->CodeIgniter\View\{closure}()
 2 SYSTEMPATH\Common.php(1178): CodeIgniter\View\View->render('yachtProject/us/yacht-list', [], true)
 3 APPPATH\Controllers\Yacht.php(66): view('yachtProject/us/yacht-list', [...])
 4 SYSTEMPATH\CodeIgniter.php(941): App\Controllers\Yacht->yachtList()
 5 SYSTEMPATH\CodeIgniter.php(502): CodeIgniter\CodeIgniter->runController(Object(App\Controllers\Yacht))
 6 SYSTEMPATH\CodeIgniter.php(361): CodeIgniter\CodeIgniter->handleRequest(null, Object(Config\Cache), false)
 7 FCPATH\index.php(79): CodeIgniter\CodeIgniter->run()
CRITICAL - 2024-05-22 17:52:10 --> ParseError: syntax error, unexpected token ";", expecting ")"
in APPPATH\Views\yachtProject\us\yacht-list.php on line 219.
 1 SYSTEMPATH\View\View.php(231): CodeIgniter\View\View->CodeIgniter\View\{closure}()
 2 SYSTEMPATH\Common.php(1178): CodeIgniter\View\View->render('yachtProject/us/yacht-list', [], true)
 3 APPPATH\Controllers\Yacht.php(66): view('yachtProject/us/yacht-list', [...])
 4 SYSTEMPATH\CodeIgniter.php(941): App\Controllers\Yacht->yachtList()
 5 SYSTEMPATH\CodeIgniter.php(502): CodeIgniter\CodeIgniter->runController(Object(App\Controllers\Yacht))
 6 SYSTEMPATH\CodeIgniter.php(361): CodeIgniter\CodeIgniter->handleRequest(null, Object(Config\Cache), false)
 7 FCPATH\index.php(79): CodeIgniter\CodeIgniter->run()
CRITICAL - 2024-05-22 17:52:11 --> ParseError: syntax error, unexpected token ";", expecting ")"
in APPPATH\Views\yachtProject\us\yacht-list.php on line 219.
 1 SYSTEMPATH\View\View.php(231): CodeIgniter\View\View->CodeIgniter\View\{closure}()
 2 SYSTEMPATH\Common.php(1178): CodeIgniter\View\View->render('yachtProject/us/yacht-list', [], true)
 3 APPPATH\Controllers\Yacht.php(66): view('yachtProject/us/yacht-list', [...])
 4 SYSTEMPATH\CodeIgniter.php(941): App\Controllers\Yacht->yachtList()
 5 SYSTEMPATH\CodeIgniter.php(502): CodeIgniter\CodeIgniter->runController(Object(App\Controllers\Yacht))
 6 SYSTEMPATH\CodeIgniter.php(361): CodeIgniter\CodeIgniter->handleRequest(null, Object(Config\Cache), false)
 7 FCPATH\index.php(79): CodeIgniter\CodeIgniter->run()
CRITICAL - 2024-05-22 17:52:12 --> ParseError: syntax error, unexpected token ";", expecting ")"
in APPPATH\Views\yachtProject\us\yacht-list.php on line 219.
 1 SYSTEMPATH\View\View.php(231): CodeIgniter\View\View->CodeIgniter\View\{closure}()
 2 SYSTEMPATH\Common.php(1178): CodeIgniter\View\View->render('yachtProject/us/yacht-list', [], true)
 3 APPPATH\Controllers\Yacht.php(66): view('yachtProject/us/yacht-list', [...])
 4 SYSTEMPATH\CodeIgniter.php(941): App\Controllers\Yacht->yachtList()
 5 SYSTEMPATH\CodeIgniter.php(502): CodeIgniter\CodeIgniter->runController(Object(App\Controllers\Yacht))
 6 SYSTEMPATH\CodeIgniter.php(361): CodeIgniter\CodeIgniter->handleRequest(null, Object(Config\Cache), false)
 7 FCPATH\index.php(79): CodeIgniter\CodeIgniter->run()
CRITICAL - 2024-05-22 17:52:12 --> ParseError: syntax error, unexpected token ";", expecting ")"
in APPPATH\Views\yachtProject\us\yacht-list.php on line 219.
 1 SYSTEMPATH\View\View.php(231): CodeIgniter\View\View->CodeIgniter\View\{closure}()
 2 SYSTEMPATH\Common.php(1178): CodeIgniter\View\View->render('yachtProject/us/yacht-list', [], true)
 3 APPPATH\Controllers\Yacht.php(66): view('yachtProject/us/yacht-list', [...])
 4 SYSTEMPATH\CodeIgniter.php(941): App\Controllers\Yacht->yachtList()
 5 SYSTEMPATH\CodeIgniter.php(502): CodeIgniter\CodeIgniter->runController(Object(App\Controllers\Yacht))
 6 SYSTEMPATH\CodeIgniter.php(361): CodeIgniter\CodeIgniter->handleRequest(null, Object(Config\Cache), false)
 7 FCPATH\index.php(79): CodeIgniter\CodeIgniter->run()
CRITICAL - 2024-05-22 17:52:12 --> ParseError: syntax error, unexpected token ";", expecting ")"
in APPPATH\Views\yachtProject\us\yacht-list.php on line 219.
 1 SYSTEMPATH\View\View.php(231): CodeIgniter\View\View->CodeIgniter\View\{closure}()
 2 SYSTEMPATH\Common.php(1178): CodeIgniter\View\View->render('yachtProject/us/yacht-list', [], true)
 3 APPPATH\Controllers\Yacht.php(66): view('yachtProject/us/yacht-list', [...])
 4 SYSTEMPATH\CodeIgniter.php(941): App\Controllers\Yacht->yachtList()
 5 SYSTEMPATH\CodeIgniter.php(502): CodeIgniter\CodeIgniter->runController(Object(App\Controllers\Yacht))
 6 SYSTEMPATH\CodeIgniter.php(361): CodeIgniter\CodeIgniter->handleRequest(null, Object(Config\Cache), false)
 7 FCPATH\index.php(79): CodeIgniter\CodeIgniter->run()
CRITICAL - 2024-05-22 17:52:19 --> ParseError: syntax error, unexpected token ";", expecting ")"
in APPPATH\Views\yachtProject\us\yacht-list.php on line 219.
 1 SYSTEMPATH\View\View.php(231): CodeIgniter\View\View->CodeIgniter\View\{closure}()
 2 SYSTEMPATH\Common.php(1178): CodeIgniter\View\View->render('yachtProject/us/yacht-list', [], true)
 3 APPPATH\Controllers\Yacht.php(66): view('yachtProject/us/yacht-list', [...])
 4 SYSTEMPATH\CodeIgniter.php(941): App\Controllers\Yacht->yachtList()
 5 SYSTEMPATH\CodeIgniter.php(502): CodeIgniter\CodeIgniter->runController(Object(App\Controllers\Yacht))
 6 SYSTEMPATH\CodeIgniter.php(361): CodeIgniter\CodeIgniter->handleRequest(null, Object(Config\Cache), false)
 7 FCPATH\index.php(79): CodeIgniter\CodeIgniter->run()
CRITICAL - 2024-05-22 17:52:19 --> ParseError: syntax error, unexpected token ";", expecting ")"
in APPPATH\Views\yachtProject\us\yacht-list.php on line 219.
 1 SYSTEMPATH\View\View.php(231): CodeIgniter\View\View->CodeIgniter\View\{closure}()
 2 SYSTEMPATH\Common.php(1178): CodeIgniter\View\View->render('yachtProject/us/yacht-list', [], true)
 3 APPPATH\Controllers\Yacht.php(66): view('yachtProject/us/yacht-list', [...])
 4 SYSTEMPATH\CodeIgniter.php(941): App\Controllers\Yacht->yachtList()
 5 SYSTEMPATH\CodeIgniter.php(502): CodeIgniter\CodeIgniter->runController(Object(App\Controllers\Yacht))
 6 SYSTEMPATH\CodeIgniter.php(361): CodeIgniter\CodeIgniter->handleRequest(null, Object(Config\Cache), false)
 7 FCPATH\index.php(79): CodeIgniter\CodeIgniter->run()
CRITICAL - 2024-05-22 17:52:19 --> ParseError: syntax error, unexpected token ";", expecting ")"
in APPPATH\Views\yachtProject\us\yacht-list.php on line 219.
 1 SYSTEMPATH\View\View.php(231): CodeIgniter\View\View->CodeIgniter\View\{closure}()
 2 SYSTEMPATH\Common.php(1178): CodeIgniter\View\View->render('yachtProject/us/yacht-list', [], true)
 3 APPPATH\Controllers\Yacht.php(66): view('yachtProject/us/yacht-list', [...])
 4 SYSTEMPATH\CodeIgniter.php(941): App\Controllers\Yacht->yachtList()
 5 SYSTEMPATH\CodeIgniter.php(502): CodeIgniter\CodeIgniter->runController(Object(App\Controllers\Yacht))
 6 SYSTEMPATH\CodeIgniter.php(361): CodeIgniter\CodeIgniter->handleRequest(null, Object(Config\Cache), false)
 7 FCPATH\index.php(79): CodeIgniter\CodeIgniter->run()
CRITICAL - 2024-05-22 17:52:22 --> ParseError: syntax error, unexpected token ";", expecting ")"
in APPPATH\Views\yachtProject\us\yacht-list.php on line 219.
 1 SYSTEMPATH\View\View.php(231): CodeIgniter\View\View->CodeIgniter\View\{closure}()
 2 SYSTEMPATH\Common.php(1178): CodeIgniter\View\View->render('yachtProject/us/yacht-list', [], true)
 3 APPPATH\Controllers\Yacht.php(66): view('yachtProject/us/yacht-list', [...])
 4 SYSTEMPATH\CodeIgniter.php(941): App\Controllers\Yacht->yachtList()
 5 SYSTEMPATH\CodeIgniter.php(502): CodeIgniter\CodeIgniter->runController(Object(App\Controllers\Yacht))
 6 SYSTEMPATH\CodeIgniter.php(361): CodeIgniter\CodeIgniter->handleRequest(null, Object(Config\Cache), false)
 7 FCPATH\index.php(79): CodeIgniter\CodeIgniter->run()
CRITICAL - 2024-05-22 17:52:49 --> ParseError: syntax error, unexpected token ";", expecting ")"
in APPPATH\Views\yachtProject\us\yacht-list.php on line 219.
 1 SYSTEMPATH\View\View.php(231): CodeIgniter\View\View->CodeIgniter\View\{closure}()
 2 SYSTEMPATH\Common.php(1178): CodeIgniter\View\View->render('yachtProject/us/yacht-list', [], true)
 3 APPPATH\Controllers\Yacht.php(66): view('yachtProject/us/yacht-list', [...])
 4 SYSTEMPATH\CodeIgniter.php(941): App\Controllers\Yacht->yachtList()
 5 SYSTEMPATH\CodeIgniter.php(502): CodeIgniter\CodeIgniter->runController(Object(App\Controllers\Yacht))
 6 SYSTEMPATH\CodeIgniter.php(361): CodeIgniter\CodeIgniter->handleRequest(null, Object(Config\Cache), false)
 7 FCPATH\index.php(79): CodeIgniter\CodeIgniter->run()
CRITICAL - 2024-05-22 17:52:49 --> ParseError: syntax error, unexpected token ";", expecting ")"
in APPPATH\Views\yachtProject\us\yacht-list.php on line 219.
 1 SYSTEMPATH\View\View.php(231): CodeIgniter\View\View->CodeIgniter\View\{closure}()
 2 SYSTEMPATH\Common.php(1178): CodeIgniter\View\View->render('yachtProject/us/yacht-list', [], true)
 3 APPPATH\Controllers\Yacht.php(66): view('yachtProject/us/yacht-list', [...])
 4 SYSTEMPATH\CodeIgniter.php(941): App\Controllers\Yacht->yachtList()
 5 SYSTEMPATH\CodeIgniter.php(502): CodeIgniter\CodeIgniter->runController(Object(App\Controllers\Yacht))
 6 SYSTEMPATH\CodeIgniter.php(361): CodeIgniter\CodeIgniter->handleRequest(null, Object(Config\Cache), false)
 7 FCPATH\index.php(79): CodeIgniter\CodeIgniter->run()
CRITICAL - 2024-05-22 17:52:50 --> ParseError: syntax error, unexpected token ";", expecting ")"
in APPPATH\Views\yachtProject\us\yacht-list.php on line 219.
 1 SYSTEMPATH\View\View.php(231): CodeIgniter\View\View->CodeIgniter\View\{closure}()
 2 SYSTEMPATH\Common.php(1178): CodeIgniter\View\View->render('yachtProject/us/yacht-list', [], true)
 3 APPPATH\Controllers\Yacht.php(66): view('yachtProject/us/yacht-list', [...])
 4 SYSTEMPATH\CodeIgniter.php(941): App\Controllers\Yacht->yachtList()
 5 SYSTEMPATH\CodeIgniter.php(502): CodeIgniter\CodeIgniter->runController(Object(App\Controllers\Yacht))
 6 SYSTEMPATH\CodeIgniter.php(361): CodeIgniter\CodeIgniter->handleRequest(null, Object(Config\Cache), false)
 7 FCPATH\index.php(79): CodeIgniter\CodeIgniter->run()
CRITICAL - 2024-05-22 17:52:50 --> ParseError: syntax error, unexpected token ";", expecting ")"
in APPPATH\Views\yachtProject\us\yacht-list.php on line 219.
 1 SYSTEMPATH\View\View.php(231): CodeIgniter\View\View->CodeIgniter\View\{closure}()
 2 SYSTEMPATH\Common.php(1178): CodeIgniter\View\View->render('yachtProject/us/yacht-list', [], true)
 3 APPPATH\Controllers\Yacht.php(66): view('yachtProject/us/yacht-list', [...])
 4 SYSTEMPATH\CodeIgniter.php(941): App\Controllers\Yacht->yachtList()
 5 SYSTEMPATH\CodeIgniter.php(502): CodeIgniter\CodeIgniter->runController(Object(App\Controllers\Yacht))
 6 SYSTEMPATH\CodeIgniter.php(361): CodeIgniter\CodeIgniter->handleRequest(null, Object(Config\Cache), false)
 7 FCPATH\index.php(79): CodeIgniter\CodeIgniter->run()
CRITICAL - 2024-05-22 17:52:50 --> ParseError: syntax error, unexpected token ";", expecting ")"
in APPPATH\Views\yachtProject\us\yacht-list.php on line 219.
 1 SYSTEMPATH\View\View.php(231): CodeIgniter\View\View->CodeIgniter\View\{closure}()
 2 SYSTEMPATH\Common.php(1178): CodeIgniter\View\View->render('yachtProject/us/yacht-list', [], true)
 3 APPPATH\Controllers\Yacht.php(66): view('yachtProject/us/yacht-list', [...])
 4 SYSTEMPATH\CodeIgniter.php(941): App\Controllers\Yacht->yachtList()
 5 SYSTEMPATH\CodeIgniter.php(502): CodeIgniter\CodeIgniter->runController(Object(App\Controllers\Yacht))
 6 SYSTEMPATH\CodeIgniter.php(361): CodeIgniter\CodeIgniter->handleRequest(null, Object(Config\Cache), false)
 7 FCPATH\index.php(79): CodeIgniter\CodeIgniter->run()
CRITICAL - 2024-05-22 17:52:51 --> ParseError: syntax error, unexpected token ";", expecting ")"
in APPPATH\Views\yachtProject\us\yacht-list.php on line 219.
 1 SYSTEMPATH\View\View.php(231): CodeIgniter\View\View->CodeIgniter\View\{closure}()
 2 SYSTEMPATH\Common.php(1178): CodeIgniter\View\View->render('yachtProject/us/yacht-list', [], true)
 3 APPPATH\Controllers\Yacht.php(66): view('yachtProject/us/yacht-list', [...])
 4 SYSTEMPATH\CodeIgniter.php(941): App\Controllers\Yacht->yachtList()
 5 SYSTEMPATH\CodeIgniter.php(502): CodeIgniter\CodeIgniter->runController(Object(App\Controllers\Yacht))
 6 SYSTEMPATH\CodeIgniter.php(361): CodeIgniter\CodeIgniter->handleRequest(null, Object(Config\Cache), false)
 7 FCPATH\index.php(79): CodeIgniter\CodeIgniter->run()
CRITICAL - 2024-05-22 17:52:51 --> ParseError: syntax error, unexpected token ";", expecting ")"
in APPPATH\Views\yachtProject\us\yacht-list.php on line 219.
 1 SYSTEMPATH\View\View.php(231): CodeIgniter\View\View->CodeIgniter\View\{closure}()
 2 SYSTEMPATH\Common.php(1178): CodeIgniter\View\View->render('yachtProject/us/yacht-list', [], true)
 3 APPPATH\Controllers\Yacht.php(66): view('yachtProject/us/yacht-list', [...])
 4 SYSTEMPATH\CodeIgniter.php(941): App\Controllers\Yacht->yachtList()
 5 SYSTEMPATH\CodeIgniter.php(502): CodeIgniter\CodeIgniter->runController(Object(App\Controllers\Yacht))
 6 SYSTEMPATH\CodeIgniter.php(361): CodeIgniter\CodeIgniter->handleRequest(null, Object(Config\Cache), false)
 7 FCPATH\index.php(79): CodeIgniter\CodeIgniter->run()
CRITICAL - 2024-05-22 17:52:51 --> ParseError: syntax error, unexpected token ";", expecting ")"
in APPPATH\Views\yachtProject\us\yacht-list.php on line 219.
 1 SYSTEMPATH\View\View.php(231): CodeIgniter\View\View->CodeIgniter\View\{closure}()
 2 SYSTEMPATH\Common.php(1178): CodeIgniter\View\View->render('yachtProject/us/yacht-list', [], true)
 3 APPPATH\Controllers\Yacht.php(66): view('yachtProject/us/yacht-list', [...])
 4 SYSTEMPATH\CodeIgniter.php(941): App\Controllers\Yacht->yachtList()
 5 SYSTEMPATH\CodeIgniter.php(502): CodeIgniter\CodeIgniter->runController(Object(App\Controllers\Yacht))
 6 SYSTEMPATH\CodeIgniter.php(361): CodeIgniter\CodeIgniter->handleRequest(null, Object(Config\Cache), false)
 7 FCPATH\index.php(79): CodeIgniter\CodeIgniter->run()
CRITICAL - 2024-05-22 17:53:15 --> ParseError: syntax error, unexpected token ";", expecting ")"
in APPPATH\Views\yachtProject\us\yacht-list.php on line 219.
 1 SYSTEMPATH\View\View.php(231): CodeIgniter\View\View->CodeIgniter\View\{closure}()
 2 SYSTEMPATH\Common.php(1178): CodeIgniter\View\View->render('yachtProject/us/yacht-list', [], true)
 3 APPPATH\Controllers\Yacht.php(66): view('yachtProject/us/yacht-list', [...])
 4 SYSTEMPATH\CodeIgniter.php(941): App\Controllers\Yacht->yachtList()
 5 SYSTEMPATH\CodeIgniter.php(502): CodeIgniter\CodeIgniter->runController(Object(App\Controllers\Yacht))
 6 SYSTEMPATH\CodeIgniter.php(361): CodeIgniter\CodeIgniter->handleRequest(null, Object(Config\Cache), false)
 7 FCPATH\index.php(79): CodeIgniter\CodeIgniter->run()
CRITICAL - 2024-05-22 18:11:59 --> ErrorException: Undefined variable $abc
in APPPATH\Views\yachtProject\us\yacht-list.php on line 213.
 1 APPPATH\Views\yachtProject\us\yacht-list.php(213): CodeIgniter\Debug\Exceptions->errorHandler(2, 'Undefined variable $abc', 'C:\\xampp\\htdocs\\ciproject\\app\\Views\\yachtProject\\us\\yacht-list.php', 213)
 2 SYSTEMPATH\View\View.php(228): include('C:\\xampp\\htdocs\\ciproject\\app\\Views\\yachtProject\\us\\yacht-list.php')
 3 SYSTEMPATH\View\View.php(231): CodeIgniter\View\View->CodeIgniter\View\{closure}()
 4 SYSTEMPATH\Common.php(1178): CodeIgniter\View\View->render('yachtProject/us/yacht-list', [], true)
 5 APPPATH\Controllers\Yacht.php(66): view('yachtProject/us/yacht-list', [...])
 6 SYSTEMPATH\CodeIgniter.php(941): App\Controllers\Yacht->yachtList()
 7 SYSTEMPATH\CodeIgniter.php(502): CodeIgniter\CodeIgniter->runController(Object(App\Controllers\Yacht))
 8 SYSTEMPATH\CodeIgniter.php(361): CodeIgniter\CodeIgniter->handleRequest(null, Object(Config\Cache), false)
 9 FCPATH\index.php(79): CodeIgniter\CodeIgniter->run()
CRITICAL - 2024-05-22 18:11:59 --> ErrorException: Undefined variable $abc
in APPPATH\Views\yachtProject\us\yacht-list.php on line 213.
 1 APPPATH\Views\yachtProject\us\yacht-list.php(213): CodeIgniter\Debug\Exceptions->errorHandler(2, 'Undefined variable $abc', 'C:\\xampp\\htdocs\\ciproject\\app\\Views\\yachtProject\\us\\yacht-list.php', 213)
 2 SYSTEMPATH\View\View.php(228): include('C:\\xampp\\htdocs\\ciproject\\app\\Views\\yachtProject\\us\\yacht-list.php')
 3 SYSTEMPATH\View\View.php(231): CodeIgniter\View\View->CodeIgniter\View\{closure}()
 4 SYSTEMPATH\Common.php(1178): CodeIgniter\View\View->render('yachtProject/us/yacht-list', [], true)
 5 APPPATH\Controllers\Yacht.php(66): view('yachtProject/us/yacht-list', [...])
 6 SYSTEMPATH\CodeIgniter.php(941): App\Controllers\Yacht->yachtList()
 7 SYSTEMPATH\CodeIgniter.php(502): CodeIgniter\CodeIgniter->runController(Object(App\Controllers\Yacht))
 8 SYSTEMPATH\CodeIgniter.php(361): CodeIgniter\CodeIgniter->handleRequest(null, Object(Config\Cache), false)
 9 FCPATH\index.php(79): CodeIgniter\CodeIgniter->run()
CRITICAL - 2024-05-22 18:51:23 --> ErrorException: Undefined variable $record
in APPPATH\Views\yachtProject\us\yacht-detail.php on line 27.
 1 APPPATH\Views\yachtProject\us\yacht-detail.php(27): CodeIgniter\Debug\Exceptions->errorHandler(2, 'Undefined variable $record', 'C:\\xampp\\htdocs\\ciproject\\app\\Views\\yachtProject\\us\\yacht-detail.php', 27)
 2 SYSTEMPATH\View\View.php(228): include('C:\\xampp\\htdocs\\ciproject\\app\\Views\\yachtProject\\us\\yacht-detail.php')
 3 SYSTEMPATH\View\View.php(231): CodeIgniter\View\View->CodeIgniter\View\{closure}()
 4 SYSTEMPATH\Common.php(1178): CodeIgniter\View\View->render('yachtProject/us/yacht-detail', [], true)
 5 APPPATH\Controllers\Yacht.php(55): view('yachtProject/us/yacht-detail', [...])
 6 SYSTEMPATH\CodeIgniter.php(941): App\Controllers\Yacht->yachtDetail()
 7 SYSTEMPATH\CodeIgniter.php(502): CodeIgniter\CodeIgniter->runController(Object(App\Controllers\Yacht))
 8 SYSTEMPATH\CodeIgniter.php(361): CodeIgniter\CodeIgniter->handleRequest(null, Object(Config\Cache), false)
 9 FCPATH\index.php(79): CodeIgniter\CodeIgniter->run()
