CRITICAL - 2024-07-01 15:01:03 --> ParseError: syntax error, unexpected single-quoted string "status", expecting "]"
in APPPATH\Controllers\Yacht.php on line 419.
 1 SYSTEMPATH\Autoloader\Autoloader.php(288): CodeIgniter\Autoloader\Autoloader->includeFile('C:\\xampp\\htdocs\\bmy\\app\\Controllers\\Yacht.php')
 2 SYSTEMPATH\Autoloader\Autoloader.php(266): CodeIgniter\Autoloader\Autoloader->loadInNamespace('App\\Controllers\\Yacht')
 3 [internal function]: CodeIgniter\Autoloader\Autoloader->loadClass('App\\Controllers\\Yacht')
 4 SYSTEMPATH\CodeIgniter.php(899): class_exists('\\App\\Controllers\\Yacht', true)
 5 SYSTEMPATH\CodeIgniter.php(489): CodeIgniter\CodeIgniter->startController()
 6 SYSTEMPATH\CodeIgniter.php(361): CodeIgniter\CodeIgniter->handleRequest(null, Object(Config\Cache), false)
 7 FCPATH\index.php(79): CodeIgniter\CodeIgniter->run()
CRITICAL - 2024-07-01 15:01:31 --> ParseError: syntax error, unexpected single-quoted string "status", expecting "]"
in APPPATH\Controllers\Yacht.php on line 419.
 1 SYSTEMPATH\Autoloader\Autoloader.php(288): CodeIgniter\Autoloader\Autoloader->includeFile('C:\\xampp\\htdocs\\bmy\\app\\Controllers\\Yacht.php')
 2 SYSTEMPATH\Autoloader\Autoloader.php(266): CodeIgniter\Autoloader\Autoloader->loadInNamespace('App\\Controllers\\Yacht')
 3 [internal function]: CodeIgniter\Autoloader\Autoloader->loadClass('App\\Controllers\\Yacht')
 4 SYSTEMPATH\CodeIgniter.php(899): class_exists('\\App\\Controllers\\Yacht', true)
 5 SYSTEMPATH\CodeIgniter.php(489): CodeIgniter\CodeIgniter->startController()
 6 SYSTEMPATH\CodeIgniter.php(361): CodeIgniter\CodeIgniter->handleRequest(null, Object(Config\Cache), false)
 7 FCPATH\index.php(79): CodeIgniter\CodeIgniter->run()
CRITICAL - 2024-07-01 15:01:41 --> ParseError: syntax error, unexpected token "public", expecting end of file
in APPPATH\Controllers\Yacht.php on line 494.
 1 SYSTEMPATH\Autoloader\Autoloader.php(288): CodeIgniter\Autoloader\Autoloader->includeFile('C:\\xampp\\htdocs\\bmy\\app\\Controllers\\Yacht.php')
 2 SYSTEMPATH\Autoloader\Autoloader.php(266): CodeIgniter\Autoloader\Autoloader->loadInNamespace('App\\Controllers\\Yacht')
 3 [internal function]: CodeIgniter\Autoloader\Autoloader->loadClass('App\\Controllers\\Yacht')
 4 SYSTEMPATH\CodeIgniter.php(899): class_exists('\\App\\Controllers\\Yacht', true)
 5 SYSTEMPATH\CodeIgniter.php(489): CodeIgniter\CodeIgniter->startController()
 6 SYSTEMPATH\CodeIgniter.php(361): CodeIgniter\CodeIgniter->handleRequest(null, Object(Config\Cache), false)
 7 FCPATH\index.php(79): CodeIgniter\CodeIgniter->run()
CRITICAL - 2024-07-01 15:12:20 --> ErrorException: Undefined variable $phone
in APPPATH\Controllers\Yacht.php on line 470.
 1 APPPATH\Controllers\Yacht.php(470): CodeIgniter\Debug\Exceptions->errorHandler(2, 'Undefined variable $phone', 'C:\\xampp\\htdocs\\bmy\\app\\Controllers\\Yacht.php', 470)
 2 SYSTEMPATH\CodeIgniter.php(941): App\Controllers\Yacht->userContact()
 3 SYSTEMPATH\CodeIgniter.php(502): CodeIgniter\CodeIgniter->runController(Object(App\Controllers\Yacht))
 4 SYSTEMPATH\CodeIgniter.php(361): CodeIgniter\CodeIgniter->handleRequest(null, Object(Config\Cache), false)
 5 FCPATH\index.php(79): CodeIgniter\CodeIgniter->run()
ERROR - 2024-07-01 15:13:07 --> Email: Unable to send email using SMTP. Your server might not be configured to send mail using this method.
ERROR - 2024-07-01 15:13:07 --> 220 ESMTP smtp.hostinger.com

hello: 250-smtp.hostinger.com
250-PIPELINING
250-SIZE 48811212
250-ETRN
250-AUTH PLAIN LOGIN
250-ENHANCEDSTATUSCODES
250-8BITMIME
250-DSN
250 CHUNKING

Failed to authenticate password. Error: 535 5.7.8 Error: authentication failed: UGFzc3dvcmQ6

ERROR - 2024-07-01 15:16:01 --> Email: sendWithSmtp throwed ErrorException: fsockopen(): Unable to connect to ssl://hostinger.titan.email:465 (A connection attempt failed because the connected party did not properly respond after a period of time, or established connection failed because connected host has failed to respond) in C:\xampp\htdocs\bmy\system\Email\Email.php:1895
Stack trace:
#0 [internal function]: CodeIgniter\Debug\Exceptions->errorHandler(2, 'fsockopen(): Un...', 'C:\\xampp\\htdocs...', 1895)
#1 C:\xampp\htdocs\bmy\system\Email\Email.php(1895): fsockopen('ssl://hostinger...', 465, NULL, NULL, 5)
#2 C:\xampp\htdocs\bmy\system\Email\Email.php(1808): CodeIgniter\Email\Email->SMTPConnect()
#3 C:\xampp\htdocs\bmy\system\Email\Email.php(1693): CodeIgniter\Email\Email->sendWithSmtp()
#4 C:\xampp\htdocs\bmy\system\Email\Email.php(1587): CodeIgniter\Email\Email->spoolEmail()
#5 C:\xampp\htdocs\bmy\app\Controllers\Yacht.php(484): CodeIgniter\Email\Email->send()
#6 C:\xampp\htdocs\bmy\system\CodeIgniter.php(941): App\Controllers\Yacht->userContact()
#7 C:\xampp\htdocs\bmy\system\CodeIgniter.php(502): CodeIgniter\CodeIgniter->runController(Object(App\Controllers\Yacht))
#8 C:\xampp\htdocs\bmy\system\CodeIgniter.php(361): CodeIgniter\CodeIgniter->handleRequest(NULL, Object(Config\Cache), false)
#9 C:\xampp\htdocs\bmy\index.php(79): CodeIgniter\CodeIgniter->run()
#10 {main}
ERROR - 2024-07-01 15:16:01 --> Email: Unable to send email using SMTP. Your server might not be configured to send mail using this method.
ERROR - 2024-07-01 15:16:01 --> 
ERROR - 2024-07-01 15:16:57 --> Email: sendWithMail throwed ErrorException: mail(): Failed to connect to mailserver at &quot;localhost&quot; port 25, verify your &quot;SMTP&quot; and &quot;smtp_port&quot; setting in php.ini or use ini_set() in C:\xampp\htdocs\bmy\system\Email\Email.php:1761
Stack trace:
#0 [internal function]: CodeIgniter\Debug\Exceptions->errorHandler(2, 'mail(): Failed ...', 'C:\\xampp\\htdocs...', 1761)
#1 C:\xampp\htdocs\bmy\system\Email\Email.php(1761): mail('kolipradeep15@g...', '=?UTF-8?Q?Websi...', 'This is a multi...', 'Date: Mon, 1 Ju...', '-f web@bookmyya...')
#2 C:\xampp\htdocs\bmy\system\Email\Email.php(1693): CodeIgniter\Email\Email->sendWithMail()
#3 C:\xampp\htdocs\bmy\system\Email\Email.php(1587): CodeIgniter\Email\Email->spoolEmail()
#4 C:\xampp\htdocs\bmy\app\Controllers\Yacht.php(484): CodeIgniter\Email\Email->send()
#5 C:\xampp\htdocs\bmy\system\CodeIgniter.php(941): App\Controllers\Yacht->userContact()
#6 C:\xampp\htdocs\bmy\system\CodeIgniter.php(502): CodeIgniter\CodeIgniter->runController(Object(App\Controllers\Yacht))
#7 C:\xampp\htdocs\bmy\system\CodeIgniter.php(361): CodeIgniter\CodeIgniter->handleRequest(NULL, Object(Config\Cache), false)
#8 C:\xampp\htdocs\bmy\index.php(79): CodeIgniter\CodeIgniter->run()
#9 {main}
ERROR - 2024-07-01 15:16:57 --> Email: Unable to send email using PHP mail(). Your server might not be configured to send mail using this method.
ERROR - 2024-07-01 15:16:57 --> 
ERROR - 2024-07-01 15:24:05 --> Email: sendWithMail throwed ErrorException: mail(): Failed to connect to mailserver at &quot;localhost&quot; port 25, verify your &quot;SMTP&quot; and &quot;smtp_port&quot; setting in php.ini or use ini_set() in C:\xampp\htdocs\bmy\system\Email\Email.php:1761
Stack trace:
#0 [internal function]: CodeIgniter\Debug\Exceptions->errorHandler(2, 'mail(): Failed ...', 'C:\\xampp\\htdocs...', 1761)
#1 C:\xampp\htdocs\bmy\system\Email\Email.php(1761): mail('inquiry@kinjalp...', '=?UTF-8?Q?Websi...', 'This is a multi...', 'Date: Mon, 1 Ju...', '-f web@bookmyya...')
#2 C:\xampp\htdocs\bmy\system\Email\Email.php(1693): CodeIgniter\Email\Email->sendWithMail()
#3 C:\xampp\htdocs\bmy\system\Email\Email.php(1587): CodeIgniter\Email\Email->spoolEmail()
#4 C:\xampp\htdocs\bmy\app\Controllers\Yacht.php(489): CodeIgniter\Email\Email->send()
#5 C:\xampp\htdocs\bmy\system\CodeIgniter.php(941): App\Controllers\Yacht->userContact()
#6 C:\xampp\htdocs\bmy\system\CodeIgniter.php(502): CodeIgniter\CodeIgniter->runController(Object(App\Controllers\Yacht))
#7 C:\xampp\htdocs\bmy\system\CodeIgniter.php(361): CodeIgniter\CodeIgniter->handleRequest(NULL, Object(Config\Cache), false)
#8 C:\xampp\htdocs\bmy\index.php(79): CodeIgniter\CodeIgniter->run()
#9 {main}
ERROR - 2024-07-01 15:24:05 --> Email: Unable to send email using PHP mail(). Your server might not be configured to send mail using this method.
ERROR - 2024-07-01 15:24:05 --> 
ERROR - 2024-07-01 15:24:08 --> Email: sendWithMail throwed ErrorException: mail(): Failed to connect to mailserver at &quot;localhost&quot; port 25, verify your &quot;SMTP&quot; and &quot;smtp_port&quot; setting in php.ini or use ini_set() in C:\xampp\htdocs\bmy\system\Email\Email.php:1761
Stack trace:
#0 [internal function]: CodeIgniter\Debug\Exceptions->errorHandler(2, 'mail(): Failed ...', 'C:\\xampp\\htdocs...', 1761)
#1 C:\xampp\htdocs\bmy\system\Email\Email.php(1761): mail('inquiry@kinjalp...', '=?UTF-8?Q?Websi...', 'This is a multi...', 'Date: Mon, 1 Ju...', '-f web@bookmyya...')
#2 C:\xampp\htdocs\bmy\system\Email\Email.php(1693): CodeIgniter\Email\Email->sendWithMail()
#3 C:\xampp\htdocs\bmy\system\Email\Email.php(1587): CodeIgniter\Email\Email->spoolEmail()
#4 C:\xampp\htdocs\bmy\app\Controllers\Yacht.php(489): CodeIgniter\Email\Email->send()
#5 C:\xampp\htdocs\bmy\system\CodeIgniter.php(941): App\Controllers\Yacht->userContact()
#6 C:\xampp\htdocs\bmy\system\CodeIgniter.php(502): CodeIgniter\CodeIgniter->runController(Object(App\Controllers\Yacht))
#7 C:\xampp\htdocs\bmy\system\CodeIgniter.php(361): CodeIgniter\CodeIgniter->handleRequest(NULL, Object(Config\Cache), false)
#8 C:\xampp\htdocs\bmy\index.php(79): CodeIgniter\CodeIgniter->run()
#9 {main}
ERROR - 2024-07-01 15:24:08 --> Email: Unable to send email using PHP mail(). Your server might not be configured to send mail using this method.
ERROR - 2024-07-01 15:24:08 --> 
ERROR - 2024-07-01 15:24:52 --> Email: Unable to send email using SMTP. Your server might not be configured to send mail using this method.
ERROR - 2024-07-01 15:24:52 --> 220 ESMTP smtp.hostinger.com

hello: 250-smtp.hostinger.com
250-PIPELINING
250-SIZE 48811212
250-ETRN
250-AUTH PLAIN LOGIN
250-ENHANCEDSTATUSCODES
250-8BITMIME
250-DSN
250 CHUNKING

Failed to authenticate password. Error: 535 5.7.8 Error: authentication failed: UGFzc3dvcmQ6

ERROR - 2024-07-01 15:26:47 --> Email: sendWithMail throwed ErrorException: mail(): Failed to connect to mailserver at &quot;localhost&quot; port 25, verify your &quot;SMTP&quot; and &quot;smtp_port&quot; setting in php.ini or use ini_set() in C:\xampp\htdocs\bmy\system\Email\Email.php:1761
Stack trace:
#0 [internal function]: CodeIgniter\Debug\Exceptions->errorHandler(2, 'mail(): Failed ...', 'C:\\xampp\\htdocs...', 1761)
#1 C:\xampp\htdocs\bmy\system\Email\Email.php(1761): mail('inquiry@kinjalp...', '=?UTF-8?Q?Websi...', 'This is a multi...', 'Date: Mon, 1 Ju...', '-f web@bookmyya...')
#2 C:\xampp\htdocs\bmy\system\Email\Email.php(1693): CodeIgniter\Email\Email->sendWithMail()
#3 C:\xampp\htdocs\bmy\system\Email\Email.php(1587): CodeIgniter\Email\Email->spoolEmail()
#4 C:\xampp\htdocs\bmy\app\Controllers\Yacht.php(489): CodeIgniter\Email\Email->send()
#5 C:\xampp\htdocs\bmy\system\CodeIgniter.php(941): App\Controllers\Yacht->userContact()
#6 C:\xampp\htdocs\bmy\system\CodeIgniter.php(502): CodeIgniter\CodeIgniter->runController(Object(App\Controllers\Yacht))
#7 C:\xampp\htdocs\bmy\system\CodeIgniter.php(361): CodeIgniter\CodeIgniter->handleRequest(NULL, Object(Config\Cache), false)
#8 C:\xampp\htdocs\bmy\index.php(79): CodeIgniter\CodeIgniter->run()
#9 {main}
ERROR - 2024-07-01 15:26:47 --> Email: Unable to send email using PHP mail(). Your server might not be configured to send mail using this method.
ERROR - 2024-07-01 15:26:47 --> 
ERROR - 2024-07-01 15:35:56 --> Email: sendWithSmtp throwed ErrorException: fsockopen(): Unable to connect to ssl://hostinger.titan.email:465 (A connection attempt failed because the connected party did not properly respond after a period of time, or established connection failed because connected host has failed to respond) in C:\xampp\htdocs\bmy\system\Email\Email.php:1895
Stack trace:
#0 [internal function]: CodeIgniter\Debug\Exceptions->errorHandler(2, 'fsockopen(): Un...', 'C:\\xampp\\htdocs...', 1895)
#1 C:\xampp\htdocs\bmy\system\Email\Email.php(1895): fsockopen('ssl://hostinger...', 465, NULL, NULL, 5)
#2 C:\xampp\htdocs\bmy\system\Email\Email.php(1808): CodeIgniter\Email\Email->SMTPConnect()
#3 C:\xampp\htdocs\bmy\system\Email\Email.php(1693): CodeIgniter\Email\Email->sendWithSmtp()
#4 C:\xampp\htdocs\bmy\system\Email\Email.php(1587): CodeIgniter\Email\Email->spoolEmail()
#5 C:\xampp\htdocs\bmy\app\Controllers\Yacht.php(484): CodeIgniter\Email\Email->send()
#6 C:\xampp\htdocs\bmy\system\CodeIgniter.php(941): App\Controllers\Yacht->userContact()
#7 C:\xampp\htdocs\bmy\system\CodeIgniter.php(502): CodeIgniter\CodeIgniter->runController(Object(App\Controllers\Yacht))
#8 C:\xampp\htdocs\bmy\system\CodeIgniter.php(361): CodeIgniter\CodeIgniter->handleRequest(NULL, Object(Config\Cache), false)
#9 C:\xampp\htdocs\bmy\index.php(79): CodeIgniter\CodeIgniter->run()
#10 {main}
ERROR - 2024-07-01 15:35:56 --> Email: Unable to send email using SMTP. Your server might not be configured to send mail using this method.
ERROR - 2024-07-01 15:35:56 --> 
ERROR - 2024-07-01 15:37:23 --> Email: sendWithSmtp throwed ErrorException: fsockopen(): Unable to connect to ssl://hostinger.titan.email:465 (A connection attempt failed because the connected party did not properly respond after a period of time, or established connection failed because connected host has failed to respond) in C:\xampp\htdocs\bmy\system\Email\Email.php:1895
Stack trace:
#0 [internal function]: CodeIgniter\Debug\Exceptions->errorHandler(2, 'fsockopen(): Un...', 'C:\\xampp\\htdocs...', 1895)
#1 C:\xampp\htdocs\bmy\system\Email\Email.php(1895): fsockopen('ssl://hostinger...', 465, NULL, NULL, 5)
#2 C:\xampp\htdocs\bmy\system\Email\Email.php(1808): CodeIgniter\Email\Email->SMTPConnect()
#3 C:\xampp\htdocs\bmy\system\Email\Email.php(1693): CodeIgniter\Email\Email->sendWithSmtp()
#4 C:\xampp\htdocs\bmy\system\Email\Email.php(1587): CodeIgniter\Email\Email->spoolEmail()
#5 C:\xampp\htdocs\bmy\app\Controllers\Yacht.php(484): CodeIgniter\Email\Email->send()
#6 C:\xampp\htdocs\bmy\system\CodeIgniter.php(941): App\Controllers\Yacht->userContact()
#7 C:\xampp\htdocs\bmy\system\CodeIgniter.php(502): CodeIgniter\CodeIgniter->runController(Object(App\Controllers\Yacht))
#8 C:\xampp\htdocs\bmy\system\CodeIgniter.php(361): CodeIgniter\CodeIgniter->handleRequest(NULL, Object(Config\Cache), false)
#9 C:\xampp\htdocs\bmy\index.php(79): CodeIgniter\CodeIgniter->run()
#10 {main}
ERROR - 2024-07-01 15:37:23 --> Email: Unable to send email using SMTP. Your server might not be configured to send mail using this method.
ERROR - 2024-07-01 15:37:23 --> 
ERROR - 2024-07-01 15:39:46 --> Email: sendWithSmtp throwed ErrorException: fsockopen(): Unable to connect to ssl://hostinger.titan.email:465 (A connection attempt failed because the connected party did not properly respond after a period of time, or established connection failed because connected host has failed to respond) in C:\xampp\htdocs\bmy\system\Email\Email.php:1895
Stack trace:
#0 [internal function]: CodeIgniter\Debug\Exceptions->errorHandler(2, 'fsockopen(): Un...', 'C:\\xampp\\htdocs...', 1895)
#1 C:\xampp\htdocs\bmy\system\Email\Email.php(1895): fsockopen('ssl://hostinger...', 465, NULL, NULL, 5)
#2 C:\xampp\htdocs\bmy\system\Email\Email.php(1808): CodeIgniter\Email\Email->SMTPConnect()
#3 C:\xampp\htdocs\bmy\system\Email\Email.php(1693): CodeIgniter\Email\Email->sendWithSmtp()
#4 C:\xampp\htdocs\bmy\system\Email\Email.php(1587): CodeIgniter\Email\Email->spoolEmail()
#5 C:\xampp\htdocs\bmy\app\Controllers\Yacht.php(484): CodeIgniter\Email\Email->send()
#6 C:\xampp\htdocs\bmy\system\CodeIgniter.php(941): App\Controllers\Yacht->userContact()
#7 C:\xampp\htdocs\bmy\system\CodeIgniter.php(502): CodeIgniter\CodeIgniter->runController(Object(App\Controllers\Yacht))
#8 C:\xampp\htdocs\bmy\system\CodeIgniter.php(361): CodeIgniter\CodeIgniter->handleRequest(NULL, Object(Config\Cache), false)
#9 C:\xampp\htdocs\bmy\index.php(79): CodeIgniter\CodeIgniter->run()
#10 {main}
ERROR - 2024-07-01 15:39:46 --> Email: Unable to send email using SMTP. Your server might not be configured to send mail using this method.
ERROR - 2024-07-01 15:39:46 --> 
ERROR - 2024-07-01 15:41:05 --> Email: Unable to send email using SMTP. Your server might not be configured to send mail using this method.
ERROR - 2024-07-01 15:41:05 --> 220 ESMTP smtp.hostinger.com

hello: 250-smtp.hostinger.com
250-PIPELINING
250-SIZE 48811212
250-ETRN
250-AUTH PLAIN LOGIN
250-ENHANCEDSTATUSCODES
250-8BITMIME
250-DSN
250 CHUNKING

Failed to authenticate password. Error: 535 5.7.8 Error: authentication failed: UGFzc3dvcmQ6

ERROR - 2024-07-01 15:44:37 --> Email: sendWithSmtp throwed ErrorException: fsockopen(): Unable to connect to ssl://hostinger.titan.email:465 (A connection attempt failed because the connected party did not properly respond after a period of time, or established connection failed because connected host has failed to respond) in C:\xampp\htdocs\bmy\system\Email\Email.php:1895
Stack trace:
#0 [internal function]: CodeIgniter\Debug\Exceptions->errorHandler(2, 'fsockopen(): Un...', 'C:\\xampp\\htdocs...', 1895)
#1 C:\xampp\htdocs\bmy\system\Email\Email.php(1895): fsockopen('ssl://hostinger...', 465, NULL, NULL, 5)
#2 C:\xampp\htdocs\bmy\system\Email\Email.php(1808): CodeIgniter\Email\Email->SMTPConnect()
#3 C:\xampp\htdocs\bmy\system\Email\Email.php(1693): CodeIgniter\Email\Email->sendWithSmtp()
#4 C:\xampp\htdocs\bmy\system\Email\Email.php(1587): CodeIgniter\Email\Email->spoolEmail()
#5 C:\xampp\htdocs\bmy\app\Controllers\Yacht.php(487): CodeIgniter\Email\Email->send()
#6 C:\xampp\htdocs\bmy\system\CodeIgniter.php(941): App\Controllers\Yacht->userContact()
#7 C:\xampp\htdocs\bmy\system\CodeIgniter.php(502): CodeIgniter\CodeIgniter->runController(Object(App\Controllers\Yacht))
#8 C:\xampp\htdocs\bmy\system\CodeIgniter.php(361): CodeIgniter\CodeIgniter->handleRequest(NULL, Object(Config\Cache), false)
#9 C:\xampp\htdocs\bmy\index.php(79): CodeIgniter\CodeIgniter->run()
#10 {main}
ERROR - 2024-07-01 15:44:37 --> Email: Unable to send email using SMTP. Your server might not be configured to send mail using this method.
ERROR - 2024-07-01 15:44:37 --> 
ERROR - 2024-07-01 15:55:56 --> Email: sendWithSmtp throwed ErrorException: fsockopen(): Unable to connect to ssl://hostinger.titan.email:465 (A connection attempt failed because the connected party did not properly respond after a period of time, or established connection failed because connected host has failed to respond) in C:\xampp\htdocs\bmy\system\Email\Email.php:1895
Stack trace:
#0 [internal function]: CodeIgniter\Debug\Exceptions->errorHandler(2, 'fsockopen(): Un...', 'C:\\xampp\\htdocs...', 1895)
#1 C:\xampp\htdocs\bmy\system\Email\Email.php(1895): fsockopen('ssl://hostinger...', 465, NULL, NULL, 5)
#2 C:\xampp\htdocs\bmy\system\Email\Email.php(1808): CodeIgniter\Email\Email->SMTPConnect()
#3 C:\xampp\htdocs\bmy\system\Email\Email.php(1693): CodeIgniter\Email\Email->sendWithSmtp()
#4 C:\xampp\htdocs\bmy\system\Email\Email.php(1587): CodeIgniter\Email\Email->spoolEmail()
#5 C:\xampp\htdocs\bmy\app\Controllers\Yacht.php(457): CodeIgniter\Email\Email->send()
#6 C:\xampp\htdocs\bmy\system\CodeIgniter.php(941): App\Controllers\Yacht->userContact()
#7 C:\xampp\htdocs\bmy\system\CodeIgniter.php(502): CodeIgniter\CodeIgniter->runController(Object(App\Controllers\Yacht))
#8 C:\xampp\htdocs\bmy\system\CodeIgniter.php(361): CodeIgniter\CodeIgniter->handleRequest(NULL, Object(Config\Cache), false)
#9 C:\xampp\htdocs\bmy\index.php(79): CodeIgniter\CodeIgniter->run()
#10 {main}
ERROR - 2024-07-01 15:55:56 --> Email: Unable to send email using SMTP. Your server might not be configured to send mail using this method.
ERROR - 2024-07-01 15:55:56 --> 
ERROR - 2024-07-01 15:57:08 --> Email: sendWithMail throwed ErrorException: mail(): Failed to connect to mailserver at &quot;localhost&quot; port 25, verify your &quot;SMTP&quot; and &quot;smtp_port&quot; setting in php.ini or use ini_set() in C:\xampp\htdocs\bmy\system\Email\Email.php:1761
Stack trace:
#0 [internal function]: CodeIgniter\Debug\Exceptions->errorHandler(2, 'mail(): Failed ...', 'C:\\xampp\\htdocs...', 1761)
#1 C:\xampp\htdocs\bmy\system\Email\Email.php(1761): mail('inquiry@kinjalp...', '=?UTF-8?Q?Websi...', 'This is a multi...', 'Date: Mon, 1 Ju...', '-f web@bookmyya...')
#2 C:\xampp\htdocs\bmy\system\Email\Email.php(1693): CodeIgniter\Email\Email->sendWithMail()
#3 C:\xampp\htdocs\bmy\system\Email\Email.php(1587): CodeIgniter\Email\Email->spoolEmail()
#4 C:\xampp\htdocs\bmy\app\Controllers\Yacht.php(457): CodeIgniter\Email\Email->send()
#5 C:\xampp\htdocs\bmy\system\CodeIgniter.php(941): App\Controllers\Yacht->userContact()
#6 C:\xampp\htdocs\bmy\system\CodeIgniter.php(502): CodeIgniter\CodeIgniter->runController(Object(App\Controllers\Yacht))
#7 C:\xampp\htdocs\bmy\system\CodeIgniter.php(361): CodeIgniter\CodeIgniter->handleRequest(NULL, Object(Config\Cache), false)
#8 C:\xampp\htdocs\bmy\index.php(79): CodeIgniter\CodeIgniter->run()
#9 {main}
ERROR - 2024-07-01 15:57:08 --> Email: Unable to send email using PHP mail(). Your server might not be configured to send mail using this method.
ERROR - 2024-07-01 15:57:08 --> 
CRITICAL - 2024-07-01 23:17:25 --> CodeIgniter\Security\Exceptions\SecurityException: The action you requested is not allowed.
in SYSTEMPATH\Security\Security.php on line 300.
 1 SYSTEMPATH\Security\Security.php(300): CodeIgniter\Security\Exceptions\SecurityException::forDisallowedAction()
 2 SYSTEMPATH\Filters\CSRF.php(56): CodeIgniter\Security\Security->verify(Object(CodeIgniter\HTTP\IncomingRequest))
 3 SYSTEMPATH\Filters\Filters.php(182): CodeIgniter\Filters\CSRF->before(Object(CodeIgniter\HTTP\IncomingRequest), null)
 4 SYSTEMPATH\CodeIgniter.php(474): CodeIgniter\Filters\Filters->run('login/home', 'before')
 5 SYSTEMPATH\CodeIgniter.php(361): CodeIgniter\CodeIgniter->handleRequest(null, Object(Config\Cache), false)
 6 FCPATH\index.php(79): CodeIgniter\CodeIgniter->run()
