ERROR - 2025-01-18 00:12:08 --> mysqli_sql_exception: Column 'yacht_id' cannot be null in C:\xampp\htdocs\bmy\system\Database\MySQLi\Connection.php:306
Stack trace:
#0 C:\xampp\htdocs\bmy\system\Database\MySQLi\Connection.php(306): mysqli->query('INSERT INTO `ya...', 0)
#1 C:\xampp\htdocs\bmy\system\Database\BaseConnection.php(693): CodeIgniter\Database\MySQLi\Connection->execute('INSERT INTO `ya...')
#2 C:\xampp\htdocs\bmy\system\Database\BaseConnection.php(607): CodeIgniter\Database\BaseConnection->simpleQuery('INSERT INTO `ya...')
#3 C:\xampp\htdocs\bmy\system\Database\BaseBuilder.php(2307): CodeIgniter\Database\BaseConnection->query('INSERT INTO `ya...', Array, false)
#4 C:\xampp\htdocs\bmy\system\Model.php(326): CodeIgniter\Database\BaseBuilder->insert()
#5 C:\xampp\htdocs\bmy\system\BaseModel.php(802): CodeIgniter\Model->doInsert(Array)
#6 C:\xampp\htdocs\bmy\system\Model.php(744): CodeIgniter\BaseModel->insert(Array, true)
#7 C:\xampp\htdocs\bmy\app\Controllers\NewYachtCRM.php(216): CodeIgniter\Model->insert(Array)
#8 C:\xampp\htdocs\bmy\system\CodeIgniter.php(941): App\Controllers\NewYachtCRM->saveBooking()
#9 C:\xampp\htdocs\bmy\system\CodeIgniter.php(502): CodeIgniter\CodeIgniter->runController(Object(App\Controllers\NewYachtCRM))
#10 C:\xampp\htdocs\bmy\system\CodeIgniter.php(361): CodeIgniter\CodeIgniter->handleRequest(NULL, Object(Config\Cache), false)
#11 C:\xampp\htdocs\bmy\index.php(79): CodeIgniter\CodeIgniter->run()
#12 {main}
CRITICAL - 2025-01-18 00:12:08 --> CodeIgniter\Database\Exceptions\DatabaseException: Column 'yacht_id' cannot be null
in SYSTEMPATH\Database\BaseConnection.php on line 647.
 1 SYSTEMPATH\Database\BaseBuilder.php(2307): CodeIgniter\Database\BaseConnection->query('INSERT INTO `yacht_booking` (`token`, `username`, `yacht_id`, `yacht_type`, `hname`, `customer_name`, `ccount`, `phone`, `email`, `address`, `booking_date`, `booking_time`, `plan_description`, `status`, `adate`) VALUES (:token:, :username:, :yacht_id:, :yacht_type:, :hname:, :customer_name:, :ccount:, :phone:, :email:, :address:, :booking_date:, :booking_time:, :plan_description:, :status:, :adate:)', [...], false)
 2 SYSTEMPATH\Model.php(326): CodeIgniter\Database\BaseBuilder->insert()
 3 SYSTEMPATH\BaseModel.php(802): CodeIgniter\Model->doInsert([...])
 4 SYSTEMPATH\Model.php(744): CodeIgniter\BaseModel->insert([...], true)
 5 APPPATH\Controllers\NewYachtCRM.php(216): CodeIgniter\Model->insert([...])
 6 SYSTEMPATH\CodeIgniter.php(941): App\Controllers\NewYachtCRM->saveBooking()
 7 SYSTEMPATH\CodeIgniter.php(502): CodeIgniter\CodeIgniter->runController(Object(App\Controllers\NewYachtCRM))
 8 SYSTEMPATH\CodeIgniter.php(361): CodeIgniter\CodeIgniter->handleRequest(null, Object(Config\Cache), false)
 9 FCPATH\index.php(79): CodeIgniter\CodeIgniter->run()
CRITICAL - 2025-01-18 00:12:08 --> [Caused by] CodeIgniter\Database\Exceptions\DatabaseException: Column 'yacht_id' cannot be null
in SYSTEMPATH\Database\MySQLi\Connection.php on line 311.
 1 SYSTEMPATH\Database\BaseConnection.php(693): CodeIgniter\Database\MySQLi\Connection->execute('INSERT INTO `yacht_booking` (`token`, `username`, `yacht_id`, `yacht_type`, `hname`, `customer_name`, `ccount`, `phone`, `email`, `address`, `booking_date`, `booking_time`, `plan_description`, `status`, `adate`) VALUES (\'laurent\', \'laurent\', NULL, \'Galeon\', NULL, \'Albert\', \'1\', \'7889455555\', \'albert@gmail.com\', \'US\', \'2025-01-18\', \'13:00\', \'1 hour\', \'Pending\', \'2025-01-18 00:12 AM\')')
 2 SYSTEMPATH\Database\BaseConnection.php(607): CodeIgniter\Database\BaseConnection->simpleQuery('INSERT INTO `yacht_booking` (`token`, `username`, `yacht_id`, `yacht_type`, `hname`, `customer_name`, `ccount`, `phone`, `email`, `address`, `booking_date`, `booking_time`, `plan_description`, `status`, `adate`) VALUES (\'laurent\', \'laurent\', NULL, \'Galeon\', NULL, \'Albert\', \'1\', \'7889455555\', \'albert@gmail.com\', \'US\', \'2025-01-18\', \'13:00\', \'1 hour\', \'Pending\', \'2025-01-18 00:12 AM\')')
 3 SYSTEMPATH\Database\BaseBuilder.php(2307): CodeIgniter\Database\BaseConnection->query('INSERT INTO `yacht_booking` (`token`, `username`, `yacht_id`, `yacht_type`, `hname`, `customer_name`, `ccount`, `phone`, `email`, `address`, `booking_date`, `booking_time`, `plan_description`, `status`, `adate`) VALUES (:token:, :username:, :yacht_id:, :yacht_type:, :hname:, :customer_name:, :ccount:, :phone:, :email:, :address:, :booking_date:, :booking_time:, :plan_description:, :status:, :adate:)', [...], false)
 4 SYSTEMPATH\Model.php(326): CodeIgniter\Database\BaseBuilder->insert()
 5 SYSTEMPATH\BaseModel.php(802): CodeIgniter\Model->doInsert([...])
 6 SYSTEMPATH\Model.php(744): CodeIgniter\BaseModel->insert([...], true)
 7 APPPATH\Controllers\NewYachtCRM.php(216): CodeIgniter\Model->insert([...])
 8 SYSTEMPATH\CodeIgniter.php(941): App\Controllers\NewYachtCRM->saveBooking()
 9 SYSTEMPATH\CodeIgniter.php(502): CodeIgniter\CodeIgniter->runController(Object(App\Controllers\NewYachtCRM))
10 SYSTEMPATH\CodeIgniter.php(361): CodeIgniter\CodeIgniter->handleRequest(null, Object(Config\Cache), false)
11 FCPATH\index.php(79): CodeIgniter\CodeIgniter->run()
CRITICAL - 2025-01-18 00:12:08 --> [Caused by] mysqli_sql_exception: Column 'yacht_id' cannot be null
in SYSTEMPATH\Database\MySQLi\Connection.php on line 306.
 1 SYSTEMPATH\Database\MySQLi\Connection.php(306): mysqli->query('INSERT INTO `yacht_booking` (`token`, `username`, `yacht_id`, `yacht_type`, `hname`, `customer_name`, `ccount`, `phone`, `email`, `address`, `booking_date`, `booking_time`, `plan_description`, `status`, `adate`) VALUES (\'laurent\', \'laurent\', NULL, \'Galeon\', NULL, \'Albert\', \'1\', \'7889455555\', \'albert@gmail.com\', \'US\', \'2025-01-18\', \'13:00\', \'1 hour\', \'Pending\', \'2025-01-18 00:12 AM\')', 0)
 2 SYSTEMPATH\Database\BaseConnection.php(693): CodeIgniter\Database\MySQLi\Connection->execute('INSERT INTO `yacht_booking` (`token`, `username`, `yacht_id`, `yacht_type`, `hname`, `customer_name`, `ccount`, `phone`, `email`, `address`, `booking_date`, `booking_time`, `plan_description`, `status`, `adate`) VALUES (\'laurent\', \'laurent\', NULL, \'Galeon\', NULL, \'Albert\', \'1\', \'7889455555\', \'albert@gmail.com\', \'US\', \'2025-01-18\', \'13:00\', \'1 hour\', \'Pending\', \'2025-01-18 00:12 AM\')')
 3 SYSTEMPATH\Database\BaseConnection.php(607): CodeIgniter\Database\BaseConnection->simpleQuery('INSERT INTO `yacht_booking` (`token`, `username`, `yacht_id`, `yacht_type`, `hname`, `customer_name`, `ccount`, `phone`, `email`, `address`, `booking_date`, `booking_time`, `plan_description`, `status`, `adate`) VALUES (\'laurent\', \'laurent\', NULL, \'Galeon\', NULL, \'Albert\', \'1\', \'7889455555\', \'albert@gmail.com\', \'US\', \'2025-01-18\', \'13:00\', \'1 hour\', \'Pending\', \'2025-01-18 00:12 AM\')')
 4 SYSTEMPATH\Database\BaseBuilder.php(2307): CodeIgniter\Database\BaseConnection->query('INSERT INTO `yacht_booking` (`token`, `username`, `yacht_id`, `yacht_type`, `hname`, `customer_name`, `ccount`, `phone`, `email`, `address`, `booking_date`, `booking_time`, `plan_description`, `status`, `adate`) VALUES (:token:, :username:, :yacht_id:, :yacht_type:, :hname:, :customer_name:, :ccount:, :phone:, :email:, :address:, :booking_date:, :booking_time:, :plan_description:, :status:, :adate:)', [...], false)
 5 SYSTEMPATH\Model.php(326): CodeIgniter\Database\BaseBuilder->insert()
 6 SYSTEMPATH\BaseModel.php(802): CodeIgniter\Model->doInsert([...])
 7 SYSTEMPATH\Model.php(744): CodeIgniter\BaseModel->insert([...], true)
 8 APPPATH\Controllers\NewYachtCRM.php(216): CodeIgniter\Model->insert([...])
 9 SYSTEMPATH\CodeIgniter.php(941): App\Controllers\NewYachtCRM->saveBooking()
10 SYSTEMPATH\CodeIgniter.php(502): CodeIgniter\CodeIgniter->runController(Object(App\Controllers\NewYachtCRM))
11 SYSTEMPATH\CodeIgniter.php(361): CodeIgniter\CodeIgniter->handleRequest(null, Object(Config\Cache), false)
12 FCPATH\index.php(79): CodeIgniter\CodeIgniter->run()
ERROR - 2025-01-18 00:12:36 --> mysqli_sql_exception: Column 'yacht_id' cannot be null in C:\xampp\htdocs\bmy\system\Database\MySQLi\Connection.php:306
Stack trace:
#0 C:\xampp\htdocs\bmy\system\Database\MySQLi\Connection.php(306): mysqli->query('INSERT INTO `ya...', 0)
#1 C:\xampp\htdocs\bmy\system\Database\BaseConnection.php(693): CodeIgniter\Database\MySQLi\Connection->execute('INSERT INTO `ya...')
#2 C:\xampp\htdocs\bmy\system\Database\BaseConnection.php(607): CodeIgniter\Database\BaseConnection->simpleQuery('INSERT INTO `ya...')
#3 C:\xampp\htdocs\bmy\system\Database\BaseBuilder.php(2307): CodeIgniter\Database\BaseConnection->query('INSERT INTO `ya...', Array, false)
#4 C:\xampp\htdocs\bmy\system\Model.php(326): CodeIgniter\Database\BaseBuilder->insert()
#5 C:\xampp\htdocs\bmy\system\BaseModel.php(802): CodeIgniter\Model->doInsert(Array)
#6 C:\xampp\htdocs\bmy\system\Model.php(744): CodeIgniter\BaseModel->insert(Array, true)
#7 C:\xampp\htdocs\bmy\app\Controllers\NewYachtCRM.php(216): CodeIgniter\Model->insert(Array)
#8 C:\xampp\htdocs\bmy\system\CodeIgniter.php(941): App\Controllers\NewYachtCRM->saveBooking()
#9 C:\xampp\htdocs\bmy\system\CodeIgniter.php(502): CodeIgniter\CodeIgniter->runController(Object(App\Controllers\NewYachtCRM))
#10 C:\xampp\htdocs\bmy\system\CodeIgniter.php(361): CodeIgniter\CodeIgniter->handleRequest(NULL, Object(Config\Cache), false)
#11 C:\xampp\htdocs\bmy\index.php(79): CodeIgniter\CodeIgniter->run()
#12 {main}
CRITICAL - 2025-01-18 00:12:36 --> CodeIgniter\Database\Exceptions\DatabaseException: Column 'yacht_id' cannot be null
in SYSTEMPATH\Database\BaseConnection.php on line 647.
 1 SYSTEMPATH\Database\BaseBuilder.php(2307): CodeIgniter\Database\BaseConnection->query('INSERT INTO `yacht_booking` (`token`, `username`, `yacht_id`, `yacht_type`, `hname`, `customer_name`, `ccount`, `phone`, `email`, `address`, `booking_date`, `booking_time`, `plan_description`, `status`, `adate`) VALUES (:token:, :username:, :yacht_id:, :yacht_type:, :hname:, :customer_name:, :ccount:, :phone:, :email:, :address:, :booking_date:, :booking_time:, :plan_description:, :status:, :adate:)', [...], false)
 2 SYSTEMPATH\Model.php(326): CodeIgniter\Database\BaseBuilder->insert()
 3 SYSTEMPATH\BaseModel.php(802): CodeIgniter\Model->doInsert([...])
 4 SYSTEMPATH\Model.php(744): CodeIgniter\BaseModel->insert([...], true)
 5 APPPATH\Controllers\NewYachtCRM.php(216): CodeIgniter\Model->insert([...])
 6 SYSTEMPATH\CodeIgniter.php(941): App\Controllers\NewYachtCRM->saveBooking()
 7 SYSTEMPATH\CodeIgniter.php(502): CodeIgniter\CodeIgniter->runController(Object(App\Controllers\NewYachtCRM))
 8 SYSTEMPATH\CodeIgniter.php(361): CodeIgniter\CodeIgniter->handleRequest(null, Object(Config\Cache), false)
 9 FCPATH\index.php(79): CodeIgniter\CodeIgniter->run()
CRITICAL - 2025-01-18 00:12:36 --> [Caused by] CodeIgniter\Database\Exceptions\DatabaseException: Column 'yacht_id' cannot be null
in SYSTEMPATH\Database\MySQLi\Connection.php on line 311.
 1 SYSTEMPATH\Database\BaseConnection.php(693): CodeIgniter\Database\MySQLi\Connection->execute('INSERT INTO `yacht_booking` (`token`, `username`, `yacht_id`, `yacht_type`, `hname`, `customer_name`, `ccount`, `phone`, `email`, `address`, `booking_date`, `booking_time`, `plan_description`, `status`, `adate`) VALUES (\'laurent\', \'laurent\', NULL, \'Galeon\', NULL, \'Albert\', \'1\', \'7889455612\', \'albert@gmail.com\', \'US\', \'2025-01-18\', \'13:00\', \'1 hour\', \'Pending\', \'2025-01-18 00:12 AM\')')
 2 SYSTEMPATH\Database\BaseConnection.php(607): CodeIgniter\Database\BaseConnection->simpleQuery('INSERT INTO `yacht_booking` (`token`, `username`, `yacht_id`, `yacht_type`, `hname`, `customer_name`, `ccount`, `phone`, `email`, `address`, `booking_date`, `booking_time`, `plan_description`, `status`, `adate`) VALUES (\'laurent\', \'laurent\', NULL, \'Galeon\', NULL, \'Albert\', \'1\', \'7889455612\', \'albert@gmail.com\', \'US\', \'2025-01-18\', \'13:00\', \'1 hour\', \'Pending\', \'2025-01-18 00:12 AM\')')
 3 SYSTEMPATH\Database\BaseBuilder.php(2307): CodeIgniter\Database\BaseConnection->query('INSERT INTO `yacht_booking` (`token`, `username`, `yacht_id`, `yacht_type`, `hname`, `customer_name`, `ccount`, `phone`, `email`, `address`, `booking_date`, `booking_time`, `plan_description`, `status`, `adate`) VALUES (:token:, :username:, :yacht_id:, :yacht_type:, :hname:, :customer_name:, :ccount:, :phone:, :email:, :address:, :booking_date:, :booking_time:, :plan_description:, :status:, :adate:)', [...], false)
 4 SYSTEMPATH\Model.php(326): CodeIgniter\Database\BaseBuilder->insert()
 5 SYSTEMPATH\BaseModel.php(802): CodeIgniter\Model->doInsert([...])
 6 SYSTEMPATH\Model.php(744): CodeIgniter\BaseModel->insert([...], true)
 7 APPPATH\Controllers\NewYachtCRM.php(216): CodeIgniter\Model->insert([...])
 8 SYSTEMPATH\CodeIgniter.php(941): App\Controllers\NewYachtCRM->saveBooking()
 9 SYSTEMPATH\CodeIgniter.php(502): CodeIgniter\CodeIgniter->runController(Object(App\Controllers\NewYachtCRM))
10 SYSTEMPATH\CodeIgniter.php(361): CodeIgniter\CodeIgniter->handleRequest(null, Object(Config\Cache), false)
11 FCPATH\index.php(79): CodeIgniter\CodeIgniter->run()
CRITICAL - 2025-01-18 00:12:36 --> [Caused by] mysqli_sql_exception: Column 'yacht_id' cannot be null
in SYSTEMPATH\Database\MySQLi\Connection.php on line 306.
 1 SYSTEMPATH\Database\MySQLi\Connection.php(306): mysqli->query('INSERT INTO `yacht_booking` (`token`, `username`, `yacht_id`, `yacht_type`, `hname`, `customer_name`, `ccount`, `phone`, `email`, `address`, `booking_date`, `booking_time`, `plan_description`, `status`, `adate`) VALUES (\'laurent\', \'laurent\', NULL, \'Galeon\', NULL, \'Albert\', \'1\', \'7889455612\', \'albert@gmail.com\', \'US\', \'2025-01-18\', \'13:00\', \'1 hour\', \'Pending\', \'2025-01-18 00:12 AM\')', 0)
 2 SYSTEMPATH\Database\BaseConnection.php(693): CodeIgniter\Database\MySQLi\Connection->execute('INSERT INTO `yacht_booking` (`token`, `username`, `yacht_id`, `yacht_type`, `hname`, `customer_name`, `ccount`, `phone`, `email`, `address`, `booking_date`, `booking_time`, `plan_description`, `status`, `adate`) VALUES (\'laurent\', \'laurent\', NULL, \'Galeon\', NULL, \'Albert\', \'1\', \'7889455612\', \'albert@gmail.com\', \'US\', \'2025-01-18\', \'13:00\', \'1 hour\', \'Pending\', \'2025-01-18 00:12 AM\')')
 3 SYSTEMPATH\Database\BaseConnection.php(607): CodeIgniter\Database\BaseConnection->simpleQuery('INSERT INTO `yacht_booking` (`token`, `username`, `yacht_id`, `yacht_type`, `hname`, `customer_name`, `ccount`, `phone`, `email`, `address`, `booking_date`, `booking_time`, `plan_description`, `status`, `adate`) VALUES (\'laurent\', \'laurent\', NULL, \'Galeon\', NULL, \'Albert\', \'1\', \'7889455612\', \'albert@gmail.com\', \'US\', \'2025-01-18\', \'13:00\', \'1 hour\', \'Pending\', \'2025-01-18 00:12 AM\')')
 4 SYSTEMPATH\Database\BaseBuilder.php(2307): CodeIgniter\Database\BaseConnection->query('INSERT INTO `yacht_booking` (`token`, `username`, `yacht_id`, `yacht_type`, `hname`, `customer_name`, `ccount`, `phone`, `email`, `address`, `booking_date`, `booking_time`, `plan_description`, `status`, `adate`) VALUES (:token:, :username:, :yacht_id:, :yacht_type:, :hname:, :customer_name:, :ccount:, :phone:, :email:, :address:, :booking_date:, :booking_time:, :plan_description:, :status:, :adate:)', [...], false)
 5 SYSTEMPATH\Model.php(326): CodeIgniter\Database\BaseBuilder->insert()
 6 SYSTEMPATH\BaseModel.php(802): CodeIgniter\Model->doInsert([...])
 7 SYSTEMPATH\Model.php(744): CodeIgniter\BaseModel->insert([...], true)
 8 APPPATH\Controllers\NewYachtCRM.php(216): CodeIgniter\Model->insert([...])
 9 SYSTEMPATH\CodeIgniter.php(941): App\Controllers\NewYachtCRM->saveBooking()
10 SYSTEMPATH\CodeIgniter.php(502): CodeIgniter\CodeIgniter->runController(Object(App\Controllers\NewYachtCRM))
11 SYSTEMPATH\CodeIgniter.php(361): CodeIgniter\CodeIgniter->handleRequest(null, Object(Config\Cache), false)
12 FCPATH\index.php(79): CodeIgniter\CodeIgniter->run()
