CRITICAL - 2024-05-29 14:30:08 --> ErrorException: Undefined variable $record
in APPPATH\Views\yachtProject\us\ticket.php on line 39.
 1 APPPATH\Views\yachtProject\us\ticket.php(39): CodeIgniter\Debug\Exceptions->errorHandler(2, 'Undefined variable $record', 'C:\\xampp\\htdocs\\cigovind\\app\\Views\\yachtProject\\us\\ticket.php', 39)
 2 SYSTEMPATH\View\View.php(228): include('C:\\xampp\\htdocs\\cigovind\\app\\Views\\yachtProject\\us\\ticket.php')
 3 SYSTEMPATH\View\View.php(231): CodeIgniter\View\View->CodeIgniter\View\{closure}()
 4 SYSTEMPATH\Common.php(1178): CodeIgniter\View\View->render('yachtProject/us/ticket', [], true)
 5 APPPATH\Controllers\Yacht.php(321): view('yachtProject/us/ticket')
 6 SYSTEMPATH\CodeIgniter.php(941): App\Controllers\Yacht->bookingTicket()
 7 SYSTEMPATH\CodeIgniter.php(502): CodeIgniter\CodeIgniter->runController(Object(App\Controllers\Yacht))
 8 SYSTEMPATH\CodeIgniter.php(361): CodeIgniter\CodeIgniter->handleRequest(null, Object(Config\Cache), false)
 9 FCPATH\index.php(79): CodeIgniter\CodeIgniter->run()
CRITICAL - 2024-05-29 14:32:00 --> ErrorException: Undefined variable $record
in APPPATH\Views\yachtProject\us\ticket.php on line 39.
 1 APPPATH\Views\yachtProject\us\ticket.php(39): CodeIgniter\Debug\Exceptions->errorHandler(2, 'Undefined variable $record', 'C:\\xampp\\htdocs\\cigovind\\app\\Views\\yachtProject\\us\\ticket.php', 39)
 2 SYSTEMPATH\View\View.php(228): include('C:\\xampp\\htdocs\\cigovind\\app\\Views\\yachtProject\\us\\ticket.php')
 3 SYSTEMPATH\View\View.php(231): CodeIgniter\View\View->CodeIgniter\View\{closure}()
 4 SYSTEMPATH\Common.php(1178): CodeIgniter\View\View->render('yachtProject/us/ticket', [], true)
 5 APPPATH\Controllers\Yacht.php(321): view('yachtProject/us/ticket')
 6 SYSTEMPATH\CodeIgniter.php(941): App\Controllers\Yacht->bookingTicket()
 7 SYSTEMPATH\CodeIgniter.php(502): CodeIgniter\CodeIgniter->runController(Object(App\Controllers\Yacht))
 8 SYSTEMPATH\CodeIgniter.php(361): CodeIgniter\CodeIgniter->handleRequest(null, Object(Config\Cache), false)
 9 FCPATH\index.php(79): CodeIgniter\CodeIgniter->run()
CRITICAL - 2024-05-29 14:32:00 --> ErrorException: Undefined variable $record
in APPPATH\Views\yachtProject\us\ticket.php on line 39.
 1 APPPATH\Views\yachtProject\us\ticket.php(39): CodeIgniter\Debug\Exceptions->errorHandler(2, 'Undefined variable $record', 'C:\\xampp\\htdocs\\cigovind\\app\\Views\\yachtProject\\us\\ticket.php', 39)
 2 SYSTEMPATH\View\View.php(228): include('C:\\xampp\\htdocs\\cigovind\\app\\Views\\yachtProject\\us\\ticket.php')
 3 SYSTEMPATH\View\View.php(231): CodeIgniter\View\View->CodeIgniter\View\{closure}()
 4 SYSTEMPATH\Common.php(1178): CodeIgniter\View\View->render('yachtProject/us/ticket', [], true)
 5 APPPATH\Controllers\Yacht.php(321): view('yachtProject/us/ticket')
 6 SYSTEMPATH\CodeIgniter.php(941): App\Controllers\Yacht->bookingTicket()
 7 SYSTEMPATH\CodeIgniter.php(502): CodeIgniter\CodeIgniter->runController(Object(App\Controllers\Yacht))
 8 SYSTEMPATH\CodeIgniter.php(361): CodeIgniter\CodeIgniter->handleRequest(null, Object(Config\Cache), false)
 9 FCPATH\index.php(79): CodeIgniter\CodeIgniter->run()
CRITICAL - 2024-05-29 14:32:00 --> ErrorException: Undefined variable $record
in APPPATH\Views\yachtProject\us\ticket.php on line 39.
 1 APPPATH\Views\yachtProject\us\ticket.php(39): CodeIgniter\Debug\Exceptions->errorHandler(2, 'Undefined variable $record', 'C:\\xampp\\htdocs\\cigovind\\app\\Views\\yachtProject\\us\\ticket.php', 39)
 2 SYSTEMPATH\View\View.php(228): include('C:\\xampp\\htdocs\\cigovind\\app\\Views\\yachtProject\\us\\ticket.php')
 3 SYSTEMPATH\View\View.php(231): CodeIgniter\View\View->CodeIgniter\View\{closure}()
 4 SYSTEMPATH\Common.php(1178): CodeIgniter\View\View->render('yachtProject/us/ticket', [], true)
 5 APPPATH\Controllers\Yacht.php(321): view('yachtProject/us/ticket')
 6 SYSTEMPATH\CodeIgniter.php(941): App\Controllers\Yacht->bookingTicket()
 7 SYSTEMPATH\CodeIgniter.php(502): CodeIgniter\CodeIgniter->runController(Object(App\Controllers\Yacht))
 8 SYSTEMPATH\CodeIgniter.php(361): CodeIgniter\CodeIgniter->handleRequest(null, Object(Config\Cache), false)
 9 FCPATH\index.php(79): CodeIgniter\CodeIgniter->run()
CRITICAL - 2024-05-29 14:32:00 --> ErrorException: Undefined variable $record
in APPPATH\Views\yachtProject\us\ticket.php on line 39.
 1 APPPATH\Views\yachtProject\us\ticket.php(39): CodeIgniter\Debug\Exceptions->errorHandler(2, 'Undefined variable $record', 'C:\\xampp\\htdocs\\cigovind\\app\\Views\\yachtProject\\us\\ticket.php', 39)
 2 SYSTEMPATH\View\View.php(228): include('C:\\xampp\\htdocs\\cigovind\\app\\Views\\yachtProject\\us\\ticket.php')
 3 SYSTEMPATH\View\View.php(231): CodeIgniter\View\View->CodeIgniter\View\{closure}()
 4 SYSTEMPATH\Common.php(1178): CodeIgniter\View\View->render('yachtProject/us/ticket', [], true)
 5 APPPATH\Controllers\Yacht.php(321): view('yachtProject/us/ticket')
 6 SYSTEMPATH\CodeIgniter.php(941): App\Controllers\Yacht->bookingTicket()
 7 SYSTEMPATH\CodeIgniter.php(502): CodeIgniter\CodeIgniter->runController(Object(App\Controllers\Yacht))
 8 SYSTEMPATH\CodeIgniter.php(361): CodeIgniter\CodeIgniter->handleRequest(null, Object(Config\Cache), false)
 9 FCPATH\index.php(79): CodeIgniter\CodeIgniter->run()
CRITICAL - 2024-05-29 14:32:36 --> ErrorException: Undefined variable $record
in APPPATH\Views\yachtProject\us\ticket.php on line 39.
 1 APPPATH\Views\yachtProject\us\ticket.php(39): CodeIgniter\Debug\Exceptions->errorHandler(2, 'Undefined variable $record', 'C:\\xampp\\htdocs\\cigovind\\app\\Views\\yachtProject\\us\\ticket.php', 39)
 2 SYSTEMPATH\View\View.php(228): include('C:\\xampp\\htdocs\\cigovind\\app\\Views\\yachtProject\\us\\ticket.php')
 3 SYSTEMPATH\View\View.php(231): CodeIgniter\View\View->CodeIgniter\View\{closure}()
 4 SYSTEMPATH\Common.php(1178): CodeIgniter\View\View->render('yachtProject/us/ticket', [], true)
 5 APPPATH\Controllers\Yacht.php(321): view('yachtProject/us/ticket')
 6 SYSTEMPATH\CodeIgniter.php(941): App\Controllers\Yacht->bookingTicket()
 7 SYSTEMPATH\CodeIgniter.php(502): CodeIgniter\CodeIgniter->runController(Object(App\Controllers\Yacht))
 8 SYSTEMPATH\CodeIgniter.php(361): CodeIgniter\CodeIgniter->handleRequest(null, Object(Config\Cache), false)
 9 FCPATH\index.php(79): CodeIgniter\CodeIgniter->run()
CRITICAL - 2024-05-29 14:32:36 --> ErrorException: Undefined variable $record
in APPPATH\Views\yachtProject\us\ticket.php on line 39.
 1 APPPATH\Views\yachtProject\us\ticket.php(39): CodeIgniter\Debug\Exceptions->errorHandler(2, 'Undefined variable $record', 'C:\\xampp\\htdocs\\cigovind\\app\\Views\\yachtProject\\us\\ticket.php', 39)
 2 SYSTEMPATH\View\View.php(228): include('C:\\xampp\\htdocs\\cigovind\\app\\Views\\yachtProject\\us\\ticket.php')
 3 SYSTEMPATH\View\View.php(231): CodeIgniter\View\View->CodeIgniter\View\{closure}()
 4 SYSTEMPATH\Common.php(1178): CodeIgniter\View\View->render('yachtProject/us/ticket', [], true)
 5 APPPATH\Controllers\Yacht.php(321): view('yachtProject/us/ticket')
 6 SYSTEMPATH\CodeIgniter.php(941): App\Controllers\Yacht->bookingTicket()
 7 SYSTEMPATH\CodeIgniter.php(502): CodeIgniter\CodeIgniter->runController(Object(App\Controllers\Yacht))
 8 SYSTEMPATH\CodeIgniter.php(361): CodeIgniter\CodeIgniter->handleRequest(null, Object(Config\Cache), false)
 9 FCPATH\index.php(79): CodeIgniter\CodeIgniter->run()
CRITICAL - 2024-05-29 14:32:36 --> ErrorException: Undefined variable $record
in APPPATH\Views\yachtProject\us\ticket.php on line 39.
 1 APPPATH\Views\yachtProject\us\ticket.php(39): CodeIgniter\Debug\Exceptions->errorHandler(2, 'Undefined variable $record', 'C:\\xampp\\htdocs\\cigovind\\app\\Views\\yachtProject\\us\\ticket.php', 39)
 2 SYSTEMPATH\View\View.php(228): include('C:\\xampp\\htdocs\\cigovind\\app\\Views\\yachtProject\\us\\ticket.php')
 3 SYSTEMPATH\View\View.php(231): CodeIgniter\View\View->CodeIgniter\View\{closure}()
 4 SYSTEMPATH\Common.php(1178): CodeIgniter\View\View->render('yachtProject/us/ticket', [], true)
 5 APPPATH\Controllers\Yacht.php(321): view('yachtProject/us/ticket')
 6 SYSTEMPATH\CodeIgniter.php(941): App\Controllers\Yacht->bookingTicket()
 7 SYSTEMPATH\CodeIgniter.php(502): CodeIgniter\CodeIgniter->runController(Object(App\Controllers\Yacht))
 8 SYSTEMPATH\CodeIgniter.php(361): CodeIgniter\CodeIgniter->handleRequest(null, Object(Config\Cache), false)
 9 FCPATH\index.php(79): CodeIgniter\CodeIgniter->run()
CRITICAL - 2024-05-29 14:33:06 --> ErrorException: Undefined array key "thumb-img"
in APPPATH\Views\yachtProject\us\booking-confirm.php on line 47.
 1 APPPATH\Views\yachtProject\us\booking-confirm.php(47): CodeIgniter\Debug\Exceptions->errorHandler(2, 'Undefined array key "thumb-img"', 'C:\\xampp\\htdocs\\cigovind\\app\\Views\\yachtProject\\us\\booking-confirm.php', 47)
 2 SYSTEMPATH\View\View.php(228): include('C:\\xampp\\htdocs\\cigovind\\app\\Views\\yachtProject\\us\\booking-confirm.php')
 3 SYSTEMPATH\View\View.php(231): CodeIgniter\View\View->CodeIgniter\View\{closure}()
 4 SYSTEMPATH\Common.php(1178): CodeIgniter\View\View->render('yachtProject/us/booking-confirm', [], true)
 5 APPPATH\Controllers\Yacht.php(311): view('yachtProject/us/booking-confirm', [...])
 6 SYSTEMPATH\CodeIgniter.php(941): App\Controllers\Yacht->bookingConfirm()
 7 SYSTEMPATH\CodeIgniter.php(502): CodeIgniter\CodeIgniter->runController(Object(App\Controllers\Yacht))
 8 SYSTEMPATH\CodeIgniter.php(361): CodeIgniter\CodeIgniter->handleRequest(null, Object(Config\Cache), false)
 9 FCPATH\index.php(79): CodeIgniter\CodeIgniter->run()
CRITICAL - 2024-05-29 14:33:14 --> ErrorException: Undefined array key "thumb-img"
in APPPATH\Views\yachtProject\us\booking-confirm.php on line 47.
 1 APPPATH\Views\yachtProject\us\booking-confirm.php(47): CodeIgniter\Debug\Exceptions->errorHandler(2, 'Undefined array key "thumb-img"', 'C:\\xampp\\htdocs\\cigovind\\app\\Views\\yachtProject\\us\\booking-confirm.php', 47)
 2 SYSTEMPATH\View\View.php(228): include('C:\\xampp\\htdocs\\cigovind\\app\\Views\\yachtProject\\us\\booking-confirm.php')
 3 SYSTEMPATH\View\View.php(231): CodeIgniter\View\View->CodeIgniter\View\{closure}()
 4 SYSTEMPATH\Common.php(1178): CodeIgniter\View\View->render('yachtProject/us/booking-confirm', [], true)
 5 APPPATH\Controllers\Yacht.php(311): view('yachtProject/us/booking-confirm', [...])
 6 SYSTEMPATH\CodeIgniter.php(941): App\Controllers\Yacht->bookingConfirm()
 7 SYSTEMPATH\CodeIgniter.php(502): CodeIgniter\CodeIgniter->runController(Object(App\Controllers\Yacht))
 8 SYSTEMPATH\CodeIgniter.php(361): CodeIgniter\CodeIgniter->handleRequest(null, Object(Config\Cache), false)
 9 FCPATH\index.php(79): CodeIgniter\CodeIgniter->run()
CRITICAL - 2024-05-29 14:33:41 --> ErrorException: Undefined array key "thumb-img"
in APPPATH\Views\yachtProject\us\booking-confirm.php on line 47.
 1 APPPATH\Views\yachtProject\us\booking-confirm.php(47): CodeIgniter\Debug\Exceptions->errorHandler(2, 'Undefined array key "thumb-img"', 'C:\\xampp\\htdocs\\cigovind\\app\\Views\\yachtProject\\us\\booking-confirm.php', 47)
 2 SYSTEMPATH\View\View.php(228): include('C:\\xampp\\htdocs\\cigovind\\app\\Views\\yachtProject\\us\\booking-confirm.php')
 3 SYSTEMPATH\View\View.php(231): CodeIgniter\View\View->CodeIgniter\View\{closure}()
 4 SYSTEMPATH\Common.php(1178): CodeIgniter\View\View->render('yachtProject/us/booking-confirm', [], true)
 5 APPPATH\Controllers\Yacht.php(311): view('yachtProject/us/booking-confirm', [...])
 6 SYSTEMPATH\CodeIgniter.php(941): App\Controllers\Yacht->bookingConfirm()
 7 SYSTEMPATH\CodeIgniter.php(502): CodeIgniter\CodeIgniter->runController(Object(App\Controllers\Yacht))
 8 SYSTEMPATH\CodeIgniter.php(361): CodeIgniter\CodeIgniter->handleRequest(null, Object(Config\Cache), false)
 9 FCPATH\index.php(79): CodeIgniter\CodeIgniter->run()
CRITICAL - 2024-05-29 14:36:31 --> ErrorException: Undefined array key "thumb-img"
in APPPATH\Views\yachtProject\us\booking-confirm.php on line 47.
 1 APPPATH\Views\yachtProject\us\booking-confirm.php(47): CodeIgniter\Debug\Exceptions->errorHandler(2, 'Undefined array key "thumb-img"', 'C:\\xampp\\htdocs\\cigovind\\app\\Views\\yachtProject\\us\\booking-confirm.php', 47)
 2 SYSTEMPATH\View\View.php(228): include('C:\\xampp\\htdocs\\cigovind\\app\\Views\\yachtProject\\us\\booking-confirm.php')
 3 SYSTEMPATH\View\View.php(231): CodeIgniter\View\View->CodeIgniter\View\{closure}()
 4 SYSTEMPATH\Common.php(1178): CodeIgniter\View\View->render('yachtProject/us/booking-confirm', [], true)
 5 APPPATH\Controllers\Yacht.php(311): view('yachtProject/us/booking-confirm', [...])
 6 SYSTEMPATH\CodeIgniter.php(941): App\Controllers\Yacht->bookingConfirm()
 7 SYSTEMPATH\CodeIgniter.php(502): CodeIgniter\CodeIgniter->runController(Object(App\Controllers\Yacht))
 8 SYSTEMPATH\CodeIgniter.php(361): CodeIgniter\CodeIgniter->handleRequest(null, Object(Config\Cache), false)
 9 FCPATH\index.php(79): CodeIgniter\CodeIgniter->run()
CRITICAL - 2024-05-29 14:37:43 --> ErrorException: Undefined variable $record
in APPPATH\Views\yachtProject\us\booking-page.php on line 100.
 1 APPPATH\Views\yachtProject\us\booking-page.php(100): CodeIgniter\Debug\Exceptions->errorHandler(2, 'Undefined variable $record', 'C:\\xampp\\htdocs\\cigovind\\app\\Views\\yachtProject\\us\\booking-page.php', 100)
 2 SYSTEMPATH\View\View.php(228): include('C:\\xampp\\htdocs\\cigovind\\app\\Views\\yachtProject\\us\\booking-page.php')
 3 SYSTEMPATH\View\View.php(231): CodeIgniter\View\View->CodeIgniter\View\{closure}()
 4 SYSTEMPATH\Common.php(1178): CodeIgniter\View\View->render('yachtProject/us/booking-page', [], true)
 5 APPPATH\Controllers\Yacht.php(316): view('yachtProject/us/booking-page')
 6 SYSTEMPATH\CodeIgniter.php(941): App\Controllers\Yacht->bookingPage()
 7 SYSTEMPATH\CodeIgniter.php(502): CodeIgniter\CodeIgniter->runController(Object(App\Controllers\Yacht))
 8 SYSTEMPATH\CodeIgniter.php(361): CodeIgniter\CodeIgniter->handleRequest(null, Object(Config\Cache), false)
 9 FCPATH\index.php(79): CodeIgniter\CodeIgniter->run()
CRITICAL - 2024-05-29 14:49:42 --> ErrorException: Undefined array key "thumb-img"
in APPPATH\Views\yachtProject\us\ticket.php on line 47.
 1 APPPATH\Views\yachtProject\us\ticket.php(47): CodeIgniter\Debug\Exceptions->errorHandler(2, 'Undefined array key "thumb-img"', 'C:\\xampp\\htdocs\\cigovind\\app\\Views\\yachtProject\\us\\ticket.php', 47)
 2 SYSTEMPATH\View\View.php(228): include('C:\\xampp\\htdocs\\cigovind\\app\\Views\\yachtProject\\us\\ticket.php')
 3 SYSTEMPATH\View\View.php(231): CodeIgniter\View\View->CodeIgniter\View\{closure}()
 4 SYSTEMPATH\Common.php(1178): CodeIgniter\View\View->render('yachtProject/us/ticket', [], true)
 5 APPPATH\Controllers\Yacht.php(323): view('yachtProject/us/ticket', [...])
 6 SYSTEMPATH\CodeIgniter.php(941): App\Controllers\Yacht->bookingTicket()
 7 SYSTEMPATH\CodeIgniter.php(502): CodeIgniter\CodeIgniter->runController(Object(App\Controllers\Yacht))
 8 SYSTEMPATH\CodeIgniter.php(361): CodeIgniter\CodeIgniter->handleRequest(null, Object(Config\Cache), false)
 9 FCPATH\index.php(79): CodeIgniter\CodeIgniter->run()
CRITICAL - 2024-05-29 14:56:13 --> ErrorException: Undefined array key "thumb-img"
in APPPATH\Views\yachtProject\us\booking-confirm.php on line 47.
 1 APPPATH\Views\yachtProject\us\booking-confirm.php(47): CodeIgniter\Debug\Exceptions->errorHandler(2, 'Undefined array key "thumb-img"', 'C:\\xampp\\htdocs\\cigovind\\app\\Views\\yachtProject\\us\\booking-confirm.php', 47)
 2 SYSTEMPATH\View\View.php(228): include('C:\\xampp\\htdocs\\cigovind\\app\\Views\\yachtProject\\us\\booking-confirm.php')
 3 SYSTEMPATH\View\View.php(231): CodeIgniter\View\View->CodeIgniter\View\{closure}()
 4 SYSTEMPATH\Common.php(1178): CodeIgniter\View\View->render('yachtProject/us/booking-confirm', [], true)
 5 APPPATH\Controllers\Yacht.php(311): view('yachtProject/us/booking-confirm', [...])
 6 SYSTEMPATH\CodeIgniter.php(941): App\Controllers\Yacht->bookingConfirm()
 7 SYSTEMPATH\CodeIgniter.php(502): CodeIgniter\CodeIgniter->runController(Object(App\Controllers\Yacht))
 8 SYSTEMPATH\CodeIgniter.php(361): CodeIgniter\CodeIgniter->handleRequest(null, Object(Config\Cache), false)
 9 FCPATH\index.php(79): CodeIgniter\CodeIgniter->run()
CRITICAL - 2024-05-29 14:57:07 --> ErrorException: Undefined array key "thumb-img"
in APPPATH\Views\yachtProject\us\booking-confirm.php on line 47.
 1 APPPATH\Views\yachtProject\us\booking-confirm.php(47): CodeIgniter\Debug\Exceptions->errorHandler(2, 'Undefined array key "thumb-img"', 'C:\\xampp\\htdocs\\cigovind\\app\\Views\\yachtProject\\us\\booking-confirm.php', 47)
 2 SYSTEMPATH\View\View.php(228): include('C:\\xampp\\htdocs\\cigovind\\app\\Views\\yachtProject\\us\\booking-confirm.php')
 3 SYSTEMPATH\View\View.php(231): CodeIgniter\View\View->CodeIgniter\View\{closure}()
 4 SYSTEMPATH\Common.php(1178): CodeIgniter\View\View->render('yachtProject/us/booking-confirm', [], true)
 5 APPPATH\Controllers\Yacht.php(311): view('yachtProject/us/booking-confirm', [...])
 6 SYSTEMPATH\CodeIgniter.php(941): App\Controllers\Yacht->bookingConfirm()
 7 SYSTEMPATH\CodeIgniter.php(502): CodeIgniter\CodeIgniter->runController(Object(App\Controllers\Yacht))
 8 SYSTEMPATH\CodeIgniter.php(361): CodeIgniter\CodeIgniter->handleRequest(null, Object(Config\Cache), false)
 9 FCPATH\index.php(79): CodeIgniter\CodeIgniter->run()
CRITICAL - 2024-05-29 14:57:09 --> ErrorException: Undefined array key "thumb-img"
in APPPATH\Views\yachtProject\us\booking-confirm.php on line 47.
 1 APPPATH\Views\yachtProject\us\booking-confirm.php(47): CodeIgniter\Debug\Exceptions->errorHandler(2, 'Undefined array key "thumb-img"', 'C:\\xampp\\htdocs\\cigovind\\app\\Views\\yachtProject\\us\\booking-confirm.php', 47)
 2 SYSTEMPATH\View\View.php(228): include('C:\\xampp\\htdocs\\cigovind\\app\\Views\\yachtProject\\us\\booking-confirm.php')
 3 SYSTEMPATH\View\View.php(231): CodeIgniter\View\View->CodeIgniter\View\{closure}()
 4 SYSTEMPATH\Common.php(1178): CodeIgniter\View\View->render('yachtProject/us/booking-confirm', [], true)
 5 APPPATH\Controllers\Yacht.php(311): view('yachtProject/us/booking-confirm', [...])
 6 SYSTEMPATH\CodeIgniter.php(941): App\Controllers\Yacht->bookingConfirm()
 7 SYSTEMPATH\CodeIgniter.php(502): CodeIgniter\CodeIgniter->runController(Object(App\Controllers\Yacht))
 8 SYSTEMPATH\CodeIgniter.php(361): CodeIgniter\CodeIgniter->handleRequest(null, Object(Config\Cache), false)
 9 FCPATH\index.php(79): CodeIgniter\CodeIgniter->run()
CRITICAL - 2024-05-29 14:57:25 --> ErrorException: Undefined array key "thumb-img"
in APPPATH\Views\yachtProject\us\booking-confirm.php on line 47.
 1 APPPATH\Views\yachtProject\us\booking-confirm.php(47): CodeIgniter\Debug\Exceptions->errorHandler(2, 'Undefined array key "thumb-img"', 'C:\\xampp\\htdocs\\cigovind\\app\\Views\\yachtProject\\us\\booking-confirm.php', 47)
 2 SYSTEMPATH\View\View.php(228): include('C:\\xampp\\htdocs\\cigovind\\app\\Views\\yachtProject\\us\\booking-confirm.php')
 3 SYSTEMPATH\View\View.php(231): CodeIgniter\View\View->CodeIgniter\View\{closure}()
 4 SYSTEMPATH\Common.php(1178): CodeIgniter\View\View->render('yachtProject/us/booking-confirm', [], true)
 5 APPPATH\Controllers\Yacht.php(311): view('yachtProject/us/booking-confirm', [...])
 6 SYSTEMPATH\CodeIgniter.php(941): App\Controllers\Yacht->bookingConfirm()
 7 SYSTEMPATH\CodeIgniter.php(502): CodeIgniter\CodeIgniter->runController(Object(App\Controllers\Yacht))
 8 SYSTEMPATH\CodeIgniter.php(361): CodeIgniter\CodeIgniter->handleRequest(null, Object(Config\Cache), false)
 9 FCPATH\index.php(79): CodeIgniter\CodeIgniter->run()
CRITICAL - 2024-05-29 15:00:03 --> ErrorException: Undefined array key "thumb-img"
in APPPATH\Views\yachtProject\us\booking-confirm.php on line 47.
 1 APPPATH\Views\yachtProject\us\booking-confirm.php(47): CodeIgniter\Debug\Exceptions->errorHandler(2, 'Undefined array key "thumb-img"', 'C:\\xampp\\htdocs\\cigovind\\app\\Views\\yachtProject\\us\\booking-confirm.php', 47)
 2 SYSTEMPATH\View\View.php(228): include('C:\\xampp\\htdocs\\cigovind\\app\\Views\\yachtProject\\us\\booking-confirm.php')
 3 SYSTEMPATH\View\View.php(231): CodeIgniter\View\View->CodeIgniter\View\{closure}()
 4 SYSTEMPATH\Common.php(1178): CodeIgniter\View\View->render('yachtProject/us/booking-confirm', [], true)
 5 APPPATH\Controllers\Yacht.php(311): view('yachtProject/us/booking-confirm', [...])
 6 SYSTEMPATH\CodeIgniter.php(941): App\Controllers\Yacht->bookingConfirm()
 7 SYSTEMPATH\CodeIgniter.php(502): CodeIgniter\CodeIgniter->runController(Object(App\Controllers\Yacht))
 8 SYSTEMPATH\CodeIgniter.php(361): CodeIgniter\CodeIgniter->handleRequest(null, Object(Config\Cache), false)
 9 FCPATH\index.php(79): CodeIgniter\CodeIgniter->run()
CRITICAL - 2024-05-29 15:00:05 --> ErrorException: Undefined array key "thumb-img"
in APPPATH\Views\yachtProject\us\booking-confirm.php on line 47.
 1 APPPATH\Views\yachtProject\us\booking-confirm.php(47): CodeIgniter\Debug\Exceptions->errorHandler(2, 'Undefined array key "thumb-img"', 'C:\\xampp\\htdocs\\cigovind\\app\\Views\\yachtProject\\us\\booking-confirm.php', 47)
 2 SYSTEMPATH\View\View.php(228): include('C:\\xampp\\htdocs\\cigovind\\app\\Views\\yachtProject\\us\\booking-confirm.php')
 3 SYSTEMPATH\View\View.php(231): CodeIgniter\View\View->CodeIgniter\View\{closure}()
 4 SYSTEMPATH\Common.php(1178): CodeIgniter\View\View->render('yachtProject/us/booking-confirm', [], true)
 5 APPPATH\Controllers\Yacht.php(311): view('yachtProject/us/booking-confirm', [...])
 6 SYSTEMPATH\CodeIgniter.php(941): App\Controllers\Yacht->bookingConfirm()
 7 SYSTEMPATH\CodeIgniter.php(502): CodeIgniter\CodeIgniter->runController(Object(App\Controllers\Yacht))
 8 SYSTEMPATH\CodeIgniter.php(361): CodeIgniter\CodeIgniter->handleRequest(null, Object(Config\Cache), false)
 9 FCPATH\index.php(79): CodeIgniter\CodeIgniter->run()
CRITICAL - 2024-05-29 15:00:05 --> ErrorException: Undefined array key "thumb-img"
in APPPATH\Views\yachtProject\us\booking-confirm.php on line 47.
 1 APPPATH\Views\yachtProject\us\booking-confirm.php(47): CodeIgniter\Debug\Exceptions->errorHandler(2, 'Undefined array key "thumb-img"', 'C:\\xampp\\htdocs\\cigovind\\app\\Views\\yachtProject\\us\\booking-confirm.php', 47)
 2 SYSTEMPATH\View\View.php(228): include('C:\\xampp\\htdocs\\cigovind\\app\\Views\\yachtProject\\us\\booking-confirm.php')
 3 SYSTEMPATH\View\View.php(231): CodeIgniter\View\View->CodeIgniter\View\{closure}()
 4 SYSTEMPATH\Common.php(1178): CodeIgniter\View\View->render('yachtProject/us/booking-confirm', [], true)
 5 APPPATH\Controllers\Yacht.php(311): view('yachtProject/us/booking-confirm', [...])
 6 SYSTEMPATH\CodeIgniter.php(941): App\Controllers\Yacht->bookingConfirm()
 7 SYSTEMPATH\CodeIgniter.php(502): CodeIgniter\CodeIgniter->runController(Object(App\Controllers\Yacht))
 8 SYSTEMPATH\CodeIgniter.php(361): CodeIgniter\CodeIgniter->handleRequest(null, Object(Config\Cache), false)
 9 FCPATH\index.php(79): CodeIgniter\CodeIgniter->run()
CRITICAL - 2024-05-29 15:00:05 --> ErrorException: Undefined array key "thumb-img"
in APPPATH\Views\yachtProject\us\booking-confirm.php on line 47.
 1 APPPATH\Views\yachtProject\us\booking-confirm.php(47): CodeIgniter\Debug\Exceptions->errorHandler(2, 'Undefined array key "thumb-img"', 'C:\\xampp\\htdocs\\cigovind\\app\\Views\\yachtProject\\us\\booking-confirm.php', 47)
 2 SYSTEMPATH\View\View.php(228): include('C:\\xampp\\htdocs\\cigovind\\app\\Views\\yachtProject\\us\\booking-confirm.php')
 3 SYSTEMPATH\View\View.php(231): CodeIgniter\View\View->CodeIgniter\View\{closure}()
 4 SYSTEMPATH\Common.php(1178): CodeIgniter\View\View->render('yachtProject/us/booking-confirm', [], true)
 5 APPPATH\Controllers\Yacht.php(311): view('yachtProject/us/booking-confirm', [...])
 6 SYSTEMPATH\CodeIgniter.php(941): App\Controllers\Yacht->bookingConfirm()
 7 SYSTEMPATH\CodeIgniter.php(502): CodeIgniter\CodeIgniter->runController(Object(App\Controllers\Yacht))
 8 SYSTEMPATH\CodeIgniter.php(361): CodeIgniter\CodeIgniter->handleRequest(null, Object(Config\Cache), false)
 9 FCPATH\index.php(79): CodeIgniter\CodeIgniter->run()
CRITICAL - 2024-05-29 15:00:05 --> ErrorException: Undefined array key "thumb-img"
in APPPATH\Views\yachtProject\us\booking-confirm.php on line 47.
 1 APPPATH\Views\yachtProject\us\booking-confirm.php(47): CodeIgniter\Debug\Exceptions->errorHandler(2, 'Undefined array key "thumb-img"', 'C:\\xampp\\htdocs\\cigovind\\app\\Views\\yachtProject\\us\\booking-confirm.php', 47)
 2 SYSTEMPATH\View\View.php(228): include('C:\\xampp\\htdocs\\cigovind\\app\\Views\\yachtProject\\us\\booking-confirm.php')
 3 SYSTEMPATH\View\View.php(231): CodeIgniter\View\View->CodeIgniter\View\{closure}()
 4 SYSTEMPATH\Common.php(1178): CodeIgniter\View\View->render('yachtProject/us/booking-confirm', [], true)
 5 APPPATH\Controllers\Yacht.php(311): view('yachtProject/us/booking-confirm', [...])
 6 SYSTEMPATH\CodeIgniter.php(941): App\Controllers\Yacht->bookingConfirm()
 7 SYSTEMPATH\CodeIgniter.php(502): CodeIgniter\CodeIgniter->runController(Object(App\Controllers\Yacht))
 8 SYSTEMPATH\CodeIgniter.php(361): CodeIgniter\CodeIgniter->handleRequest(null, Object(Config\Cache), false)
 9 FCPATH\index.php(79): CodeIgniter\CodeIgniter->run()
CRITICAL - 2024-05-29 15:00:05 --> ErrorException: Undefined array key "thumb-img"
in APPPATH\Views\yachtProject\us\booking-confirm.php on line 47.
 1 APPPATH\Views\yachtProject\us\booking-confirm.php(47): CodeIgniter\Debug\Exceptions->errorHandler(2, 'Undefined array key "thumb-img"', 'C:\\xampp\\htdocs\\cigovind\\app\\Views\\yachtProject\\us\\booking-confirm.php', 47)
 2 SYSTEMPATH\View\View.php(228): include('C:\\xampp\\htdocs\\cigovind\\app\\Views\\yachtProject\\us\\booking-confirm.php')
 3 SYSTEMPATH\View\View.php(231): CodeIgniter\View\View->CodeIgniter\View\{closure}()
 4 SYSTEMPATH\Common.php(1178): CodeIgniter\View\View->render('yachtProject/us/booking-confirm', [], true)
 5 APPPATH\Controllers\Yacht.php(311): view('yachtProject/us/booking-confirm', [...])
 6 SYSTEMPATH\CodeIgniter.php(941): App\Controllers\Yacht->bookingConfirm()
 7 SYSTEMPATH\CodeIgniter.php(502): CodeIgniter\CodeIgniter->runController(Object(App\Controllers\Yacht))
 8 SYSTEMPATH\CodeIgniter.php(361): CodeIgniter\CodeIgniter->handleRequest(null, Object(Config\Cache), false)
 9 FCPATH\index.php(79): CodeIgniter\CodeIgniter->run()
CRITICAL - 2024-05-29 15:01:38 --> ErrorException: Undefined array key "thumb-img"
in APPPATH\Views\yachtProject\us\ticket.php on line 47.
 1 APPPATH\Views\yachtProject\us\ticket.php(47): CodeIgniter\Debug\Exceptions->errorHandler(2, 'Undefined array key "thumb-img"', 'C:\\xampp\\htdocs\\cigovind\\app\\Views\\yachtProject\\us\\ticket.php', 47)
 2 SYSTEMPATH\View\View.php(228): include('C:\\xampp\\htdocs\\cigovind\\app\\Views\\yachtProject\\us\\ticket.php')
 3 SYSTEMPATH\View\View.php(231): CodeIgniter\View\View->CodeIgniter\View\{closure}()
 4 SYSTEMPATH\Common.php(1178): CodeIgniter\View\View->render('yachtProject/us/ticket', [], true)
 5 APPPATH\Controllers\Yacht.php(323): view('yachtProject/us/ticket', [...])
 6 SYSTEMPATH\CodeIgniter.php(941): App\Controllers\Yacht->bookingTicket()
 7 SYSTEMPATH\CodeIgniter.php(502): CodeIgniter\CodeIgniter->runController(Object(App\Controllers\Yacht))
 8 SYSTEMPATH\CodeIgniter.php(361): CodeIgniter\CodeIgniter->handleRequest(null, Object(Config\Cache), false)
 9 FCPATH\index.php(79): CodeIgniter\CodeIgniter->run()
CRITICAL - 2024-05-29 16:10:50 --> ErrorException: Undefined variable $yacht
in APPPATH\Views\yachtProject\us\ticket.php on line 42.
 1 APPPATH\Views\yachtProject\us\ticket.php(42): CodeIgniter\Debug\Exceptions->errorHandler(2, 'Undefined variable $yacht', 'C:\\xampp\\htdocs\\cigovind\\app\\Views\\yachtProject\\us\\ticket.php', 42)
 2 SYSTEMPATH\View\View.php(228): include('C:\\xampp\\htdocs\\cigovind\\app\\Views\\yachtProject\\us\\ticket.php')
 3 SYSTEMPATH\View\View.php(231): CodeIgniter\View\View->CodeIgniter\View\{closure}()
 4 SYSTEMPATH\Common.php(1178): CodeIgniter\View\View->render('yachtProject/us/ticket', [], true)
 5 APPPATH\Controllers\Yacht.php(325): view('yachtProject/us/ticket', [...])
 6 SYSTEMPATH\CodeIgniter.php(941): App\Controllers\Yacht->bookingTicket()
 7 SYSTEMPATH\CodeIgniter.php(502): CodeIgniter\CodeIgniter->runController(Object(App\Controllers\Yacht))
 8 SYSTEMPATH\CodeIgniter.php(361): CodeIgniter\CodeIgniter->handleRequest(null, Object(Config\Cache), false)
 9 FCPATH\index.php(79): CodeIgniter\CodeIgniter->run()
CRITICAL - 2024-05-29 16:11:14 --> ErrorException: Undefined variable $yacht
in APPPATH\Views\yachtProject\us\ticket.php on line 40.
 1 APPPATH\Views\yachtProject\us\ticket.php(40): CodeIgniter\Debug\Exceptions->errorHandler(2, 'Undefined variable $yacht', 'C:\\xampp\\htdocs\\cigovind\\app\\Views\\yachtProject\\us\\ticket.php', 40)
 2 SYSTEMPATH\View\View.php(228): include('C:\\xampp\\htdocs\\cigovind\\app\\Views\\yachtProject\\us\\ticket.php')
 3 SYSTEMPATH\View\View.php(231): CodeIgniter\View\View->CodeIgniter\View\{closure}()
 4 SYSTEMPATH\Common.php(1178): CodeIgniter\View\View->render('yachtProject/us/ticket', [], true)
 5 APPPATH\Controllers\Yacht.php(325): view('yachtProject/us/ticket', [...])
 6 SYSTEMPATH\CodeIgniter.php(941): App\Controllers\Yacht->bookingTicket()
 7 SYSTEMPATH\CodeIgniter.php(502): CodeIgniter\CodeIgniter->runController(Object(App\Controllers\Yacht))
 8 SYSTEMPATH\CodeIgniter.php(361): CodeIgniter\CodeIgniter->handleRequest(null, Object(Config\Cache), false)
 9 FCPATH\index.php(79): CodeIgniter\CodeIgniter->run()
CRITICAL - 2024-05-29 16:11:15 --> ErrorException: Undefined variable $yacht
in APPPATH\Views\yachtProject\us\ticket.php on line 40.
 1 APPPATH\Views\yachtProject\us\ticket.php(40): CodeIgniter\Debug\Exceptions->errorHandler(2, 'Undefined variable $yacht', 'C:\\xampp\\htdocs\\cigovind\\app\\Views\\yachtProject\\us\\ticket.php', 40)
 2 SYSTEMPATH\View\View.php(228): include('C:\\xampp\\htdocs\\cigovind\\app\\Views\\yachtProject\\us\\ticket.php')
 3 SYSTEMPATH\View\View.php(231): CodeIgniter\View\View->CodeIgniter\View\{closure}()
 4 SYSTEMPATH\Common.php(1178): CodeIgniter\View\View->render('yachtProject/us/ticket', [], true)
 5 APPPATH\Controllers\Yacht.php(325): view('yachtProject/us/ticket', [...])
 6 SYSTEMPATH\CodeIgniter.php(941): App\Controllers\Yacht->bookingTicket()
 7 SYSTEMPATH\CodeIgniter.php(502): CodeIgniter\CodeIgniter->runController(Object(App\Controllers\Yacht))
 8 SYSTEMPATH\CodeIgniter.php(361): CodeIgniter\CodeIgniter->handleRequest(null, Object(Config\Cache), false)
 9 FCPATH\index.php(79): CodeIgniter\CodeIgniter->run()
CRITICAL - 2024-05-29 16:11:15 --> ErrorException: Undefined variable $yacht
in APPPATH\Views\yachtProject\us\ticket.php on line 40.
 1 APPPATH\Views\yachtProject\us\ticket.php(40): CodeIgniter\Debug\Exceptions->errorHandler(2, 'Undefined variable $yacht', 'C:\\xampp\\htdocs\\cigovind\\app\\Views\\yachtProject\\us\\ticket.php', 40)
 2 SYSTEMPATH\View\View.php(228): include('C:\\xampp\\htdocs\\cigovind\\app\\Views\\yachtProject\\us\\ticket.php')
 3 SYSTEMPATH\View\View.php(231): CodeIgniter\View\View->CodeIgniter\View\{closure}()
 4 SYSTEMPATH\Common.php(1178): CodeIgniter\View\View->render('yachtProject/us/ticket', [], true)
 5 APPPATH\Controllers\Yacht.php(325): view('yachtProject/us/ticket', [...])
 6 SYSTEMPATH\CodeIgniter.php(941): App\Controllers\Yacht->bookingTicket()
 7 SYSTEMPATH\CodeIgniter.php(502): CodeIgniter\CodeIgniter->runController(Object(App\Controllers\Yacht))
 8 SYSTEMPATH\CodeIgniter.php(361): CodeIgniter\CodeIgniter->handleRequest(null, Object(Config\Cache), false)
 9 FCPATH\index.php(79): CodeIgniter\CodeIgniter->run()
CRITICAL - 2024-05-29 16:13:33 --> ErrorException: Undefined variable $yacht
in APPPATH\Views\yachtProject\us\ticket.php on line 40.
 1 APPPATH\Views\yachtProject\us\ticket.php(40): CodeIgniter\Debug\Exceptions->errorHandler(2, 'Undefined variable $yacht', 'C:\\xampp\\htdocs\\cigovind\\app\\Views\\yachtProject\\us\\ticket.php', 40)
 2 SYSTEMPATH\View\View.php(228): include('C:\\xampp\\htdocs\\cigovind\\app\\Views\\yachtProject\\us\\ticket.php')
 3 SYSTEMPATH\View\View.php(231): CodeIgniter\View\View->CodeIgniter\View\{closure}()
 4 SYSTEMPATH\Common.php(1178): CodeIgniter\View\View->render('yachtProject/us/ticket', [], true)
 5 APPPATH\Controllers\Yacht.php(325): view('yachtProject/us/ticket', [...])
 6 SYSTEMPATH\CodeIgniter.php(941): App\Controllers\Yacht->bookingTicket()
 7 SYSTEMPATH\CodeIgniter.php(502): CodeIgniter\CodeIgniter->runController(Object(App\Controllers\Yacht))
 8 SYSTEMPATH\CodeIgniter.php(361): CodeIgniter\CodeIgniter->handleRequest(null, Object(Config\Cache), false)
 9 FCPATH\index.php(79): CodeIgniter\CodeIgniter->run()
CRITICAL - 2024-05-29 16:13:33 --> ErrorException: Undefined variable $yacht
in APPPATH\Views\yachtProject\us\ticket.php on line 40.
 1 APPPATH\Views\yachtProject\us\ticket.php(40): CodeIgniter\Debug\Exceptions->errorHandler(2, 'Undefined variable $yacht', 'C:\\xampp\\htdocs\\cigovind\\app\\Views\\yachtProject\\us\\ticket.php', 40)
 2 SYSTEMPATH\View\View.php(228): include('C:\\xampp\\htdocs\\cigovind\\app\\Views\\yachtProject\\us\\ticket.php')
 3 SYSTEMPATH\View\View.php(231): CodeIgniter\View\View->CodeIgniter\View\{closure}()
 4 SYSTEMPATH\Common.php(1178): CodeIgniter\View\View->render('yachtProject/us/ticket', [], true)
 5 APPPATH\Controllers\Yacht.php(325): view('yachtProject/us/ticket', [...])
 6 SYSTEMPATH\CodeIgniter.php(941): App\Controllers\Yacht->bookingTicket()
 7 SYSTEMPATH\CodeIgniter.php(502): CodeIgniter\CodeIgniter->runController(Object(App\Controllers\Yacht))
 8 SYSTEMPATH\CodeIgniter.php(361): CodeIgniter\CodeIgniter->handleRequest(null, Object(Config\Cache), false)
 9 FCPATH\index.php(79): CodeIgniter\CodeIgniter->run()
CRITICAL - 2024-05-29 16:13:34 --> ErrorException: Undefined variable $yacht
in APPPATH\Views\yachtProject\us\ticket.php on line 40.
 1 APPPATH\Views\yachtProject\us\ticket.php(40): CodeIgniter\Debug\Exceptions->errorHandler(2, 'Undefined variable $yacht', 'C:\\xampp\\htdocs\\cigovind\\app\\Views\\yachtProject\\us\\ticket.php', 40)
 2 SYSTEMPATH\View\View.php(228): include('C:\\xampp\\htdocs\\cigovind\\app\\Views\\yachtProject\\us\\ticket.php')
 3 SYSTEMPATH\View\View.php(231): CodeIgniter\View\View->CodeIgniter\View\{closure}()
 4 SYSTEMPATH\Common.php(1178): CodeIgniter\View\View->render('yachtProject/us/ticket', [], true)
 5 APPPATH\Controllers\Yacht.php(325): view('yachtProject/us/ticket', [...])
 6 SYSTEMPATH\CodeIgniter.php(941): App\Controllers\Yacht->bookingTicket()
 7 SYSTEMPATH\CodeIgniter.php(502): CodeIgniter\CodeIgniter->runController(Object(App\Controllers\Yacht))
 8 SYSTEMPATH\CodeIgniter.php(361): CodeIgniter\CodeIgniter->handleRequest(null, Object(Config\Cache), false)
 9 FCPATH\index.php(79): CodeIgniter\CodeIgniter->run()
CRITICAL - 2024-05-29 16:13:34 --> ErrorException: Undefined variable $yacht
in APPPATH\Views\yachtProject\us\ticket.php on line 40.
 1 APPPATH\Views\yachtProject\us\ticket.php(40): CodeIgniter\Debug\Exceptions->errorHandler(2, 'Undefined variable $yacht', 'C:\\xampp\\htdocs\\cigovind\\app\\Views\\yachtProject\\us\\ticket.php', 40)
 2 SYSTEMPATH\View\View.php(228): include('C:\\xampp\\htdocs\\cigovind\\app\\Views\\yachtProject\\us\\ticket.php')
 3 SYSTEMPATH\View\View.php(231): CodeIgniter\View\View->CodeIgniter\View\{closure}()
 4 SYSTEMPATH\Common.php(1178): CodeIgniter\View\View->render('yachtProject/us/ticket', [], true)
 5 APPPATH\Controllers\Yacht.php(325): view('yachtProject/us/ticket', [...])
 6 SYSTEMPATH\CodeIgniter.php(941): App\Controllers\Yacht->bookingTicket()
 7 SYSTEMPATH\CodeIgniter.php(502): CodeIgniter\CodeIgniter->runController(Object(App\Controllers\Yacht))
 8 SYSTEMPATH\CodeIgniter.php(361): CodeIgniter\CodeIgniter->handleRequest(null, Object(Config\Cache), false)
 9 FCPATH\index.php(79): CodeIgniter\CodeIgniter->run()
CRITICAL - 2024-05-29 16:13:34 --> ErrorException: Undefined variable $yacht
in APPPATH\Views\yachtProject\us\ticket.php on line 40.
 1 APPPATH\Views\yachtProject\us\ticket.php(40): CodeIgniter\Debug\Exceptions->errorHandler(2, 'Undefined variable $yacht', 'C:\\xampp\\htdocs\\cigovind\\app\\Views\\yachtProject\\us\\ticket.php', 40)
 2 SYSTEMPATH\View\View.php(228): include('C:\\xampp\\htdocs\\cigovind\\app\\Views\\yachtProject\\us\\ticket.php')
 3 SYSTEMPATH\View\View.php(231): CodeIgniter\View\View->CodeIgniter\View\{closure}()
 4 SYSTEMPATH\Common.php(1178): CodeIgniter\View\View->render('yachtProject/us/ticket', [], true)
 5 APPPATH\Controllers\Yacht.php(325): view('yachtProject/us/ticket', [...])
 6 SYSTEMPATH\CodeIgniter.php(941): App\Controllers\Yacht->bookingTicket()
 7 SYSTEMPATH\CodeIgniter.php(502): CodeIgniter\CodeIgniter->runController(Object(App\Controllers\Yacht))
 8 SYSTEMPATH\CodeIgniter.php(361): CodeIgniter\CodeIgniter->handleRequest(null, Object(Config\Cache), false)
 9 FCPATH\index.php(79): CodeIgniter\CodeIgniter->run()
CRITICAL - 2024-05-29 16:13:43 --> ErrorException: Undefined variable $yacht
in APPPATH\Views\yachtProject\us\ticket.php on line 40.
 1 APPPATH\Views\yachtProject\us\ticket.php(40): CodeIgniter\Debug\Exceptions->errorHandler(2, 'Undefined variable $yacht', 'C:\\xampp\\htdocs\\cigovind\\app\\Views\\yachtProject\\us\\ticket.php', 40)
 2 SYSTEMPATH\View\View.php(228): include('C:\\xampp\\htdocs\\cigovind\\app\\Views\\yachtProject\\us\\ticket.php')
 3 SYSTEMPATH\View\View.php(231): CodeIgniter\View\View->CodeIgniter\View\{closure}()
 4 SYSTEMPATH\Common.php(1178): CodeIgniter\View\View->render('yachtProject/us/ticket', [], true)
 5 APPPATH\Controllers\Yacht.php(325): view('yachtProject/us/ticket', [...])
 6 SYSTEMPATH\CodeIgniter.php(941): App\Controllers\Yacht->bookingTicket()
 7 SYSTEMPATH\CodeIgniter.php(502): CodeIgniter\CodeIgniter->runController(Object(App\Controllers\Yacht))
 8 SYSTEMPATH\CodeIgniter.php(361): CodeIgniter\CodeIgniter->handleRequest(null, Object(Config\Cache), false)
 9 FCPATH\index.php(79): CodeIgniter\CodeIgniter->run()
CRITICAL - 2024-05-29 16:13:44 --> ErrorException: Undefined variable $yacht
in APPPATH\Views\yachtProject\us\ticket.php on line 40.
 1 APPPATH\Views\yachtProject\us\ticket.php(40): CodeIgniter\Debug\Exceptions->errorHandler(2, 'Undefined variable $yacht', 'C:\\xampp\\htdocs\\cigovind\\app\\Views\\yachtProject\\us\\ticket.php', 40)
 2 SYSTEMPATH\View\View.php(228): include('C:\\xampp\\htdocs\\cigovind\\app\\Views\\yachtProject\\us\\ticket.php')
 3 SYSTEMPATH\View\View.php(231): CodeIgniter\View\View->CodeIgniter\View\{closure}()
 4 SYSTEMPATH\Common.php(1178): CodeIgniter\View\View->render('yachtProject/us/ticket', [], true)
 5 APPPATH\Controllers\Yacht.php(325): view('yachtProject/us/ticket', [...])
 6 SYSTEMPATH\CodeIgniter.php(941): App\Controllers\Yacht->bookingTicket()
 7 SYSTEMPATH\CodeIgniter.php(502): CodeIgniter\CodeIgniter->runController(Object(App\Controllers\Yacht))
 8 SYSTEMPATH\CodeIgniter.php(361): CodeIgniter\CodeIgniter->handleRequest(null, Object(Config\Cache), false)
 9 FCPATH\index.php(79): CodeIgniter\CodeIgniter->run()
CRITICAL - 2024-05-29 16:13:44 --> ErrorException: Undefined variable $yacht
in APPPATH\Views\yachtProject\us\ticket.php on line 40.
 1 APPPATH\Views\yachtProject\us\ticket.php(40): CodeIgniter\Debug\Exceptions->errorHandler(2, 'Undefined variable $yacht', 'C:\\xampp\\htdocs\\cigovind\\app\\Views\\yachtProject\\us\\ticket.php', 40)
 2 SYSTEMPATH\View\View.php(228): include('C:\\xampp\\htdocs\\cigovind\\app\\Views\\yachtProject\\us\\ticket.php')
 3 SYSTEMPATH\View\View.php(231): CodeIgniter\View\View->CodeIgniter\View\{closure}()
 4 SYSTEMPATH\Common.php(1178): CodeIgniter\View\View->render('yachtProject/us/ticket', [], true)
 5 APPPATH\Controllers\Yacht.php(325): view('yachtProject/us/ticket', [...])
 6 SYSTEMPATH\CodeIgniter.php(941): App\Controllers\Yacht->bookingTicket()
 7 SYSTEMPATH\CodeIgniter.php(502): CodeIgniter\CodeIgniter->runController(Object(App\Controllers\Yacht))
 8 SYSTEMPATH\CodeIgniter.php(361): CodeIgniter\CodeIgniter->handleRequest(null, Object(Config\Cache), false)
 9 FCPATH\index.php(79): CodeIgniter\CodeIgniter->run()
CRITICAL - 2024-05-29 16:13:51 --> ErrorException: Undefined variable $yacht
in APPPATH\Views\yachtProject\us\ticket.php on line 40.
 1 APPPATH\Views\yachtProject\us\ticket.php(40): CodeIgniter\Debug\Exceptions->errorHandler(2, 'Undefined variable $yacht', 'C:\\xampp\\htdocs\\cigovind\\app\\Views\\yachtProject\\us\\ticket.php', 40)
 2 SYSTEMPATH\View\View.php(228): include('C:\\xampp\\htdocs\\cigovind\\app\\Views\\yachtProject\\us\\ticket.php')
 3 SYSTEMPATH\View\View.php(231): CodeIgniter\View\View->CodeIgniter\View\{closure}()
 4 SYSTEMPATH\Common.php(1178): CodeIgniter\View\View->render('yachtProject/us/ticket', [], true)
 5 APPPATH\Controllers\Yacht.php(325): view('yachtProject/us/ticket', [...])
 6 SYSTEMPATH\CodeIgniter.php(941): App\Controllers\Yacht->bookingTicket()
 7 SYSTEMPATH\CodeIgniter.php(502): CodeIgniter\CodeIgniter->runController(Object(App\Controllers\Yacht))
 8 SYSTEMPATH\CodeIgniter.php(361): CodeIgniter\CodeIgniter->handleRequest(null, Object(Config\Cache), false)
 9 FCPATH\index.php(79): CodeIgniter\CodeIgniter->run()
CRITICAL - 2024-05-29 16:13:52 --> ErrorException: Undefined variable $yacht
in APPPATH\Views\yachtProject\us\ticket.php on line 40.
 1 APPPATH\Views\yachtProject\us\ticket.php(40): CodeIgniter\Debug\Exceptions->errorHandler(2, 'Undefined variable $yacht', 'C:\\xampp\\htdocs\\cigovind\\app\\Views\\yachtProject\\us\\ticket.php', 40)
 2 SYSTEMPATH\View\View.php(228): include('C:\\xampp\\htdocs\\cigovind\\app\\Views\\yachtProject\\us\\ticket.php')
 3 SYSTEMPATH\View\View.php(231): CodeIgniter\View\View->CodeIgniter\View\{closure}()
 4 SYSTEMPATH\Common.php(1178): CodeIgniter\View\View->render('yachtProject/us/ticket', [], true)
 5 APPPATH\Controllers\Yacht.php(325): view('yachtProject/us/ticket', [...])
 6 SYSTEMPATH\CodeIgniter.php(941): App\Controllers\Yacht->bookingTicket()
 7 SYSTEMPATH\CodeIgniter.php(502): CodeIgniter\CodeIgniter->runController(Object(App\Controllers\Yacht))
 8 SYSTEMPATH\CodeIgniter.php(361): CodeIgniter\CodeIgniter->handleRequest(null, Object(Config\Cache), false)
 9 FCPATH\index.php(79): CodeIgniter\CodeIgniter->run()
CRITICAL - 2024-05-29 16:13:52 --> ErrorException: Undefined variable $yacht
in APPPATH\Views\yachtProject\us\ticket.php on line 40.
 1 APPPATH\Views\yachtProject\us\ticket.php(40): CodeIgniter\Debug\Exceptions->errorHandler(2, 'Undefined variable $yacht', 'C:\\xampp\\htdocs\\cigovind\\app\\Views\\yachtProject\\us\\ticket.php', 40)
 2 SYSTEMPATH\View\View.php(228): include('C:\\xampp\\htdocs\\cigovind\\app\\Views\\yachtProject\\us\\ticket.php')
 3 SYSTEMPATH\View\View.php(231): CodeIgniter\View\View->CodeIgniter\View\{closure}()
 4 SYSTEMPATH\Common.php(1178): CodeIgniter\View\View->render('yachtProject/us/ticket', [], true)
 5 APPPATH\Controllers\Yacht.php(325): view('yachtProject/us/ticket', [...])
 6 SYSTEMPATH\CodeIgniter.php(941): App\Controllers\Yacht->bookingTicket()
 7 SYSTEMPATH\CodeIgniter.php(502): CodeIgniter\CodeIgniter->runController(Object(App\Controllers\Yacht))
 8 SYSTEMPATH\CodeIgniter.php(361): CodeIgniter\CodeIgniter->handleRequest(null, Object(Config\Cache), false)
 9 FCPATH\index.php(79): CodeIgniter\CodeIgniter->run()
CRITICAL - 2024-05-29 16:13:52 --> ErrorException: Undefined variable $yacht
in APPPATH\Views\yachtProject\us\ticket.php on line 40.
 1 APPPATH\Views\yachtProject\us\ticket.php(40): CodeIgniter\Debug\Exceptions->errorHandler(2, 'Undefined variable $yacht', 'C:\\xampp\\htdocs\\cigovind\\app\\Views\\yachtProject\\us\\ticket.php', 40)
 2 SYSTEMPATH\View\View.php(228): include('C:\\xampp\\htdocs\\cigovind\\app\\Views\\yachtProject\\us\\ticket.php')
 3 SYSTEMPATH\View\View.php(231): CodeIgniter\View\View->CodeIgniter\View\{closure}()
 4 SYSTEMPATH\Common.php(1178): CodeIgniter\View\View->render('yachtProject/us/ticket', [], true)
 5 APPPATH\Controllers\Yacht.php(325): view('yachtProject/us/ticket', [...])
 6 SYSTEMPATH\CodeIgniter.php(941): App\Controllers\Yacht->bookingTicket()
 7 SYSTEMPATH\CodeIgniter.php(502): CodeIgniter\CodeIgniter->runController(Object(App\Controllers\Yacht))
 8 SYSTEMPATH\CodeIgniter.php(361): CodeIgniter\CodeIgniter->handleRequest(null, Object(Config\Cache), false)
 9 FCPATH\index.php(79): CodeIgniter\CodeIgniter->run()
CRITICAL - 2024-05-29 16:14:51 --> ErrorException: Undefined variable $yacht
in APPPATH\Views\yachtProject\us\ticket.php on line 40.
 1 APPPATH\Views\yachtProject\us\ticket.php(40): CodeIgniter\Debug\Exceptions->errorHandler(2, 'Undefined variable $yacht', 'C:\\xampp\\htdocs\\cigovind\\app\\Views\\yachtProject\\us\\ticket.php', 40)
 2 SYSTEMPATH\View\View.php(228): include('C:\\xampp\\htdocs\\cigovind\\app\\Views\\yachtProject\\us\\ticket.php')
 3 SYSTEMPATH\View\View.php(231): CodeIgniter\View\View->CodeIgniter\View\{closure}()
 4 SYSTEMPATH\Common.php(1178): CodeIgniter\View\View->render('yachtProject/us/ticket', [], true)
 5 APPPATH\Controllers\Yacht.php(323): view('yachtProject/us/ticket', [...])
 6 SYSTEMPATH\CodeIgniter.php(941): App\Controllers\Yacht->bookingTicket()
 7 SYSTEMPATH\CodeIgniter.php(502): CodeIgniter\CodeIgniter->runController(Object(App\Controllers\Yacht))
 8 SYSTEMPATH\CodeIgniter.php(361): CodeIgniter\CodeIgniter->handleRequest(null, Object(Config\Cache), false)
 9 FCPATH\index.php(79): CodeIgniter\CodeIgniter->run()
CRITICAL - 2024-05-29 16:14:52 --> ErrorException: Undefined variable $yacht
in APPPATH\Views\yachtProject\us\ticket.php on line 40.
 1 APPPATH\Views\yachtProject\us\ticket.php(40): CodeIgniter\Debug\Exceptions->errorHandler(2, 'Undefined variable $yacht', 'C:\\xampp\\htdocs\\cigovind\\app\\Views\\yachtProject\\us\\ticket.php', 40)
 2 SYSTEMPATH\View\View.php(228): include('C:\\xampp\\htdocs\\cigovind\\app\\Views\\yachtProject\\us\\ticket.php')
 3 SYSTEMPATH\View\View.php(231): CodeIgniter\View\View->CodeIgniter\View\{closure}()
 4 SYSTEMPATH\Common.php(1178): CodeIgniter\View\View->render('yachtProject/us/ticket', [], true)
 5 APPPATH\Controllers\Yacht.php(323): view('yachtProject/us/ticket', [...])
 6 SYSTEMPATH\CodeIgniter.php(941): App\Controllers\Yacht->bookingTicket()
 7 SYSTEMPATH\CodeIgniter.php(502): CodeIgniter\CodeIgniter->runController(Object(App\Controllers\Yacht))
 8 SYSTEMPATH\CodeIgniter.php(361): CodeIgniter\CodeIgniter->handleRequest(null, Object(Config\Cache), false)
 9 FCPATH\index.php(79): CodeIgniter\CodeIgniter->run()
CRITICAL - 2024-05-29 16:14:52 --> ErrorException: Undefined variable $yacht
in APPPATH\Views\yachtProject\us\ticket.php on line 40.
 1 APPPATH\Views\yachtProject\us\ticket.php(40): CodeIgniter\Debug\Exceptions->errorHandler(2, 'Undefined variable $yacht', 'C:\\xampp\\htdocs\\cigovind\\app\\Views\\yachtProject\\us\\ticket.php', 40)
 2 SYSTEMPATH\View\View.php(228): include('C:\\xampp\\htdocs\\cigovind\\app\\Views\\yachtProject\\us\\ticket.php')
 3 SYSTEMPATH\View\View.php(231): CodeIgniter\View\View->CodeIgniter\View\{closure}()
 4 SYSTEMPATH\Common.php(1178): CodeIgniter\View\View->render('yachtProject/us/ticket', [], true)
 5 APPPATH\Controllers\Yacht.php(323): view('yachtProject/us/ticket', [...])
 6 SYSTEMPATH\CodeIgniter.php(941): App\Controllers\Yacht->bookingTicket()
 7 SYSTEMPATH\CodeIgniter.php(502): CodeIgniter\CodeIgniter->runController(Object(App\Controllers\Yacht))
 8 SYSTEMPATH\CodeIgniter.php(361): CodeIgniter\CodeIgniter->handleRequest(null, Object(Config\Cache), false)
 9 FCPATH\index.php(79): CodeIgniter\CodeIgniter->run()
CRITICAL - 2024-05-29 16:16:43 --> ErrorException: Undefined variable $yacht
in APPPATH\Views\yachtProject\us\ticket.php on line 40.
 1 APPPATH\Views\yachtProject\us\ticket.php(40): CodeIgniter\Debug\Exceptions->errorHandler(2, 'Undefined variable $yacht', 'C:\\xampp\\htdocs\\cigovind\\app\\Views\\yachtProject\\us\\ticket.php', 40)
 2 SYSTEMPATH\View\View.php(228): include('C:\\xampp\\htdocs\\cigovind\\app\\Views\\yachtProject\\us\\ticket.php')
 3 SYSTEMPATH\View\View.php(231): CodeIgniter\View\View->CodeIgniter\View\{closure}()
 4 SYSTEMPATH\Common.php(1178): CodeIgniter\View\View->render('yachtProject/us/ticket', [], true)
 5 APPPATH\Controllers\Yacht.php(324): view('yachtProject/us/ticket', [...])
 6 SYSTEMPATH\CodeIgniter.php(941): App\Controllers\Yacht->bookingTicket()
 7 SYSTEMPATH\CodeIgniter.php(502): CodeIgniter\CodeIgniter->runController(Object(App\Controllers\Yacht))
 8 SYSTEMPATH\CodeIgniter.php(361): CodeIgniter\CodeIgniter->handleRequest(null, Object(Config\Cache), false)
 9 FCPATH\index.php(79): CodeIgniter\CodeIgniter->run()
CRITICAL - 2024-05-29 16:24:08 --> ErrorException: Undefined variable $yacht
in APPPATH\Views\yachtProject\us\ticket.php on line 40.
 1 APPPATH\Views\yachtProject\us\ticket.php(40): CodeIgniter\Debug\Exceptions->errorHandler(2, 'Undefined variable $yacht', 'C:\\xampp\\htdocs\\cigovind\\app\\Views\\yachtProject\\us\\ticket.php', 40)
 2 SYSTEMPATH\View\View.php(228): include('C:\\xampp\\htdocs\\cigovind\\app\\Views\\yachtProject\\us\\ticket.php')
 3 SYSTEMPATH\View\View.php(231): CodeIgniter\View\View->CodeIgniter\View\{closure}()
 4 SYSTEMPATH\Common.php(1178): CodeIgniter\View\View->render('yachtProject/us/ticket', [], true)
 5 APPPATH\Controllers\Yacht.php(323): view('yachtProject/us/ticket', [...])
 6 SYSTEMPATH\CodeIgniter.php(941): App\Controllers\Yacht->bookingTicket()
 7 SYSTEMPATH\CodeIgniter.php(502): CodeIgniter\CodeIgniter->runController(Object(App\Controllers\Yacht))
 8 SYSTEMPATH\CodeIgniter.php(361): CodeIgniter\CodeIgniter->handleRequest(null, Object(Config\Cache), false)
 9 FCPATH\index.php(79): CodeIgniter\CodeIgniter->run()
CRITICAL - 2024-05-29 16:24:08 --> ErrorException: Undefined variable $yacht
in APPPATH\Views\yachtProject\us\ticket.php on line 40.
 1 APPPATH\Views\yachtProject\us\ticket.php(40): CodeIgniter\Debug\Exceptions->errorHandler(2, 'Undefined variable $yacht', 'C:\\xampp\\htdocs\\cigovind\\app\\Views\\yachtProject\\us\\ticket.php', 40)
 2 SYSTEMPATH\View\View.php(228): include('C:\\xampp\\htdocs\\cigovind\\app\\Views\\yachtProject\\us\\ticket.php')
 3 SYSTEMPATH\View\View.php(231): CodeIgniter\View\View->CodeIgniter\View\{closure}()
 4 SYSTEMPATH\Common.php(1178): CodeIgniter\View\View->render('yachtProject/us/ticket', [], true)
 5 APPPATH\Controllers\Yacht.php(323): view('yachtProject/us/ticket', [...])
 6 SYSTEMPATH\CodeIgniter.php(941): App\Controllers\Yacht->bookingTicket()
 7 SYSTEMPATH\CodeIgniter.php(502): CodeIgniter\CodeIgniter->runController(Object(App\Controllers\Yacht))
 8 SYSTEMPATH\CodeIgniter.php(361): CodeIgniter\CodeIgniter->handleRequest(null, Object(Config\Cache), false)
 9 FCPATH\index.php(79): CodeIgniter\CodeIgniter->run()
CRITICAL - 2024-05-29 16:24:08 --> ErrorException: Undefined variable $yacht
in APPPATH\Views\yachtProject\us\ticket.php on line 40.
 1 APPPATH\Views\yachtProject\us\ticket.php(40): CodeIgniter\Debug\Exceptions->errorHandler(2, 'Undefined variable $yacht', 'C:\\xampp\\htdocs\\cigovind\\app\\Views\\yachtProject\\us\\ticket.php', 40)
 2 SYSTEMPATH\View\View.php(228): include('C:\\xampp\\htdocs\\cigovind\\app\\Views\\yachtProject\\us\\ticket.php')
 3 SYSTEMPATH\View\View.php(231): CodeIgniter\View\View->CodeIgniter\View\{closure}()
 4 SYSTEMPATH\Common.php(1178): CodeIgniter\View\View->render('yachtProject/us/ticket', [], true)
 5 APPPATH\Controllers\Yacht.php(323): view('yachtProject/us/ticket', [...])
 6 SYSTEMPATH\CodeIgniter.php(941): App\Controllers\Yacht->bookingTicket()
 7 SYSTEMPATH\CodeIgniter.php(502): CodeIgniter\CodeIgniter->runController(Object(App\Controllers\Yacht))
 8 SYSTEMPATH\CodeIgniter.php(361): CodeIgniter\CodeIgniter->handleRequest(null, Object(Config\Cache), false)
 9 FCPATH\index.php(79): CodeIgniter\CodeIgniter->run()
CRITICAL - 2024-05-29 16:24:16 --> ErrorException: Undefined variable $test
in APPPATH\Views\yachtProject\us\ticket.php on line 40.
 1 APPPATH\Views\yachtProject\us\ticket.php(40): CodeIgniter\Debug\Exceptions->errorHandler(2, 'Undefined variable $test', 'C:\\xampp\\htdocs\\cigovind\\app\\Views\\yachtProject\\us\\ticket.php', 40)
 2 SYSTEMPATH\View\View.php(228): include('C:\\xampp\\htdocs\\cigovind\\app\\Views\\yachtProject\\us\\ticket.php')
 3 SYSTEMPATH\View\View.php(231): CodeIgniter\View\View->CodeIgniter\View\{closure}()
 4 SYSTEMPATH\Common.php(1178): CodeIgniter\View\View->render('yachtProject/us/ticket', [], true)
 5 APPPATH\Controllers\Yacht.php(323): view('yachtProject/us/ticket', [...])
 6 SYSTEMPATH\CodeIgniter.php(941): App\Controllers\Yacht->bookingTicket()
 7 SYSTEMPATH\CodeIgniter.php(502): CodeIgniter\CodeIgniter->runController(Object(App\Controllers\Yacht))
 8 SYSTEMPATH\CodeIgniter.php(361): CodeIgniter\CodeIgniter->handleRequest(null, Object(Config\Cache), false)
 9 FCPATH\index.php(79): CodeIgniter\CodeIgniter->run()
CRITICAL - 2024-05-29 16:24:17 --> ErrorException: Undefined variable $test
in APPPATH\Views\yachtProject\us\ticket.php on line 40.
 1 APPPATH\Views\yachtProject\us\ticket.php(40): CodeIgniter\Debug\Exceptions->errorHandler(2, 'Undefined variable $test', 'C:\\xampp\\htdocs\\cigovind\\app\\Views\\yachtProject\\us\\ticket.php', 40)
 2 SYSTEMPATH\View\View.php(228): include('C:\\xampp\\htdocs\\cigovind\\app\\Views\\yachtProject\\us\\ticket.php')
 3 SYSTEMPATH\View\View.php(231): CodeIgniter\View\View->CodeIgniter\View\{closure}()
 4 SYSTEMPATH\Common.php(1178): CodeIgniter\View\View->render('yachtProject/us/ticket', [], true)
 5 APPPATH\Controllers\Yacht.php(323): view('yachtProject/us/ticket', [...])
 6 SYSTEMPATH\CodeIgniter.php(941): App\Controllers\Yacht->bookingTicket()
 7 SYSTEMPATH\CodeIgniter.php(502): CodeIgniter\CodeIgniter->runController(Object(App\Controllers\Yacht))
 8 SYSTEMPATH\CodeIgniter.php(361): CodeIgniter\CodeIgniter->handleRequest(null, Object(Config\Cache), false)
 9 FCPATH\index.php(79): CodeIgniter\CodeIgniter->run()
CRITICAL - 2024-05-29 16:24:17 --> ErrorException: Undefined variable $test
in APPPATH\Views\yachtProject\us\ticket.php on line 40.
 1 APPPATH\Views\yachtProject\us\ticket.php(40): CodeIgniter\Debug\Exceptions->errorHandler(2, 'Undefined variable $test', 'C:\\xampp\\htdocs\\cigovind\\app\\Views\\yachtProject\\us\\ticket.php', 40)
 2 SYSTEMPATH\View\View.php(228): include('C:\\xampp\\htdocs\\cigovind\\app\\Views\\yachtProject\\us\\ticket.php')
 3 SYSTEMPATH\View\View.php(231): CodeIgniter\View\View->CodeIgniter\View\{closure}()
 4 SYSTEMPATH\Common.php(1178): CodeIgniter\View\View->render('yachtProject/us/ticket', [], true)
 5 APPPATH\Controllers\Yacht.php(323): view('yachtProject/us/ticket', [...])
 6 SYSTEMPATH\CodeIgniter.php(941): App\Controllers\Yacht->bookingTicket()
 7 SYSTEMPATH\CodeIgniter.php(502): CodeIgniter\CodeIgniter->runController(Object(App\Controllers\Yacht))
 8 SYSTEMPATH\CodeIgniter.php(361): CodeIgniter\CodeIgniter->handleRequest(null, Object(Config\Cache), false)
 9 FCPATH\index.php(79): CodeIgniter\CodeIgniter->run()
CRITICAL - 2024-05-29 16:24:17 --> ErrorException: Undefined variable $test
in APPPATH\Views\yachtProject\us\ticket.php on line 40.
 1 APPPATH\Views\yachtProject\us\ticket.php(40): CodeIgniter\Debug\Exceptions->errorHandler(2, 'Undefined variable $test', 'C:\\xampp\\htdocs\\cigovind\\app\\Views\\yachtProject\\us\\ticket.php', 40)
 2 SYSTEMPATH\View\View.php(228): include('C:\\xampp\\htdocs\\cigovind\\app\\Views\\yachtProject\\us\\ticket.php')
 3 SYSTEMPATH\View\View.php(231): CodeIgniter\View\View->CodeIgniter\View\{closure}()
 4 SYSTEMPATH\Common.php(1178): CodeIgniter\View\View->render('yachtProject/us/ticket', [], true)
 5 APPPATH\Controllers\Yacht.php(323): view('yachtProject/us/ticket', [...])
 6 SYSTEMPATH\CodeIgniter.php(941): App\Controllers\Yacht->bookingTicket()
 7 SYSTEMPATH\CodeIgniter.php(502): CodeIgniter\CodeIgniter->runController(Object(App\Controllers\Yacht))
 8 SYSTEMPATH\CodeIgniter.php(361): CodeIgniter\CodeIgniter->handleRequest(null, Object(Config\Cache), false)
 9 FCPATH\index.php(79): CodeIgniter\CodeIgniter->run()
CRITICAL - 2024-05-29 16:24:17 --> ErrorException: Undefined variable $test
in APPPATH\Views\yachtProject\us\ticket.php on line 40.
 1 APPPATH\Views\yachtProject\us\ticket.php(40): CodeIgniter\Debug\Exceptions->errorHandler(2, 'Undefined variable $test', 'C:\\xampp\\htdocs\\cigovind\\app\\Views\\yachtProject\\us\\ticket.php', 40)
 2 SYSTEMPATH\View\View.php(228): include('C:\\xampp\\htdocs\\cigovind\\app\\Views\\yachtProject\\us\\ticket.php')
 3 SYSTEMPATH\View\View.php(231): CodeIgniter\View\View->CodeIgniter\View\{closure}()
 4 SYSTEMPATH\Common.php(1178): CodeIgniter\View\View->render('yachtProject/us/ticket', [], true)
 5 APPPATH\Controllers\Yacht.php(323): view('yachtProject/us/ticket', [...])
 6 SYSTEMPATH\CodeIgniter.php(941): App\Controllers\Yacht->bookingTicket()
 7 SYSTEMPATH\CodeIgniter.php(502): CodeIgniter\CodeIgniter->runController(Object(App\Controllers\Yacht))
 8 SYSTEMPATH\CodeIgniter.php(361): CodeIgniter\CodeIgniter->handleRequest(null, Object(Config\Cache), false)
 9 FCPATH\index.php(79): CodeIgniter\CodeIgniter->run()
CRITICAL - 2024-05-29 16:24:17 --> ErrorException: Undefined variable $test
in APPPATH\Views\yachtProject\us\ticket.php on line 40.
 1 APPPATH\Views\yachtProject\us\ticket.php(40): CodeIgniter\Debug\Exceptions->errorHandler(2, 'Undefined variable $test', 'C:\\xampp\\htdocs\\cigovind\\app\\Views\\yachtProject\\us\\ticket.php', 40)
 2 SYSTEMPATH\View\View.php(228): include('C:\\xampp\\htdocs\\cigovind\\app\\Views\\yachtProject\\us\\ticket.php')
 3 SYSTEMPATH\View\View.php(231): CodeIgniter\View\View->CodeIgniter\View\{closure}()
 4 SYSTEMPATH\Common.php(1178): CodeIgniter\View\View->render('yachtProject/us/ticket', [], true)
 5 APPPATH\Controllers\Yacht.php(323): view('yachtProject/us/ticket', [...])
 6 SYSTEMPATH\CodeIgniter.php(941): App\Controllers\Yacht->bookingTicket()
 7 SYSTEMPATH\CodeIgniter.php(502): CodeIgniter\CodeIgniter->runController(Object(App\Controllers\Yacht))
 8 SYSTEMPATH\CodeIgniter.php(361): CodeIgniter\CodeIgniter->handleRequest(null, Object(Config\Cache), false)
 9 FCPATH\index.php(79): CodeIgniter\CodeIgniter->run()
CRITICAL - 2024-05-29 16:24:18 --> ErrorException: Undefined variable $test
in APPPATH\Views\yachtProject\us\ticket.php on line 40.
 1 APPPATH\Views\yachtProject\us\ticket.php(40): CodeIgniter\Debug\Exceptions->errorHandler(2, 'Undefined variable $test', 'C:\\xampp\\htdocs\\cigovind\\app\\Views\\yachtProject\\us\\ticket.php', 40)
 2 SYSTEMPATH\View\View.php(228): include('C:\\xampp\\htdocs\\cigovind\\app\\Views\\yachtProject\\us\\ticket.php')
 3 SYSTEMPATH\View\View.php(231): CodeIgniter\View\View->CodeIgniter\View\{closure}()
 4 SYSTEMPATH\Common.php(1178): CodeIgniter\View\View->render('yachtProject/us/ticket', [], true)
 5 APPPATH\Controllers\Yacht.php(323): view('yachtProject/us/ticket', [...])
 6 SYSTEMPATH\CodeIgniter.php(941): App\Controllers\Yacht->bookingTicket()
 7 SYSTEMPATH\CodeIgniter.php(502): CodeIgniter\CodeIgniter->runController(Object(App\Controllers\Yacht))
 8 SYSTEMPATH\CodeIgniter.php(361): CodeIgniter\CodeIgniter->handleRequest(null, Object(Config\Cache), false)
 9 FCPATH\index.php(79): CodeIgniter\CodeIgniter->run()
CRITICAL - 2024-05-29 16:24:19 --> ErrorException: Undefined variable $test
in APPPATH\Views\yachtProject\us\ticket.php on line 40.
 1 APPPATH\Views\yachtProject\us\ticket.php(40): CodeIgniter\Debug\Exceptions->errorHandler(2, 'Undefined variable $test', 'C:\\xampp\\htdocs\\cigovind\\app\\Views\\yachtProject\\us\\ticket.php', 40)
 2 SYSTEMPATH\View\View.php(228): include('C:\\xampp\\htdocs\\cigovind\\app\\Views\\yachtProject\\us\\ticket.php')
 3 SYSTEMPATH\View\View.php(231): CodeIgniter\View\View->CodeIgniter\View\{closure}()
 4 SYSTEMPATH\Common.php(1178): CodeIgniter\View\View->render('yachtProject/us/ticket', [], true)
 5 APPPATH\Controllers\Yacht.php(323): view('yachtProject/us/ticket', [...])
 6 SYSTEMPATH\CodeIgniter.php(941): App\Controllers\Yacht->bookingTicket()
 7 SYSTEMPATH\CodeIgniter.php(502): CodeIgniter\CodeIgniter->runController(Object(App\Controllers\Yacht))
 8 SYSTEMPATH\CodeIgniter.php(361): CodeIgniter\CodeIgniter->handleRequest(null, Object(Config\Cache), false)
 9 FCPATH\index.php(79): CodeIgniter\CodeIgniter->run()
CRITICAL - 2024-05-29 16:24:19 --> ErrorException: Undefined variable $test
in APPPATH\Views\yachtProject\us\ticket.php on line 40.
 1 APPPATH\Views\yachtProject\us\ticket.php(40): CodeIgniter\Debug\Exceptions->errorHandler(2, 'Undefined variable $test', 'C:\\xampp\\htdocs\\cigovind\\app\\Views\\yachtProject\\us\\ticket.php', 40)
 2 SYSTEMPATH\View\View.php(228): include('C:\\xampp\\htdocs\\cigovind\\app\\Views\\yachtProject\\us\\ticket.php')
 3 SYSTEMPATH\View\View.php(231): CodeIgniter\View\View->CodeIgniter\View\{closure}()
 4 SYSTEMPATH\Common.php(1178): CodeIgniter\View\View->render('yachtProject/us/ticket', [], true)
 5 APPPATH\Controllers\Yacht.php(323): view('yachtProject/us/ticket', [...])
 6 SYSTEMPATH\CodeIgniter.php(941): App\Controllers\Yacht->bookingTicket()
 7 SYSTEMPATH\CodeIgniter.php(502): CodeIgniter\CodeIgniter->runController(Object(App\Controllers\Yacht))
 8 SYSTEMPATH\CodeIgniter.php(361): CodeIgniter\CodeIgniter->handleRequest(null, Object(Config\Cache), false)
 9 FCPATH\index.php(79): CodeIgniter\CodeIgniter->run()
CRITICAL - 2024-05-29 16:29:42 --> ErrorException: Undefined variable $test
in APPPATH\Views\yachtProject\us\ticket.php on line 40.
 1 APPPATH\Views\yachtProject\us\ticket.php(40): CodeIgniter\Debug\Exceptions->errorHandler(2, 'Undefined variable $test', 'C:\\xampp\\htdocs\\cigovind\\app\\Views\\yachtProject\\us\\ticket.php', 40)
 2 SYSTEMPATH\View\View.php(228): include('C:\\xampp\\htdocs\\cigovind\\app\\Views\\yachtProject\\us\\ticket.php')
 3 SYSTEMPATH\View\View.php(231): CodeIgniter\View\View->CodeIgniter\View\{closure}()
 4 SYSTEMPATH\Common.php(1178): CodeIgniter\View\View->render('yachtProject/us/ticket', [], true)
 5 APPPATH\Controllers\Yacht.php(323): view('yachtProject/us/ticket', [...])
 6 SYSTEMPATH\CodeIgniter.php(941): App\Controllers\Yacht->bookingTicket()
 7 SYSTEMPATH\CodeIgniter.php(502): CodeIgniter\CodeIgniter->runController(Object(App\Controllers\Yacht))
 8 SYSTEMPATH\CodeIgniter.php(361): CodeIgniter\CodeIgniter->handleRequest(null, Object(Config\Cache), false)
 9 FCPATH\index.php(79): CodeIgniter\CodeIgniter->run()
CRITICAL - 2024-05-29 16:29:42 --> ErrorException: Undefined variable $test
in APPPATH\Views\yachtProject\us\ticket.php on line 40.
 1 APPPATH\Views\yachtProject\us\ticket.php(40): CodeIgniter\Debug\Exceptions->errorHandler(2, 'Undefined variable $test', 'C:\\xampp\\htdocs\\cigovind\\app\\Views\\yachtProject\\us\\ticket.php', 40)
 2 SYSTEMPATH\View\View.php(228): include('C:\\xampp\\htdocs\\cigovind\\app\\Views\\yachtProject\\us\\ticket.php')
 3 SYSTEMPATH\View\View.php(231): CodeIgniter\View\View->CodeIgniter\View\{closure}()
 4 SYSTEMPATH\Common.php(1178): CodeIgniter\View\View->render('yachtProject/us/ticket', [], true)
 5 APPPATH\Controllers\Yacht.php(323): view('yachtProject/us/ticket', [...])
 6 SYSTEMPATH\CodeIgniter.php(941): App\Controllers\Yacht->bookingTicket()
 7 SYSTEMPATH\CodeIgniter.php(502): CodeIgniter\CodeIgniter->runController(Object(App\Controllers\Yacht))
 8 SYSTEMPATH\CodeIgniter.php(361): CodeIgniter\CodeIgniter->handleRequest(null, Object(Config\Cache), false)
 9 FCPATH\index.php(79): CodeIgniter\CodeIgniter->run()
CRITICAL - 2024-05-29 16:29:43 --> ErrorException: Undefined variable $test
in APPPATH\Views\yachtProject\us\ticket.php on line 40.
 1 APPPATH\Views\yachtProject\us\ticket.php(40): CodeIgniter\Debug\Exceptions->errorHandler(2, 'Undefined variable $test', 'C:\\xampp\\htdocs\\cigovind\\app\\Views\\yachtProject\\us\\ticket.php', 40)
 2 SYSTEMPATH\View\View.php(228): include('C:\\xampp\\htdocs\\cigovind\\app\\Views\\yachtProject\\us\\ticket.php')
 3 SYSTEMPATH\View\View.php(231): CodeIgniter\View\View->CodeIgniter\View\{closure}()
 4 SYSTEMPATH\Common.php(1178): CodeIgniter\View\View->render('yachtProject/us/ticket', [], true)
 5 APPPATH\Controllers\Yacht.php(323): view('yachtProject/us/ticket', [...])
 6 SYSTEMPATH\CodeIgniter.php(941): App\Controllers\Yacht->bookingTicket()
 7 SYSTEMPATH\CodeIgniter.php(502): CodeIgniter\CodeIgniter->runController(Object(App\Controllers\Yacht))
 8 SYSTEMPATH\CodeIgniter.php(361): CodeIgniter\CodeIgniter->handleRequest(null, Object(Config\Cache), false)
 9 FCPATH\index.php(79): CodeIgniter\CodeIgniter->run()
CRITICAL - 2024-05-29 16:30:02 --> ErrorException: Undefined variable $test
in APPPATH\Views\yachtProject\us\ticket.php on line 40.
 1 APPPATH\Views\yachtProject\us\ticket.php(40): CodeIgniter\Debug\Exceptions->errorHandler(2, 'Undefined variable $test', 'C:\\xampp\\htdocs\\cigovind\\app\\Views\\yachtProject\\us\\ticket.php', 40)
 2 SYSTEMPATH\View\View.php(228): include('C:\\xampp\\htdocs\\cigovind\\app\\Views\\yachtProject\\us\\ticket.php')
 3 SYSTEMPATH\View\View.php(231): CodeIgniter\View\View->CodeIgniter\View\{closure}()
 4 SYSTEMPATH\Common.php(1178): CodeIgniter\View\View->render('yachtProject/us/ticket', [], true)
 5 APPPATH\Controllers\Yacht.php(321): view('yachtProject/us/ticket', [...])
 6 SYSTEMPATH\CodeIgniter.php(941): App\Controllers\Yacht->bookingTicket()
 7 SYSTEMPATH\CodeIgniter.php(502): CodeIgniter\CodeIgniter->runController(Object(App\Controllers\Yacht))
 8 SYSTEMPATH\CodeIgniter.php(361): CodeIgniter\CodeIgniter->handleRequest(null, Object(Config\Cache), false)
 9 FCPATH\index.php(79): CodeIgniter\CodeIgniter->run()
CRITICAL - 2024-05-29 16:30:02 --> ErrorException: Undefined variable $test
in APPPATH\Views\yachtProject\us\ticket.php on line 40.
 1 APPPATH\Views\yachtProject\us\ticket.php(40): CodeIgniter\Debug\Exceptions->errorHandler(2, 'Undefined variable $test', 'C:\\xampp\\htdocs\\cigovind\\app\\Views\\yachtProject\\us\\ticket.php', 40)
 2 SYSTEMPATH\View\View.php(228): include('C:\\xampp\\htdocs\\cigovind\\app\\Views\\yachtProject\\us\\ticket.php')
 3 SYSTEMPATH\View\View.php(231): CodeIgniter\View\View->CodeIgniter\View\{closure}()
 4 SYSTEMPATH\Common.php(1178): CodeIgniter\View\View->render('yachtProject/us/ticket', [], true)
 5 APPPATH\Controllers\Yacht.php(321): view('yachtProject/us/ticket', [...])
 6 SYSTEMPATH\CodeIgniter.php(941): App\Controllers\Yacht->bookingTicket()
 7 SYSTEMPATH\CodeIgniter.php(502): CodeIgniter\CodeIgniter->runController(Object(App\Controllers\Yacht))
 8 SYSTEMPATH\CodeIgniter.php(361): CodeIgniter\CodeIgniter->handleRequest(null, Object(Config\Cache), false)
 9 FCPATH\index.php(79): CodeIgniter\CodeIgniter->run()
CRITICAL - 2024-05-29 17:04:49 --> ErrorException: Undefined array key "build_name"
in APPPATH\Views\yachtProject\us\ticket.php on line 67.
 1 APPPATH\Views\yachtProject\us\ticket.php(67): CodeIgniter\Debug\Exceptions->errorHandler(2, 'Undefined array key "build_name"', 'C:\\xampp\\htdocs\\cigovind\\app\\Views\\yachtProject\\us\\ticket.php', 67)
 2 SYSTEMPATH\View\View.php(228): include('C:\\xampp\\htdocs\\cigovind\\app\\Views\\yachtProject\\us\\ticket.php')
 3 SYSTEMPATH\View\View.php(231): CodeIgniter\View\View->CodeIgniter\View\{closure}()
 4 SYSTEMPATH\Common.php(1178): CodeIgniter\View\View->render('yachtProject/us/ticket', [], true)
 5 APPPATH\Controllers\Yacht.php(321): view('yachtProject/us/ticket', [...])
 6 SYSTEMPATH\CodeIgniter.php(941): App\Controllers\Yacht->bookingTicket()
 7 SYSTEMPATH\CodeIgniter.php(502): CodeIgniter\CodeIgniter->runController(Object(App\Controllers\Yacht))
 8 SYSTEMPATH\CodeIgniter.php(361): CodeIgniter\CodeIgniter->handleRequest(null, Object(Config\Cache), false)
 9 FCPATH\index.php(79): CodeIgniter\CodeIgniter->run()
CRITICAL - 2024-05-29 17:16:24 --> ErrorException: Undefined variable $id
in APPPATH\Controllers\Yacht.php on line 320.
 1 APPPATH\Controllers\Yacht.php(320): CodeIgniter\Debug\Exceptions->errorHandler(2, 'Undefined variable $id', 'C:\\xampp\\htdocs\\cigovind\\app\\Controllers\\Yacht.php', 320)
 2 SYSTEMPATH\CodeIgniter.php(941): App\Controllers\Yacht->bookingTicket()
 3 SYSTEMPATH\CodeIgniter.php(502): CodeIgniter\CodeIgniter->runController(Object(App\Controllers\Yacht))
 4 SYSTEMPATH\CodeIgniter.php(361): CodeIgniter\CodeIgniter->handleRequest(null, Object(Config\Cache), false)
 5 FCPATH\index.php(79): CodeIgniter\CodeIgniter->run()
CRITICAL - 2024-05-29 17:20:25 --> ErrorException: Undefined variable $id
in APPPATH\Controllers\Yacht.php on line 320.
 1 APPPATH\Controllers\Yacht.php(320): CodeIgniter\Debug\Exceptions->errorHandler(2, 'Undefined variable $id', 'C:\\xampp\\htdocs\\cigovind\\app\\Controllers\\Yacht.php', 320)
 2 SYSTEMPATH\CodeIgniter.php(941): App\Controllers\Yacht->bookingTicket()
 3 SYSTEMPATH\CodeIgniter.php(502): CodeIgniter\CodeIgniter->runController(Object(App\Controllers\Yacht))
 4 SYSTEMPATH\CodeIgniter.php(361): CodeIgniter\CodeIgniter->handleRequest(null, Object(Config\Cache), false)
 5 FCPATH\index.php(79): CodeIgniter\CodeIgniter->run()
CRITICAL - 2024-05-29 17:20:25 --> ErrorException: Undefined variable $id
in APPPATH\Controllers\Yacht.php on line 320.
 1 APPPATH\Controllers\Yacht.php(320): CodeIgniter\Debug\Exceptions->errorHandler(2, 'Undefined variable $id', 'C:\\xampp\\htdocs\\cigovind\\app\\Controllers\\Yacht.php', 320)
 2 SYSTEMPATH\CodeIgniter.php(941): App\Controllers\Yacht->bookingTicket()
 3 SYSTEMPATH\CodeIgniter.php(502): CodeIgniter\CodeIgniter->runController(Object(App\Controllers\Yacht))
 4 SYSTEMPATH\CodeIgniter.php(361): CodeIgniter\CodeIgniter->handleRequest(null, Object(Config\Cache), false)
 5 FCPATH\index.php(79): CodeIgniter\CodeIgniter->run()
CRITICAL - 2024-05-29 17:24:40 --> ErrorException: Undefined variable $ticket
in APPPATH\Views\yachtProject\us\ticket.php on line 116.
 1 APPPATH\Views\yachtProject\us\ticket.php(116): CodeIgniter\Debug\Exceptions->errorHandler(2, 'Undefined variable $ticket', 'C:\\xampp\\htdocs\\cigovind\\app\\Views\\yachtProject\\us\\ticket.php', 116)
 2 SYSTEMPATH\View\View.php(228): include('C:\\xampp\\htdocs\\cigovind\\app\\Views\\yachtProject\\us\\ticket.php')
 3 SYSTEMPATH\View\View.php(231): CodeIgniter\View\View->CodeIgniter\View\{closure}()
 4 SYSTEMPATH\Common.php(1178): CodeIgniter\View\View->render('yachtProject/us/ticket', [], true)
 5 APPPATH\Controllers\Yacht.php(321): view('yachtProject/us/ticket', [...])
 6 SYSTEMPATH\CodeIgniter.php(941): App\Controllers\Yacht->bookingTicket()
 7 SYSTEMPATH\CodeIgniter.php(502): CodeIgniter\CodeIgniter->runController(Object(App\Controllers\Yacht))
 8 SYSTEMPATH\CodeIgniter.php(361): CodeIgniter\CodeIgniter->handleRequest(null, Object(Config\Cache), false)
 9 FCPATH\index.php(79): CodeIgniter\CodeIgniter->run()
CRITICAL - 2024-05-29 17:25:55 --> ErrorException: Undefined variable $record
in APPPATH\Views\yachtProject\us\booking-page.php on line 97.
 1 APPPATH\Views\yachtProject\us\booking-page.php(97): CodeIgniter\Debug\Exceptions->errorHandler(2, 'Undefined variable $record', 'C:\\xampp\\htdocs\\cigovind\\app\\Views\\yachtProject\\us\\booking-page.php', 97)
 2 SYSTEMPATH\View\View.php(228): include('C:\\xampp\\htdocs\\cigovind\\app\\Views\\yachtProject\\us\\booking-page.php')
 3 SYSTEMPATH\View\View.php(231): CodeIgniter\View\View->CodeIgniter\View\{closure}()
 4 SYSTEMPATH\Common.php(1178): CodeIgniter\View\View->render('yachtProject/us/booking-page', [], true)
 5 APPPATH\Controllers\Yacht.php(167): view('yachtProject/us/booking-page', [...])
 6 SYSTEMPATH\CodeIgniter.php(941): App\Controllers\Yacht->yachtBookingTest('3')
 7 SYSTEMPATH\CodeIgniter.php(502): CodeIgniter\CodeIgniter->runController(Object(App\Controllers\Yacht))
 8 SYSTEMPATH\CodeIgniter.php(361): CodeIgniter\CodeIgniter->handleRequest(null, Object(Config\Cache), false)
 9 FCPATH\index.php(79): CodeIgniter\CodeIgniter->run()
CRITICAL - 2024-05-29 17:30:11 --> ErrorException: Undefined variable $ticket
in APPPATH\Views\yachtProject\us\ticket.php on line 116.
 1 APPPATH\Views\yachtProject\us\ticket.php(116): CodeIgniter\Debug\Exceptions->errorHandler(2, 'Undefined variable $ticket', 'C:\\xampp\\htdocs\\cigovind\\app\\Views\\yachtProject\\us\\ticket.php', 116)
 2 SYSTEMPATH\View\View.php(228): include('C:\\xampp\\htdocs\\cigovind\\app\\Views\\yachtProject\\us\\ticket.php')
 3 SYSTEMPATH\View\View.php(231): CodeIgniter\View\View->CodeIgniter\View\{closure}()
 4 SYSTEMPATH\Common.php(1178): CodeIgniter\View\View->render('yachtProject/us/ticket', [], true)
 5 APPPATH\Controllers\Yacht.php(321): view('yachtProject/us/ticket', [...])
 6 SYSTEMPATH\CodeIgniter.php(941): App\Controllers\Yacht->bookingTicket()
 7 SYSTEMPATH\CodeIgniter.php(502): CodeIgniter\CodeIgniter->runController(Object(App\Controllers\Yacht))
 8 SYSTEMPATH\CodeIgniter.php(361): CodeIgniter\CodeIgniter->handleRequest(null, Object(Config\Cache), false)
 9 FCPATH\index.php(79): CodeIgniter\CodeIgniter->run()
CRITICAL - 2024-05-29 17:30:11 --> ErrorException: Undefined variable $ticket
in APPPATH\Views\yachtProject\us\ticket.php on line 116.
 1 APPPATH\Views\yachtProject\us\ticket.php(116): CodeIgniter\Debug\Exceptions->errorHandler(2, 'Undefined variable $ticket', 'C:\\xampp\\htdocs\\cigovind\\app\\Views\\yachtProject\\us\\ticket.php', 116)
 2 SYSTEMPATH\View\View.php(228): include('C:\\xampp\\htdocs\\cigovind\\app\\Views\\yachtProject\\us\\ticket.php')
 3 SYSTEMPATH\View\View.php(231): CodeIgniter\View\View->CodeIgniter\View\{closure}()
 4 SYSTEMPATH\Common.php(1178): CodeIgniter\View\View->render('yachtProject/us/ticket', [], true)
 5 APPPATH\Controllers\Yacht.php(321): view('yachtProject/us/ticket', [...])
 6 SYSTEMPATH\CodeIgniter.php(941): App\Controllers\Yacht->bookingTicket()
 7 SYSTEMPATH\CodeIgniter.php(502): CodeIgniter\CodeIgniter->runController(Object(App\Controllers\Yacht))
 8 SYSTEMPATH\CodeIgniter.php(361): CodeIgniter\CodeIgniter->handleRequest(null, Object(Config\Cache), false)
 9 FCPATH\index.php(79): CodeIgniter\CodeIgniter->run()
CRITICAL - 2024-05-29 17:33:26 --> ErrorException: Undefined array key "email"
in APPPATH\Views\yachtProject\us\ticket.php on line 102.
 1 APPPATH\Views\yachtProject\us\ticket.php(102): CodeIgniter\Debug\Exceptions->errorHandler(2, 'Undefined array key "email"', 'C:\\xampp\\htdocs\\cigovind\\app\\Views\\yachtProject\\us\\ticket.php', 102)
 2 SYSTEMPATH\View\View.php(228): include('C:\\xampp\\htdocs\\cigovind\\app\\Views\\yachtProject\\us\\ticket.php')
 3 SYSTEMPATH\View\View.php(231): CodeIgniter\View\View->CodeIgniter\View\{closure}()
 4 SYSTEMPATH\Common.php(1178): CodeIgniter\View\View->render('yachtProject/us/ticket', [], true)
 5 APPPATH\Controllers\Yacht.php(321): view('yachtProject/us/ticket', [...])
 6 SYSTEMPATH\CodeIgniter.php(941): App\Controllers\Yacht->bookingTicket()
 7 SYSTEMPATH\CodeIgniter.php(502): CodeIgniter\CodeIgniter->runController(Object(App\Controllers\Yacht))
 8 SYSTEMPATH\CodeIgniter.php(361): CodeIgniter\CodeIgniter->handleRequest(null, Object(Config\Cache), false)
 9 FCPATH\index.php(79): CodeIgniter\CodeIgniter->run()
CRITICAL - 2024-05-29 17:34:12 --> ErrorException: Undefined variable $yacht
in APPPATH\Views\yachtProject\us\ticket.php on line 102.
 1 APPPATH\Views\yachtProject\us\ticket.php(102): CodeIgniter\Debug\Exceptions->errorHandler(2, 'Undefined variable $yacht', 'C:\\xampp\\htdocs\\cigovind\\app\\Views\\yachtProject\\us\\ticket.php', 102)
 2 SYSTEMPATH\View\View.php(228): include('C:\\xampp\\htdocs\\cigovind\\app\\Views\\yachtProject\\us\\ticket.php')
 3 SYSTEMPATH\View\View.php(231): CodeIgniter\View\View->CodeIgniter\View\{closure}()
 4 SYSTEMPATH\Common.php(1178): CodeIgniter\View\View->render('yachtProject/us/ticket', [], true)
 5 APPPATH\Controllers\Yacht.php(210): view('yachtProject/us/ticket', [...])
 6 SYSTEMPATH\CodeIgniter.php(941): App\Controllers\Yacht->yachtBook()
 7 SYSTEMPATH\CodeIgniter.php(502): CodeIgniter\CodeIgniter->runController(Object(App\Controllers\Yacht))
 8 SYSTEMPATH\CodeIgniter.php(361): CodeIgniter\CodeIgniter->handleRequest(null, Object(Config\Cache), false)
 9 FCPATH\index.php(79): CodeIgniter\CodeIgniter->run()
CRITICAL - 2024-05-29 17:35:17 --> ErrorException: Undefined array key "email"
in APPPATH\Views\yachtProject\us\ticket.php on line 102.
 1 APPPATH\Views\yachtProject\us\ticket.php(102): CodeIgniter\Debug\Exceptions->errorHandler(2, 'Undefined array key "email"', 'C:\\xampp\\htdocs\\cigovind\\app\\Views\\yachtProject\\us\\ticket.php', 102)
 2 SYSTEMPATH\View\View.php(228): include('C:\\xampp\\htdocs\\cigovind\\app\\Views\\yachtProject\\us\\ticket.php')
 3 SYSTEMPATH\View\View.php(231): CodeIgniter\View\View->CodeIgniter\View\{closure}()
 4 SYSTEMPATH\Common.php(1178): CodeIgniter\View\View->render('yachtProject/us/ticket', [], true)
 5 APPPATH\Controllers\Yacht.php(321): view('yachtProject/us/ticket', [...])
 6 SYSTEMPATH\CodeIgniter.php(941): App\Controllers\Yacht->bookingTicket()
 7 SYSTEMPATH\CodeIgniter.php(502): CodeIgniter\CodeIgniter->runController(Object(App\Controllers\Yacht))
 8 SYSTEMPATH\CodeIgniter.php(361): CodeIgniter\CodeIgniter->handleRequest(null, Object(Config\Cache), false)
 9 FCPATH\index.php(79): CodeIgniter\CodeIgniter->run()
CRITICAL - 2024-05-29 17:35:19 --> ErrorException: Undefined array key "email"
in APPPATH\Views\yachtProject\us\ticket.php on line 102.
 1 APPPATH\Views\yachtProject\us\ticket.php(102): CodeIgniter\Debug\Exceptions->errorHandler(2, 'Undefined array key "email"', 'C:\\xampp\\htdocs\\cigovind\\app\\Views\\yachtProject\\us\\ticket.php', 102)
 2 SYSTEMPATH\View\View.php(228): include('C:\\xampp\\htdocs\\cigovind\\app\\Views\\yachtProject\\us\\ticket.php')
 3 SYSTEMPATH\View\View.php(231): CodeIgniter\View\View->CodeIgniter\View\{closure}()
 4 SYSTEMPATH\Common.php(1178): CodeIgniter\View\View->render('yachtProject/us/ticket', [], true)
 5 APPPATH\Controllers\Yacht.php(321): view('yachtProject/us/ticket', [...])
 6 SYSTEMPATH\CodeIgniter.php(941): App\Controllers\Yacht->bookingTicket()
 7 SYSTEMPATH\CodeIgniter.php(502): CodeIgniter\CodeIgniter->runController(Object(App\Controllers\Yacht))
 8 SYSTEMPATH\CodeIgniter.php(361): CodeIgniter\CodeIgniter->handleRequest(null, Object(Config\Cache), false)
 9 FCPATH\index.php(79): CodeIgniter\CodeIgniter->run()
CRITICAL - 2024-05-29 18:28:55 --> ErrorException: Undefined variable $record
in APPPATH\Views\yachtProject\us\ticket.php on line 117.
 1 APPPATH\Views\yachtProject\us\ticket.php(117): CodeIgniter\Debug\Exceptions->errorHandler(2, 'Undefined variable $record', 'C:\\xampp\\htdocs\\cigovind\\app\\Views\\yachtProject\\us\\ticket.php', 117)
 2 SYSTEMPATH\View\View.php(228): include('C:\\xampp\\htdocs\\cigovind\\app\\Views\\yachtProject\\us\\ticket.php')
 3 SYSTEMPATH\View\View.php(231): CodeIgniter\View\View->CodeIgniter\View\{closure}()
 4 SYSTEMPATH\Common.php(1178): CodeIgniter\View\View->render('yachtProject/us/ticket', [], true)
 5 APPPATH\Controllers\Yacht.php(329): view('yachtProject/us/ticket', [...])
 6 SYSTEMPATH\CodeIgniter.php(941): App\Controllers\Yacht->bookingTicket()
 7 SYSTEMPATH\CodeIgniter.php(502): CodeIgniter\CodeIgniter->runController(Object(App\Controllers\Yacht))
 8 SYSTEMPATH\CodeIgniter.php(361): CodeIgniter\CodeIgniter->handleRequest(null, Object(Config\Cache), false)
 9 FCPATH\index.php(79): CodeIgniter\CodeIgniter->run()
CRITICAL - 2024-05-29 18:34:08 --> ErrorException: Undefined variable $record
in APPPATH\Views\yachtProject\us\ticket.php on line 117.
 1 APPPATH\Views\yachtProject\us\ticket.php(117): CodeIgniter\Debug\Exceptions->errorHandler(2, 'Undefined variable $record', 'C:\\xampp\\htdocs\\cigovind\\app\\Views\\yachtProject\\us\\ticket.php', 117)
 2 SYSTEMPATH\View\View.php(228): include('C:\\xampp\\htdocs\\cigovind\\app\\Views\\yachtProject\\us\\ticket.php')
 3 SYSTEMPATH\View\View.php(231): CodeIgniter\View\View->CodeIgniter\View\{closure}()
 4 SYSTEMPATH\Common.php(1178): CodeIgniter\View\View->render('yachtProject/us/ticket', [], true)
 5 APPPATH\Controllers\Yacht.php(329): view('yachtProject/us/ticket', [...])
 6 SYSTEMPATH\CodeIgniter.php(941): App\Controllers\Yacht->bookingTicket()
 7 SYSTEMPATH\CodeIgniter.php(502): CodeIgniter\CodeIgniter->runController(Object(App\Controllers\Yacht))
 8 SYSTEMPATH\CodeIgniter.php(361): CodeIgniter\CodeIgniter->handleRequest(null, Object(Config\Cache), false)
 9 FCPATH\index.php(79): CodeIgniter\CodeIgniter->run()
CRITICAL - 2024-05-29 18:34:08 --> ErrorException: Undefined variable $record
in APPPATH\Views\yachtProject\us\ticket.php on line 117.
 1 APPPATH\Views\yachtProject\us\ticket.php(117): CodeIgniter\Debug\Exceptions->errorHandler(2, 'Undefined variable $record', 'C:\\xampp\\htdocs\\cigovind\\app\\Views\\yachtProject\\us\\ticket.php', 117)
 2 SYSTEMPATH\View\View.php(228): include('C:\\xampp\\htdocs\\cigovind\\app\\Views\\yachtProject\\us\\ticket.php')
 3 SYSTEMPATH\View\View.php(231): CodeIgniter\View\View->CodeIgniter\View\{closure}()
 4 SYSTEMPATH\Common.php(1178): CodeIgniter\View\View->render('yachtProject/us/ticket', [], true)
 5 APPPATH\Controllers\Yacht.php(329): view('yachtProject/us/ticket', [...])
 6 SYSTEMPATH\CodeIgniter.php(941): App\Controllers\Yacht->bookingTicket()
 7 SYSTEMPATH\CodeIgniter.php(502): CodeIgniter\CodeIgniter->runController(Object(App\Controllers\Yacht))
 8 SYSTEMPATH\CodeIgniter.php(361): CodeIgniter\CodeIgniter->handleRequest(null, Object(Config\Cache), false)
 9 FCPATH\index.php(79): CodeIgniter\CodeIgniter->run()
CRITICAL - 2024-05-29 18:34:26 --> ErrorException: Undefined variable $dataa
in APPPATH\Views\yachtProject\us\ticket.php on line 117.
 1 APPPATH\Views\yachtProject\us\ticket.php(117): CodeIgniter\Debug\Exceptions->errorHandler(2, 'Undefined variable $dataa', 'C:\\xampp\\htdocs\\cigovind\\app\\Views\\yachtProject\\us\\ticket.php', 117)
 2 SYSTEMPATH\View\View.php(228): include('C:\\xampp\\htdocs\\cigovind\\app\\Views\\yachtProject\\us\\ticket.php')
 3 SYSTEMPATH\View\View.php(231): CodeIgniter\View\View->CodeIgniter\View\{closure}()
 4 SYSTEMPATH\Common.php(1178): CodeIgniter\View\View->render('yachtProject/us/ticket', [], true)
 5 APPPATH\Controllers\Yacht.php(329): view('yachtProject/us/ticket', [...])
 6 SYSTEMPATH\CodeIgniter.php(941): App\Controllers\Yacht->bookingTicket()
 7 SYSTEMPATH\CodeIgniter.php(502): CodeIgniter\CodeIgniter->runController(Object(App\Controllers\Yacht))
 8 SYSTEMPATH\CodeIgniter.php(361): CodeIgniter\CodeIgniter->handleRequest(null, Object(Config\Cache), false)
 9 FCPATH\index.php(79): CodeIgniter\CodeIgniter->run()
CRITICAL - 2024-05-29 18:34:27 --> ErrorException: Undefined variable $dataa
in APPPATH\Views\yachtProject\us\ticket.php on line 117.
 1 APPPATH\Views\yachtProject\us\ticket.php(117): CodeIgniter\Debug\Exceptions->errorHandler(2, 'Undefined variable $dataa', 'C:\\xampp\\htdocs\\cigovind\\app\\Views\\yachtProject\\us\\ticket.php', 117)
 2 SYSTEMPATH\View\View.php(228): include('C:\\xampp\\htdocs\\cigovind\\app\\Views\\yachtProject\\us\\ticket.php')
 3 SYSTEMPATH\View\View.php(231): CodeIgniter\View\View->CodeIgniter\View\{closure}()
 4 SYSTEMPATH\Common.php(1178): CodeIgniter\View\View->render('yachtProject/us/ticket', [], true)
 5 APPPATH\Controllers\Yacht.php(329): view('yachtProject/us/ticket', [...])
 6 SYSTEMPATH\CodeIgniter.php(941): App\Controllers\Yacht->bookingTicket()
 7 SYSTEMPATH\CodeIgniter.php(502): CodeIgniter\CodeIgniter->runController(Object(App\Controllers\Yacht))
 8 SYSTEMPATH\CodeIgniter.php(361): CodeIgniter\CodeIgniter->handleRequest(null, Object(Config\Cache), false)
 9 FCPATH\index.php(79): CodeIgniter\CodeIgniter->run()
CRITICAL - 2024-05-29 18:34:42 --> ErrorException: Undefined variable $record
in APPPATH\Views\yachtProject\us\ticket.php on line 117.
 1 APPPATH\Views\yachtProject\us\ticket.php(117): CodeIgniter\Debug\Exceptions->errorHandler(2, 'Undefined variable $record', 'C:\\xampp\\htdocs\\cigovind\\app\\Views\\yachtProject\\us\\ticket.php', 117)
 2 SYSTEMPATH\View\View.php(228): include('C:\\xampp\\htdocs\\cigovind\\app\\Views\\yachtProject\\us\\ticket.php')
 3 SYSTEMPATH\View\View.php(231): CodeIgniter\View\View->CodeIgniter\View\{closure}()
 4 SYSTEMPATH\Common.php(1178): CodeIgniter\View\View->render('yachtProject/us/ticket', [], true)
 5 APPPATH\Controllers\Yacht.php(329): view('yachtProject/us/ticket', [...])
 6 SYSTEMPATH\CodeIgniter.php(941): App\Controllers\Yacht->bookingTicket()
 7 SYSTEMPATH\CodeIgniter.php(502): CodeIgniter\CodeIgniter->runController(Object(App\Controllers\Yacht))
 8 SYSTEMPATH\CodeIgniter.php(361): CodeIgniter\CodeIgniter->handleRequest(null, Object(Config\Cache), false)
 9 FCPATH\index.php(79): CodeIgniter\CodeIgniter->run()
CRITICAL - 2024-05-29 18:34:43 --> ErrorException: Undefined variable $record
in APPPATH\Views\yachtProject\us\ticket.php on line 117.
 1 APPPATH\Views\yachtProject\us\ticket.php(117): CodeIgniter\Debug\Exceptions->errorHandler(2, 'Undefined variable $record', 'C:\\xampp\\htdocs\\cigovind\\app\\Views\\yachtProject\\us\\ticket.php', 117)
 2 SYSTEMPATH\View\View.php(228): include('C:\\xampp\\htdocs\\cigovind\\app\\Views\\yachtProject\\us\\ticket.php')
 3 SYSTEMPATH\View\View.php(231): CodeIgniter\View\View->CodeIgniter\View\{closure}()
 4 SYSTEMPATH\Common.php(1178): CodeIgniter\View\View->render('yachtProject/us/ticket', [], true)
 5 APPPATH\Controllers\Yacht.php(329): view('yachtProject/us/ticket', [...])
 6 SYSTEMPATH\CodeIgniter.php(941): App\Controllers\Yacht->bookingTicket()
 7 SYSTEMPATH\CodeIgniter.php(502): CodeIgniter\CodeIgniter->runController(Object(App\Controllers\Yacht))
 8 SYSTEMPATH\CodeIgniter.php(361): CodeIgniter\CodeIgniter->handleRequest(null, Object(Config\Cache), false)
 9 FCPATH\index.php(79): CodeIgniter\CodeIgniter->run()
CRITICAL - 2024-05-29 18:34:43 --> ErrorException: Undefined variable $record
in APPPATH\Views\yachtProject\us\ticket.php on line 117.
 1 APPPATH\Views\yachtProject\us\ticket.php(117): CodeIgniter\Debug\Exceptions->errorHandler(2, 'Undefined variable $record', 'C:\\xampp\\htdocs\\cigovind\\app\\Views\\yachtProject\\us\\ticket.php', 117)
 2 SYSTEMPATH\View\View.php(228): include('C:\\xampp\\htdocs\\cigovind\\app\\Views\\yachtProject\\us\\ticket.php')
 3 SYSTEMPATH\View\View.php(231): CodeIgniter\View\View->CodeIgniter\View\{closure}()
 4 SYSTEMPATH\Common.php(1178): CodeIgniter\View\View->render('yachtProject/us/ticket', [], true)
 5 APPPATH\Controllers\Yacht.php(329): view('yachtProject/us/ticket', [...])
 6 SYSTEMPATH\CodeIgniter.php(941): App\Controllers\Yacht->bookingTicket()
 7 SYSTEMPATH\CodeIgniter.php(502): CodeIgniter\CodeIgniter->runController(Object(App\Controllers\Yacht))
 8 SYSTEMPATH\CodeIgniter.php(361): CodeIgniter\CodeIgniter->handleRequest(null, Object(Config\Cache), false)
 9 FCPATH\index.php(79): CodeIgniter\CodeIgniter->run()
CRITICAL - 2024-05-29 18:34:43 --> ErrorException: Undefined variable $record
in APPPATH\Views\yachtProject\us\ticket.php on line 117.
 1 APPPATH\Views\yachtProject\us\ticket.php(117): CodeIgniter\Debug\Exceptions->errorHandler(2, 'Undefined variable $record', 'C:\\xampp\\htdocs\\cigovind\\app\\Views\\yachtProject\\us\\ticket.php', 117)
 2 SYSTEMPATH\View\View.php(228): include('C:\\xampp\\htdocs\\cigovind\\app\\Views\\yachtProject\\us\\ticket.php')
 3 SYSTEMPATH\View\View.php(231): CodeIgniter\View\View->CodeIgniter\View\{closure}()
 4 SYSTEMPATH\Common.php(1178): CodeIgniter\View\View->render('yachtProject/us/ticket', [], true)
 5 APPPATH\Controllers\Yacht.php(329): view('yachtProject/us/ticket', [...])
 6 SYSTEMPATH\CodeIgniter.php(941): App\Controllers\Yacht->bookingTicket()
 7 SYSTEMPATH\CodeIgniter.php(502): CodeIgniter\CodeIgniter->runController(Object(App\Controllers\Yacht))
 8 SYSTEMPATH\CodeIgniter.php(361): CodeIgniter\CodeIgniter->handleRequest(null, Object(Config\Cache), false)
 9 FCPATH\index.php(79): CodeIgniter\CodeIgniter->run()
CRITICAL - 2024-05-29 18:34:44 --> ErrorException: Undefined variable $record
in APPPATH\Views\yachtProject\us\ticket.php on line 117.
 1 APPPATH\Views\yachtProject\us\ticket.php(117): CodeIgniter\Debug\Exceptions->errorHandler(2, 'Undefined variable $record', 'C:\\xampp\\htdocs\\cigovind\\app\\Views\\yachtProject\\us\\ticket.php', 117)
 2 SYSTEMPATH\View\View.php(228): include('C:\\xampp\\htdocs\\cigovind\\app\\Views\\yachtProject\\us\\ticket.php')
 3 SYSTEMPATH\View\View.php(231): CodeIgniter\View\View->CodeIgniter\View\{closure}()
 4 SYSTEMPATH\Common.php(1178): CodeIgniter\View\View->render('yachtProject/us/ticket', [], true)
 5 APPPATH\Controllers\Yacht.php(329): view('yachtProject/us/ticket', [...])
 6 SYSTEMPATH\CodeIgniter.php(941): App\Controllers\Yacht->bookingTicket()
 7 SYSTEMPATH\CodeIgniter.php(502): CodeIgniter\CodeIgniter->runController(Object(App\Controllers\Yacht))
 8 SYSTEMPATH\CodeIgniter.php(361): CodeIgniter\CodeIgniter->handleRequest(null, Object(Config\Cache), false)
 9 FCPATH\index.php(79): CodeIgniter\CodeIgniter->run()
CRITICAL - 2024-05-29 18:34:44 --> ErrorException: Undefined variable $record
in APPPATH\Views\yachtProject\us\ticket.php on line 117.
 1 APPPATH\Views\yachtProject\us\ticket.php(117): CodeIgniter\Debug\Exceptions->errorHandler(2, 'Undefined variable $record', 'C:\\xampp\\htdocs\\cigovind\\app\\Views\\yachtProject\\us\\ticket.php', 117)
 2 SYSTEMPATH\View\View.php(228): include('C:\\xampp\\htdocs\\cigovind\\app\\Views\\yachtProject\\us\\ticket.php')
 3 SYSTEMPATH\View\View.php(231): CodeIgniter\View\View->CodeIgniter\View\{closure}()
 4 SYSTEMPATH\Common.php(1178): CodeIgniter\View\View->render('yachtProject/us/ticket', [], true)
 5 APPPATH\Controllers\Yacht.php(329): view('yachtProject/us/ticket', [...])
 6 SYSTEMPATH\CodeIgniter.php(941): App\Controllers\Yacht->bookingTicket()
 7 SYSTEMPATH\CodeIgniter.php(502): CodeIgniter\CodeIgniter->runController(Object(App\Controllers\Yacht))
 8 SYSTEMPATH\CodeIgniter.php(361): CodeIgniter\CodeIgniter->handleRequest(null, Object(Config\Cache), false)
 9 FCPATH\index.php(79): CodeIgniter\CodeIgniter->run()
CRITICAL - 2024-05-29 18:34:44 --> ErrorException: Undefined variable $record
in APPPATH\Views\yachtProject\us\ticket.php on line 117.
 1 APPPATH\Views\yachtProject\us\ticket.php(117): CodeIgniter\Debug\Exceptions->errorHandler(2, 'Undefined variable $record', 'C:\\xampp\\htdocs\\cigovind\\app\\Views\\yachtProject\\us\\ticket.php', 117)
 2 SYSTEMPATH\View\View.php(228): include('C:\\xampp\\htdocs\\cigovind\\app\\Views\\yachtProject\\us\\ticket.php')
 3 SYSTEMPATH\View\View.php(231): CodeIgniter\View\View->CodeIgniter\View\{closure}()
 4 SYSTEMPATH\Common.php(1178): CodeIgniter\View\View->render('yachtProject/us/ticket', [], true)
 5 APPPATH\Controllers\Yacht.php(329): view('yachtProject/us/ticket', [...])
 6 SYSTEMPATH\CodeIgniter.php(941): App\Controllers\Yacht->bookingTicket()
 7 SYSTEMPATH\CodeIgniter.php(502): CodeIgniter\CodeIgniter->runController(Object(App\Controllers\Yacht))
 8 SYSTEMPATH\CodeIgniter.php(361): CodeIgniter\CodeIgniter->handleRequest(null, Object(Config\Cache), false)
 9 FCPATH\index.php(79): CodeIgniter\CodeIgniter->run()
CRITICAL - 2024-05-29 18:35:41 --> Error: Call to undefined function App\Controllers\generateSixDigitNumber()
in APPPATH\Controllers\Yacht.php on line 181.
 1 SYSTEMPATH\CodeIgniter.php(941): App\Controllers\Yacht->yachtBook()
 2 SYSTEMPATH\CodeIgniter.php(502): CodeIgniter\CodeIgniter->runController(Object(App\Controllers\Yacht))
 3 SYSTEMPATH\CodeIgniter.php(361): CodeIgniter\CodeIgniter->handleRequest(null, Object(Config\Cache), false)
 4 FCPATH\index.php(79): CodeIgniter\CodeIgniter->run()
CRITICAL - 2024-05-29 18:53:12 --> ErrorException: Undefined array key "thumb-img"
in APPPATH\Views\yachtProject\us\booking-confirm.php on line 47.
 1 APPPATH\Views\yachtProject\us\booking-confirm.php(47): CodeIgniter\Debug\Exceptions->errorHandler(2, 'Undefined array key "thumb-img"', 'C:\\xampp\\htdocs\\cigovind\\app\\Views\\yachtProject\\us\\booking-confirm.php', 47)
 2 SYSTEMPATH\View\View.php(228): include('C:\\xampp\\htdocs\\cigovind\\app\\Views\\yachtProject\\us\\booking-confirm.php')
 3 SYSTEMPATH\View\View.php(231): CodeIgniter\View\View->CodeIgniter\View\{closure}()
 4 SYSTEMPATH\Common.php(1178): CodeIgniter\View\View->render('yachtProject/us/booking-confirm', [], true)
 5 APPPATH\Controllers\Yacht.php(316): view('yachtProject/us/booking-confirm', [...])
 6 SYSTEMPATH\CodeIgniter.php(941): App\Controllers\Yacht->bookingConfirm()
 7 SYSTEMPATH\CodeIgniter.php(502): CodeIgniter\CodeIgniter->runController(Object(App\Controllers\Yacht))
 8 SYSTEMPATH\CodeIgniter.php(361): CodeIgniter\CodeIgniter->handleRequest(null, Object(Config\Cache), false)
 9 FCPATH\index.php(79): CodeIgniter\CodeIgniter->run()
CRITICAL - 2024-05-29 19:12:32 --> CodeIgniter\Security\Exceptions\SecurityException: The action you requested is not allowed.
in SYSTEMPATH\Security\Security.php on line 300.
 1 SYSTEMPATH\Security\Security.php(300): CodeIgniter\Security\Exceptions\SecurityException::forDisallowedAction()
 2 SYSTEMPATH\Filters\CSRF.php(56): CodeIgniter\Security\Security->verify(Object(CodeIgniter\HTTP\IncomingRequest))
 3 SYSTEMPATH\Filters\Filters.php(182): CodeIgniter\Filters\CSRF->before(Object(CodeIgniter\HTTP\IncomingRequest), null)
 4 SYSTEMPATH\CodeIgniter.php(474): CodeIgniter\Filters\Filters->run('us/yacht-list', 'before')
 5 SYSTEMPATH\CodeIgniter.php(361): CodeIgniter\CodeIgniter->handleRequest(null, Object(Config\Cache), false)
 6 FCPATH\index.php(79): CodeIgniter\CodeIgniter->run()
