CRITICAL - 2024-08-11 06:43:32 --> ErrorException: Trying to access array offset on value of type null
in APPPATH/Views/yachtProject/us/yacht-booking.php on line 80.
 1 APPPATH/Views/yachtProject/us/yacht-booking.php(80): CodeIgniter\Debug\Exceptions->errorHandler()
 2 SYSTEMPATH/View/View.php(228): include('/home/u679963801/domains/bookmyyacht.us/public_html/app/Views/yachtProject/us/yacht-booking.php')
 3 SYSTEMPATH/View/View.php(231): CodeIgniter\View\View->CodeIgniter\View\{closure}()
 4 SYSTEMPATH/Common.php(1178): CodeIgniter\View\View->render()
 5 APPPATH/Controllers/Yacht.php(351): view()
 6 SYSTEMPATH/CodeIgniter.php(941): App\Controllers\Yacht->yachtBooking()
 7 SYSTEMPATH/CodeIgniter.php(502): CodeIgniter\CodeIgniter->runController()
 8 SYSTEMPATH/CodeIgniter.php(361): CodeIgniter\CodeIgniter->handleRequest()
 9 FCPATH/index.php(79): CodeIgniter\CodeIgniter->run()
CRITICAL - 2024-08-11 08:01:35 --> ErrorException: Trying to access array offset on value of type null
in APPPATH/Views/yachtProject/us/yacht-booking.php on line 80.
 1 APPPATH/Views/yachtProject/us/yacht-booking.php(80): CodeIgniter\Debug\Exceptions->errorHandler()
 2 SYSTEMPATH/View/View.php(228): include('/home/u679963801/domains/bookmyyacht.us/public_html/app/Views/yachtProject/us/yacht-booking.php')
 3 SYSTEMPATH/View/View.php(231): CodeIgniter\View\View->CodeIgniter\View\{closure}()
 4 SYSTEMPATH/Common.php(1178): CodeIgniter\View\View->render()
 5 APPPATH/Controllers/Yacht.php(351): view()
 6 SYSTEMPATH/CodeIgniter.php(941): App\Controllers\Yacht->yachtBooking()
 7 SYSTEMPATH/CodeIgniter.php(502): CodeIgniter\CodeIgniter->runController()
 8 SYSTEMPATH/CodeIgniter.php(361): CodeIgniter\CodeIgniter->handleRequest()
 9 FCPATH/index.php(79): CodeIgniter\CodeIgniter->run()
CRITICAL - 2024-08-11 09:34:25 --> ErrorException: Undefined variable $price
in APPPATH/Views/yachtProject/us/booking-page.php on line 142.
 1 APPPATH/Views/yachtProject/us/booking-page.php(142): CodeIgniter\Debug\Exceptions->errorHandler()
 2 SYSTEMPATH/View/View.php(228): include('/home/u679963801/domains/bookmyyacht.us/public_html/app/Views/yachtProject/us/booking-page.php')
 3 SYSTEMPATH/View/View.php(231): CodeIgniter\View\View->CodeIgniter\View\{closure}()
 4 SYSTEMPATH/Common.php(1178): CodeIgniter\View\View->render()
 5 APPPATH/Controllers/Yacht.php(369): view()
 6 SYSTEMPATH/CodeIgniter.php(941): App\Controllers\Yacht->yachtBookingTest()
 7 SYSTEMPATH/CodeIgniter.php(502): CodeIgniter\CodeIgniter->runController()
 8 SYSTEMPATH/CodeIgniter.php(361): CodeIgniter\CodeIgniter->handleRequest()
 9 FCPATH/index.php(79): CodeIgniter\CodeIgniter->run()
CRITICAL - 2024-08-11 10:16:46 --> ErrorException: Undefined variable $price
in APPPATH/Views/yachtProject/us/booking-page.php on line 142.
 1 APPPATH/Views/yachtProject/us/booking-page.php(142): CodeIgniter\Debug\Exceptions->errorHandler()
 2 SYSTEMPATH/View/View.php(228): include('/home/u679963801/domains/bookmyyacht.us/public_html/app/Views/yachtProject/us/booking-page.php')
 3 SYSTEMPATH/View/View.php(231): CodeIgniter\View\View->CodeIgniter\View\{closure}()
 4 SYSTEMPATH/Common.php(1178): CodeIgniter\View\View->render()
 5 APPPATH/Controllers/Yacht.php(369): view()
 6 SYSTEMPATH/CodeIgniter.php(941): App\Controllers\Yacht->yachtBookingTest()
 7 SYSTEMPATH/CodeIgniter.php(502): CodeIgniter\CodeIgniter->runController()
 8 SYSTEMPATH/CodeIgniter.php(361): CodeIgniter\CodeIgniter->handleRequest()
 9 FCPATH/index.php(79): CodeIgniter\CodeIgniter->run()
CRITICAL - 2024-08-11 10:19:27 --> ErrorException: Trying to access array offset on value of type null
in APPPATH/Views/yachtProject/us/booking-page.php on line 101.
 1 APPPATH/Views/yachtProject/us/booking-page.php(101): CodeIgniter\Debug\Exceptions->errorHandler()
 2 SYSTEMPATH/View/View.php(228): include('/home/u679963801/domains/bookmyyacht.us/public_html/app/Views/yachtProject/us/booking-page.php')
 3 SYSTEMPATH/View/View.php(231): CodeIgniter\View\View->CodeIgniter\View\{closure}()
 4 SYSTEMPATH/Common.php(1178): CodeIgniter\View\View->render()
 5 APPPATH/Controllers/Yacht.php(369): view()
 6 SYSTEMPATH/CodeIgniter.php(941): App\Controllers\Yacht->yachtBookingTest()
 7 SYSTEMPATH/CodeIgniter.php(502): CodeIgniter\CodeIgniter->runController()
 8 SYSTEMPATH/CodeIgniter.php(361): CodeIgniter\CodeIgniter->handleRequest()
 9 FCPATH/index.php(79): CodeIgniter\CodeIgniter->run()
CRITICAL - 2024-08-11 10:39:45 --> ErrorException: Trying to access array offset on value of type null
in APPPATH/Controllers/Yacht.php on line 71.
 1 APPPATH/Controllers/Yacht.php(71): CodeIgniter\Debug\Exceptions->errorHandler()
 2 SYSTEMPATH/CodeIgniter.php(941): App\Controllers\Yacht->yachtRecordEditnew()
 3 SYSTEMPATH/CodeIgniter.php(502): CodeIgniter\CodeIgniter->runController()
 4 SYSTEMPATH/CodeIgniter.php(361): CodeIgniter\CodeIgniter->handleRequest()
 5 FCPATH/index.php(79): CodeIgniter\CodeIgniter->run()
CRITICAL - 2024-08-11 11:07:23 --> ErrorException: Undefined variable $price
in APPPATH/Views/yachtProject/us/booking-page.php on line 142.
 1 APPPATH/Views/yachtProject/us/booking-page.php(142): CodeIgniter\Debug\Exceptions->errorHandler()
 2 SYSTEMPATH/View/View.php(228): include('/home/u679963801/domains/bookmyyacht.us/public_html/app/Views/yachtProject/us/booking-page.php')
 3 SYSTEMPATH/View/View.php(231): CodeIgniter\View\View->CodeIgniter\View\{closure}()
 4 SYSTEMPATH/Common.php(1178): CodeIgniter\View\View->render()
 5 APPPATH/Controllers/Yacht.php(369): view()
 6 SYSTEMPATH/CodeIgniter.php(941): App\Controllers\Yacht->yachtBookingTest()
 7 SYSTEMPATH/CodeIgniter.php(502): CodeIgniter\CodeIgniter->runController()
 8 SYSTEMPATH/CodeIgniter.php(361): CodeIgniter\CodeIgniter->handleRequest()
 9 FCPATH/index.php(79): CodeIgniter\CodeIgniter->run()
CRITICAL - 2024-08-11 11:50:43 --> ErrorException: Undefined variable $price
in APPPATH/Views/yachtProject/us/booking-page.php on line 142.
 1 APPPATH/Views/yachtProject/us/booking-page.php(142): CodeIgniter\Debug\Exceptions->errorHandler()
 2 SYSTEMPATH/View/View.php(228): include('/home/u679963801/domains/bookmyyacht.us/public_html/app/Views/yachtProject/us/booking-page.php')
 3 SYSTEMPATH/View/View.php(231): CodeIgniter\View\View->CodeIgniter\View\{closure}()
 4 SYSTEMPATH/Common.php(1178): CodeIgniter\View\View->render()
 5 APPPATH/Controllers/Yacht.php(369): view()
 6 SYSTEMPATH/CodeIgniter.php(941): App\Controllers\Yacht->yachtBookingTest()
 7 SYSTEMPATH/CodeIgniter.php(502): CodeIgniter\CodeIgniter->runController()
 8 SYSTEMPATH/CodeIgniter.php(361): CodeIgniter\CodeIgniter->handleRequest()
 9 FCPATH/index.php(79): CodeIgniter\CodeIgniter->run()
CRITICAL - 2024-08-11 12:55:13 --> ErrorException: Undefined variable $price
in APPPATH/Views/yachtProject/us/booking-page.php on line 142.
 1 APPPATH/Views/yachtProject/us/booking-page.php(142): CodeIgniter\Debug\Exceptions->errorHandler()
 2 SYSTEMPATH/View/View.php(228): include('/home/u679963801/domains/bookmyyacht.us/public_html/app/Views/yachtProject/us/booking-page.php')
 3 SYSTEMPATH/View/View.php(231): CodeIgniter\View\View->CodeIgniter\View\{closure}()
 4 SYSTEMPATH/Common.php(1178): CodeIgniter\View\View->render()
 5 APPPATH/Controllers/Yacht.php(369): view()
 6 SYSTEMPATH/CodeIgniter.php(941): App\Controllers\Yacht->yachtBookingTest()
 7 SYSTEMPATH/CodeIgniter.php(502): CodeIgniter\CodeIgniter->runController()
 8 SYSTEMPATH/CodeIgniter.php(361): CodeIgniter\CodeIgniter->handleRequest()
 9 FCPATH/index.php(79): CodeIgniter\CodeIgniter->run()
CRITICAL - 2024-08-11 13:09:57 --> ErrorException: Trying to access array offset on value of type null
in APPPATH/Views/yachtProject/us/yacht-booking.php on line 80.
 1 APPPATH/Views/yachtProject/us/yacht-booking.php(80): CodeIgniter\Debug\Exceptions->errorHandler()
 2 SYSTEMPATH/View/View.php(228): include('/home/u679963801/domains/bookmyyacht.us/public_html/app/Views/yachtProject/us/yacht-booking.php')
 3 SYSTEMPATH/View/View.php(231): CodeIgniter\View\View->CodeIgniter\View\{closure}()
 4 SYSTEMPATH/Common.php(1178): CodeIgniter\View\View->render()
 5 APPPATH/Controllers/Yacht.php(351): view()
 6 SYSTEMPATH/CodeIgniter.php(941): App\Controllers\Yacht->yachtBooking()
 7 SYSTEMPATH/CodeIgniter.php(502): CodeIgniter\CodeIgniter->runController()
 8 SYSTEMPATH/CodeIgniter.php(361): CodeIgniter\CodeIgniter->handleRequest()
 9 FCPATH/index.php(79): CodeIgniter\CodeIgniter->run()
CRITICAL - 2024-08-11 13:16:44 --> ErrorException: Trying to access array offset on value of type null
in APPPATH/Views/yachtProject/us/booking-page.php on line 101.
 1 APPPATH/Views/yachtProject/us/booking-page.php(101): CodeIgniter\Debug\Exceptions->errorHandler()
 2 SYSTEMPATH/View/View.php(228): include('/home/u679963801/domains/bookmyyacht.us/public_html/app/Views/yachtProject/us/booking-page.php')
 3 SYSTEMPATH/View/View.php(231): CodeIgniter\View\View->CodeIgniter\View\{closure}()
 4 SYSTEMPATH/Common.php(1178): CodeIgniter\View\View->render()
 5 APPPATH/Controllers/Yacht.php(369): view()
 6 SYSTEMPATH/CodeIgniter.php(941): App\Controllers\Yacht->yachtBookingTest()
 7 SYSTEMPATH/CodeIgniter.php(502): CodeIgniter\CodeIgniter->runController()
 8 SYSTEMPATH/CodeIgniter.php(361): CodeIgniter\CodeIgniter->handleRequest()
 9 FCPATH/index.php(79): CodeIgniter\CodeIgniter->run()
CRITICAL - 2024-08-11 13:43:07 --> ErrorException: Trying to access array offset on value of type null
in APPPATH/Views/yachtProject/us/booking-page.php on line 101.
 1 APPPATH/Views/yachtProject/us/booking-page.php(101): CodeIgniter\Debug\Exceptions->errorHandler()
 2 SYSTEMPATH/View/View.php(228): include('/home/u679963801/domains/bookmyyacht.us/public_html/app/Views/yachtProject/us/booking-page.php')
 3 SYSTEMPATH/View/View.php(231): CodeIgniter\View\View->CodeIgniter\View\{closure}()
 4 SYSTEMPATH/Common.php(1178): CodeIgniter\View\View->render()
 5 APPPATH/Controllers/Yacht.php(369): view()
 6 SYSTEMPATH/CodeIgniter.php(941): App\Controllers\Yacht->yachtBookingTest()
 7 SYSTEMPATH/CodeIgniter.php(502): CodeIgniter\CodeIgniter->runController()
 8 SYSTEMPATH/CodeIgniter.php(361): CodeIgniter\CodeIgniter->handleRequest()
 9 FCPATH/index.php(79): CodeIgniter\CodeIgniter->run()
CRITICAL - 2024-08-11 13:49:08 --> ErrorException: Undefined variable $price
in APPPATH/Views/yachtProject/us/booking-page.php on line 142.
 1 APPPATH/Views/yachtProject/us/booking-page.php(142): CodeIgniter\Debug\Exceptions->errorHandler()
 2 SYSTEMPATH/View/View.php(228): include('/home/u679963801/domains/bookmyyacht.us/public_html/app/Views/yachtProject/us/booking-page.php')
 3 SYSTEMPATH/View/View.php(231): CodeIgniter\View\View->CodeIgniter\View\{closure}()
 4 SYSTEMPATH/Common.php(1178): CodeIgniter\View\View->render()
 5 APPPATH/Controllers/Yacht.php(369): view()
 6 SYSTEMPATH/CodeIgniter.php(941): App\Controllers\Yacht->yachtBookingTest()
 7 SYSTEMPATH/CodeIgniter.php(502): CodeIgniter\CodeIgniter->runController()
 8 SYSTEMPATH/CodeIgniter.php(361): CodeIgniter\CodeIgniter->handleRequest()
 9 FCPATH/index.php(79): CodeIgniter\CodeIgniter->run()
CRITICAL - 2024-08-11 14:17:55 --> ErrorException: Trying to access array offset on value of type null
in APPPATH/Views/yachtProject/us/booking-page.php on line 101.
 1 APPPATH/Views/yachtProject/us/booking-page.php(101): CodeIgniter\Debug\Exceptions->errorHandler()
 2 SYSTEMPATH/View/View.php(228): include('/home/u679963801/domains/bookmyyacht.us/public_html/app/Views/yachtProject/us/booking-page.php')
 3 SYSTEMPATH/View/View.php(231): CodeIgniter\View\View->CodeIgniter\View\{closure}()
 4 SYSTEMPATH/Common.php(1178): CodeIgniter\View\View->render()
 5 APPPATH/Controllers/Yacht.php(369): view()
 6 SYSTEMPATH/CodeIgniter.php(941): App\Controllers\Yacht->yachtBookingTest()
 7 SYSTEMPATH/CodeIgniter.php(502): CodeIgniter\CodeIgniter->runController()
 8 SYSTEMPATH/CodeIgniter.php(361): CodeIgniter\CodeIgniter->handleRequest()
 9 FCPATH/index.php(79): CodeIgniter\CodeIgniter->run()
CRITICAL - 2024-08-11 14:29:23 --> ErrorException: Trying to access array offset on value of type null
in APPPATH/Views/yachtProject/us/booking-page.php on line 101.
 1 APPPATH/Views/yachtProject/us/booking-page.php(101): CodeIgniter\Debug\Exceptions->errorHandler()
 2 SYSTEMPATH/View/View.php(228): include('/home/u679963801/domains/bookmyyacht.us/public_html/app/Views/yachtProject/us/booking-page.php')
 3 SYSTEMPATH/View/View.php(231): CodeIgniter\View\View->CodeIgniter\View\{closure}()
 4 SYSTEMPATH/Common.php(1178): CodeIgniter\View\View->render()
 5 APPPATH/Controllers/Yacht.php(369): view()
 6 SYSTEMPATH/CodeIgniter.php(941): App\Controllers\Yacht->yachtBookingTest()
 7 SYSTEMPATH/CodeIgniter.php(502): CodeIgniter\CodeIgniter->runController()
 8 SYSTEMPATH/CodeIgniter.php(361): CodeIgniter\CodeIgniter->handleRequest()
 9 FCPATH/index.php(79): CodeIgniter\CodeIgniter->run()
CRITICAL - 2024-08-11 14:47:32 --> ErrorException: Undefined variable $price
in APPPATH/Views/yachtProject/us/booking-page.php on line 142.
 1 APPPATH/Views/yachtProject/us/booking-page.php(142): CodeIgniter\Debug\Exceptions->errorHandler()
 2 SYSTEMPATH/View/View.php(228): include('/home/u679963801/domains/bookmyyacht.us/public_html/app/Views/yachtProject/us/booking-page.php')
 3 SYSTEMPATH/View/View.php(231): CodeIgniter\View\View->CodeIgniter\View\{closure}()
 4 SYSTEMPATH/Common.php(1178): CodeIgniter\View\View->render()
 5 APPPATH/Controllers/Yacht.php(369): view()
 6 SYSTEMPATH/CodeIgniter.php(941): App\Controllers\Yacht->yachtBookingTest()
 7 SYSTEMPATH/CodeIgniter.php(502): CodeIgniter\CodeIgniter->runController()
 8 SYSTEMPATH/CodeIgniter.php(361): CodeIgniter\CodeIgniter->handleRequest()
 9 FCPATH/index.php(79): CodeIgniter\CodeIgniter->run()
CRITICAL - 2024-08-11 15:00:05 --> ErrorException: Undefined variable $price
in APPPATH/Views/yachtProject/us/booking-page.php on line 142.
 1 APPPATH/Views/yachtProject/us/booking-page.php(142): CodeIgniter\Debug\Exceptions->errorHandler()
 2 SYSTEMPATH/View/View.php(228): include('/home/u679963801/domains/bookmyyacht.us/public_html/app/Views/yachtProject/us/booking-page.php')
 3 SYSTEMPATH/View/View.php(231): CodeIgniter\View\View->CodeIgniter\View\{closure}()
 4 SYSTEMPATH/Common.php(1178): CodeIgniter\View\View->render()
 5 APPPATH/Controllers/Yacht.php(369): view()
 6 SYSTEMPATH/CodeIgniter.php(941): App\Controllers\Yacht->yachtBookingTest()
 7 SYSTEMPATH/CodeIgniter.php(502): CodeIgniter\CodeIgniter->runController()
 8 SYSTEMPATH/CodeIgniter.php(361): CodeIgniter\CodeIgniter->handleRequest()
 9 FCPATH/index.php(79): CodeIgniter\CodeIgniter->run()
CRITICAL - 2024-08-11 15:00:53 --> ErrorException: Undefined variable $price
in APPPATH/Views/yachtProject/us/booking-page.php on line 142.
 1 APPPATH/Views/yachtProject/us/booking-page.php(142): CodeIgniter\Debug\Exceptions->errorHandler()
 2 SYSTEMPATH/View/View.php(228): include('/home/u679963801/domains/bookmyyacht.us/public_html/app/Views/yachtProject/us/booking-page.php')
 3 SYSTEMPATH/View/View.php(231): CodeIgniter\View\View->CodeIgniter\View\{closure}()
 4 SYSTEMPATH/Common.php(1178): CodeIgniter\View\View->render()
 5 APPPATH/Controllers/Yacht.php(369): view()
 6 SYSTEMPATH/CodeIgniter.php(941): App\Controllers\Yacht->yachtBookingTest()
 7 SYSTEMPATH/CodeIgniter.php(502): CodeIgniter\CodeIgniter->runController()
 8 SYSTEMPATH/CodeIgniter.php(361): CodeIgniter\CodeIgniter->handleRequest()
 9 FCPATH/index.php(79): CodeIgniter\CodeIgniter->run()
CRITICAL - 2024-08-11 17:06:59 --> ErrorException: Undefined variable $price
in APPPATH/Views/yachtProject/us/booking-page.php on line 142.
 1 APPPATH/Views/yachtProject/us/booking-page.php(142): CodeIgniter\Debug\Exceptions->errorHandler()
 2 SYSTEMPATH/View/View.php(228): include('/home/u679963801/domains/bookmyyacht.us/public_html/app/Views/yachtProject/us/booking-page.php')
 3 SYSTEMPATH/View/View.php(231): CodeIgniter\View\View->CodeIgniter\View\{closure}()
 4 SYSTEMPATH/Common.php(1178): CodeIgniter\View\View->render()
 5 APPPATH/Controllers/Yacht.php(369): view()
 6 SYSTEMPATH/CodeIgniter.php(941): App\Controllers\Yacht->yachtBookingTest()
 7 SYSTEMPATH/CodeIgniter.php(502): CodeIgniter\CodeIgniter->runController()
 8 SYSTEMPATH/CodeIgniter.php(361): CodeIgniter\CodeIgniter->handleRequest()
 9 FCPATH/index.php(79): CodeIgniter\CodeIgniter->run()
CRITICAL - 2024-08-11 17:16:48 --> ErrorException: Trying to access array offset on value of type null
in APPPATH/Views/yachtProject/us/booking-page.php on line 101.
 1 APPPATH/Views/yachtProject/us/booking-page.php(101): CodeIgniter\Debug\Exceptions->errorHandler()
 2 SYSTEMPATH/View/View.php(228): include('/home/u679963801/domains/bookmyyacht.us/public_html/app/Views/yachtProject/us/booking-page.php')
 3 SYSTEMPATH/View/View.php(231): CodeIgniter\View\View->CodeIgniter\View\{closure}()
 4 SYSTEMPATH/Common.php(1178): CodeIgniter\View\View->render()
 5 APPPATH/Controllers/Yacht.php(369): view()
 6 SYSTEMPATH/CodeIgniter.php(941): App\Controllers\Yacht->yachtBookingTest()
 7 SYSTEMPATH/CodeIgniter.php(502): CodeIgniter\CodeIgniter->runController()
 8 SYSTEMPATH/CodeIgniter.php(361): CodeIgniter\CodeIgniter->handleRequest()
 9 FCPATH/index.php(79): CodeIgniter\CodeIgniter->run()
