CRITICAL - 2024-07-26 01:11:51 --> ErrorException: Undefined variable $price
in APPPATH/Views/yachtProject/us/booking-page.php on line 142.
 1 APPPATH/Views/yachtProject/us/booking-page.php(142): CodeIgniter\Debug\Exceptions->errorHandler()
 2 SYSTEMPATH/View/View.php(228): include('/home/u679963801/domains/bookmyyacht.us/public_html/app/Views/yachtProject/us/booking-page.php')
 3 SYSTEMPATH/View/View.php(231): CodeIgniter\View\View->CodeIgniter\View\{closure}()
 4 SYSTEMPATH/Common.php(1178): CodeIgniter\View\View->render()
 5 APPPATH/Controllers/Yacht.php(369): view()
 6 SYSTEMPATH/CodeIgniter.php(941): App\Controllers\Yacht->yachtBookingTest()
 7 SYSTEMPATH/CodeIgniter.php(502): CodeIgniter\CodeIgniter->runController()
 8 SYSTEMPATH/CodeIgniter.php(361): CodeIgniter\CodeIgniter->handleRequest()
 9 FCPATH/index.php(79): CodeIgniter\CodeIgniter->run()
CRITICAL - 2024-07-26 01:20:53 --> ErrorException: Undefined variable $price
in APPPATH/Views/yachtProject/us/booking-page.php on line 142.
 1 APPPATH/Views/yachtProject/us/booking-page.php(142): CodeIgniter\Debug\Exceptions->errorHandler()
 2 SYSTEMPATH/View/View.php(228): include('/home/u679963801/domains/bookmyyacht.us/public_html/app/Views/yachtProject/us/booking-page.php')
 3 SYSTEMPATH/View/View.php(231): CodeIgniter\View\View->CodeIgniter\View\{closure}()
 4 SYSTEMPATH/Common.php(1178): CodeIgniter\View\View->render()
 5 APPPATH/Controllers/Yacht.php(369): view()
 6 SYSTEMPATH/CodeIgniter.php(941): App\Controllers\Yacht->yachtBookingTest()
 7 SYSTEMPATH/CodeIgniter.php(502): CodeIgniter\CodeIgniter->runController()
 8 SYSTEMPATH/CodeIgniter.php(361): CodeIgniter\CodeIgniter->handleRequest()
 9 FCPATH/index.php(79): CodeIgniter\CodeIgniter->run()
CRITICAL - 2024-07-26 02:40:37 --> ErrorException: Undefined variable $price
in APPPATH/Views/yachtProject/us/booking-page.php on line 142.
 1 APPPATH/Views/yachtProject/us/booking-page.php(142): CodeIgniter\Debug\Exceptions->errorHandler()
 2 SYSTEMPATH/View/View.php(228): include('/home/u679963801/domains/bookmyyacht.us/public_html/app/Views/yachtProject/us/booking-page.php')
 3 SYSTEMPATH/View/View.php(231): CodeIgniter\View\View->CodeIgniter\View\{closure}()
 4 SYSTEMPATH/Common.php(1178): CodeIgniter\View\View->render()
 5 APPPATH/Controllers/Yacht.php(369): view()
 6 SYSTEMPATH/CodeIgniter.php(941): App\Controllers\Yacht->yachtBookingTest()
 7 SYSTEMPATH/CodeIgniter.php(502): CodeIgniter\CodeIgniter->runController()
 8 SYSTEMPATH/CodeIgniter.php(361): CodeIgniter\CodeIgniter->handleRequest()
 9 FCPATH/index.php(79): CodeIgniter\CodeIgniter->run()
CRITICAL - 2024-07-26 03:02:40 --> ErrorException: Trying to access array offset on value of type null
in APPPATH/Views/yachtProject/us/yacht-booking.php on line 80.
 1 APPPATH/Views/yachtProject/us/yacht-booking.php(80): CodeIgniter\Debug\Exceptions->errorHandler()
 2 SYSTEMPATH/View/View.php(228): include('/home/u679963801/domains/bookmyyacht.us/public_html/app/Views/yachtProject/us/yacht-booking.php')
 3 SYSTEMPATH/View/View.php(231): CodeIgniter\View\View->CodeIgniter\View\{closure}()
 4 SYSTEMPATH/Common.php(1178): CodeIgniter\View\View->render()
 5 APPPATH/Controllers/Yacht.php(351): view()
 6 SYSTEMPATH/CodeIgniter.php(941): App\Controllers\Yacht->yachtBooking()
 7 SYSTEMPATH/CodeIgniter.php(502): CodeIgniter\CodeIgniter->runController()
 8 SYSTEMPATH/CodeIgniter.php(361): CodeIgniter\CodeIgniter->handleRequest()
 9 FCPATH/index.php(79): CodeIgniter\CodeIgniter->run()
CRITICAL - 2024-07-26 03:25:17 --> ErrorException: Trying to access array offset on value of type null
in APPPATH/Views/yachtProject/us/yacht-booking.php on line 80.
 1 APPPATH/Views/yachtProject/us/yacht-booking.php(80): CodeIgniter\Debug\Exceptions->errorHandler()
 2 SYSTEMPATH/View/View.php(228): include('/home/u679963801/domains/bookmyyacht.us/public_html/app/Views/yachtProject/us/yacht-booking.php')
 3 SYSTEMPATH/View/View.php(231): CodeIgniter\View\View->CodeIgniter\View\{closure}()
 4 SYSTEMPATH/Common.php(1178): CodeIgniter\View\View->render()
 5 APPPATH/Controllers/Yacht.php(351): view()
 6 SYSTEMPATH/CodeIgniter.php(941): App\Controllers\Yacht->yachtBooking()
 7 SYSTEMPATH/CodeIgniter.php(502): CodeIgniter\CodeIgniter->runController()
 8 SYSTEMPATH/CodeIgniter.php(361): CodeIgniter\CodeIgniter->handleRequest()
 9 FCPATH/index.php(79): CodeIgniter\CodeIgniter->run()
CRITICAL - 2024-07-26 04:49:32 --> ErrorException: Trying to access array offset on value of type null
in APPPATH/Controllers/Yacht.php on line 71.
 1 APPPATH/Controllers/Yacht.php(71): CodeIgniter\Debug\Exceptions->errorHandler()
 2 SYSTEMPATH/CodeIgniter.php(941): App\Controllers\Yacht->yachtRecordEditnew()
 3 SYSTEMPATH/CodeIgniter.php(502): CodeIgniter\CodeIgniter->runController()
 4 SYSTEMPATH/CodeIgniter.php(361): CodeIgniter\CodeIgniter->handleRequest()
 5 FCPATH/index.php(79): CodeIgniter\CodeIgniter->run()
CRITICAL - 2024-07-26 13:42:51 --> ErrorException: Trying to access array offset on value of type null
in APPPATH/Views/yachtProject/us/booking-page.php on line 101.
 1 APPPATH/Views/yachtProject/us/booking-page.php(101): CodeIgniter\Debug\Exceptions->errorHandler()
 2 SYSTEMPATH/View/View.php(228): include('/home/u679963801/domains/bookmyyacht.us/public_html/app/Views/yachtProject/us/booking-page.php')
 3 SYSTEMPATH/View/View.php(231): CodeIgniter\View\View->CodeIgniter\View\{closure}()
 4 SYSTEMPATH/Common.php(1178): CodeIgniter\View\View->render()
 5 APPPATH/Controllers/Yacht.php(369): view()
 6 SYSTEMPATH/CodeIgniter.php(941): App\Controllers\Yacht->yachtBookingTest()
 7 SYSTEMPATH/CodeIgniter.php(502): CodeIgniter\CodeIgniter->runController()
 8 SYSTEMPATH/CodeIgniter.php(361): CodeIgniter\CodeIgniter->handleRequest()
 9 FCPATH/index.php(79): CodeIgniter\CodeIgniter->run()
CRITICAL - 2024-07-26 14:00:24 --> ErrorException: Trying to access array offset on value of type null
in APPPATH/Controllers/Yacht.php on line 71.
 1 APPPATH/Controllers/Yacht.php(71): CodeIgniter\Debug\Exceptions->errorHandler()
 2 SYSTEMPATH/CodeIgniter.php(941): App\Controllers\Yacht->yachtRecordEditnew()
 3 SYSTEMPATH/CodeIgniter.php(502): CodeIgniter\CodeIgniter->runController()
 4 SYSTEMPATH/CodeIgniter.php(361): CodeIgniter\CodeIgniter->handleRequest()
 5 FCPATH/index.php(79): CodeIgniter\CodeIgniter->run()
CRITICAL - 2024-07-26 14:00:26 --> ErrorException: Trying to access array offset on value of type null
in APPPATH/Controllers/Yacht.php on line 71.
 1 APPPATH/Controllers/Yacht.php(71): CodeIgniter\Debug\Exceptions->errorHandler()
 2 SYSTEMPATH/CodeIgniter.php(941): App\Controllers\Yacht->yachtRecordEditnew()
 3 SYSTEMPATH/CodeIgniter.php(502): CodeIgniter\CodeIgniter->runController()
 4 SYSTEMPATH/CodeIgniter.php(361): CodeIgniter\CodeIgniter->handleRequest()
 5 FCPATH/index.php(79): CodeIgniter\CodeIgniter->run()
CRITICAL - 2024-07-26 14:02:05 --> ErrorException: Trying to access array offset on value of type null
in APPPATH/Controllers/Yacht.php on line 71.
 1 APPPATH/Controllers/Yacht.php(71): CodeIgniter\Debug\Exceptions->errorHandler()
 2 SYSTEMPATH/CodeIgniter.php(941): App\Controllers\Yacht->yachtRecordEditnew()
 3 SYSTEMPATH/CodeIgniter.php(502): CodeIgniter\CodeIgniter->runController()
 4 SYSTEMPATH/CodeIgniter.php(361): CodeIgniter\CodeIgniter->handleRequest()
 5 FCPATH/index.php(79): CodeIgniter\CodeIgniter->run()
CRITICAL - 2024-07-26 14:02:07 --> ErrorException: Trying to access array offset on value of type null
in APPPATH/Controllers/Yacht.php on line 71.
 1 APPPATH/Controllers/Yacht.php(71): CodeIgniter\Debug\Exceptions->errorHandler()
 2 SYSTEMPATH/CodeIgniter.php(941): App\Controllers\Yacht->yachtRecordEditnew()
 3 SYSTEMPATH/CodeIgniter.php(502): CodeIgniter\CodeIgniter->runController()
 4 SYSTEMPATH/CodeIgniter.php(361): CodeIgniter\CodeIgniter->handleRequest()
 5 FCPATH/index.php(79): CodeIgniter\CodeIgniter->run()
CRITICAL - 2024-07-26 14:02:20 --> ErrorException: Trying to access array offset on value of type null
in APPPATH/Controllers/Yacht.php on line 71.
 1 APPPATH/Controllers/Yacht.php(71): CodeIgniter\Debug\Exceptions->errorHandler()
 2 SYSTEMPATH/CodeIgniter.php(941): App\Controllers\Yacht->yachtRecordEditnew()
 3 SYSTEMPATH/CodeIgniter.php(502): CodeIgniter\CodeIgniter->runController()
 4 SYSTEMPATH/CodeIgniter.php(361): CodeIgniter\CodeIgniter->handleRequest()
 5 FCPATH/index.php(79): CodeIgniter\CodeIgniter->run()
CRITICAL - 2024-07-26 14:02:29 --> ErrorException: Trying to access array offset on value of type null
in APPPATH/Controllers/Yacht.php on line 71.
 1 APPPATH/Controllers/Yacht.php(71): CodeIgniter\Debug\Exceptions->errorHandler()
 2 SYSTEMPATH/CodeIgniter.php(941): App\Controllers\Yacht->yachtRecordEditnew()
 3 SYSTEMPATH/CodeIgniter.php(502): CodeIgniter\CodeIgniter->runController()
 4 SYSTEMPATH/CodeIgniter.php(361): CodeIgniter\CodeIgniter->handleRequest()
 5 FCPATH/index.php(79): CodeIgniter\CodeIgniter->run()
CRITICAL - 2024-07-26 14:02:59 --> ErrorException: Trying to access array offset on value of type null
in APPPATH/Controllers/Yacht.php on line 71.
 1 APPPATH/Controllers/Yacht.php(71): CodeIgniter\Debug\Exceptions->errorHandler()
 2 SYSTEMPATH/CodeIgniter.php(941): App\Controllers\Yacht->yachtRecordEditnew()
 3 SYSTEMPATH/CodeIgniter.php(502): CodeIgniter\CodeIgniter->runController()
 4 SYSTEMPATH/CodeIgniter.php(361): CodeIgniter\CodeIgniter->handleRequest()
 5 FCPATH/index.php(79): CodeIgniter\CodeIgniter->run()
CRITICAL - 2024-07-26 14:03:03 --> ErrorException: Trying to access array offset on value of type null
in APPPATH/Controllers/Yacht.php on line 71.
 1 APPPATH/Controllers/Yacht.php(71): CodeIgniter\Debug\Exceptions->errorHandler()
 2 SYSTEMPATH/CodeIgniter.php(941): App\Controllers\Yacht->yachtRecordEditnew()
 3 SYSTEMPATH/CodeIgniter.php(502): CodeIgniter\CodeIgniter->runController()
 4 SYSTEMPATH/CodeIgniter.php(361): CodeIgniter\CodeIgniter->handleRequest()
 5 FCPATH/index.php(79): CodeIgniter\CodeIgniter->run()
CRITICAL - 2024-07-26 14:11:40 --> ErrorException: Trying to access array offset on value of type null
in APPPATH/Controllers/Yacht.php on line 71.
 1 APPPATH/Controllers/Yacht.php(71): CodeIgniter\Debug\Exceptions->errorHandler()
 2 SYSTEMPATH/CodeIgniter.php(941): App\Controllers\Yacht->yachtRecordEditnew()
 3 SYSTEMPATH/CodeIgniter.php(502): CodeIgniter\CodeIgniter->runController()
 4 SYSTEMPATH/CodeIgniter.php(361): CodeIgniter\CodeIgniter->handleRequest()
 5 FCPATH/index.php(79): CodeIgniter\CodeIgniter->run()
CRITICAL - 2024-07-26 16:26:00 --> ErrorException: Trying to access array offset on value of type null
in APPPATH/Views/yachtProject/us/booking-page.php on line 101.
 1 APPPATH/Views/yachtProject/us/booking-page.php(101): CodeIgniter\Debug\Exceptions->errorHandler()
 2 SYSTEMPATH/View/View.php(228): include('/home/u679963801/domains/bookmyyacht.us/public_html/app/Views/yachtProject/us/booking-page.php')
 3 SYSTEMPATH/View/View.php(231): CodeIgniter\View\View->CodeIgniter\View\{closure}()
 4 SYSTEMPATH/Common.php(1178): CodeIgniter\View\View->render()
 5 APPPATH/Controllers/Yacht.php(369): view()
 6 SYSTEMPATH/CodeIgniter.php(941): App\Controllers\Yacht->yachtBookingTest()
 7 SYSTEMPATH/CodeIgniter.php(502): CodeIgniter\CodeIgniter->runController()
 8 SYSTEMPATH/CodeIgniter.php(361): CodeIgniter\CodeIgniter->handleRequest()
 9 FCPATH/index.php(79): CodeIgniter\CodeIgniter->run()
CRITICAL - 2024-07-26 22:40:44 --> ErrorException: foreach() argument must be of type array|object, null given
in APPPATH/Controllers/Home.php on line 661.
 1 APPPATH/Controllers/Home.php(661): CodeIgniter\Debug\Exceptions->errorHandler()
 2 SYSTEMPATH/CodeIgniter.php(941): App\Controllers\Home->yachtRecordUpdate()
 3 SYSTEMPATH/CodeIgniter.php(502): CodeIgniter\CodeIgniter->runController()
 4 SYSTEMPATH/CodeIgniter.php(361): CodeIgniter\CodeIgniter->handleRequest()
 5 FCPATH/index.php(79): CodeIgniter\CodeIgniter->run()
CRITICAL - 2024-07-26 22:46:06 --> ErrorException: Trying to access array offset on value of type null
in APPPATH/Views/yachtProject/us/booking-page.php on line 142.
 1 APPPATH/Views/yachtProject/us/booking-page.php(142): CodeIgniter\Debug\Exceptions->errorHandler()
 2 SYSTEMPATH/View/View.php(228): include('/home/u679963801/domains/bookmyyacht.us/public_html/app/Views/yachtProject/us/booking-page.php')
 3 SYSTEMPATH/View/View.php(231): CodeIgniter\View\View->CodeIgniter\View\{closure}()
 4 SYSTEMPATH/Common.php(1178): CodeIgniter\View\View->render()
 5 APPPATH/Controllers/Yacht.php(381): view()
 6 SYSTEMPATH/CodeIgniter.php(941): App\Controllers\Yacht->gotobooking()
 7 SYSTEMPATH/CodeIgniter.php(502): CodeIgniter\CodeIgniter->runController()
 8 SYSTEMPATH/CodeIgniter.php(361): CodeIgniter\CodeIgniter->handleRequest()
 9 FCPATH/index.php(79): CodeIgniter\CodeIgniter->run()
CRITICAL - 2024-07-26 23:08:55 --> ErrorException: Trying to access array offset on value of type null
in APPPATH/Views/yachtProject/us/booking-page.php on line 101.
 1 APPPATH/Views/yachtProject/us/booking-page.php(101): CodeIgniter\Debug\Exceptions->errorHandler()
 2 SYSTEMPATH/View/View.php(228): include('/home/u679963801/domains/bookmyyacht.us/public_html/app/Views/yachtProject/us/booking-page.php')
 3 SYSTEMPATH/View/View.php(231): CodeIgniter\View\View->CodeIgniter\View\{closure}()
 4 SYSTEMPATH/Common.php(1178): CodeIgniter\View\View->render()
 5 APPPATH/Controllers/Yacht.php(369): view()
 6 SYSTEMPATH/CodeIgniter.php(941): App\Controllers\Yacht->yachtBookingTest()
 7 SYSTEMPATH/CodeIgniter.php(502): CodeIgniter\CodeIgniter->runController()
 8 SYSTEMPATH/CodeIgniter.php(361): CodeIgniter\CodeIgniter->handleRequest()
 9 FCPATH/index.php(79): CodeIgniter\CodeIgniter->run()
CRITICAL - 2024-07-26 23:10:52 --> ErrorException: Undefined array key 0
in APPPATH/Controllers/Yacht.php on line 76.
 1 APPPATH/Controllers/Yacht.php(76): CodeIgniter\Debug\Exceptions->errorHandler()
 2 SYSTEMPATH/CodeIgniter.php(941): App\Controllers\Yacht->yachtRecordEditnew()
 3 SYSTEMPATH/CodeIgniter.php(502): CodeIgniter\CodeIgniter->runController()
 4 SYSTEMPATH/CodeIgniter.php(361): CodeIgniter\CodeIgniter->handleRequest()
 5 FCPATH/index.php(79): CodeIgniter\CodeIgniter->run()
CRITICAL - 2024-07-26 23:11:17 --> ErrorException: Undefined array key 0
in APPPATH/Controllers/Yacht.php on line 76.
 1 APPPATH/Controllers/Yacht.php(76): CodeIgniter\Debug\Exceptions->errorHandler()
 2 SYSTEMPATH/CodeIgniter.php(941): App\Controllers\Yacht->yachtRecordEditnew()
 3 SYSTEMPATH/CodeIgniter.php(502): CodeIgniter\CodeIgniter->runController()
 4 SYSTEMPATH/CodeIgniter.php(361): CodeIgniter\CodeIgniter->handleRequest()
 5 FCPATH/index.php(79): CodeIgniter\CodeIgniter->run()
CRITICAL - 2024-07-26 23:11:21 --> ErrorException: Undefined array key 0
in APPPATH/Controllers/Yacht.php on line 76.
 1 APPPATH/Controllers/Yacht.php(76): CodeIgniter\Debug\Exceptions->errorHandler()
 2 SYSTEMPATH/CodeIgniter.php(941): App\Controllers\Yacht->yachtRecordEditnew()
 3 SYSTEMPATH/CodeIgniter.php(502): CodeIgniter\CodeIgniter->runController()
 4 SYSTEMPATH/CodeIgniter.php(361): CodeIgniter\CodeIgniter->handleRequest()
 5 FCPATH/index.php(79): CodeIgniter\CodeIgniter->run()
CRITICAL - 2024-07-26 23:11:29 --> ErrorException: Undefined array key 0
in APPPATH/Controllers/Yacht.php on line 76.
 1 APPPATH/Controllers/Yacht.php(76): CodeIgniter\Debug\Exceptions->errorHandler()
 2 SYSTEMPATH/CodeIgniter.php(941): App\Controllers\Yacht->yachtRecordEditnew()
 3 SYSTEMPATH/CodeIgniter.php(502): CodeIgniter\CodeIgniter->runController()
 4 SYSTEMPATH/CodeIgniter.php(361): CodeIgniter\CodeIgniter->handleRequest()
 5 FCPATH/index.php(79): CodeIgniter\CodeIgniter->run()
CRITICAL - 2024-07-26 23:11:45 --> ErrorException: Undefined array key 0
in APPPATH/Controllers/Yacht.php on line 76.
 1 APPPATH/Controllers/Yacht.php(76): CodeIgniter\Debug\Exceptions->errorHandler()
 2 SYSTEMPATH/CodeIgniter.php(941): App\Controllers\Yacht->yachtRecordEditnew()
 3 SYSTEMPATH/CodeIgniter.php(502): CodeIgniter\CodeIgniter->runController()
 4 SYSTEMPATH/CodeIgniter.php(361): CodeIgniter\CodeIgniter->handleRequest()
 5 FCPATH/index.php(79): CodeIgniter\CodeIgniter->run()
CRITICAL - 2024-07-26 23:20:06 --> ErrorException: Trying to access array offset on value of type null
in APPPATH/Controllers/Yacht.php on line 71.
 1 APPPATH/Controllers/Yacht.php(71): CodeIgniter\Debug\Exceptions->errorHandler()
 2 SYSTEMPATH/CodeIgniter.php(941): App\Controllers\Yacht->yachtRecordEditnew()
 3 SYSTEMPATH/CodeIgniter.php(502): CodeIgniter\CodeIgniter->runController()
 4 SYSTEMPATH/CodeIgniter.php(361): CodeIgniter\CodeIgniter->handleRequest()
 5 FCPATH/index.php(79): CodeIgniter\CodeIgniter->run()
CRITICAL - 2024-07-26 23:20:06 --> ErrorException: Trying to access array offset on value of type null
in APPPATH/Controllers/Yacht.php on line 71.
 1 APPPATH/Controllers/Yacht.php(71): CodeIgniter\Debug\Exceptions->errorHandler()
 2 SYSTEMPATH/CodeIgniter.php(941): App\Controllers\Yacht->yachtRecordEditnew()
 3 SYSTEMPATH/CodeIgniter.php(502): CodeIgniter\CodeIgniter->runController()
 4 SYSTEMPATH/CodeIgniter.php(361): CodeIgniter\CodeIgniter->handleRequest()
 5 FCPATH/index.php(79): CodeIgniter\CodeIgniter->run()
CRITICAL - 2024-07-26 23:20:12 --> ErrorException: Trying to access array offset on value of type null
in APPPATH/Controllers/Yacht.php on line 71.
 1 APPPATH/Controllers/Yacht.php(71): CodeIgniter\Debug\Exceptions->errorHandler()
 2 SYSTEMPATH/CodeIgniter.php(941): App\Controllers\Yacht->yachtRecordEditnew()
 3 SYSTEMPATH/CodeIgniter.php(502): CodeIgniter\CodeIgniter->runController()
 4 SYSTEMPATH/CodeIgniter.php(361): CodeIgniter\CodeIgniter->handleRequest()
 5 FCPATH/index.php(79): CodeIgniter\CodeIgniter->run()
CRITICAL - 2024-07-26 23:38:13 --> ErrorException: Trying to access array offset on value of type null
in APPPATH/Controllers/Yacht.php on line 71.
 1 APPPATH/Controllers/Yacht.php(71): CodeIgniter\Debug\Exceptions->errorHandler()
 2 SYSTEMPATH/CodeIgniter.php(941): App\Controllers\Yacht->yachtRecordEditnew()
 3 SYSTEMPATH/CodeIgniter.php(502): CodeIgniter\CodeIgniter->runController()
 4 SYSTEMPATH/CodeIgniter.php(361): CodeIgniter\CodeIgniter->handleRequest()
 5 FCPATH/index.php(79): CodeIgniter\CodeIgniter->run()
