CRITICAL - 2024-02-27 19:36:55 --> ErrorException: Undefined variable $booking
in APPPATH\Views\booking.php on line 206.
 1 APPPATH\Views\booking.php(206): CodeIgniter\Debug\Exceptions->errorHandler(2, 'Undefined variable $booking', 'C:\\xampp\\htdocs\\ciproject\\app\\Views\\booking.php', 206)
 2 SYSTEMPATH\View\View.php(228): include('C:\\xampp\\htdocs\\ciproject\\app\\Views\\booking.php')
 3 SYSTEMPATH\View\View.php(231): CodeIgniter\View\View->CodeIgniter\View\{closure}()
 4 SYSTEMPATH\Common.php(1178): CodeIgniter\View\View->render('booking', [], true)
 5 APPPATH\Controllers\Home.php(458): view('booking')
 6 SYSTEMPATH\CodeIgniter.php(941): App\Controllers\Home->bookingRecord()
 7 SYSTEMPATH\CodeIgniter.php(502): CodeIgniter\CodeIgniter->runController(Object(App\Controllers\Home))
 8 SYSTEMPATH\CodeIgniter.php(361): CodeIgniter\CodeIgniter->handleRequest(null, Object(Config\Cache), false)
 9 FCPATH\index.php(79): CodeIgniter\CodeIgniter->run()
CRITICAL - 2024-02-27 19:38:18 --> ErrorException: Cannot redeclare App\Controllers\Home::userAllRecord()
in APPPATH\Controllers\Home.php on line 486.
 1 [internal function]: CodeIgniter\Debug\Exceptions->shutdownHandler()
CRITICAL - 2024-02-27 19:38:20 --> ErrorException: Cannot redeclare App\Controllers\Home::userAllRecord()
in APPPATH\Controllers\Home.php on line 486.
 1 [internal function]: CodeIgniter\Debug\Exceptions->shutdownHandler()
CRITICAL - 2024-02-27 19:38:51 --> CodeIgniter\View\Exceptions\ViewException: Invalid file: "booking-records.php"
in SYSTEMPATH\Exceptions\FrameworkException.php on line 39.
 1 SYSTEMPATH\View\View.php(216): CodeIgniter\Exceptions\FrameworkException::forInvalidFile('booking-records.php')
 2 SYSTEMPATH\Common.php(1178): CodeIgniter\View\View->render('booking-records', [], true)
 3 APPPATH\Controllers\Home.php(461): view('booking-records', [...])
 4 SYSTEMPATH\CodeIgniter.php(941): App\Controllers\Home->bookingRecord()
 5 SYSTEMPATH\CodeIgniter.php(502): CodeIgniter\CodeIgniter->runController(Object(App\Controllers\Home))
 6 SYSTEMPATH\CodeIgniter.php(361): CodeIgniter\CodeIgniter->handleRequest(null, Object(Config\Cache), false)
 7 FCPATH\index.php(79): CodeIgniter\CodeIgniter->run()
CRITICAL - 2024-02-27 19:38:51 --> CodeIgniter\View\Exceptions\ViewException: Invalid file: "booking-records.php"
in SYSTEMPATH\Exceptions\FrameworkException.php on line 39.
 1 SYSTEMPATH\View\View.php(216): CodeIgniter\Exceptions\FrameworkException::forInvalidFile('booking-records.php')
 2 SYSTEMPATH\Common.php(1178): CodeIgniter\View\View->render('booking-records', [], true)
 3 APPPATH\Controllers\Home.php(461): view('booking-records', [...])
 4 SYSTEMPATH\CodeIgniter.php(941): App\Controllers\Home->bookingRecord()
 5 SYSTEMPATH\CodeIgniter.php(502): CodeIgniter\CodeIgniter->runController(Object(App\Controllers\Home))
 6 SYSTEMPATH\CodeIgniter.php(361): CodeIgniter\CodeIgniter->handleRequest(null, Object(Config\Cache), false)
 7 FCPATH\index.php(79): CodeIgniter\CodeIgniter->run()
CRITICAL - 2024-02-27 19:38:51 --> CodeIgniter\View\Exceptions\ViewException: Invalid file: "booking-records.php"
in SYSTEMPATH\Exceptions\FrameworkException.php on line 39.
 1 SYSTEMPATH\View\View.php(216): CodeIgniter\Exceptions\FrameworkException::forInvalidFile('booking-records.php')
 2 SYSTEMPATH\Common.php(1178): CodeIgniter\View\View->render('booking-records', [], true)
 3 APPPATH\Controllers\Home.php(461): view('booking-records', [...])
 4 SYSTEMPATH\CodeIgniter.php(941): App\Controllers\Home->bookingRecord()
 5 SYSTEMPATH\CodeIgniter.php(502): CodeIgniter\CodeIgniter->runController(Object(App\Controllers\Home))
 6 SYSTEMPATH\CodeIgniter.php(361): CodeIgniter\CodeIgniter->handleRequest(null, Object(Config\Cache), false)
 7 FCPATH\index.php(79): CodeIgniter\CodeIgniter->run()
CRITICAL - 2024-02-27 19:38:52 --> CodeIgniter\View\Exceptions\ViewException: Invalid file: "booking-records.php"
in SYSTEMPATH\Exceptions\FrameworkException.php on line 39.
 1 SYSTEMPATH\View\View.php(216): CodeIgniter\Exceptions\FrameworkException::forInvalidFile('booking-records.php')
 2 SYSTEMPATH\Common.php(1178): CodeIgniter\View\View->render('booking-records', [], true)
 3 APPPATH\Controllers\Home.php(461): view('booking-records', [...])
 4 SYSTEMPATH\CodeIgniter.php(941): App\Controllers\Home->bookingRecord()
 5 SYSTEMPATH\CodeIgniter.php(502): CodeIgniter\CodeIgniter->runController(Object(App\Controllers\Home))
 6 SYSTEMPATH\CodeIgniter.php(361): CodeIgniter\CodeIgniter->handleRequest(null, Object(Config\Cache), false)
 7 FCPATH\index.php(79): CodeIgniter\CodeIgniter->run()
CRITICAL - 2024-02-27 19:39:03 --> ErrorException: Undefined array key "children"
in APPPATH\Views\booking.php on line 223.
 1 APPPATH\Views\booking.php(223): CodeIgniter\Debug\Exceptions->errorHandler(2, 'Undefined array key "children"', 'C:\\xampp\\htdocs\\ciproject\\app\\Views\\booking.php', 223)
 2 SYSTEMPATH\View\View.php(228): include('C:\\xampp\\htdocs\\ciproject\\app\\Views\\booking.php')
 3 SYSTEMPATH\View\View.php(231): CodeIgniter\View\View->CodeIgniter\View\{closure}()
 4 SYSTEMPATH\Common.php(1178): CodeIgniter\View\View->render('booking', [], true)
 5 APPPATH\Controllers\Home.php(461): view('booking', [...])
 6 SYSTEMPATH\CodeIgniter.php(941): App\Controllers\Home->bookingRecord()
 7 SYSTEMPATH\CodeIgniter.php(502): CodeIgniter\CodeIgniter->runController(Object(App\Controllers\Home))
 8 SYSTEMPATH\CodeIgniter.php(361): CodeIgniter\CodeIgniter->handleRequest(null, Object(Config\Cache), false)
 9 FCPATH\index.php(79): CodeIgniter\CodeIgniter->run()
CRITICAL - 2024-02-27 19:39:04 --> ErrorException: Undefined array key "children"
in APPPATH\Views\booking.php on line 223.
 1 APPPATH\Views\booking.php(223): CodeIgniter\Debug\Exceptions->errorHandler(2, 'Undefined array key "children"', 'C:\\xampp\\htdocs\\ciproject\\app\\Views\\booking.php', 223)
 2 SYSTEMPATH\View\View.php(228): include('C:\\xampp\\htdocs\\ciproject\\app\\Views\\booking.php')
 3 SYSTEMPATH\View\View.php(231): CodeIgniter\View\View->CodeIgniter\View\{closure}()
 4 SYSTEMPATH\Common.php(1178): CodeIgniter\View\View->render('booking', [], true)
 5 APPPATH\Controllers\Home.php(461): view('booking', [...])
 6 SYSTEMPATH\CodeIgniter.php(941): App\Controllers\Home->bookingRecord()
 7 SYSTEMPATH\CodeIgniter.php(502): CodeIgniter\CodeIgniter->runController(Object(App\Controllers\Home))
 8 SYSTEMPATH\CodeIgniter.php(361): CodeIgniter\CodeIgniter->handleRequest(null, Object(Config\Cache), false)
 9 FCPATH\index.php(79): CodeIgniter\CodeIgniter->run()
CRITICAL - 2024-02-27 19:39:04 --> ErrorException: Undefined array key "children"
in APPPATH\Views\booking.php on line 223.
 1 APPPATH\Views\booking.php(223): CodeIgniter\Debug\Exceptions->errorHandler(2, 'Undefined array key "children"', 'C:\\xampp\\htdocs\\ciproject\\app\\Views\\booking.php', 223)
 2 SYSTEMPATH\View\View.php(228): include('C:\\xampp\\htdocs\\ciproject\\app\\Views\\booking.php')
 3 SYSTEMPATH\View\View.php(231): CodeIgniter\View\View->CodeIgniter\View\{closure}()
 4 SYSTEMPATH\Common.php(1178): CodeIgniter\View\View->render('booking', [], true)
 5 APPPATH\Controllers\Home.php(461): view('booking', [...])
 6 SYSTEMPATH\CodeIgniter.php(941): App\Controllers\Home->bookingRecord()
 7 SYSTEMPATH\CodeIgniter.php(502): CodeIgniter\CodeIgniter->runController(Object(App\Controllers\Home))
 8 SYSTEMPATH\CodeIgniter.php(361): CodeIgniter\CodeIgniter->handleRequest(null, Object(Config\Cache), false)
 9 FCPATH\index.php(79): CodeIgniter\CodeIgniter->run()
CRITICAL - 2024-02-27 19:46:32 --> ErrorException: Undefined array key "childrent"
in APPPATH\Views\booking.php on line 223.
 1 APPPATH\Views\booking.php(223): CodeIgniter\Debug\Exceptions->errorHandler(2, 'Undefined array key "childrent"', 'C:\\xampp\\htdocs\\ciproject\\app\\Views\\booking.php', 223)
 2 SYSTEMPATH\View\View.php(228): include('C:\\xampp\\htdocs\\ciproject\\app\\Views\\booking.php')
 3 SYSTEMPATH\View\View.php(231): CodeIgniter\View\View->CodeIgniter\View\{closure}()
 4 SYSTEMPATH\Common.php(1178): CodeIgniter\View\View->render('booking', [], true)
 5 APPPATH\Controllers\Home.php(461): view('booking', [...])
 6 SYSTEMPATH\CodeIgniter.php(941): App\Controllers\Home->bookingRecord()
 7 SYSTEMPATH\CodeIgniter.php(502): CodeIgniter\CodeIgniter->runController(Object(App\Controllers\Home))
 8 SYSTEMPATH\CodeIgniter.php(361): CodeIgniter\CodeIgniter->handleRequest(null, Object(Config\Cache), false)
 9 FCPATH\index.php(79): CodeIgniter\CodeIgniter->run()
CRITICAL - 2024-02-27 19:46:32 --> ErrorException: Undefined array key "childrent"
in APPPATH\Views\booking.php on line 223.
 1 APPPATH\Views\booking.php(223): CodeIgniter\Debug\Exceptions->errorHandler(2, 'Undefined array key "childrent"', 'C:\\xampp\\htdocs\\ciproject\\app\\Views\\booking.php', 223)
 2 SYSTEMPATH\View\View.php(228): include('C:\\xampp\\htdocs\\ciproject\\app\\Views\\booking.php')
 3 SYSTEMPATH\View\View.php(231): CodeIgniter\View\View->CodeIgniter\View\{closure}()
 4 SYSTEMPATH\Common.php(1178): CodeIgniter\View\View->render('booking', [], true)
 5 APPPATH\Controllers\Home.php(461): view('booking', [...])
 6 SYSTEMPATH\CodeIgniter.php(941): App\Controllers\Home->bookingRecord()
 7 SYSTEMPATH\CodeIgniter.php(502): CodeIgniter\CodeIgniter->runController(Object(App\Controllers\Home))
 8 SYSTEMPATH\CodeIgniter.php(361): CodeIgniter\CodeIgniter->handleRequest(null, Object(Config\Cache), false)
 9 FCPATH\index.php(79): CodeIgniter\CodeIgniter->run()
ERROR - 2024-02-27 20:04:30 --> mysqli_sql_exception: Column 'children' cannot be null in C:\xampp\htdocs\ciproject\system\Database\MySQLi\Connection.php:306
Stack trace:
#0 C:\xampp\htdocs\ciproject\system\Database\MySQLi\Connection.php(306): mysqli->query('INSERT INTO `bo...', 0)
#1 C:\xampp\htdocs\ciproject\system\Database\BaseConnection.php(693): CodeIgniter\Database\MySQLi\Connection->execute('INSERT INTO `bo...')
#2 C:\xampp\htdocs\ciproject\system\Database\BaseConnection.php(607): CodeIgniter\Database\BaseConnection->simpleQuery('INSERT INTO `bo...')
#3 C:\xampp\htdocs\ciproject\system\Database\BaseBuilder.php(2307): CodeIgniter\Database\BaseConnection->query('INSERT INTO `bo...', Array, false)
#4 C:\xampp\htdocs\ciproject\system\Model.php(326): CodeIgniter\Database\BaseBuilder->insert()
#5 C:\xampp\htdocs\ciproject\system\BaseModel.php(802): CodeIgniter\Model->doInsert(Array)
#6 C:\xampp\htdocs\ciproject\system\Model.php(744): CodeIgniter\BaseModel->insert(Array, true)
#7 C:\xampp\htdocs\ciproject\app\Controllers\Home.php(482): CodeIgniter\Model->insert(Array)
#8 C:\xampp\htdocs\ciproject\system\CodeIgniter.php(941): App\Controllers\Home->BookingForm()
#9 C:\xampp\htdocs\ciproject\system\CodeIgniter.php(502): CodeIgniter\CodeIgniter->runController(Object(App\Controllers\Home))
#10 C:\xampp\htdocs\ciproject\system\CodeIgniter.php(361): CodeIgniter\CodeIgniter->handleRequest(NULL, Object(Config\Cache), false)
#11 C:\xampp\htdocs\ciproject\index.php(79): CodeIgniter\CodeIgniter->run()
#12 {main}
CRITICAL - 2024-02-27 20:04:30 --> CodeIgniter\Database\Exceptions\DatabaseException: Column 'children' cannot be null
in SYSTEMPATH\Database\BaseConnection.php on line 647.
 1 SYSTEMPATH\Database\BaseBuilder.php(2307): CodeIgniter\Database\BaseConnection->query('INSERT INTO `booking` (`yacht_name`, `customer_name`, `phone`, `alt_phone`, `address`, `email`, `payment_method`, `adult`, `children`) VALUES (:yacht_name:, :customer_name:, :phone:, :alt_phone:, :address:, :email:, :payment_method:, :adult:, :children:)', [...], false)
 2 SYSTEMPATH\Model.php(326): CodeIgniter\Database\BaseBuilder->insert()
 3 SYSTEMPATH\BaseModel.php(802): CodeIgniter\Model->doInsert([...])
 4 SYSTEMPATH\Model.php(744): CodeIgniter\BaseModel->insert([...], true)
 5 APPPATH\Controllers\Home.php(482): CodeIgniter\Model->insert([...])
 6 SYSTEMPATH\CodeIgniter.php(941): App\Controllers\Home->BookingForm()
 7 SYSTEMPATH\CodeIgniter.php(502): CodeIgniter\CodeIgniter->runController(Object(App\Controllers\Home))
 8 SYSTEMPATH\CodeIgniter.php(361): CodeIgniter\CodeIgniter->handleRequest(null, Object(Config\Cache), false)
 9 FCPATH\index.php(79): CodeIgniter\CodeIgniter->run()
CRITICAL - 2024-02-27 20:04:30 --> [Caused by] CodeIgniter\Database\Exceptions\DatabaseException: Column 'children' cannot be null
in SYSTEMPATH\Database\MySQLi\Connection.php on line 311.
 1 SYSTEMPATH\Database\BaseConnection.php(693): CodeIgniter\Database\MySQLi\Connection->execute('INSERT INTO `booking` (`yacht_name`, `customer_name`, `phone`, `alt_phone`, `address`, `email`, `payment_method`, `adult`, `children`) VALUES (\'Wanderlust\', \'alisa\', \'96857485\', \'8574859685\', \'Dubai\', \'alisa@gmail.com\', \'phone pay\', \'4\', NULL)')
 2 SYSTEMPATH\Database\BaseConnection.php(607): CodeIgniter\Database\BaseConnection->simpleQuery('INSERT INTO `booking` (`yacht_name`, `customer_name`, `phone`, `alt_phone`, `address`, `email`, `payment_method`, `adult`, `children`) VALUES (\'Wanderlust\', \'alisa\', \'96857485\', \'8574859685\', \'Dubai\', \'alisa@gmail.com\', \'phone pay\', \'4\', NULL)')
 3 SYSTEMPATH\Database\BaseBuilder.php(2307): CodeIgniter\Database\BaseConnection->query('INSERT INTO `booking` (`yacht_name`, `customer_name`, `phone`, `alt_phone`, `address`, `email`, `payment_method`, `adult`, `children`) VALUES (:yacht_name:, :customer_name:, :phone:, :alt_phone:, :address:, :email:, :payment_method:, :adult:, :children:)', [...], false)
 4 SYSTEMPATH\Model.php(326): CodeIgniter\Database\BaseBuilder->insert()
 5 SYSTEMPATH\BaseModel.php(802): CodeIgniter\Model->doInsert([...])
 6 SYSTEMPATH\Model.php(744): CodeIgniter\BaseModel->insert([...], true)
 7 APPPATH\Controllers\Home.php(482): CodeIgniter\Model->insert([...])
 8 SYSTEMPATH\CodeIgniter.php(941): App\Controllers\Home->BookingForm()
 9 SYSTEMPATH\CodeIgniter.php(502): CodeIgniter\CodeIgniter->runController(Object(App\Controllers\Home))
10 SYSTEMPATH\CodeIgniter.php(361): CodeIgniter\CodeIgniter->handleRequest(null, Object(Config\Cache), false)
11 FCPATH\index.php(79): CodeIgniter\CodeIgniter->run()
CRITICAL - 2024-02-27 20:04:30 --> [Caused by] mysqli_sql_exception: Column 'children' cannot be null
in SYSTEMPATH\Database\MySQLi\Connection.php on line 306.
 1 SYSTEMPATH\Database\MySQLi\Connection.php(306): mysqli->query('INSERT INTO `booking` (`yacht_name`, `customer_name`, `phone`, `alt_phone`, `address`, `email`, `payment_method`, `adult`, `children`) VALUES (\'Wanderlust\', \'alisa\', \'96857485\', \'8574859685\', \'Dubai\', \'alisa@gmail.com\', \'phone pay\', \'4\', NULL)', 0)
 2 SYSTEMPATH\Database\BaseConnection.php(693): CodeIgniter\Database\MySQLi\Connection->execute('INSERT INTO `booking` (`yacht_name`, `customer_name`, `phone`, `alt_phone`, `address`, `email`, `payment_method`, `adult`, `children`) VALUES (\'Wanderlust\', \'alisa\', \'96857485\', \'8574859685\', \'Dubai\', \'alisa@gmail.com\', \'phone pay\', \'4\', NULL)')
 3 SYSTEMPATH\Database\BaseConnection.php(607): CodeIgniter\Database\BaseConnection->simpleQuery('INSERT INTO `booking` (`yacht_name`, `customer_name`, `phone`, `alt_phone`, `address`, `email`, `payment_method`, `adult`, `children`) VALUES (\'Wanderlust\', \'alisa\', \'96857485\', \'8574859685\', \'Dubai\', \'alisa@gmail.com\', \'phone pay\', \'4\', NULL)')
 4 SYSTEMPATH\Database\BaseBuilder.php(2307): CodeIgniter\Database\BaseConnection->query('INSERT INTO `booking` (`yacht_name`, `customer_name`, `phone`, `alt_phone`, `address`, `email`, `payment_method`, `adult`, `children`) VALUES (:yacht_name:, :customer_name:, :phone:, :alt_phone:, :address:, :email:, :payment_method:, :adult:, :children:)', [...], false)
 5 SYSTEMPATH\Model.php(326): CodeIgniter\Database\BaseBuilder->insert()
 6 SYSTEMPATH\BaseModel.php(802): CodeIgniter\Model->doInsert([...])
 7 SYSTEMPATH\Model.php(744): CodeIgniter\BaseModel->insert([...], true)
 8 APPPATH\Controllers\Home.php(482): CodeIgniter\Model->insert([...])
 9 SYSTEMPATH\CodeIgniter.php(941): App\Controllers\Home->BookingForm()
10 SYSTEMPATH\CodeIgniter.php(502): CodeIgniter\CodeIgniter->runController(Object(App\Controllers\Home))
11 SYSTEMPATH\CodeIgniter.php(361): CodeIgniter\CodeIgniter->handleRequest(null, Object(Config\Cache), false)
12 FCPATH\index.php(79): CodeIgniter\CodeIgniter->run()
CRITICAL - 2024-02-27 20:13:24 --> ErrorException: Undefined variable $booking
in APPPATH\Views\booking-edit.php on line 206.
 1 APPPATH\Views\booking-edit.php(206): CodeIgniter\Debug\Exceptions->errorHandler(2, 'Undefined variable $booking', 'C:\\xampp\\htdocs\\ciproject\\app\\Views\\booking-edit.php', 206)
 2 SYSTEMPATH\View\View.php(228): include('C:\\xampp\\htdocs\\ciproject\\app\\Views\\booking-edit.php')
 3 SYSTEMPATH\View\View.php(231): CodeIgniter\View\View->CodeIgniter\View\{closure}()
 4 SYSTEMPATH\Common.php(1178): CodeIgniter\View\View->render('booking-edit', [], true)
 5 APPPATH\Controllers\Home.php(493): view('booking-edit')
 6 SYSTEMPATH\CodeIgniter.php(941): App\Controllers\Home->bookingEdit()
 7 SYSTEMPATH\CodeIgniter.php(502): CodeIgniter\CodeIgniter->runController(Object(App\Controllers\Home))
 8 SYSTEMPATH\CodeIgniter.php(361): CodeIgniter\CodeIgniter->handleRequest(null, Object(Config\Cache), false)
 9 FCPATH\index.php(79): CodeIgniter\CodeIgniter->run()
CRITICAL - 2024-02-27 20:24:26 --> ErrorException: Undefined variable $users
in APPPATH\Views\booking-edit.php on line 76.
 1 APPPATH\Views\booking-edit.php(76): CodeIgniter\Debug\Exceptions->errorHandler(2, 'Undefined variable $users', 'C:\\xampp\\htdocs\\ciproject\\app\\Views\\booking-edit.php', 76)
 2 SYSTEMPATH\View\View.php(228): include('C:\\xampp\\htdocs\\ciproject\\app\\Views\\booking-edit.php')
 3 SYSTEMPATH\View\View.php(231): CodeIgniter\View\View->CodeIgniter\View\{closure}()
 4 SYSTEMPATH\Common.php(1178): CodeIgniter\View\View->render('booking-edit', [], true)
 5 APPPATH\Controllers\Home.php(493): view('booking-edit')
 6 SYSTEMPATH\CodeIgniter.php(941): App\Controllers\Home->bookingEdit()
 7 SYSTEMPATH\CodeIgniter.php(502): CodeIgniter\CodeIgniter->runController(Object(App\Controllers\Home))
 8 SYSTEMPATH\CodeIgniter.php(361): CodeIgniter\CodeIgniter->handleRequest(null, Object(Config\Cache), false)
 9 FCPATH\index.php(79): CodeIgniter\CodeIgniter->run()
CRITICAL - 2024-02-27 20:27:53 --> ArgumentCountError: Too few arguments to function App\Controllers\Home::bookingEdit(), 0 passed in C:\xampp\htdocs\ciproject\system\CodeIgniter.php on line 941 and exactly 1 expected
in APPPATH\Controllers\Home.php on line 492.
 1 SYSTEMPATH\CodeIgniter.php(941): App\Controllers\Home->bookingEdit()
 2 SYSTEMPATH\CodeIgniter.php(502): CodeIgniter\CodeIgniter->runController(Object(App\Controllers\Home))
 3 SYSTEMPATH\CodeIgniter.php(361): CodeIgniter\CodeIgniter->handleRequest(null, Object(Config\Cache), false)
 4 FCPATH\index.php(79): CodeIgniter\CodeIgniter->run()
CRITICAL - 2024-02-27 20:32:41 --> ErrorException: Undefined variable $booking
in APPPATH\Views\booking-edit.php on line 85.
 1 APPPATH\Views\booking-edit.php(85): CodeIgniter\Debug\Exceptions->errorHandler(2, 'Undefined variable $booking', 'C:\\xampp\\htdocs\\ciproject\\app\\Views\\booking-edit.php', 85)
 2 SYSTEMPATH\View\View.php(228): include('C:\\xampp\\htdocs\\ciproject\\app\\Views\\booking-edit.php')
 3 SYSTEMPATH\View\View.php(231): CodeIgniter\View\View->CodeIgniter\View\{closure}()
 4 SYSTEMPATH\Common.php(1178): CodeIgniter\View\View->render('booking-edit', [], true)
 5 APPPATH\Controllers\Home.php(496): view('booking-edit')
 6 SYSTEMPATH\CodeIgniter.php(941): App\Controllers\Home->bookingEdit('2')
 7 SYSTEMPATH\CodeIgniter.php(502): CodeIgniter\CodeIgniter->runController(Object(App\Controllers\Home))
 8 SYSTEMPATH\CodeIgniter.php(361): CodeIgniter\CodeIgniter->handleRequest(null, Object(Config\Cache), false)
 9 FCPATH\index.php(79): CodeIgniter\CodeIgniter->run()
CRITICAL - 2024-02-27 20:33:26 --> ErrorException: Undefined variable $record
in APPPATH\Views\booking-edit.php on line 85.
 1 APPPATH\Views\booking-edit.php(85): CodeIgniter\Debug\Exceptions->errorHandler(2, 'Undefined variable $record', 'C:\\xampp\\htdocs\\ciproject\\app\\Views\\booking-edit.php', 85)
 2 SYSTEMPATH\View\View.php(228): include('C:\\xampp\\htdocs\\ciproject\\app\\Views\\booking-edit.php')
 3 SYSTEMPATH\View\View.php(231): CodeIgniter\View\View->CodeIgniter\View\{closure}()
 4 SYSTEMPATH\Common.php(1178): CodeIgniter\View\View->render('booking-edit', [], true)
 5 APPPATH\Controllers\Home.php(496): view('booking-edit')
 6 SYSTEMPATH\CodeIgniter.php(941): App\Controllers\Home->bookingEdit('2')
 7 SYSTEMPATH\CodeIgniter.php(502): CodeIgniter\CodeIgniter->runController(Object(App\Controllers\Home))
 8 SYSTEMPATH\CodeIgniter.php(361): CodeIgniter\CodeIgniter->handleRequest(null, Object(Config\Cache), false)
 9 FCPATH\index.php(79): CodeIgniter\CodeIgniter->run()
CRITICAL - 2024-02-27 20:36:18 --> ErrorException: Undefined variable $users
in APPPATH\Views\booking-edit.php on line 85.
 1 APPPATH\Views\booking-edit.php(85): CodeIgniter\Debug\Exceptions->errorHandler(2, 'Undefined variable $users', 'C:\\xampp\\htdocs\\ciproject\\app\\Views\\booking-edit.php', 85)
 2 SYSTEMPATH\View\View.php(228): include('C:\\xampp\\htdocs\\ciproject\\app\\Views\\booking-edit.php')
 3 SYSTEMPATH\View\View.php(231): CodeIgniter\View\View->CodeIgniter\View\{closure}()
 4 SYSTEMPATH\Common.php(1178): CodeIgniter\View\View->render('booking-edit', [], true)
 5 APPPATH\Controllers\Home.php(496): view('booking-edit')
 6 SYSTEMPATH\CodeIgniter.php(941): App\Controllers\Home->bookingEdit('2')
 7 SYSTEMPATH\CodeIgniter.php(502): CodeIgniter\CodeIgniter->runController(Object(App\Controllers\Home))
 8 SYSTEMPATH\CodeIgniter.php(361): CodeIgniter\CodeIgniter->handleRequest(null, Object(Config\Cache), false)
 9 FCPATH\index.php(79): CodeIgniter\CodeIgniter->run()
CRITICAL - 2024-02-27 20:36:18 --> ErrorException: Undefined variable $users
in APPPATH\Views\booking-edit.php on line 85.
 1 APPPATH\Views\booking-edit.php(85): CodeIgniter\Debug\Exceptions->errorHandler(2, 'Undefined variable $users', 'C:\\xampp\\htdocs\\ciproject\\app\\Views\\booking-edit.php', 85)
 2 SYSTEMPATH\View\View.php(228): include('C:\\xampp\\htdocs\\ciproject\\app\\Views\\booking-edit.php')
 3 SYSTEMPATH\View\View.php(231): CodeIgniter\View\View->CodeIgniter\View\{closure}()
 4 SYSTEMPATH\Common.php(1178): CodeIgniter\View\View->render('booking-edit', [], true)
 5 APPPATH\Controllers\Home.php(496): view('booking-edit')
 6 SYSTEMPATH\CodeIgniter.php(941): App\Controllers\Home->bookingEdit('2')
 7 SYSTEMPATH\CodeIgniter.php(502): CodeIgniter\CodeIgniter->runController(Object(App\Controllers\Home))
 8 SYSTEMPATH\CodeIgniter.php(361): CodeIgniter\CodeIgniter->handleRequest(null, Object(Config\Cache), false)
 9 FCPATH\index.php(79): CodeIgniter\CodeIgniter->run()
CRITICAL - 2024-02-27 20:36:19 --> ErrorException: Undefined variable $users
in APPPATH\Views\booking-edit.php on line 85.
 1 APPPATH\Views\booking-edit.php(85): CodeIgniter\Debug\Exceptions->errorHandler(2, 'Undefined variable $users', 'C:\\xampp\\htdocs\\ciproject\\app\\Views\\booking-edit.php', 85)
 2 SYSTEMPATH\View\View.php(228): include('C:\\xampp\\htdocs\\ciproject\\app\\Views\\booking-edit.php')
 3 SYSTEMPATH\View\View.php(231): CodeIgniter\View\View->CodeIgniter\View\{closure}()
 4 SYSTEMPATH\Common.php(1178): CodeIgniter\View\View->render('booking-edit', [], true)
 5 APPPATH\Controllers\Home.php(496): view('booking-edit')
 6 SYSTEMPATH\CodeIgniter.php(941): App\Controllers\Home->bookingEdit('2')
 7 SYSTEMPATH\CodeIgniter.php(502): CodeIgniter\CodeIgniter->runController(Object(App\Controllers\Home))
 8 SYSTEMPATH\CodeIgniter.php(361): CodeIgniter\CodeIgniter->handleRequest(null, Object(Config\Cache), false)
 9 FCPATH\index.php(79): CodeIgniter\CodeIgniter->run()
CRITICAL - 2024-02-27 20:36:19 --> ErrorException: Undefined variable $users
in APPPATH\Views\booking-edit.php on line 85.
 1 APPPATH\Views\booking-edit.php(85): CodeIgniter\Debug\Exceptions->errorHandler(2, 'Undefined variable $users', 'C:\\xampp\\htdocs\\ciproject\\app\\Views\\booking-edit.php', 85)
 2 SYSTEMPATH\View\View.php(228): include('C:\\xampp\\htdocs\\ciproject\\app\\Views\\booking-edit.php')
 3 SYSTEMPATH\View\View.php(231): CodeIgniter\View\View->CodeIgniter\View\{closure}()
 4 SYSTEMPATH\Common.php(1178): CodeIgniter\View\View->render('booking-edit', [], true)
 5 APPPATH\Controllers\Home.php(496): view('booking-edit')
 6 SYSTEMPATH\CodeIgniter.php(941): App\Controllers\Home->bookingEdit('2')
 7 SYSTEMPATH\CodeIgniter.php(502): CodeIgniter\CodeIgniter->runController(Object(App\Controllers\Home))
 8 SYSTEMPATH\CodeIgniter.php(361): CodeIgniter\CodeIgniter->handleRequest(null, Object(Config\Cache), false)
 9 FCPATH\index.php(79): CodeIgniter\CodeIgniter->run()
CRITICAL - 2024-02-27 20:36:20 --> ErrorException: Undefined variable $users
in APPPATH\Views\booking-edit.php on line 85.
 1 APPPATH\Views\booking-edit.php(85): CodeIgniter\Debug\Exceptions->errorHandler(2, 'Undefined variable $users', 'C:\\xampp\\htdocs\\ciproject\\app\\Views\\booking-edit.php', 85)
 2 SYSTEMPATH\View\View.php(228): include('C:\\xampp\\htdocs\\ciproject\\app\\Views\\booking-edit.php')
 3 SYSTEMPATH\View\View.php(231): CodeIgniter\View\View->CodeIgniter\View\{closure}()
 4 SYSTEMPATH\Common.php(1178): CodeIgniter\View\View->render('booking-edit', [], true)
 5 APPPATH\Controllers\Home.php(496): view('booking-edit')
 6 SYSTEMPATH\CodeIgniter.php(941): App\Controllers\Home->bookingEdit('2')
 7 SYSTEMPATH\CodeIgniter.php(502): CodeIgniter\CodeIgniter->runController(Object(App\Controllers\Home))
 8 SYSTEMPATH\CodeIgniter.php(361): CodeIgniter\CodeIgniter->handleRequest(null, Object(Config\Cache), false)
 9 FCPATH\index.php(79): CodeIgniter\CodeIgniter->run()
CRITICAL - 2024-02-27 20:36:20 --> ErrorException: Undefined variable $users
in APPPATH\Views\booking-edit.php on line 85.
 1 APPPATH\Views\booking-edit.php(85): CodeIgniter\Debug\Exceptions->errorHandler(2, 'Undefined variable $users', 'C:\\xampp\\htdocs\\ciproject\\app\\Views\\booking-edit.php', 85)
 2 SYSTEMPATH\View\View.php(228): include('C:\\xampp\\htdocs\\ciproject\\app\\Views\\booking-edit.php')
 3 SYSTEMPATH\View\View.php(231): CodeIgniter\View\View->CodeIgniter\View\{closure}()
 4 SYSTEMPATH\Common.php(1178): CodeIgniter\View\View->render('booking-edit', [], true)
 5 APPPATH\Controllers\Home.php(496): view('booking-edit')
 6 SYSTEMPATH\CodeIgniter.php(941): App\Controllers\Home->bookingEdit('2')
 7 SYSTEMPATH\CodeIgniter.php(502): CodeIgniter\CodeIgniter->runController(Object(App\Controllers\Home))
 8 SYSTEMPATH\CodeIgniter.php(361): CodeIgniter\CodeIgniter->handleRequest(null, Object(Config\Cache), false)
 9 FCPATH\index.php(79): CodeIgniter\CodeIgniter->run()
CRITICAL - 2024-02-27 20:36:41 --> ErrorException: Undefined variable $booking
in APPPATH\Views\booking-edit.php on line 85.
 1 APPPATH\Views\booking-edit.php(85): CodeIgniter\Debug\Exceptions->errorHandler(2, 'Undefined variable $booking', 'C:\\xampp\\htdocs\\ciproject\\app\\Views\\booking-edit.php', 85)
 2 SYSTEMPATH\View\View.php(228): include('C:\\xampp\\htdocs\\ciproject\\app\\Views\\booking-edit.php')
 3 SYSTEMPATH\View\View.php(231): CodeIgniter\View\View->CodeIgniter\View\{closure}()
 4 SYSTEMPATH\Common.php(1178): CodeIgniter\View\View->render('booking-edit', [], true)
 5 APPPATH\Controllers\Home.php(496): view('booking-edit')
 6 SYSTEMPATH\CodeIgniter.php(941): App\Controllers\Home->bookingEdit('2')
 7 SYSTEMPATH\CodeIgniter.php(502): CodeIgniter\CodeIgniter->runController(Object(App\Controllers\Home))
 8 SYSTEMPATH\CodeIgniter.php(361): CodeIgniter\CodeIgniter->handleRequest(null, Object(Config\Cache), false)
 9 FCPATH\index.php(79): CodeIgniter\CodeIgniter->run()
CRITICAL - 2024-02-27 20:36:41 --> ErrorException: Undefined variable $booking
in APPPATH\Views\booking-edit.php on line 85.
 1 APPPATH\Views\booking-edit.php(85): CodeIgniter\Debug\Exceptions->errorHandler(2, 'Undefined variable $booking', 'C:\\xampp\\htdocs\\ciproject\\app\\Views\\booking-edit.php', 85)
 2 SYSTEMPATH\View\View.php(228): include('C:\\xampp\\htdocs\\ciproject\\app\\Views\\booking-edit.php')
 3 SYSTEMPATH\View\View.php(231): CodeIgniter\View\View->CodeIgniter\View\{closure}()
 4 SYSTEMPATH\Common.php(1178): CodeIgniter\View\View->render('booking-edit', [], true)
 5 APPPATH\Controllers\Home.php(496): view('booking-edit')
 6 SYSTEMPATH\CodeIgniter.php(941): App\Controllers\Home->bookingEdit('2')
 7 SYSTEMPATH\CodeIgniter.php(502): CodeIgniter\CodeIgniter->runController(Object(App\Controllers\Home))
 8 SYSTEMPATH\CodeIgniter.php(361): CodeIgniter\CodeIgniter->handleRequest(null, Object(Config\Cache), false)
 9 FCPATH\index.php(79): CodeIgniter\CodeIgniter->run()
CRITICAL - 2024-02-27 20:36:42 --> ErrorException: Undefined variable $booking
in APPPATH\Views\booking-edit.php on line 85.
 1 APPPATH\Views\booking-edit.php(85): CodeIgniter\Debug\Exceptions->errorHandler(2, 'Undefined variable $booking', 'C:\\xampp\\htdocs\\ciproject\\app\\Views\\booking-edit.php', 85)
 2 SYSTEMPATH\View\View.php(228): include('C:\\xampp\\htdocs\\ciproject\\app\\Views\\booking-edit.php')
 3 SYSTEMPATH\View\View.php(231): CodeIgniter\View\View->CodeIgniter\View\{closure}()
 4 SYSTEMPATH\Common.php(1178): CodeIgniter\View\View->render('booking-edit', [], true)
 5 APPPATH\Controllers\Home.php(496): view('booking-edit')
 6 SYSTEMPATH\CodeIgniter.php(941): App\Controllers\Home->bookingEdit('2')
 7 SYSTEMPATH\CodeIgniter.php(502): CodeIgniter\CodeIgniter->runController(Object(App\Controllers\Home))
 8 SYSTEMPATH\CodeIgniter.php(361): CodeIgniter\CodeIgniter->handleRequest(null, Object(Config\Cache), false)
 9 FCPATH\index.php(79): CodeIgniter\CodeIgniter->run()
CRITICAL - 2024-02-27 20:36:42 --> ErrorException: Undefined variable $booking
in APPPATH\Views\booking-edit.php on line 85.
 1 APPPATH\Views\booking-edit.php(85): CodeIgniter\Debug\Exceptions->errorHandler(2, 'Undefined variable $booking', 'C:\\xampp\\htdocs\\ciproject\\app\\Views\\booking-edit.php', 85)
 2 SYSTEMPATH\View\View.php(228): include('C:\\xampp\\htdocs\\ciproject\\app\\Views\\booking-edit.php')
 3 SYSTEMPATH\View\View.php(231): CodeIgniter\View\View->CodeIgniter\View\{closure}()
 4 SYSTEMPATH\Common.php(1178): CodeIgniter\View\View->render('booking-edit', [], true)
 5 APPPATH\Controllers\Home.php(496): view('booking-edit')
 6 SYSTEMPATH\CodeIgniter.php(941): App\Controllers\Home->bookingEdit('2')
 7 SYSTEMPATH\CodeIgniter.php(502): CodeIgniter\CodeIgniter->runController(Object(App\Controllers\Home))
 8 SYSTEMPATH\CodeIgniter.php(361): CodeIgniter\CodeIgniter->handleRequest(null, Object(Config\Cache), false)
 9 FCPATH\index.php(79): CodeIgniter\CodeIgniter->run()
CRITICAL - 2024-02-27 20:37:50 --> ErrorException: Undefined variable $result
in APPPATH\Views\booking-edit.php on line 85.
 1 APPPATH\Views\booking-edit.php(85): CodeIgniter\Debug\Exceptions->errorHandler(2, 'Undefined variable $result', 'C:\\xampp\\htdocs\\ciproject\\app\\Views\\booking-edit.php', 85)
 2 SYSTEMPATH\View\View.php(228): include('C:\\xampp\\htdocs\\ciproject\\app\\Views\\booking-edit.php')
 3 SYSTEMPATH\View\View.php(231): CodeIgniter\View\View->CodeIgniter\View\{closure}()
 4 SYSTEMPATH\Common.php(1178): CodeIgniter\View\View->render('booking-edit', [], true)
 5 APPPATH\Controllers\Home.php(496): view('booking-edit')
 6 SYSTEMPATH\CodeIgniter.php(941): App\Controllers\Home->bookingEdit('2')
 7 SYSTEMPATH\CodeIgniter.php(502): CodeIgniter\CodeIgniter->runController(Object(App\Controllers\Home))
 8 SYSTEMPATH\CodeIgniter.php(361): CodeIgniter\CodeIgniter->handleRequest(null, Object(Config\Cache), false)
 9 FCPATH\index.php(79): CodeIgniter\CodeIgniter->run()
CRITICAL - 2024-02-27 20:37:50 --> ErrorException: Undefined variable $result
in APPPATH\Views\booking-edit.php on line 85.
 1 APPPATH\Views\booking-edit.php(85): CodeIgniter\Debug\Exceptions->errorHandler(2, 'Undefined variable $result', 'C:\\xampp\\htdocs\\ciproject\\app\\Views\\booking-edit.php', 85)
 2 SYSTEMPATH\View\View.php(228): include('C:\\xampp\\htdocs\\ciproject\\app\\Views\\booking-edit.php')
 3 SYSTEMPATH\View\View.php(231): CodeIgniter\View\View->CodeIgniter\View\{closure}()
 4 SYSTEMPATH\Common.php(1178): CodeIgniter\View\View->render('booking-edit', [], true)
 5 APPPATH\Controllers\Home.php(496): view('booking-edit')
 6 SYSTEMPATH\CodeIgniter.php(941): App\Controllers\Home->bookingEdit('2')
 7 SYSTEMPATH\CodeIgniter.php(502): CodeIgniter\CodeIgniter->runController(Object(App\Controllers\Home))
 8 SYSTEMPATH\CodeIgniter.php(361): CodeIgniter\CodeIgniter->handleRequest(null, Object(Config\Cache), false)
 9 FCPATH\index.php(79): CodeIgniter\CodeIgniter->run()
CRITICAL - 2024-02-27 20:37:51 --> ErrorException: Undefined variable $result
in APPPATH\Views\booking-edit.php on line 85.
 1 APPPATH\Views\booking-edit.php(85): CodeIgniter\Debug\Exceptions->errorHandler(2, 'Undefined variable $result', 'C:\\xampp\\htdocs\\ciproject\\app\\Views\\booking-edit.php', 85)
 2 SYSTEMPATH\View\View.php(228): include('C:\\xampp\\htdocs\\ciproject\\app\\Views\\booking-edit.php')
 3 SYSTEMPATH\View\View.php(231): CodeIgniter\View\View->CodeIgniter\View\{closure}()
 4 SYSTEMPATH\Common.php(1178): CodeIgniter\View\View->render('booking-edit', [], true)
 5 APPPATH\Controllers\Home.php(496): view('booking-edit')
 6 SYSTEMPATH\CodeIgniter.php(941): App\Controllers\Home->bookingEdit('2')
 7 SYSTEMPATH\CodeIgniter.php(502): CodeIgniter\CodeIgniter->runController(Object(App\Controllers\Home))
 8 SYSTEMPATH\CodeIgniter.php(361): CodeIgniter\CodeIgniter->handleRequest(null, Object(Config\Cache), false)
 9 FCPATH\index.php(79): CodeIgniter\CodeIgniter->run()
CRITICAL - 2024-02-27 20:38:57 --> ErrorException: Undefined variable $result
in APPPATH\Views\booking-edit.php on line 85.
 1 APPPATH\Views\booking-edit.php(85): CodeIgniter\Debug\Exceptions->errorHandler(2, 'Undefined variable $result', 'C:\\xampp\\htdocs\\ciproject\\app\\Views\\booking-edit.php', 85)
 2 SYSTEMPATH\View\View.php(228): include('C:\\xampp\\htdocs\\ciproject\\app\\Views\\booking-edit.php')
 3 SYSTEMPATH\View\View.php(231): CodeIgniter\View\View->CodeIgniter\View\{closure}()
 4 SYSTEMPATH\Common.php(1178): CodeIgniter\View\View->render('booking-edit', [], true)
 5 APPPATH\Controllers\Home.php(496): view('booking-edit')
 6 SYSTEMPATH\CodeIgniter.php(941): App\Controllers\Home->bookingEdit('2')
 7 SYSTEMPATH\CodeIgniter.php(502): CodeIgniter\CodeIgniter->runController(Object(App\Controllers\Home))
 8 SYSTEMPATH\CodeIgniter.php(361): CodeIgniter\CodeIgniter->handleRequest(null, Object(Config\Cache), false)
 9 FCPATH\index.php(79): CodeIgniter\CodeIgniter->run()
CRITICAL - 2024-02-27 20:38:57 --> ErrorException: Undefined variable $result
in APPPATH\Views\booking-edit.php on line 85.
 1 APPPATH\Views\booking-edit.php(85): CodeIgniter\Debug\Exceptions->errorHandler(2, 'Undefined variable $result', 'C:\\xampp\\htdocs\\ciproject\\app\\Views\\booking-edit.php', 85)
 2 SYSTEMPATH\View\View.php(228): include('C:\\xampp\\htdocs\\ciproject\\app\\Views\\booking-edit.php')
 3 SYSTEMPATH\View\View.php(231): CodeIgniter\View\View->CodeIgniter\View\{closure}()
 4 SYSTEMPATH\Common.php(1178): CodeIgniter\View\View->render('booking-edit', [], true)
 5 APPPATH\Controllers\Home.php(496): view('booking-edit')
 6 SYSTEMPATH\CodeIgniter.php(941): App\Controllers\Home->bookingEdit('2')
 7 SYSTEMPATH\CodeIgniter.php(502): CodeIgniter\CodeIgniter->runController(Object(App\Controllers\Home))
 8 SYSTEMPATH\CodeIgniter.php(361): CodeIgniter\CodeIgniter->handleRequest(null, Object(Config\Cache), false)
 9 FCPATH\index.php(79): CodeIgniter\CodeIgniter->run()
CRITICAL - 2024-02-27 20:39:02 --> ErrorException: Undefined variable $result
in APPPATH\Views\booking-edit.php on line 85.
 1 APPPATH\Views\booking-edit.php(85): CodeIgniter\Debug\Exceptions->errorHandler(2, 'Undefined variable $result', 'C:\\xampp\\htdocs\\ciproject\\app\\Views\\booking-edit.php', 85)
 2 SYSTEMPATH\View\View.php(228): include('C:\\xampp\\htdocs\\ciproject\\app\\Views\\booking-edit.php')
 3 SYSTEMPATH\View\View.php(231): CodeIgniter\View\View->CodeIgniter\View\{closure}()
 4 SYSTEMPATH\Common.php(1178): CodeIgniter\View\View->render('booking-edit', [], true)
 5 APPPATH\Controllers\Home.php(496): view('booking-edit')
 6 SYSTEMPATH\CodeIgniter.php(941): App\Controllers\Home->bookingEdit('3')
 7 SYSTEMPATH\CodeIgniter.php(502): CodeIgniter\CodeIgniter->runController(Object(App\Controllers\Home))
 8 SYSTEMPATH\CodeIgniter.php(361): CodeIgniter\CodeIgniter->handleRequest(null, Object(Config\Cache), false)
 9 FCPATH\index.php(79): CodeIgniter\CodeIgniter->run()
CRITICAL - 2024-02-27 20:39:26 --> ErrorException: Undefined variable $booking
in APPPATH\Views\booking-edit.php on line 85.
 1 APPPATH\Views\booking-edit.php(85): CodeIgniter\Debug\Exceptions->errorHandler(2, 'Undefined variable $booking', 'C:\\xampp\\htdocs\\ciproject\\app\\Views\\booking-edit.php', 85)
 2 SYSTEMPATH\View\View.php(228): include('C:\\xampp\\htdocs\\ciproject\\app\\Views\\booking-edit.php')
 3 SYSTEMPATH\View\View.php(231): CodeIgniter\View\View->CodeIgniter\View\{closure}()
 4 SYSTEMPATH\Common.php(1178): CodeIgniter\View\View->render('booking-edit', [], true)
 5 APPPATH\Controllers\Home.php(496): view('booking-edit')
 6 SYSTEMPATH\CodeIgniter.php(941): App\Controllers\Home->bookingEdit('3')
 7 SYSTEMPATH\CodeIgniter.php(502): CodeIgniter\CodeIgniter->runController(Object(App\Controllers\Home))
 8 SYSTEMPATH\CodeIgniter.php(361): CodeIgniter\CodeIgniter->handleRequest(null, Object(Config\Cache), false)
 9 FCPATH\index.php(79): CodeIgniter\CodeIgniter->run()
CRITICAL - 2024-02-27 20:39:27 --> ErrorException: Undefined variable $booking
in APPPATH\Views\booking-edit.php on line 85.
 1 APPPATH\Views\booking-edit.php(85): CodeIgniter\Debug\Exceptions->errorHandler(2, 'Undefined variable $booking', 'C:\\xampp\\htdocs\\ciproject\\app\\Views\\booking-edit.php', 85)
 2 SYSTEMPATH\View\View.php(228): include('C:\\xampp\\htdocs\\ciproject\\app\\Views\\booking-edit.php')
 3 SYSTEMPATH\View\View.php(231): CodeIgniter\View\View->CodeIgniter\View\{closure}()
 4 SYSTEMPATH\Common.php(1178): CodeIgniter\View\View->render('booking-edit', [], true)
 5 APPPATH\Controllers\Home.php(496): view('booking-edit')
 6 SYSTEMPATH\CodeIgniter.php(941): App\Controllers\Home->bookingEdit('3')
 7 SYSTEMPATH\CodeIgniter.php(502): CodeIgniter\CodeIgniter->runController(Object(App\Controllers\Home))
 8 SYSTEMPATH\CodeIgniter.php(361): CodeIgniter\CodeIgniter->handleRequest(null, Object(Config\Cache), false)
 9 FCPATH\index.php(79): CodeIgniter\CodeIgniter->run()
CRITICAL - 2024-02-27 20:39:27 --> ErrorException: Undefined variable $booking
in APPPATH\Views\booking-edit.php on line 85.
 1 APPPATH\Views\booking-edit.php(85): CodeIgniter\Debug\Exceptions->errorHandler(2, 'Undefined variable $booking', 'C:\\xampp\\htdocs\\ciproject\\app\\Views\\booking-edit.php', 85)
 2 SYSTEMPATH\View\View.php(228): include('C:\\xampp\\htdocs\\ciproject\\app\\Views\\booking-edit.php')
 3 SYSTEMPATH\View\View.php(231): CodeIgniter\View\View->CodeIgniter\View\{closure}()
 4 SYSTEMPATH\Common.php(1178): CodeIgniter\View\View->render('booking-edit', [], true)
 5 APPPATH\Controllers\Home.php(496): view('booking-edit')
 6 SYSTEMPATH\CodeIgniter.php(941): App\Controllers\Home->bookingEdit('3')
 7 SYSTEMPATH\CodeIgniter.php(502): CodeIgniter\CodeIgniter->runController(Object(App\Controllers\Home))
 8 SYSTEMPATH\CodeIgniter.php(361): CodeIgniter\CodeIgniter->handleRequest(null, Object(Config\Cache), false)
 9 FCPATH\index.php(79): CodeIgniter\CodeIgniter->run()
CRITICAL - 2024-02-27 20:39:28 --> ErrorException: Undefined array key "id"
in APPPATH\Views\booking.php on line 228.
 1 APPPATH\Views\booking.php(228): CodeIgniter\Debug\Exceptions->errorHandler(2, 'Undefined array key "id"', 'C:\\xampp\\htdocs\\ciproject\\app\\Views\\booking.php', 228)
 2 SYSTEMPATH\View\View.php(228): include('C:\\xampp\\htdocs\\ciproject\\app\\Views\\booking.php')
 3 SYSTEMPATH\View\View.php(231): CodeIgniter\View\View->CodeIgniter\View\{closure}()
 4 SYSTEMPATH\Common.php(1178): CodeIgniter\View\View->render('booking', [], true)
 5 APPPATH\Controllers\Home.php(461): view('booking', [...])
 6 SYSTEMPATH\CodeIgniter.php(941): App\Controllers\Home->bookingRecord()
 7 SYSTEMPATH\CodeIgniter.php(502): CodeIgniter\CodeIgniter->runController(Object(App\Controllers\Home))
 8 SYSTEMPATH\CodeIgniter.php(361): CodeIgniter\CodeIgniter->handleRequest(null, Object(Config\Cache), false)
 9 FCPATH\index.php(79): CodeIgniter\CodeIgniter->run()
CRITICAL - 2024-02-27 20:39:38 --> ErrorException: Undefined array key "id"
in APPPATH\Views\booking.php on line 228.
 1 APPPATH\Views\booking.php(228): CodeIgniter\Debug\Exceptions->errorHandler(2, 'Undefined array key "id"', 'C:\\xampp\\htdocs\\ciproject\\app\\Views\\booking.php', 228)
 2 SYSTEMPATH\View\View.php(228): include('C:\\xampp\\htdocs\\ciproject\\app\\Views\\booking.php')
 3 SYSTEMPATH\View\View.php(231): CodeIgniter\View\View->CodeIgniter\View\{closure}()
 4 SYSTEMPATH\Common.php(1178): CodeIgniter\View\View->render('booking', [], true)
 5 APPPATH\Controllers\Home.php(461): view('booking', [...])
 6 SYSTEMPATH\CodeIgniter.php(941): App\Controllers\Home->bookingRecord()
 7 SYSTEMPATH\CodeIgniter.php(502): CodeIgniter\CodeIgniter->runController(Object(App\Controllers\Home))
 8 SYSTEMPATH\CodeIgniter.php(361): CodeIgniter\CodeIgniter->handleRequest(null, Object(Config\Cache), false)
 9 FCPATH\index.php(79): CodeIgniter\CodeIgniter->run()
CRITICAL - 2024-02-27 20:39:40 --> ErrorException: Undefined array key "id"
in APPPATH\Views\booking.php on line 228.
 1 APPPATH\Views\booking.php(228): CodeIgniter\Debug\Exceptions->errorHandler(2, 'Undefined array key "id"', 'C:\\xampp\\htdocs\\ciproject\\app\\Views\\booking.php', 228)
 2 SYSTEMPATH\View\View.php(228): include('C:\\xampp\\htdocs\\ciproject\\app\\Views\\booking.php')
 3 SYSTEMPATH\View\View.php(231): CodeIgniter\View\View->CodeIgniter\View\{closure}()
 4 SYSTEMPATH\Common.php(1178): CodeIgniter\View\View->render('booking', [], true)
 5 APPPATH\Controllers\Home.php(461): view('booking', [...])
 6 SYSTEMPATH\CodeIgniter.php(941): App\Controllers\Home->bookingRecord()
 7 SYSTEMPATH\CodeIgniter.php(502): CodeIgniter\CodeIgniter->runController(Object(App\Controllers\Home))
 8 SYSTEMPATH\CodeIgniter.php(361): CodeIgniter\CodeIgniter->handleRequest(null, Object(Config\Cache), false)
 9 FCPATH\index.php(79): CodeIgniter\CodeIgniter->run()
CRITICAL - 2024-02-27 20:41:56 --> ErrorException: Undefined variable $booking
in APPPATH\Views\booking-edit.php on line 85.
 1 APPPATH\Views\booking-edit.php(85): CodeIgniter\Debug\Exceptions->errorHandler(2, 'Undefined variable $booking', 'C:\\xampp\\htdocs\\ciproject\\app\\Views\\booking-edit.php', 85)
 2 SYSTEMPATH\View\View.php(228): include('C:\\xampp\\htdocs\\ciproject\\app\\Views\\booking-edit.php')
 3 SYSTEMPATH\View\View.php(231): CodeIgniter\View\View->CodeIgniter\View\{closure}()
 4 SYSTEMPATH\Common.php(1178): CodeIgniter\View\View->render('booking-edit', [], true)
 5 APPPATH\Controllers\Home.php(496): view('booking-edit')
 6 SYSTEMPATH\CodeIgniter.php(941): App\Controllers\Home->bookingEdit('3')
 7 SYSTEMPATH\CodeIgniter.php(502): CodeIgniter\CodeIgniter->runController(Object(App\Controllers\Home))
 8 SYSTEMPATH\CodeIgniter.php(361): CodeIgniter\CodeIgniter->handleRequest(null, Object(Config\Cache), false)
 9 FCPATH\index.php(79): CodeIgniter\CodeIgniter->run()
CRITICAL - 2024-02-27 20:44:03 --> ErrorException: Undefined variable $result
in APPPATH\Views\booking-edit.php on line 85.
 1 APPPATH\Views\booking-edit.php(85): CodeIgniter\Debug\Exceptions->errorHandler(2, 'Undefined variable $result', 'C:\\xampp\\htdocs\\ciproject\\app\\Views\\booking-edit.php', 85)
 2 SYSTEMPATH\View\View.php(228): include('C:\\xampp\\htdocs\\ciproject\\app\\Views\\booking-edit.php')
 3 SYSTEMPATH\View\View.php(231): CodeIgniter\View\View->CodeIgniter\View\{closure}()
 4 SYSTEMPATH\Common.php(1178): CodeIgniter\View\View->render('booking-edit', [], true)
 5 APPPATH\Controllers\Home.php(496): view('booking-edit')
 6 SYSTEMPATH\CodeIgniter.php(941): App\Controllers\Home->bookingEdit('3')
 7 SYSTEMPATH\CodeIgniter.php(502): CodeIgniter\CodeIgniter->runController(Object(App\Controllers\Home))
 8 SYSTEMPATH\CodeIgniter.php(361): CodeIgniter\CodeIgniter->handleRequest(null, Object(Config\Cache), false)
 9 FCPATH\index.php(79): CodeIgniter\CodeIgniter->run()
CRITICAL - 2024-02-27 20:44:03 --> ErrorException: Undefined variable $result
in APPPATH\Views\booking-edit.php on line 85.
 1 APPPATH\Views\booking-edit.php(85): CodeIgniter\Debug\Exceptions->errorHandler(2, 'Undefined variable $result', 'C:\\xampp\\htdocs\\ciproject\\app\\Views\\booking-edit.php', 85)
 2 SYSTEMPATH\View\View.php(228): include('C:\\xampp\\htdocs\\ciproject\\app\\Views\\booking-edit.php')
 3 SYSTEMPATH\View\View.php(231): CodeIgniter\View\View->CodeIgniter\View\{closure}()
 4 SYSTEMPATH\Common.php(1178): CodeIgniter\View\View->render('booking-edit', [], true)
 5 APPPATH\Controllers\Home.php(496): view('booking-edit')
 6 SYSTEMPATH\CodeIgniter.php(941): App\Controllers\Home->bookingEdit('3')
 7 SYSTEMPATH\CodeIgniter.php(502): CodeIgniter\CodeIgniter->runController(Object(App\Controllers\Home))
 8 SYSTEMPATH\CodeIgniter.php(361): CodeIgniter\CodeIgniter->handleRequest(null, Object(Config\Cache), false)
 9 FCPATH\index.php(79): CodeIgniter\CodeIgniter->run()
CRITICAL - 2024-02-27 20:46:03 --> ErrorException: Undefined variable $result
in APPPATH\Views\booking-edit.php on line 85.
 1 APPPATH\Views\booking-edit.php(85): CodeIgniter\Debug\Exceptions->errorHandler(2, 'Undefined variable $result', 'C:\\xampp\\htdocs\\ciproject\\app\\Views\\booking-edit.php', 85)
 2 SYSTEMPATH\View\View.php(228): include('C:\\xampp\\htdocs\\ciproject\\app\\Views\\booking-edit.php')
 3 SYSTEMPATH\View\View.php(231): CodeIgniter\View\View->CodeIgniter\View\{closure}()
 4 SYSTEMPATH\Common.php(1178): CodeIgniter\View\View->render('booking-edit', [], true)
 5 APPPATH\Controllers\Home.php(496): view('booking-edit')
 6 SYSTEMPATH\CodeIgniter.php(941): App\Controllers\Home->bookingEdit('3')
 7 SYSTEMPATH\CodeIgniter.php(502): CodeIgniter\CodeIgniter->runController(Object(App\Controllers\Home))
 8 SYSTEMPATH\CodeIgniter.php(361): CodeIgniter\CodeIgniter->handleRequest(null, Object(Config\Cache), false)
 9 FCPATH\index.php(79): CodeIgniter\CodeIgniter->run()
CRITICAL - 2024-02-27 20:46:03 --> ErrorException: Undefined variable $result
in APPPATH\Views\booking-edit.php on line 85.
 1 APPPATH\Views\booking-edit.php(85): CodeIgniter\Debug\Exceptions->errorHandler(2, 'Undefined variable $result', 'C:\\xampp\\htdocs\\ciproject\\app\\Views\\booking-edit.php', 85)
 2 SYSTEMPATH\View\View.php(228): include('C:\\xampp\\htdocs\\ciproject\\app\\Views\\booking-edit.php')
 3 SYSTEMPATH\View\View.php(231): CodeIgniter\View\View->CodeIgniter\View\{closure}()
 4 SYSTEMPATH\Common.php(1178): CodeIgniter\View\View->render('booking-edit', [], true)
 5 APPPATH\Controllers\Home.php(496): view('booking-edit')
 6 SYSTEMPATH\CodeIgniter.php(941): App\Controllers\Home->bookingEdit('3')
 7 SYSTEMPATH\CodeIgniter.php(502): CodeIgniter\CodeIgniter->runController(Object(App\Controllers\Home))
 8 SYSTEMPATH\CodeIgniter.php(361): CodeIgniter\CodeIgniter->handleRequest(null, Object(Config\Cache), false)
 9 FCPATH\index.php(79): CodeIgniter\CodeIgniter->run()
CRITICAL - 2024-02-27 20:46:08 --> ErrorException: Undefined variable $result
in APPPATH\Views\booking-edit.php on line 85.
 1 APPPATH\Views\booking-edit.php(85): CodeIgniter\Debug\Exceptions->errorHandler(2, 'Undefined variable $result', 'C:\\xampp\\htdocs\\ciproject\\app\\Views\\booking-edit.php', 85)
 2 SYSTEMPATH\View\View.php(228): include('C:\\xampp\\htdocs\\ciproject\\app\\Views\\booking-edit.php')
 3 SYSTEMPATH\View\View.php(231): CodeIgniter\View\View->CodeIgniter\View\{closure}()
 4 SYSTEMPATH\Common.php(1178): CodeIgniter\View\View->render('booking-edit', [], true)
 5 APPPATH\Controllers\Home.php(496): view('booking-edit')
 6 SYSTEMPATH\CodeIgniter.php(941): App\Controllers\Home->bookingEdit('3')
 7 SYSTEMPATH\CodeIgniter.php(502): CodeIgniter\CodeIgniter->runController(Object(App\Controllers\Home))
 8 SYSTEMPATH\CodeIgniter.php(361): CodeIgniter\CodeIgniter->handleRequest(null, Object(Config\Cache), false)
 9 FCPATH\index.php(79): CodeIgniter\CodeIgniter->run()
CRITICAL - 2024-02-27 20:50:52 --> ErrorException: Undefined variable $booking
in APPPATH\Views\booking-edit.php on line 85.
 1 APPPATH\Views\booking-edit.php(85): CodeIgniter\Debug\Exceptions->errorHandler(2, 'Undefined variable $booking', 'C:\\xampp\\htdocs\\ciproject\\app\\Views\\booking-edit.php', 85)
 2 SYSTEMPATH\View\View.php(228): include('C:\\xampp\\htdocs\\ciproject\\app\\Views\\booking-edit.php')
 3 SYSTEMPATH\View\View.php(231): CodeIgniter\View\View->CodeIgniter\View\{closure}()
 4 SYSTEMPATH\Common.php(1178): CodeIgniter\View\View->render('booking-edit', [], true)
 5 APPPATH\Controllers\Home.php(496): view('booking-edit')
 6 SYSTEMPATH\CodeIgniter.php(941): App\Controllers\Home->bookingEdit('2')
 7 SYSTEMPATH\CodeIgniter.php(502): CodeIgniter\CodeIgniter->runController(Object(App\Controllers\Home))
 8 SYSTEMPATH\CodeIgniter.php(361): CodeIgniter\CodeIgniter->handleRequest(null, Object(Config\Cache), false)
 9 FCPATH\index.php(79): CodeIgniter\CodeIgniter->run()
CRITICAL - 2024-02-27 21:03:44 --> CodeIgniter\Security\Exceptions\SecurityException: The action you requested is not allowed.
in SYSTEMPATH\Security\Security.php on line 300.
 1 SYSTEMPATH\Security\Security.php(300): CodeIgniter\Security\Exceptions\SecurityException::forDisallowedAction()
 2 SYSTEMPATH\Filters\CSRF.php(56): CodeIgniter\Security\Security->verify(Object(CodeIgniter\HTTP\IncomingRequest))
 3 SYSTEMPATH\Filters\Filters.php(184): CodeIgniter\Filters\CSRF->before(Object(CodeIgniter\HTTP\IncomingRequest), null)
 4 SYSTEMPATH\CodeIgniter.php(474): CodeIgniter\Filters\Filters->run('Home/insert', 'before')
 5 SYSTEMPATH\CodeIgniter.php(361): CodeIgniter\CodeIgniter->handleRequest(null, Object(Config\Cache), false)
 6 FCPATH\index.php(79): CodeIgniter\CodeIgniter->run()
ERROR - 2024-02-27 21:09:38 --> mysqli_sql_exception: Column 'price' cannot be null in C:\xampp\htdocs\ciproject\system\Database\MySQLi\Connection.php:306
Stack trace:
#0 C:\xampp\htdocs\ciproject\system\Database\MySQLi\Connection.php(306): mysqli->query('INSERT INTO `bo...', 0)
#1 C:\xampp\htdocs\ciproject\system\Database\BaseConnection.php(693): CodeIgniter\Database\MySQLi\Connection->execute('INSERT INTO `bo...')
#2 C:\xampp\htdocs\ciproject\system\Database\BaseConnection.php(607): CodeIgniter\Database\BaseConnection->simpleQuery('INSERT INTO `bo...')
#3 C:\xampp\htdocs\ciproject\system\Database\BaseBuilder.php(2307): CodeIgniter\Database\BaseConnection->query('INSERT INTO `bo...', Array, false)
#4 C:\xampp\htdocs\ciproject\system\Model.php(326): CodeIgniter\Database\BaseBuilder->insert()
#5 C:\xampp\htdocs\ciproject\system\BaseModel.php(802): CodeIgniter\Model->doInsert(Array)
#6 C:\xampp\htdocs\ciproject\system\Model.php(744): CodeIgniter\BaseModel->insert(Array, true)
#7 C:\xampp\htdocs\ciproject\app\Controllers\Home.php(482): CodeIgniter\Model->insert(Array)
#8 C:\xampp\htdocs\ciproject\system\CodeIgniter.php(941): App\Controllers\Home->BookingForm()
#9 C:\xampp\htdocs\ciproject\system\CodeIgniter.php(502): CodeIgniter\CodeIgniter->runController(Object(App\Controllers\Home))
#10 C:\xampp\htdocs\ciproject\system\CodeIgniter.php(361): CodeIgniter\CodeIgniter->handleRequest(NULL, Object(Config\Cache), false)
#11 C:\xampp\htdocs\ciproject\index.php(79): CodeIgniter\CodeIgniter->run()
#12 {main}
CRITICAL - 2024-02-27 21:09:38 --> CodeIgniter\Database\Exceptions\DatabaseException: Column 'price' cannot be null
in SYSTEMPATH\Database\BaseConnection.php on line 647.
 1 SYSTEMPATH\Database\BaseBuilder.php(2307): CodeIgniter\Database\BaseConnection->query('INSERT INTO `booking` (`yacht_name`, `customer_name`, `phone`, `alt_phone`, `address`, `email`, `price`, `payment_method`, `adult`, `children`) VALUES (:yacht_name:, :customer_name:, :phone:, :alt_phone:, :address:, :email:, :price:, :payment_method:, :adult:, :children:)', [...], false)
 2 SYSTEMPATH\Model.php(326): CodeIgniter\Database\BaseBuilder->insert()
 3 SYSTEMPATH\BaseModel.php(802): CodeIgniter\Model->doInsert([...])
 4 SYSTEMPATH\Model.php(744): CodeIgniter\BaseModel->insert([...], true)
 5 APPPATH\Controllers\Home.php(482): CodeIgniter\Model->insert([...])
 6 SYSTEMPATH\CodeIgniter.php(941): App\Controllers\Home->BookingForm()
 7 SYSTEMPATH\CodeIgniter.php(502): CodeIgniter\CodeIgniter->runController(Object(App\Controllers\Home))
 8 SYSTEMPATH\CodeIgniter.php(361): CodeIgniter\CodeIgniter->handleRequest(null, Object(Config\Cache), false)
 9 FCPATH\index.php(79): CodeIgniter\CodeIgniter->run()
CRITICAL - 2024-02-27 21:09:38 --> [Caused by] CodeIgniter\Database\Exceptions\DatabaseException: Column 'price' cannot be null
in SYSTEMPATH\Database\MySQLi\Connection.php on line 311.
 1 SYSTEMPATH\Database\BaseConnection.php(693): CodeIgniter\Database\MySQLi\Connection->execute('INSERT INTO `booking` (`yacht_name`, `customer_name`, `phone`, `alt_phone`, `address`, `email`, `price`, `payment_method`, `adult`, `children`) VALUES (\'Aquaholic\', \'alex\', \'9897456321\', \'9897456321\', \'Afrika\', \'alex@gmail.com\', NULL, \'paytm \', \'4\', \'1\')')
 2 SYSTEMPATH\Database\BaseConnection.php(607): CodeIgniter\Database\BaseConnection->simpleQuery('INSERT INTO `booking` (`yacht_name`, `customer_name`, `phone`, `alt_phone`, `address`, `email`, `price`, `payment_method`, `adult`, `children`) VALUES (\'Aquaholic\', \'alex\', \'9897456321\', \'9897456321\', \'Afrika\', \'alex@gmail.com\', NULL, \'paytm \', \'4\', \'1\')')
 3 SYSTEMPATH\Database\BaseBuilder.php(2307): CodeIgniter\Database\BaseConnection->query('INSERT INTO `booking` (`yacht_name`, `customer_name`, `phone`, `alt_phone`, `address`, `email`, `price`, `payment_method`, `adult`, `children`) VALUES (:yacht_name:, :customer_name:, :phone:, :alt_phone:, :address:, :email:, :price:, :payment_method:, :adult:, :children:)', [...], false)
 4 SYSTEMPATH\Model.php(326): CodeIgniter\Database\BaseBuilder->insert()
 5 SYSTEMPATH\BaseModel.php(802): CodeIgniter\Model->doInsert([...])
 6 SYSTEMPATH\Model.php(744): CodeIgniter\BaseModel->insert([...], true)
 7 APPPATH\Controllers\Home.php(482): CodeIgniter\Model->insert([...])
 8 SYSTEMPATH\CodeIgniter.php(941): App\Controllers\Home->BookingForm()
 9 SYSTEMPATH\CodeIgniter.php(502): CodeIgniter\CodeIgniter->runController(Object(App\Controllers\Home))
10 SYSTEMPATH\CodeIgniter.php(361): CodeIgniter\CodeIgniter->handleRequest(null, Object(Config\Cache), false)
11 FCPATH\index.php(79): CodeIgniter\CodeIgniter->run()
CRITICAL - 2024-02-27 21:09:38 --> [Caused by] mysqli_sql_exception: Column 'price' cannot be null
in SYSTEMPATH\Database\MySQLi\Connection.php on line 306.
 1 SYSTEMPATH\Database\MySQLi\Connection.php(306): mysqli->query('INSERT INTO `booking` (`yacht_name`, `customer_name`, `phone`, `alt_phone`, `address`, `email`, `price`, `payment_method`, `adult`, `children`) VALUES (\'Aquaholic\', \'alex\', \'9897456321\', \'9897456321\', \'Afrika\', \'alex@gmail.com\', NULL, \'paytm \', \'4\', \'1\')', 0)
 2 SYSTEMPATH\Database\BaseConnection.php(693): CodeIgniter\Database\MySQLi\Connection->execute('INSERT INTO `booking` (`yacht_name`, `customer_name`, `phone`, `alt_phone`, `address`, `email`, `price`, `payment_method`, `adult`, `children`) VALUES (\'Aquaholic\', \'alex\', \'9897456321\', \'9897456321\', \'Afrika\', \'alex@gmail.com\', NULL, \'paytm \', \'4\', \'1\')')
 3 SYSTEMPATH\Database\BaseConnection.php(607): CodeIgniter\Database\BaseConnection->simpleQuery('INSERT INTO `booking` (`yacht_name`, `customer_name`, `phone`, `alt_phone`, `address`, `email`, `price`, `payment_method`, `adult`, `children`) VALUES (\'Aquaholic\', \'alex\', \'9897456321\', \'9897456321\', \'Afrika\', \'alex@gmail.com\', NULL, \'paytm \', \'4\', \'1\')')
 4 SYSTEMPATH\Database\BaseBuilder.php(2307): CodeIgniter\Database\BaseConnection->query('INSERT INTO `booking` (`yacht_name`, `customer_name`, `phone`, `alt_phone`, `address`, `email`, `price`, `payment_method`, `adult`, `children`) VALUES (:yacht_name:, :customer_name:, :phone:, :alt_phone:, :address:, :email:, :price:, :payment_method:, :adult:, :children:)', [...], false)
 5 SYSTEMPATH\Model.php(326): CodeIgniter\Database\BaseBuilder->insert()
 6 SYSTEMPATH\BaseModel.php(802): CodeIgniter\Model->doInsert([...])
 7 SYSTEMPATH\Model.php(744): CodeIgniter\BaseModel->insert([...], true)
 8 APPPATH\Controllers\Home.php(482): CodeIgniter\Model->insert([...])
 9 SYSTEMPATH\CodeIgniter.php(941): App\Controllers\Home->BookingForm()
10 SYSTEMPATH\CodeIgniter.php(502): CodeIgniter\CodeIgniter->runController(Object(App\Controllers\Home))
11 SYSTEMPATH\CodeIgniter.php(361): CodeIgniter\CodeIgniter->handleRequest(null, Object(Config\Cache), false)
12 FCPATH\index.php(79): CodeIgniter\CodeIgniter->run()
ERROR - 2024-02-27 21:10:08 --> mysqli_sql_exception: Column 'price' cannot be null in C:\xampp\htdocs\ciproject\system\Database\MySQLi\Connection.php:306
Stack trace:
#0 C:\xampp\htdocs\ciproject\system\Database\MySQLi\Connection.php(306): mysqli->query('INSERT INTO `bo...', 0)
#1 C:\xampp\htdocs\ciproject\system\Database\BaseConnection.php(693): CodeIgniter\Database\MySQLi\Connection->execute('INSERT INTO `bo...')
#2 C:\xampp\htdocs\ciproject\system\Database\BaseConnection.php(607): CodeIgniter\Database\BaseConnection->simpleQuery('INSERT INTO `bo...')
#3 C:\xampp\htdocs\ciproject\system\Database\BaseBuilder.php(2307): CodeIgniter\Database\BaseConnection->query('INSERT INTO `bo...', Array, false)
#4 C:\xampp\htdocs\ciproject\system\Model.php(326): CodeIgniter\Database\BaseBuilder->insert()
#5 C:\xampp\htdocs\ciproject\system\BaseModel.php(802): CodeIgniter\Model->doInsert(Array)
#6 C:\xampp\htdocs\ciproject\system\Model.php(744): CodeIgniter\BaseModel->insert(Array, true)
#7 C:\xampp\htdocs\ciproject\app\Controllers\Home.php(482): CodeIgniter\Model->insert(Array)
#8 C:\xampp\htdocs\ciproject\system\CodeIgniter.php(941): App\Controllers\Home->BookingForm()
#9 C:\xampp\htdocs\ciproject\system\CodeIgniter.php(502): CodeIgniter\CodeIgniter->runController(Object(App\Controllers\Home))
#10 C:\xampp\htdocs\ciproject\system\CodeIgniter.php(361): CodeIgniter\CodeIgniter->handleRequest(NULL, Object(Config\Cache), false)
#11 C:\xampp\htdocs\ciproject\index.php(79): CodeIgniter\CodeIgniter->run()
#12 {main}
CRITICAL - 2024-02-27 21:10:08 --> CodeIgniter\Database\Exceptions\DatabaseException: Column 'price' cannot be null
in SYSTEMPATH\Database\BaseConnection.php on line 647.
 1 SYSTEMPATH\Database\BaseBuilder.php(2307): CodeIgniter\Database\BaseConnection->query('INSERT INTO `booking` (`yacht_name`, `customer_name`, `phone`, `alt_phone`, `address`, `email`, `price`, `payment_method`, `adult`, `children`) VALUES (:yacht_name:, :customer_name:, :phone:, :alt_phone:, :address:, :email:, :price:, :payment_method:, :adult:, :children:)', [...], false)
 2 SYSTEMPATH\Model.php(326): CodeIgniter\Database\BaseBuilder->insert()
 3 SYSTEMPATH\BaseModel.php(802): CodeIgniter\Model->doInsert([...])
 4 SYSTEMPATH\Model.php(744): CodeIgniter\BaseModel->insert([...], true)
 5 APPPATH\Controllers\Home.php(482): CodeIgniter\Model->insert([...])
 6 SYSTEMPATH\CodeIgniter.php(941): App\Controllers\Home->BookingForm()
 7 SYSTEMPATH\CodeIgniter.php(502): CodeIgniter\CodeIgniter->runController(Object(App\Controllers\Home))
 8 SYSTEMPATH\CodeIgniter.php(361): CodeIgniter\CodeIgniter->handleRequest(null, Object(Config\Cache), false)
 9 FCPATH\index.php(79): CodeIgniter\CodeIgniter->run()
CRITICAL - 2024-02-27 21:10:08 --> [Caused by] CodeIgniter\Database\Exceptions\DatabaseException: Column 'price' cannot be null
in SYSTEMPATH\Database\MySQLi\Connection.php on line 311.
 1 SYSTEMPATH\Database\BaseConnection.php(693): CodeIgniter\Database\MySQLi\Connection->execute('INSERT INTO `booking` (`yacht_name`, `customer_name`, `phone`, `alt_phone`, `address`, `email`, `price`, `payment_method`, `adult`, `children`) VALUES (\'Aquaholic\', \'alex\', \'9897456321\', \'9897456321\', \'Afrika\', \'alex@gmail.com\', NULL, \'paytm \', \'4\', \'1\')')
 2 SYSTEMPATH\Database\BaseConnection.php(607): CodeIgniter\Database\BaseConnection->simpleQuery('INSERT INTO `booking` (`yacht_name`, `customer_name`, `phone`, `alt_phone`, `address`, `email`, `price`, `payment_method`, `adult`, `children`) VALUES (\'Aquaholic\', \'alex\', \'9897456321\', \'9897456321\', \'Afrika\', \'alex@gmail.com\', NULL, \'paytm \', \'4\', \'1\')')
 3 SYSTEMPATH\Database\BaseBuilder.php(2307): CodeIgniter\Database\BaseConnection->query('INSERT INTO `booking` (`yacht_name`, `customer_name`, `phone`, `alt_phone`, `address`, `email`, `price`, `payment_method`, `adult`, `children`) VALUES (:yacht_name:, :customer_name:, :phone:, :alt_phone:, :address:, :email:, :price:, :payment_method:, :adult:, :children:)', [...], false)
 4 SYSTEMPATH\Model.php(326): CodeIgniter\Database\BaseBuilder->insert()
 5 SYSTEMPATH\BaseModel.php(802): CodeIgniter\Model->doInsert([...])
 6 SYSTEMPATH\Model.php(744): CodeIgniter\BaseModel->insert([...], true)
 7 APPPATH\Controllers\Home.php(482): CodeIgniter\Model->insert([...])
 8 SYSTEMPATH\CodeIgniter.php(941): App\Controllers\Home->BookingForm()
 9 SYSTEMPATH\CodeIgniter.php(502): CodeIgniter\CodeIgniter->runController(Object(App\Controllers\Home))
10 SYSTEMPATH\CodeIgniter.php(361): CodeIgniter\CodeIgniter->handleRequest(null, Object(Config\Cache), false)
11 FCPATH\index.php(79): CodeIgniter\CodeIgniter->run()
CRITICAL - 2024-02-27 21:10:08 --> [Caused by] mysqli_sql_exception: Column 'price' cannot be null
in SYSTEMPATH\Database\MySQLi\Connection.php on line 306.
 1 SYSTEMPATH\Database\MySQLi\Connection.php(306): mysqli->query('INSERT INTO `booking` (`yacht_name`, `customer_name`, `phone`, `alt_phone`, `address`, `email`, `price`, `payment_method`, `adult`, `children`) VALUES (\'Aquaholic\', \'alex\', \'9897456321\', \'9897456321\', \'Afrika\', \'alex@gmail.com\', NULL, \'paytm \', \'4\', \'1\')', 0)
 2 SYSTEMPATH\Database\BaseConnection.php(693): CodeIgniter\Database\MySQLi\Connection->execute('INSERT INTO `booking` (`yacht_name`, `customer_name`, `phone`, `alt_phone`, `address`, `email`, `price`, `payment_method`, `adult`, `children`) VALUES (\'Aquaholic\', \'alex\', \'9897456321\', \'9897456321\', \'Afrika\', \'alex@gmail.com\', NULL, \'paytm \', \'4\', \'1\')')
 3 SYSTEMPATH\Database\BaseConnection.php(607): CodeIgniter\Database\BaseConnection->simpleQuery('INSERT INTO `booking` (`yacht_name`, `customer_name`, `phone`, `alt_phone`, `address`, `email`, `price`, `payment_method`, `adult`, `children`) VALUES (\'Aquaholic\', \'alex\', \'9897456321\', \'9897456321\', \'Afrika\', \'alex@gmail.com\', NULL, \'paytm \', \'4\', \'1\')')
 4 SYSTEMPATH\Database\BaseBuilder.php(2307): CodeIgniter\Database\BaseConnection->query('INSERT INTO `booking` (`yacht_name`, `customer_name`, `phone`, `alt_phone`, `address`, `email`, `price`, `payment_method`, `adult`, `children`) VALUES (:yacht_name:, :customer_name:, :phone:, :alt_phone:, :address:, :email:, :price:, :payment_method:, :adult:, :children:)', [...], false)
 5 SYSTEMPATH\Model.php(326): CodeIgniter\Database\BaseBuilder->insert()
 6 SYSTEMPATH\BaseModel.php(802): CodeIgniter\Model->doInsert([...])
 7 SYSTEMPATH\Model.php(744): CodeIgniter\BaseModel->insert([...], true)
 8 APPPATH\Controllers\Home.php(482): CodeIgniter\Model->insert([...])
 9 SYSTEMPATH\CodeIgniter.php(941): App\Controllers\Home->BookingForm()
10 SYSTEMPATH\CodeIgniter.php(502): CodeIgniter\CodeIgniter->runController(Object(App\Controllers\Home))
11 SYSTEMPATH\CodeIgniter.php(361): CodeIgniter\CodeIgniter->handleRequest(null, Object(Config\Cache), false)
12 FCPATH\index.php(79): CodeIgniter\CodeIgniter->run()
CRITICAL - 2024-02-27 22:25:03 --> ErrorException: Undefined array key "yacht_name"
in APPPATH\Views\booking.php on line 219.
 1 APPPATH\Views\booking.php(219): CodeIgniter\Debug\Exceptions->errorHandler(2, 'Undefined array key "yacht_name"', 'C:\\xampp\\htdocs\\ciproject\\app\\Views\\booking.php', 219)
 2 SYSTEMPATH\View\View.php(228): include('C:\\xampp\\htdocs\\ciproject\\app\\Views\\booking.php')
 3 SYSTEMPATH\View\View.php(231): CodeIgniter\View\View->CodeIgniter\View\{closure}()
 4 SYSTEMPATH\Common.php(1178): CodeIgniter\View\View->render('booking', [], true)
 5 APPPATH\Controllers\Home.php(461): view('booking', [...])
 6 SYSTEMPATH\CodeIgniter.php(941): App\Controllers\Home->bookingRecord()
 7 SYSTEMPATH\CodeIgniter.php(502): CodeIgniter\CodeIgniter->runController(Object(App\Controllers\Home))
 8 SYSTEMPATH\CodeIgniter.php(361): CodeIgniter\CodeIgniter->handleRequest(null, Object(Config\Cache), false)
 9 FCPATH\index.php(79): CodeIgniter\CodeIgniter->run()
CRITICAL - 2024-02-27 22:25:05 --> ErrorException: Undefined array key "yacht_name"
in APPPATH\Views\booking.php on line 219.
 1 APPPATH\Views\booking.php(219): CodeIgniter\Debug\Exceptions->errorHandler(2, 'Undefined array key "yacht_name"', 'C:\\xampp\\htdocs\\ciproject\\app\\Views\\booking.php', 219)
 2 SYSTEMPATH\View\View.php(228): include('C:\\xampp\\htdocs\\ciproject\\app\\Views\\booking.php')
 3 SYSTEMPATH\View\View.php(231): CodeIgniter\View\View->CodeIgniter\View\{closure}()
 4 SYSTEMPATH\Common.php(1178): CodeIgniter\View\View->render('booking', [], true)
 5 APPPATH\Controllers\Home.php(461): view('booking', [...])
 6 SYSTEMPATH\CodeIgniter.php(941): App\Controllers\Home->bookingRecord()
 7 SYSTEMPATH\CodeIgniter.php(502): CodeIgniter\CodeIgniter->runController(Object(App\Controllers\Home))
 8 SYSTEMPATH\CodeIgniter.php(361): CodeIgniter\CodeIgniter->handleRequest(null, Object(Config\Cache), false)
 9 FCPATH\index.php(79): CodeIgniter\CodeIgniter->run()
