CRITICAL - 2024-04-26 13:43:26 --> ParseError: syntax error, unexpected token "}", expecting ";" or "{"
in APPPATH\Controllers\NewYachtCRM.php on line 249.
 1 SYSTEMPATH\Autoloader\Autoloader.php(288): CodeIgniter\Autoloader\Autoloader->includeFile('C:\\xampp\\htdocs\\ciproject\\app\\Controllers\\NewYachtCRM.php')
 2 SYSTEMPATH\Autoloader\Autoloader.php(266): CodeIgniter\Autoloader\Autoloader->loadInNamespace('App\\Controllers\\NewYachtCRM')
 3 [internal function]: CodeIgniter\Autoloader\Autoloader->loadClass('App\\Controllers\\NewYachtCRM')
 4 SYSTEMPATH\CodeIgniter.php(899): class_exists('\\App\\Controllers\\NewYachtCRM', true)
 5 SYSTEMPATH\CodeIgniter.php(489): CodeIgniter\CodeIgniter->startController()
 6 SYSTEMPATH\CodeIgniter.php(361): CodeIgniter\CodeIgniter->handleRequest(null, Object(Config\Cache), false)
 7 FCPATH\index.php(79): CodeIgniter\CodeIgniter->run()
CRITICAL - 2024-04-26 14:03:31 --> ErrorException: Undefined variable $enquiryData
in APPPATH\Views\NewYachtCRM\enquiry-form.php on line 95.
 1 APPPATH\Views\NewYachtCRM\enquiry-form.php(95): CodeIgniter\Debug\Exceptions->errorHandler(2, 'Undefined variable $enquiryData', 'C:\\xampp\\htdocs\\ciproject\\app\\Views\\NewYachtCRM\\enquiry-form.php', 95)
 2 SYSTEMPATH\View\View.php(228): include('C:\\xampp\\htdocs\\ciproject\\app\\Views\\NewYachtCRM\\enquiry-form.php')
 3 SYSTEMPATH\View\View.php(231): CodeIgniter\View\View->CodeIgniter\View\{closure}()
 4 SYSTEMPATH\Common.php(1178): CodeIgniter\View\View->render('NewYachtCRM/enquiry-form', [], true)
 5 APPPATH\Controllers\NewYachtCRM.php(254): view('NewYachtCRM/enquiry-form')
 6 SYSTEMPATH\CodeIgniter.php(941): App\Controllers\NewYachtCRM->enquiryForm()
 7 SYSTEMPATH\CodeIgniter.php(502): CodeIgniter\CodeIgniter->runController(Object(App\Controllers\NewYachtCRM))
 8 SYSTEMPATH\CodeIgniter.php(361): CodeIgniter\CodeIgniter->handleRequest(null, Object(Config\Cache), false)
 9 FCPATH\index.php(79): CodeIgniter\CodeIgniter->run()
CRITICAL - 2024-04-26 14:22:18 --> ErrorException: Cannot redeclare App\Controllers\NewYachtCRM::deleteHoliday()
in APPPATH\Controllers\NewYachtCRM.php on line 257.
 1 [internal function]: CodeIgniter\Debug\Exceptions->shutdownHandler()
CRITICAL - 2024-04-26 14:35:11 --> ErrorException: Undefined variable $enquiryData
in APPPATH\Views\NewYachtCRM\contact-form.php on line 93.
 1 APPPATH\Views\NewYachtCRM\contact-form.php(93): CodeIgniter\Debug\Exceptions->errorHandler(2, 'Undefined variable $enquiryData', 'C:\\xampp\\htdocs\\ciproject\\app\\Views\\NewYachtCRM\\contact-form.php', 93)
 2 SYSTEMPATH\View\View.php(228): include('C:\\xampp\\htdocs\\ciproject\\app\\Views\\NewYachtCRM\\contact-form.php')
 3 SYSTEMPATH\View\View.php(231): CodeIgniter\View\View->CodeIgniter\View\{closure}()
 4 SYSTEMPATH\Common.php(1178): CodeIgniter\View\View->render('NewYachtCRM/contact-form', [], true)
 5 APPPATH\Controllers\NewYachtCRM.php(266): view('NewYachtCRM/contact-form')
 6 SYSTEMPATH\CodeIgniter.php(941): App\Controllers\NewYachtCRM->contactForm()
 7 SYSTEMPATH\CodeIgniter.php(502): CodeIgniter\CodeIgniter->runController(Object(App\Controllers\NewYachtCRM))
 8 SYSTEMPATH\CodeIgniter.php(361): CodeIgniter\CodeIgniter->handleRequest(null, Object(Config\Cache), false)
 9 FCPATH\index.php(79): CodeIgniter\CodeIgniter->run()
CRITICAL - 2024-04-26 14:41:36 --> Error: Class "App\Controllers\UserContactModel" not found
in APPPATH\Controllers\NewYachtCRM.php on line 266.
 1 SYSTEMPATH\CodeIgniter.php(941): App\Controllers\NewYachtCRM->contactForm()
 2 SYSTEMPATH\CodeIgniter.php(502): CodeIgniter\CodeIgniter->runController(Object(App\Controllers\NewYachtCRM))
 3 SYSTEMPATH\CodeIgniter.php(361): CodeIgniter\CodeIgniter->handleRequest(null, Object(Config\Cache), false)
 4 FCPATH\index.php(79): CodeIgniter\CodeIgniter->run()
CRITICAL - 2024-04-26 15:09:02 --> ErrorException: Undefined variable $subscibe
in APPPATH\Views\NewYachtCRM\contact-subscribe.php on line 90.
 1 APPPATH\Views\NewYachtCRM\contact-subscribe.php(90): CodeIgniter\Debug\Exceptions->errorHandler(2, 'Undefined variable $subscibe', 'C:\\xampp\\htdocs\\ciproject\\app\\Views\\NewYachtCRM\\contact-subscribe.php', 90)
 2 SYSTEMPATH\View\View.php(228): include('C:\\xampp\\htdocs\\ciproject\\app\\Views\\NewYachtCRM\\contact-subscribe.php')
 3 SYSTEMPATH\View\View.php(231): CodeIgniter\View\View->CodeIgniter\View\{closure}()
 4 SYSTEMPATH\Common.php(1178): CodeIgniter\View\View->render('NewYachtCRM/contact-subscribe', [], true)
 5 APPPATH\Controllers\NewYachtCRM.php(284): view('NewYachtCRM/contact-subscribe')
 6 SYSTEMPATH\CodeIgniter.php(941): App\Controllers\NewYachtCRM->contactSubscrine()
 7 SYSTEMPATH\CodeIgniter.php(502): CodeIgniter\CodeIgniter->runController(Object(App\Controllers\NewYachtCRM))
 8 SYSTEMPATH\CodeIgniter.php(361): CodeIgniter\CodeIgniter->handleRequest(null, Object(Config\Cache), false)
 9 FCPATH\index.php(79): CodeIgniter\CodeIgniter->run()
CRITICAL - 2024-04-26 15:09:19 --> ErrorException: Undefined variable $subscibe
in APPPATH\Views\NewYachtCRM\contact-subscribe.php on line 90.
 1 APPPATH\Views\NewYachtCRM\contact-subscribe.php(90): CodeIgniter\Debug\Exceptions->errorHandler(2, 'Undefined variable $subscibe', 'C:\\xampp\\htdocs\\ciproject\\app\\Views\\NewYachtCRM\\contact-subscribe.php', 90)
 2 SYSTEMPATH\View\View.php(228): include('C:\\xampp\\htdocs\\ciproject\\app\\Views\\NewYachtCRM\\contact-subscribe.php')
 3 SYSTEMPATH\View\View.php(231): CodeIgniter\View\View->CodeIgniter\View\{closure}()
 4 SYSTEMPATH\Common.php(1178): CodeIgniter\View\View->render('NewYachtCRM/contact-subscribe', [], true)
 5 APPPATH\Controllers\NewYachtCRM.php(284): view('NewYachtCRM/contact-subscribe')
 6 SYSTEMPATH\CodeIgniter.php(941): App\Controllers\NewYachtCRM->contactSubscrine()
 7 SYSTEMPATH\CodeIgniter.php(502): CodeIgniter\CodeIgniter->runController(Object(App\Controllers\NewYachtCRM))
 8 SYSTEMPATH\CodeIgniter.php(361): CodeIgniter\CodeIgniter->handleRequest(null, Object(Config\Cache), false)
 9 FCPATH\index.php(79): CodeIgniter\CodeIgniter->run()
CRITICAL - 2024-04-26 15:10:00 --> ErrorException: Undefined variable $subscibe
in APPPATH\Views\NewYachtCRM\contact-subscribe.php on line 90.
 1 APPPATH\Views\NewYachtCRM\contact-subscribe.php(90): CodeIgniter\Debug\Exceptions->errorHandler(2, 'Undefined variable $subscibe', 'C:\\xampp\\htdocs\\ciproject\\app\\Views\\NewYachtCRM\\contact-subscribe.php', 90)
 2 SYSTEMPATH\View\View.php(228): include('C:\\xampp\\htdocs\\ciproject\\app\\Views\\NewYachtCRM\\contact-subscribe.php')
 3 SYSTEMPATH\View\View.php(231): CodeIgniter\View\View->CodeIgniter\View\{closure}()
 4 SYSTEMPATH\Common.php(1178): CodeIgniter\View\View->render('NewYachtCRM/contact-subscribe', [], true)
 5 APPPATH\Controllers\NewYachtCRM.php(284): view('NewYachtCRM/contact-subscribe')
 6 SYSTEMPATH\CodeIgniter.php(941): App\Controllers\NewYachtCRM->contactSubscrine()
 7 SYSTEMPATH\CodeIgniter.php(502): CodeIgniter\CodeIgniter->runController(Object(App\Controllers\NewYachtCRM))
 8 SYSTEMPATH\CodeIgniter.php(361): CodeIgniter\CodeIgniter->handleRequest(null, Object(Config\Cache), false)
 9 FCPATH\index.php(79): CodeIgniter\CodeIgniter->run()
CRITICAL - 2024-04-26 15:10:19 --> ErrorException: Undefined variable $subscribe
in APPPATH\Views\NewYachtCRM\contact-subscribe.php on line 90.
 1 APPPATH\Views\NewYachtCRM\contact-subscribe.php(90): CodeIgniter\Debug\Exceptions->errorHandler(2, 'Undefined variable $subscribe', 'C:\\xampp\\htdocs\\ciproject\\app\\Views\\NewYachtCRM\\contact-subscribe.php', 90)
 2 SYSTEMPATH\View\View.php(228): include('C:\\xampp\\htdocs\\ciproject\\app\\Views\\NewYachtCRM\\contact-subscribe.php')
 3 SYSTEMPATH\View\View.php(231): CodeIgniter\View\View->CodeIgniter\View\{closure}()
 4 SYSTEMPATH\Common.php(1178): CodeIgniter\View\View->render('NewYachtCRM/contact-subscribe', [], true)
 5 APPPATH\Controllers\NewYachtCRM.php(284): view('NewYachtCRM/contact-subscribe')
 6 SYSTEMPATH\CodeIgniter.php(941): App\Controllers\NewYachtCRM->contactSubscrine()
 7 SYSTEMPATH\CodeIgniter.php(502): CodeIgniter\CodeIgniter->runController(Object(App\Controllers\NewYachtCRM))
 8 SYSTEMPATH\CodeIgniter.php(361): CodeIgniter\CodeIgniter->handleRequest(null, Object(Config\Cache), false)
 9 FCPATH\index.php(79): CodeIgniter\CodeIgniter->run()
CRITICAL - 2024-04-26 15:10:21 --> ErrorException: Undefined variable $subscribe
in APPPATH\Views\NewYachtCRM\contact-subscribe.php on line 90.
 1 APPPATH\Views\NewYachtCRM\contact-subscribe.php(90): CodeIgniter\Debug\Exceptions->errorHandler(2, 'Undefined variable $subscribe', 'C:\\xampp\\htdocs\\ciproject\\app\\Views\\NewYachtCRM\\contact-subscribe.php', 90)
 2 SYSTEMPATH\View\View.php(228): include('C:\\xampp\\htdocs\\ciproject\\app\\Views\\NewYachtCRM\\contact-subscribe.php')
 3 SYSTEMPATH\View\View.php(231): CodeIgniter\View\View->CodeIgniter\View\{closure}()
 4 SYSTEMPATH\Common.php(1178): CodeIgniter\View\View->render('NewYachtCRM/contact-subscribe', [], true)
 5 APPPATH\Controllers\NewYachtCRM.php(284): view('NewYachtCRM/contact-subscribe')
 6 SYSTEMPATH\CodeIgniter.php(941): App\Controllers\NewYachtCRM->contactSubscrine()
 7 SYSTEMPATH\CodeIgniter.php(502): CodeIgniter\CodeIgniter->runController(Object(App\Controllers\NewYachtCRM))
 8 SYSTEMPATH\CodeIgniter.php(361): CodeIgniter\CodeIgniter->handleRequest(null, Object(Config\Cache), false)
 9 FCPATH\index.php(79): CodeIgniter\CodeIgniter->run()
CRITICAL - 2024-04-26 15:10:21 --> ErrorException: Undefined variable $subscribe
in APPPATH\Views\NewYachtCRM\contact-subscribe.php on line 90.
 1 APPPATH\Views\NewYachtCRM\contact-subscribe.php(90): CodeIgniter\Debug\Exceptions->errorHandler(2, 'Undefined variable $subscribe', 'C:\\xampp\\htdocs\\ciproject\\app\\Views\\NewYachtCRM\\contact-subscribe.php', 90)
 2 SYSTEMPATH\View\View.php(228): include('C:\\xampp\\htdocs\\ciproject\\app\\Views\\NewYachtCRM\\contact-subscribe.php')
 3 SYSTEMPATH\View\View.php(231): CodeIgniter\View\View->CodeIgniter\View\{closure}()
 4 SYSTEMPATH\Common.php(1178): CodeIgniter\View\View->render('NewYachtCRM/contact-subscribe', [], true)
 5 APPPATH\Controllers\NewYachtCRM.php(284): view('NewYachtCRM/contact-subscribe')
 6 SYSTEMPATH\CodeIgniter.php(941): App\Controllers\NewYachtCRM->contactSubscrine()
 7 SYSTEMPATH\CodeIgniter.php(502): CodeIgniter\CodeIgniter->runController(Object(App\Controllers\NewYachtCRM))
 8 SYSTEMPATH\CodeIgniter.php(361): CodeIgniter\CodeIgniter->handleRequest(null, Object(Config\Cache), false)
 9 FCPATH\index.php(79): CodeIgniter\CodeIgniter->run()
CRITICAL - 2024-04-26 15:11:28 --> ErrorException: Undefined variable $subscribe
in APPPATH\Views\NewYachtCRM\contact-subscribe.php on line 90.
 1 APPPATH\Views\NewYachtCRM\contact-subscribe.php(90): CodeIgniter\Debug\Exceptions->errorHandler(2, 'Undefined variable $subscribe', 'C:\\xampp\\htdocs\\ciproject\\app\\Views\\NewYachtCRM\\contact-subscribe.php', 90)
 2 SYSTEMPATH\View\View.php(228): include('C:\\xampp\\htdocs\\ciproject\\app\\Views\\NewYachtCRM\\contact-subscribe.php')
 3 SYSTEMPATH\View\View.php(231): CodeIgniter\View\View->CodeIgniter\View\{closure}()
 4 SYSTEMPATH\Common.php(1178): CodeIgniter\View\View->render('NewYachtCRM/contact-subscribe', [], true)
 5 APPPATH\Controllers\NewYachtCRM.php(284): view('NewYachtCRM/contact-subscribe')
 6 SYSTEMPATH\CodeIgniter.php(941): App\Controllers\NewYachtCRM->contactSubscribe()
 7 SYSTEMPATH\CodeIgniter.php(502): CodeIgniter\CodeIgniter->runController(Object(App\Controllers\NewYachtCRM))
 8 SYSTEMPATH\CodeIgniter.php(361): CodeIgniter\CodeIgniter->handleRequest(null, Object(Config\Cache), false)
 9 FCPATH\index.php(79): CodeIgniter\CodeIgniter->run()
CRITICAL - 2024-04-26 15:11:30 --> ErrorException: Undefined variable $subscribe
in APPPATH\Views\NewYachtCRM\contact-subscribe.php on line 90.
 1 APPPATH\Views\NewYachtCRM\contact-subscribe.php(90): CodeIgniter\Debug\Exceptions->errorHandler(2, 'Undefined variable $subscribe', 'C:\\xampp\\htdocs\\ciproject\\app\\Views\\NewYachtCRM\\contact-subscribe.php', 90)
 2 SYSTEMPATH\View\View.php(228): include('C:\\xampp\\htdocs\\ciproject\\app\\Views\\NewYachtCRM\\contact-subscribe.php')
 3 SYSTEMPATH\View\View.php(231): CodeIgniter\View\View->CodeIgniter\View\{closure}()
 4 SYSTEMPATH\Common.php(1178): CodeIgniter\View\View->render('NewYachtCRM/contact-subscribe', [], true)
 5 APPPATH\Controllers\NewYachtCRM.php(284): view('NewYachtCRM/contact-subscribe')
 6 SYSTEMPATH\CodeIgniter.php(941): App\Controllers\NewYachtCRM->contactSubscribe()
 7 SYSTEMPATH\CodeIgniter.php(502): CodeIgniter\CodeIgniter->runController(Object(App\Controllers\NewYachtCRM))
 8 SYSTEMPATH\CodeIgniter.php(361): CodeIgniter\CodeIgniter->handleRequest(null, Object(Config\Cache), false)
 9 FCPATH\index.php(79): CodeIgniter\CodeIgniter->run()
CRITICAL - 2024-04-26 15:11:55 --> ErrorException: Undefined variable $subscribe
in APPPATH\Views\NewYachtCRM\contact-subscribe.php on line 90.
 1 APPPATH\Views\NewYachtCRM\contact-subscribe.php(90): CodeIgniter\Debug\Exceptions->errorHandler(2, 'Undefined variable $subscribe', 'C:\\xampp\\htdocs\\ciproject\\app\\Views\\NewYachtCRM\\contact-subscribe.php', 90)
 2 SYSTEMPATH\View\View.php(228): include('C:\\xampp\\htdocs\\ciproject\\app\\Views\\NewYachtCRM\\contact-subscribe.php')
 3 SYSTEMPATH\View\View.php(231): CodeIgniter\View\View->CodeIgniter\View\{closure}()
 4 SYSTEMPATH\Common.php(1178): CodeIgniter\View\View->render('NewYachtCRM/contact-subscribe', [], true)
 5 APPPATH\Controllers\NewYachtCRM.php(284): view('NewYachtCRM/contact-subscribe')
 6 SYSTEMPATH\CodeIgniter.php(941): App\Controllers\NewYachtCRM->contactSubscribe()
 7 SYSTEMPATH\CodeIgniter.php(502): CodeIgniter\CodeIgniter->runController(Object(App\Controllers\NewYachtCRM))
 8 SYSTEMPATH\CodeIgniter.php(361): CodeIgniter\CodeIgniter->handleRequest(null, Object(Config\Cache), false)
 9 FCPATH\index.php(79): CodeIgniter\CodeIgniter->run()
CRITICAL - 2024-04-26 15:12:48 --> Error: Undefined constant "expression"
in APPPATH\Views\NewYachtCRM\contact-subscribe.php on line 90.
 1 SYSTEMPATH\View\View.php(228): include()
 2 SYSTEMPATH\View\View.php(231): CodeIgniter\View\View->CodeIgniter\View\{closure}()
 3 SYSTEMPATH\Common.php(1178): CodeIgniter\View\View->render('NewYachtCRM/contact-subscribe', [], true)
 4 APPPATH\Controllers\NewYachtCRM.php(284): view('NewYachtCRM/contact-subscribe', [...])
 5 SYSTEMPATH\CodeIgniter.php(941): App\Controllers\NewYachtCRM->contactSubscribe()
 6 SYSTEMPATH\CodeIgniter.php(502): CodeIgniter\CodeIgniter->runController(Object(App\Controllers\NewYachtCRM))
 7 SYSTEMPATH\CodeIgniter.php(361): CodeIgniter\CodeIgniter->handleRequest(null, Object(Config\Cache), false)
 8 FCPATH\index.php(79): CodeIgniter\CodeIgniter->run()
CRITICAL - 2024-04-26 15:28:21 --> ErrorException: Undefined variable $subscribe
in APPPATH\Views\NewYachtCRM\about-subscribe.php on line 88.
 1 APPPATH\Views\NewYachtCRM\about-subscribe.php(88): CodeIgniter\Debug\Exceptions->errorHandler(2, 'Undefined variable $subscribe', 'C:\\xampp\\htdocs\\ciproject\\app\\Views\\NewYachtCRM\\about-subscribe.php', 88)
 2 SYSTEMPATH\View\View.php(228): include('C:\\xampp\\htdocs\\ciproject\\app\\Views\\NewYachtCRM\\about-subscribe.php')
 3 SYSTEMPATH\View\View.php(231): CodeIgniter\View\View->CodeIgniter\View\{closure}()
 4 SYSTEMPATH\Common.php(1178): CodeIgniter\View\View->render('NewYachtCRM/about-subscribe', [], true)
 5 APPPATH\Controllers\NewYachtCRM.php(296): view('NewYachtCRM/about-subscribe')
 6 SYSTEMPATH\CodeIgniter.php(941): App\Controllers\NewYachtCRM->aboutSubscribe()
 7 SYSTEMPATH\CodeIgniter.php(502): CodeIgniter\CodeIgniter->runController(Object(App\Controllers\NewYachtCRM))
 8 SYSTEMPATH\CodeIgniter.php(361): CodeIgniter\CodeIgniter->handleRequest(null, Object(Config\Cache), false)
 9 FCPATH\index.php(79): CodeIgniter\CodeIgniter->run()
CRITICAL - 2024-04-26 15:34:16 --> ErrorException: Undefined variable $subscribe
in APPPATH\Views\NewYachtCRM\about-subscribe.php on line 88.
 1 APPPATH\Views\NewYachtCRM\about-subscribe.php(88): CodeIgniter\Debug\Exceptions->errorHandler(2, 'Undefined variable $subscribe', 'C:\\xampp\\htdocs\\ciproject\\app\\Views\\NewYachtCRM\\about-subscribe.php', 88)
 2 SYSTEMPATH\View\View.php(228): include('C:\\xampp\\htdocs\\ciproject\\app\\Views\\NewYachtCRM\\about-subscribe.php')
 3 SYSTEMPATH\View\View.php(231): CodeIgniter\View\View->CodeIgniter\View\{closure}()
 4 SYSTEMPATH\Common.php(1178): CodeIgniter\View\View->render('NewYachtCRM/about-subscribe', [], true)
 5 APPPATH\Controllers\NewYachtCRM.php(298): view('NewYachtCRM/about-subscribe')
 6 SYSTEMPATH\CodeIgniter.php(941): App\Controllers\NewYachtCRM->aboutSubscribe()
 7 SYSTEMPATH\CodeIgniter.php(502): CodeIgniter\CodeIgniter->runController(Object(App\Controllers\NewYachtCRM))
 8 SYSTEMPATH\CodeIgniter.php(361): CodeIgniter\CodeIgniter->handleRequest(null, Object(Config\Cache), false)
 9 FCPATH\index.php(79): CodeIgniter\CodeIgniter->run()
CRITICAL - 2024-04-26 15:34:54 --> ErrorException: Undefined variable $subscribe
in APPPATH\Views\NewYachtCRM\about-subscribe.php on line 88.
 1 APPPATH\Views\NewYachtCRM\about-subscribe.php(88): CodeIgniter\Debug\Exceptions->errorHandler(2, 'Undefined variable $subscribe', 'C:\\xampp\\htdocs\\ciproject\\app\\Views\\NewYachtCRM\\about-subscribe.php', 88)
 2 SYSTEMPATH\View\View.php(228): include('C:\\xampp\\htdocs\\ciproject\\app\\Views\\NewYachtCRM\\about-subscribe.php')
 3 SYSTEMPATH\View\View.php(231): CodeIgniter\View\View->CodeIgniter\View\{closure}()
 4 SYSTEMPATH\Common.php(1178): CodeIgniter\View\View->render('NewYachtCRM/about-subscribe', [], true)
 5 APPPATH\Controllers\NewYachtCRM.php(298): view('NewYachtCRM/about-subscribe')
 6 SYSTEMPATH\CodeIgniter.php(941): App\Controllers\NewYachtCRM->aboutSubscribe()
 7 SYSTEMPATH\CodeIgniter.php(502): CodeIgniter\CodeIgniter->runController(Object(App\Controllers\NewYachtCRM))
 8 SYSTEMPATH\CodeIgniter.php(361): CodeIgniter\CodeIgniter->handleRequest(null, Object(Config\Cache), false)
 9 FCPATH\index.php(79): CodeIgniter\CodeIgniter->run()
CRITICAL - 2024-04-26 15:34:54 --> ErrorException: Undefined variable $subscribe
in APPPATH\Views\NewYachtCRM\about-subscribe.php on line 88.
 1 APPPATH\Views\NewYachtCRM\about-subscribe.php(88): CodeIgniter\Debug\Exceptions->errorHandler(2, 'Undefined variable $subscribe', 'C:\\xampp\\htdocs\\ciproject\\app\\Views\\NewYachtCRM\\about-subscribe.php', 88)
 2 SYSTEMPATH\View\View.php(228): include('C:\\xampp\\htdocs\\ciproject\\app\\Views\\NewYachtCRM\\about-subscribe.php')
 3 SYSTEMPATH\View\View.php(231): CodeIgniter\View\View->CodeIgniter\View\{closure}()
 4 SYSTEMPATH\Common.php(1178): CodeIgniter\View\View->render('NewYachtCRM/about-subscribe', [], true)
 5 APPPATH\Controllers\NewYachtCRM.php(298): view('NewYachtCRM/about-subscribe')
 6 SYSTEMPATH\CodeIgniter.php(941): App\Controllers\NewYachtCRM->aboutSubscribe()
 7 SYSTEMPATH\CodeIgniter.php(502): CodeIgniter\CodeIgniter->runController(Object(App\Controllers\NewYachtCRM))
 8 SYSTEMPATH\CodeIgniter.php(361): CodeIgniter\CodeIgniter->handleRequest(null, Object(Config\Cache), false)
 9 FCPATH\index.php(79): CodeIgniter\CodeIgniter->run()
CRITICAL - 2024-04-26 15:34:54 --> ErrorException: Undefined variable $subscribe
in APPPATH\Views\NewYachtCRM\about-subscribe.php on line 88.
 1 APPPATH\Views\NewYachtCRM\about-subscribe.php(88): CodeIgniter\Debug\Exceptions->errorHandler(2, 'Undefined variable $subscribe', 'C:\\xampp\\htdocs\\ciproject\\app\\Views\\NewYachtCRM\\about-subscribe.php', 88)
 2 SYSTEMPATH\View\View.php(228): include('C:\\xampp\\htdocs\\ciproject\\app\\Views\\NewYachtCRM\\about-subscribe.php')
 3 SYSTEMPATH\View\View.php(231): CodeIgniter\View\View->CodeIgniter\View\{closure}()
 4 SYSTEMPATH\Common.php(1178): CodeIgniter\View\View->render('NewYachtCRM/about-subscribe', [], true)
 5 APPPATH\Controllers\NewYachtCRM.php(298): view('NewYachtCRM/about-subscribe')
 6 SYSTEMPATH\CodeIgniter.php(941): App\Controllers\NewYachtCRM->aboutSubscribe()
 7 SYSTEMPATH\CodeIgniter.php(502): CodeIgniter\CodeIgniter->runController(Object(App\Controllers\NewYachtCRM))
 8 SYSTEMPATH\CodeIgniter.php(361): CodeIgniter\CodeIgniter->handleRequest(null, Object(Config\Cache), false)
 9 FCPATH\index.php(79): CodeIgniter\CodeIgniter->run()
CRITICAL - 2024-04-26 15:34:55 --> ErrorException: Undefined variable $subscribe
in APPPATH\Views\NewYachtCRM\about-subscribe.php on line 88.
 1 APPPATH\Views\NewYachtCRM\about-subscribe.php(88): CodeIgniter\Debug\Exceptions->errorHandler(2, 'Undefined variable $subscribe', 'C:\\xampp\\htdocs\\ciproject\\app\\Views\\NewYachtCRM\\about-subscribe.php', 88)
 2 SYSTEMPATH\View\View.php(228): include('C:\\xampp\\htdocs\\ciproject\\app\\Views\\NewYachtCRM\\about-subscribe.php')
 3 SYSTEMPATH\View\View.php(231): CodeIgniter\View\View->CodeIgniter\View\{closure}()
 4 SYSTEMPATH\Common.php(1178): CodeIgniter\View\View->render('NewYachtCRM/about-subscribe', [], true)
 5 APPPATH\Controllers\NewYachtCRM.php(298): view('NewYachtCRM/about-subscribe')
 6 SYSTEMPATH\CodeIgniter.php(941): App\Controllers\NewYachtCRM->aboutSubscribe()
 7 SYSTEMPATH\CodeIgniter.php(502): CodeIgniter\CodeIgniter->runController(Object(App\Controllers\NewYachtCRM))
 8 SYSTEMPATH\CodeIgniter.php(361): CodeIgniter\CodeIgniter->handleRequest(null, Object(Config\Cache), false)
 9 FCPATH\index.php(79): CodeIgniter\CodeIgniter->run()
CRITICAL - 2024-04-26 15:35:09 --> ErrorException: Undefined variable $abc
in APPPATH\Views\NewYachtCRM\about-subscribe.php on line 88.
 1 APPPATH\Views\NewYachtCRM\about-subscribe.php(88): CodeIgniter\Debug\Exceptions->errorHandler(2, 'Undefined variable $abc', 'C:\\xampp\\htdocs\\ciproject\\app\\Views\\NewYachtCRM\\about-subscribe.php', 88)
 2 SYSTEMPATH\View\View.php(228): include('C:\\xampp\\htdocs\\ciproject\\app\\Views\\NewYachtCRM\\about-subscribe.php')
 3 SYSTEMPATH\View\View.php(231): CodeIgniter\View\View->CodeIgniter\View\{closure}()
 4 SYSTEMPATH\Common.php(1178): CodeIgniter\View\View->render('NewYachtCRM/about-subscribe', [], true)
 5 APPPATH\Controllers\NewYachtCRM.php(298): view('NewYachtCRM/about-subscribe')
 6 SYSTEMPATH\CodeIgniter.php(941): App\Controllers\NewYachtCRM->aboutSubscribe()
 7 SYSTEMPATH\CodeIgniter.php(502): CodeIgniter\CodeIgniter->runController(Object(App\Controllers\NewYachtCRM))
 8 SYSTEMPATH\CodeIgniter.php(361): CodeIgniter\CodeIgniter->handleRequest(null, Object(Config\Cache), false)
 9 FCPATH\index.php(79): CodeIgniter\CodeIgniter->run()
CRITICAL - 2024-04-26 15:35:38 --> ErrorException: Undefined variable $abc
in APPPATH\Views\NewYachtCRM\about-subscribe.php on line 88.
 1 APPPATH\Views\NewYachtCRM\about-subscribe.php(88): CodeIgniter\Debug\Exceptions->errorHandler(2, 'Undefined variable $abc', 'C:\\xampp\\htdocs\\ciproject\\app\\Views\\NewYachtCRM\\about-subscribe.php', 88)
 2 SYSTEMPATH\View\View.php(228): include('C:\\xampp\\htdocs\\ciproject\\app\\Views\\NewYachtCRM\\about-subscribe.php')
 3 SYSTEMPATH\View\View.php(231): CodeIgniter\View\View->CodeIgniter\View\{closure}()
 4 SYSTEMPATH\Common.php(1178): CodeIgniter\View\View->render('NewYachtCRM/about-subscribe', [], true)
 5 APPPATH\Controllers\NewYachtCRM.php(298): view('NewYachtCRM/about-subscribe', [...])
 6 SYSTEMPATH\CodeIgniter.php(941): App\Controllers\NewYachtCRM->aboutSubscribe()
 7 SYSTEMPATH\CodeIgniter.php(502): CodeIgniter\CodeIgniter->runController(Object(App\Controllers\NewYachtCRM))
 8 SYSTEMPATH\CodeIgniter.php(361): CodeIgniter\CodeIgniter->handleRequest(null, Object(Config\Cache), false)
 9 FCPATH\index.php(79): CodeIgniter\CodeIgniter->run()
