CRITICAL - 2024-07-19 04:02:09 --> ErrorException: Undefined array key 3
in APPPATH/Controllers/Yacht.php on line 83.
 1 APPPATH/Controllers/Yacht.php(83): CodeIgniter\Debug\Exceptions->errorHandler()
 2 SYSTEMPATH/CodeIgniter.php(941): App\Controllers\Yacht->yachtRecordEditnew()
 3 SYSTEMPATH/CodeIgniter.php(502): CodeIgniter\CodeIgniter->runController()
 4 SYSTEMPATH/CodeIgniter.php(361): CodeIgniter\CodeIgniter->handleRequest()
 5 FCPATH/index.php(79): CodeIgniter\CodeIgniter->run()
CRITICAL - 2024-07-19 05:35:23 --> ErrorException: Undefined array key 4
in APPPATH/Controllers/Yacht.php on line 84.
 1 APPPATH/Controllers/Yacht.php(84): CodeIgniter\Debug\Exceptions->errorHandler()
 2 SYSTEMPATH/CodeIgniter.php(941): App\Controllers\Yacht->yachtRecordEditnew()
 3 SYSTEMPATH/CodeIgniter.php(502): CodeIgniter\CodeIgniter->runController()
 4 SYSTEMPATH/CodeIgniter.php(361): CodeIgniter\CodeIgniter->handleRequest()
 5 FCPATH/index.php(79): CodeIgniter\CodeIgniter->run()
CRITICAL - 2024-07-19 14:28:24 --> CodeIgniter\Security\Exceptions\SecurityException: The action you requested is not allowed.
in SYSTEMPATH/Security/Security.php on line 300.
 1 SYSTEMPATH/Security/Security.php(300): CodeIgniter\Security\Exceptions\SecurityException::forDisallowedAction()
 2 SYSTEMPATH/Filters/CSRF.php(56): CodeIgniter\Security\Security->verify()
 3 SYSTEMPATH/Filters/Filters.php(184): CodeIgniter\Filters\CSRF->before()
 4 SYSTEMPATH/CodeIgniter.php(474): CodeIgniter\Filters\Filters->run()
 5 SYSTEMPATH/CodeIgniter.php(361): CodeIgniter\CodeIgniter->handleRequest()
 6 FCPATH/index.php(79): CodeIgniter\CodeIgniter->run()
CRITICAL - 2024-07-19 15:36:24 --> ErrorException: Undefined array key 0
in APPPATH/Controllers/Yacht.php on line 68.
 1 APPPATH/Controllers/Yacht.php(68): CodeIgniter\Debug\Exceptions->errorHandler()
 2 SYSTEMPATH/CodeIgniter.php(941): App\Controllers\Yacht->yachtRecordEditnew()
 3 SYSTEMPATH/CodeIgniter.php(502): CodeIgniter\CodeIgniter->runController()
 4 SYSTEMPATH/CodeIgniter.php(361): CodeIgniter\CodeIgniter->handleRequest()
 5 FCPATH/index.php(79): CodeIgniter\CodeIgniter->run()
CRITICAL - 2024-07-19 15:36:45 --> ErrorException: Undefined array key 0
in APPPATH/Controllers/Yacht.php on line 68.
 1 APPPATH/Controllers/Yacht.php(68): CodeIgniter\Debug\Exceptions->errorHandler()
 2 SYSTEMPATH/CodeIgniter.php(941): App\Controllers\Yacht->yachtRecordEditnew()
 3 SYSTEMPATH/CodeIgniter.php(502): CodeIgniter\CodeIgniter->runController()
 4 SYSTEMPATH/CodeIgniter.php(361): CodeIgniter\CodeIgniter->handleRequest()
 5 FCPATH/index.php(79): CodeIgniter\CodeIgniter->run()
CRITICAL - 2024-07-19 15:36:55 --> ErrorException: Undefined array key 0
in APPPATH/Controllers/Yacht.php on line 68.
 1 APPPATH/Controllers/Yacht.php(68): CodeIgniter\Debug\Exceptions->errorHandler()
 2 SYSTEMPATH/CodeIgniter.php(941): App\Controllers\Yacht->yachtRecordEditnew()
 3 SYSTEMPATH/CodeIgniter.php(502): CodeIgniter\CodeIgniter->runController()
 4 SYSTEMPATH/CodeIgniter.php(361): CodeIgniter\CodeIgniter->handleRequest()
 5 FCPATH/index.php(79): CodeIgniter\CodeIgniter->run()
CRITICAL - 2024-07-19 15:37:39 --> ErrorException: Undefined array key 0
in APPPATH/Controllers/Yacht.php on line 68.
 1 APPPATH/Controllers/Yacht.php(68): CodeIgniter\Debug\Exceptions->errorHandler()
 2 SYSTEMPATH/CodeIgniter.php(941): App\Controllers\Yacht->yachtRecordEditnew()
 3 SYSTEMPATH/CodeIgniter.php(502): CodeIgniter\CodeIgniter->runController()
 4 SYSTEMPATH/CodeIgniter.php(361): CodeIgniter\CodeIgniter->handleRequest()
 5 FCPATH/index.php(79): CodeIgniter\CodeIgniter->run()
CRITICAL - 2024-07-19 15:37:43 --> ErrorException: Undefined array key 3
in APPPATH/Controllers/Yacht.php on line 71.
 1 APPPATH/Controllers/Yacht.php(71): CodeIgniter\Debug\Exceptions->errorHandler()
 2 SYSTEMPATH/CodeIgniter.php(941): App\Controllers\Yacht->yachtRecordEditnew()
 3 SYSTEMPATH/CodeIgniter.php(502): CodeIgniter\CodeIgniter->runController()
 4 SYSTEMPATH/CodeIgniter.php(361): CodeIgniter\CodeIgniter->handleRequest()
 5 FCPATH/index.php(79): CodeIgniter\CodeIgniter->run()
CRITICAL - 2024-07-19 15:37:47 --> ErrorException: Undefined array key 4
in APPPATH/Controllers/Yacht.php on line 72.
 1 APPPATH/Controllers/Yacht.php(72): CodeIgniter\Debug\Exceptions->errorHandler()
 2 SYSTEMPATH/CodeIgniter.php(941): App\Controllers\Yacht->yachtRecordEditnew()
 3 SYSTEMPATH/CodeIgniter.php(502): CodeIgniter\CodeIgniter->runController()
 4 SYSTEMPATH/CodeIgniter.php(361): CodeIgniter\CodeIgniter->handleRequest()
 5 FCPATH/index.php(79): CodeIgniter\CodeIgniter->run()
CRITICAL - 2024-07-19 15:38:32 --> ErrorException: Undefined array key 4
in APPPATH/Controllers/Yacht.php on line 72.
 1 APPPATH/Controllers/Yacht.php(72): CodeIgniter\Debug\Exceptions->errorHandler()
 2 SYSTEMPATH/CodeIgniter.php(941): App\Controllers\Yacht->yachtRecordEditnew()
 3 SYSTEMPATH/CodeIgniter.php(502): CodeIgniter\CodeIgniter->runController()
 4 SYSTEMPATH/CodeIgniter.php(361): CodeIgniter\CodeIgniter->handleRequest()
 5 FCPATH/index.php(79): CodeIgniter\CodeIgniter->run()
CRITICAL - 2024-07-19 15:38:53 --> ErrorException: Trying to access array offset on value of type null
in APPPATH/Controllers/Yacht.php on line 64.
 1 APPPATH/Controllers/Yacht.php(64): CodeIgniter\Debug\Exceptions->errorHandler()
 2 SYSTEMPATH/CodeIgniter.php(941): App\Controllers\Yacht->yachtRecordEditnew()
 3 SYSTEMPATH/CodeIgniter.php(502): CodeIgniter\CodeIgniter->runController()
 4 SYSTEMPATH/CodeIgniter.php(361): CodeIgniter\CodeIgniter->handleRequest()
 5 FCPATH/index.php(79): CodeIgniter\CodeIgniter->run()
CRITICAL - 2024-07-19 15:38:55 --> ErrorException: Undefined variable $record
in APPPATH/Views/yacht-detail.php on line 157.
 1 APPPATH/Views/yacht-detail.php(157): CodeIgniter\Debug\Exceptions->errorHandler()
 2 SYSTEMPATH/View/View.php(228): include('/home/u679963801/domains/bookmyyacht.us/public_html/app/Views/yacht-detail.php')
 3 SYSTEMPATH/View/View.php(231): CodeIgniter\View\View->CodeIgniter\View\{closure}()
 4 SYSTEMPATH/Common.php(1178): CodeIgniter\View\View->render()
 5 APPPATH/Controllers/Yacht.php(138): view()
 6 SYSTEMPATH/CodeIgniter.php(941): App\Controllers\Yacht->yachtDetail()
 7 SYSTEMPATH/CodeIgniter.php(502): CodeIgniter\CodeIgniter->runController()
 8 SYSTEMPATH/CodeIgniter.php(361): CodeIgniter\CodeIgniter->handleRequest()
 9 FCPATH/index.php(79): CodeIgniter\CodeIgniter->run()
CRITICAL - 2024-07-19 15:39:00 --> ErrorException: Trying to access array offset on value of type null
in APPPATH/Controllers/Yacht.php on line 64.
 1 APPPATH/Controllers/Yacht.php(64): CodeIgniter\Debug\Exceptions->errorHandler()
 2 SYSTEMPATH/CodeIgniter.php(941): App\Controllers\Yacht->yachtRecordEditnew()
 3 SYSTEMPATH/CodeIgniter.php(502): CodeIgniter\CodeIgniter->runController()
 4 SYSTEMPATH/CodeIgniter.php(361): CodeIgniter\CodeIgniter->handleRequest()
 5 FCPATH/index.php(79): CodeIgniter\CodeIgniter->run()
CRITICAL - 2024-07-19 20:01:05 --> ErrorException: Undefined array key 1
in APPPATH/Controllers/Yacht.php on line 81.
 1 APPPATH/Controllers/Yacht.php(81): CodeIgniter\Debug\Exceptions->errorHandler()
 2 SYSTEMPATH/CodeIgniter.php(941): App\Controllers\Yacht->yachtRecordEditnew()
 3 SYSTEMPATH/CodeIgniter.php(502): CodeIgniter\CodeIgniter->runController()
 4 SYSTEMPATH/CodeIgniter.php(361): CodeIgniter\CodeIgniter->handleRequest()
 5 FCPATH/index.php(79): CodeIgniter\CodeIgniter->run()
CRITICAL - 2024-07-19 21:49:33 --> ErrorException: Undefined array key 1
in APPPATH/Controllers/Yacht.php on line 81.
 1 APPPATH/Controllers/Yacht.php(81): CodeIgniter\Debug\Exceptions->errorHandler()
 2 SYSTEMPATH/CodeIgniter.php(941): App\Controllers\Yacht->yachtRecordEditnew()
 3 SYSTEMPATH/CodeIgniter.php(502): CodeIgniter\CodeIgniter->runController()
 4 SYSTEMPATH/CodeIgniter.php(361): CodeIgniter\CodeIgniter->handleRequest()
 5 FCPATH/index.php(79): CodeIgniter\CodeIgniter->run()
CRITICAL - 2024-07-19 21:58:04 --> ErrorException: Trying to access array offset on value of type null
in APPPATH/Controllers/Yacht.php on line 64.
 1 APPPATH/Controllers/Yacht.php(64): CodeIgniter\Debug\Exceptions->errorHandler()
 2 SYSTEMPATH/CodeIgniter.php(941): App\Controllers\Yacht->yachtRecordEditnew()
 3 SYSTEMPATH/CodeIgniter.php(502): CodeIgniter\CodeIgniter->runController()
 4 SYSTEMPATH/CodeIgniter.php(361): CodeIgniter\CodeIgniter->handleRequest()
 5 FCPATH/index.php(79): CodeIgniter\CodeIgniter->run()
