CRITICAL - 2024-08-19 00:20:42 --> ErrorException: Undefined variable $price
in APPPATH/Views/yachtProject/us/booking-page.php on line 142.
 1 APPPATH/Views/yachtProject/us/booking-page.php(142): CodeIgniter\Debug\Exceptions->errorHandler()
 2 SYSTEMPATH/View/View.php(228): include('/home/u679963801/domains/bookmyyacht.us/public_html/app/Views/yachtProject/us/booking-page.php')
 3 SYSTEMPATH/View/View.php(231): CodeIgniter\View\View->CodeIgniter\View\{closure}()
 4 SYSTEMPATH/Common.php(1178): CodeIgniter\View\View->render()
 5 APPPATH/Controllers/Yacht.php(369): view()
 6 SYSTEMPATH/CodeIgniter.php(941): App\Controllers\Yacht->yachtBookingTest()
 7 SYSTEMPATH/CodeIgniter.php(502): CodeIgniter\CodeIgniter->runController()
 8 SYSTEMPATH/CodeIgniter.php(361): CodeIgniter\CodeIgniter->handleRequest()
 9 FCPATH/index.php(79): CodeIgniter\CodeIgniter->run()
CRITICAL - 2024-08-19 11:28:50 --> ErrorException: Undefined variable $price
in APPPATH/Views/yachtProject/us/booking-page.php on line 142.
 1 APPPATH/Views/yachtProject/us/booking-page.php(142): CodeIgniter\Debug\Exceptions->errorHandler()
 2 SYSTEMPATH/View/View.php(228): include('/home/u679963801/domains/bookmyyacht.us/public_html/app/Views/yachtProject/us/booking-page.php')
 3 SYSTEMPATH/View/View.php(231): CodeIgniter\View\View->CodeIgniter\View\{closure}()
 4 SYSTEMPATH/Common.php(1178): CodeIgniter\View\View->render()
 5 APPPATH/Controllers/Yacht.php(369): view()
 6 SYSTEMPATH/CodeIgniter.php(941): App\Controllers\Yacht->yachtBookingTest()
 7 SYSTEMPATH/CodeIgniter.php(502): CodeIgniter\CodeIgniter->runController()
 8 SYSTEMPATH/CodeIgniter.php(361): CodeIgniter\CodeIgniter->handleRequest()
 9 FCPATH/index.php(79): CodeIgniter\CodeIgniter->run()
CRITICAL - 2024-08-19 13:26:16 --> ErrorException: Undefined variable $price
in APPPATH/Views/yachtProject/us/booking-page.php on line 142.
 1 APPPATH/Views/yachtProject/us/booking-page.php(142): CodeIgniter\Debug\Exceptions->errorHandler()
 2 SYSTEMPATH/View/View.php(228): include('/home/u679963801/domains/bookmyyacht.us/public_html/app/Views/yachtProject/us/booking-page.php')
 3 SYSTEMPATH/View/View.php(231): CodeIgniter\View\View->CodeIgniter\View\{closure}()
 4 SYSTEMPATH/Common.php(1178): CodeIgniter\View\View->render()
 5 APPPATH/Controllers/Yacht.php(369): view()
 6 SYSTEMPATH/CodeIgniter.php(941): App\Controllers\Yacht->yachtBookingTest()
 7 SYSTEMPATH/CodeIgniter.php(502): CodeIgniter\CodeIgniter->runController()
 8 SYSTEMPATH/CodeIgniter.php(361): CodeIgniter\CodeIgniter->handleRequest()
 9 FCPATH/index.php(79): CodeIgniter\CodeIgniter->run()
CRITICAL - 2024-08-19 14:59:55 --> ErrorException: Undefined variable $price
in APPPATH/Views/yachtProject/us/booking-page.php on line 142.
 1 APPPATH/Views/yachtProject/us/booking-page.php(142): CodeIgniter\Debug\Exceptions->errorHandler()
 2 SYSTEMPATH/View/View.php(228): include('/home/u679963801/domains/bookmyyacht.us/public_html/app/Views/yachtProject/us/booking-page.php')
 3 SYSTEMPATH/View/View.php(231): CodeIgniter\View\View->CodeIgniter\View\{closure}()
 4 SYSTEMPATH/Common.php(1178): CodeIgniter\View\View->render()
 5 APPPATH/Controllers/Yacht.php(369): view()
 6 SYSTEMPATH/CodeIgniter.php(941): App\Controllers\Yacht->yachtBookingTest()
 7 SYSTEMPATH/CodeIgniter.php(502): CodeIgniter\CodeIgniter->runController()
 8 SYSTEMPATH/CodeIgniter.php(361): CodeIgniter\CodeIgniter->handleRequest()
 9 FCPATH/index.php(79): CodeIgniter\CodeIgniter->run()
CRITICAL - 2024-08-19 15:00:01 --> ErrorException: Trying to access array offset on value of type null
in APPPATH/Controllers/Yacht.php on line 71.
 1 APPPATH/Controllers/Yacht.php(71): CodeIgniter\Debug\Exceptions->errorHandler()
 2 SYSTEMPATH/CodeIgniter.php(941): App\Controllers\Yacht->yachtRecordEditnew()
 3 SYSTEMPATH/CodeIgniter.php(502): CodeIgniter\CodeIgniter->runController()
 4 SYSTEMPATH/CodeIgniter.php(361): CodeIgniter\CodeIgniter->handleRequest()
 5 FCPATH/index.php(79): CodeIgniter\CodeIgniter->run()
CRITICAL - 2024-08-19 15:44:18 --> ErrorException: Trying to access array offset on value of type null
in APPPATH/Controllers/Yacht.php on line 71.
 1 APPPATH/Controllers/Yacht.php(71): CodeIgniter\Debug\Exceptions->errorHandler()
 2 SYSTEMPATH/CodeIgniter.php(941): App\Controllers\Yacht->yachtRecordEditnew()
 3 SYSTEMPATH/CodeIgniter.php(502): CodeIgniter\CodeIgniter->runController()
 4 SYSTEMPATH/CodeIgniter.php(361): CodeIgniter\CodeIgniter->handleRequest()
 5 FCPATH/index.php(79): CodeIgniter\CodeIgniter->run()
CRITICAL - 2024-08-19 16:20:16 --> ErrorException: Trying to access array offset on value of type null
in APPPATH/Views/yachtProject/us/booking-page.php on line 101.
 1 APPPATH/Views/yachtProject/us/booking-page.php(101): CodeIgniter\Debug\Exceptions->errorHandler()
 2 SYSTEMPATH/View/View.php(228): include('/home/u679963801/domains/bookmyyacht.us/public_html/app/Views/yachtProject/us/booking-page.php')
 3 SYSTEMPATH/View/View.php(231): CodeIgniter\View\View->CodeIgniter\View\{closure}()
 4 SYSTEMPATH/Common.php(1178): CodeIgniter\View\View->render()
 5 APPPATH/Controllers/Yacht.php(369): view()
 6 SYSTEMPATH/CodeIgniter.php(941): App\Controllers\Yacht->yachtBookingTest()
 7 SYSTEMPATH/CodeIgniter.php(502): CodeIgniter\CodeIgniter->runController()
 8 SYSTEMPATH/CodeIgniter.php(361): CodeIgniter\CodeIgniter->handleRequest()
 9 FCPATH/index.php(79): CodeIgniter\CodeIgniter->run()
