CRITICAL - 2025-01-09 15:53:17 --> CodeIgniter\Security\Exceptions\SecurityException: The action you requested is not allowed.
in SYSTEMPATH/Security/Security.php on line 300.
 1 SYSTEMPATH/Security/Security.php(300): CodeIgniter\Security\Exceptions\SecurityException::forDisallowedAction()
 2 SYSTEMPATH/Filters/CSRF.php(56): CodeIgniter\Security\Security->verify()
 3 SYSTEMPATH/Filters/Filters.php(184): CodeIgniter\Filters\CSRF->before()
 4 SYSTEMPATH/CodeIgniter.php(474): CodeIgniter\Filters\Filters->run()
 5 SYSTEMPATH/CodeIgniter.php(361): CodeIgniter\CodeIgniter->handleRequest()
 6 FCPATH/index.php(79): CodeIgniter\CodeIgniter->run()
CRITICAL - 2025-01-09 18:00:35 --> ErrorException: Undefined variable $img11
in APPPATH/Views/yacht-detail.php on line 520.
 1 APPPATH/Views/yacht-detail.php(520): CodeIgniter\Debug\Exceptions->errorHandler()
 2 SYSTEMPATH/View/View.php(228): include('/home/u679963801/domains/bookmyyacht.us/public_html/app/Views/yacht-detail.php')
 3 SYSTEMPATH/View/View.php(231): CodeIgniter\View\View->CodeIgniter\View\{closure}()
 4 SYSTEMPATH/Common.php(1178): CodeIgniter\View\View->render()
 5 APPPATH/Controllers/Yacht.php(112): view()
 6 SYSTEMPATH/CodeIgniter.php(941): App\Controllers\Yacht->yachtRecordEditnew()
 7 SYSTEMPATH/CodeIgniter.php(502): CodeIgniter\CodeIgniter->runController()
 8 SYSTEMPATH/CodeIgniter.php(361): CodeIgniter\CodeIgniter->handleRequest()
 9 FCPATH/index.php(79): CodeIgniter\CodeIgniter->run()
CRITICAL - 2025-01-09 18:01:02 --> ErrorException: Undefined variable $img11
in APPPATH/Views/yacht-detail.php on line 520.
 1 APPPATH/Views/yacht-detail.php(520): CodeIgniter\Debug\Exceptions->errorHandler()
 2 SYSTEMPATH/View/View.php(228): include('/home/u679963801/domains/bookmyyacht.us/public_html/app/Views/yacht-detail.php')
 3 SYSTEMPATH/View/View.php(231): CodeIgniter\View\View->CodeIgniter\View\{closure}()
 4 SYSTEMPATH/Common.php(1178): CodeIgniter\View\View->render()
 5 APPPATH/Controllers/Yacht.php(112): view()
 6 SYSTEMPATH/CodeIgniter.php(941): App\Controllers\Yacht->yachtRecordEditnew()
 7 SYSTEMPATH/CodeIgniter.php(502): CodeIgniter\CodeIgniter->runController()
 8 SYSTEMPATH/CodeIgniter.php(361): CodeIgniter\CodeIgniter->handleRequest()
 9 FCPATH/index.php(79): CodeIgniter\CodeIgniter->run()
CRITICAL - 2025-01-09 18:01:03 --> ErrorException: Undefined variable $img11
in APPPATH/Views/yacht-detail.php on line 520.
 1 APPPATH/Views/yacht-detail.php(520): CodeIgniter\Debug\Exceptions->errorHandler()
 2 SYSTEMPATH/View/View.php(228): include('/home/u679963801/domains/bookmyyacht.us/public_html/app/Views/yacht-detail.php')
 3 SYSTEMPATH/View/View.php(231): CodeIgniter\View\View->CodeIgniter\View\{closure}()
 4 SYSTEMPATH/Common.php(1178): CodeIgniter\View\View->render()
 5 APPPATH/Controllers/Yacht.php(112): view()
 6 SYSTEMPATH/CodeIgniter.php(941): App\Controllers\Yacht->yachtRecordEditnew()
 7 SYSTEMPATH/CodeIgniter.php(502): CodeIgniter\CodeIgniter->runController()
 8 SYSTEMPATH/CodeIgniter.php(361): CodeIgniter\CodeIgniter->handleRequest()
 9 FCPATH/index.php(79): CodeIgniter\CodeIgniter->run()
CRITICAL - 2025-01-09 18:06:36 --> ErrorException: Undefined variable $img11
in APPPATH/Views/yacht-detail.php on line 520.
 1 APPPATH/Views/yacht-detail.php(520): CodeIgniter\Debug\Exceptions->errorHandler()
 2 SYSTEMPATH/View/View.php(228): include('/home/u679963801/domains/bookmyyacht.us/public_html/app/Views/yacht-detail.php')
 3 SYSTEMPATH/View/View.php(231): CodeIgniter\View\View->CodeIgniter\View\{closure}()
 4 SYSTEMPATH/Common.php(1178): CodeIgniter\View\View->render()
 5 APPPATH/Controllers/Yacht.php(112): view()
 6 SYSTEMPATH/CodeIgniter.php(941): App\Controllers\Yacht->yachtRecordEditnew()
 7 SYSTEMPATH/CodeIgniter.php(502): CodeIgniter\CodeIgniter->runController()
 8 SYSTEMPATH/CodeIgniter.php(361): CodeIgniter\CodeIgniter->handleRequest()
 9 FCPATH/index.php(79): CodeIgniter\CodeIgniter->run()
CRITICAL - 2025-01-09 18:06:37 --> ErrorException: Undefined variable $img11
in APPPATH/Views/yacht-detail.php on line 520.
 1 APPPATH/Views/yacht-detail.php(520): CodeIgniter\Debug\Exceptions->errorHandler()
 2 SYSTEMPATH/View/View.php(228): include('/home/u679963801/domains/bookmyyacht.us/public_html/app/Views/yacht-detail.php')
 3 SYSTEMPATH/View/View.php(231): CodeIgniter\View\View->CodeIgniter\View\{closure}()
 4 SYSTEMPATH/Common.php(1178): CodeIgniter\View\View->render()
 5 APPPATH/Controllers/Yacht.php(112): view()
 6 SYSTEMPATH/CodeIgniter.php(941): App\Controllers\Yacht->yachtRecordEditnew()
 7 SYSTEMPATH/CodeIgniter.php(502): CodeIgniter\CodeIgniter->runController()
 8 SYSTEMPATH/CodeIgniter.php(361): CodeIgniter\CodeIgniter->handleRequest()
 9 FCPATH/index.php(79): CodeIgniter\CodeIgniter->run()
CRITICAL - 2025-01-09 18:06:44 --> ErrorException: Undefined variable $img11
in APPPATH/Views/yacht-detail.php on line 520.
 1 APPPATH/Views/yacht-detail.php(520): CodeIgniter\Debug\Exceptions->errorHandler()
 2 SYSTEMPATH/View/View.php(228): include('/home/u679963801/domains/bookmyyacht.us/public_html/app/Views/yacht-detail.php')
 3 SYSTEMPATH/View/View.php(231): CodeIgniter\View\View->CodeIgniter\View\{closure}()
 4 SYSTEMPATH/Common.php(1178): CodeIgniter\View\View->render()
 5 APPPATH/Controllers/Yacht.php(112): view()
 6 SYSTEMPATH/CodeIgniter.php(941): App\Controllers\Yacht->yachtRecordEditnew()
 7 SYSTEMPATH/CodeIgniter.php(502): CodeIgniter\CodeIgniter->runController()
 8 SYSTEMPATH/CodeIgniter.php(361): CodeIgniter\CodeIgniter->handleRequest()
 9 FCPATH/index.php(79): CodeIgniter\CodeIgniter->run()
CRITICAL - 2025-01-09 18:06:45 --> ErrorException: Undefined variable $img11
in APPPATH/Views/yacht-detail.php on line 520.
 1 APPPATH/Views/yacht-detail.php(520): CodeIgniter\Debug\Exceptions->errorHandler()
 2 SYSTEMPATH/View/View.php(228): include('/home/u679963801/domains/bookmyyacht.us/public_html/app/Views/yacht-detail.php')
 3 SYSTEMPATH/View/View.php(231): CodeIgniter\View\View->CodeIgniter\View\{closure}()
 4 SYSTEMPATH/Common.php(1178): CodeIgniter\View\View->render()
 5 APPPATH/Controllers/Yacht.php(112): view()
 6 SYSTEMPATH/CodeIgniter.php(941): App\Controllers\Yacht->yachtRecordEditnew()
 7 SYSTEMPATH/CodeIgniter.php(502): CodeIgniter\CodeIgniter->runController()
 8 SYSTEMPATH/CodeIgniter.php(361): CodeIgniter\CodeIgniter->handleRequest()
 9 FCPATH/index.php(79): CodeIgniter\CodeIgniter->run()
CRITICAL - 2025-01-09 18:06:53 --> ErrorException: Undefined variable $img11
in APPPATH/Views/yacht-detail.php on line 520.
 1 APPPATH/Views/yacht-detail.php(520): CodeIgniter\Debug\Exceptions->errorHandler()
 2 SYSTEMPATH/View/View.php(228): include('/home/u679963801/domains/bookmyyacht.us/public_html/app/Views/yacht-detail.php')
 3 SYSTEMPATH/View/View.php(231): CodeIgniter\View\View->CodeIgniter\View\{closure}()
 4 SYSTEMPATH/Common.php(1178): CodeIgniter\View\View->render()
 5 APPPATH/Controllers/Yacht.php(112): view()
 6 SYSTEMPATH/CodeIgniter.php(941): App\Controllers\Yacht->yachtRecordEditnew()
 7 SYSTEMPATH/CodeIgniter.php(502): CodeIgniter\CodeIgniter->runController()
 8 SYSTEMPATH/CodeIgniter.php(361): CodeIgniter\CodeIgniter->handleRequest()
 9 FCPATH/index.php(79): CodeIgniter\CodeIgniter->run()
CRITICAL - 2025-01-09 18:06:56 --> ErrorException: Undefined variable $img11
in APPPATH/Views/yacht-detail.php on line 520.
 1 APPPATH/Views/yacht-detail.php(520): CodeIgniter\Debug\Exceptions->errorHandler()
 2 SYSTEMPATH/View/View.php(228): include('/home/u679963801/domains/bookmyyacht.us/public_html/app/Views/yacht-detail.php')
 3 SYSTEMPATH/View/View.php(231): CodeIgniter\View\View->CodeIgniter\View\{closure}()
 4 SYSTEMPATH/Common.php(1178): CodeIgniter\View\View->render()
 5 APPPATH/Controllers/Yacht.php(112): view()
 6 SYSTEMPATH/CodeIgniter.php(941): App\Controllers\Yacht->yachtRecordEditnew()
 7 SYSTEMPATH/CodeIgniter.php(502): CodeIgniter\CodeIgniter->runController()
 8 SYSTEMPATH/CodeIgniter.php(361): CodeIgniter\CodeIgniter->handleRequest()
 9 FCPATH/index.php(79): CodeIgniter\CodeIgniter->run()
CRITICAL - 2025-01-09 18:07:26 --> ErrorException: Undefined variable $img11
in APPPATH/Views/yacht-detail.php on line 520.
 1 APPPATH/Views/yacht-detail.php(520): CodeIgniter\Debug\Exceptions->errorHandler()
 2 SYSTEMPATH/View/View.php(228): include('/home/u679963801/domains/bookmyyacht.us/public_html/app/Views/yacht-detail.php')
 3 SYSTEMPATH/View/View.php(231): CodeIgniter\View\View->CodeIgniter\View\{closure}()
 4 SYSTEMPATH/Common.php(1178): CodeIgniter\View\View->render()
 5 APPPATH/Controllers/Yacht.php(112): view()
 6 SYSTEMPATH/CodeIgniter.php(941): App\Controllers\Yacht->yachtRecordEditnew()
 7 SYSTEMPATH/CodeIgniter.php(502): CodeIgniter\CodeIgniter->runController()
 8 SYSTEMPATH/CodeIgniter.php(361): CodeIgniter\CodeIgniter->handleRequest()
 9 FCPATH/index.php(79): CodeIgniter\CodeIgniter->run()
CRITICAL - 2025-01-09 18:07:46 --> ErrorException: Undefined variable $img11
in APPPATH/Views/yacht-detail.php on line 520.
 1 APPPATH/Views/yacht-detail.php(520): CodeIgniter\Debug\Exceptions->errorHandler()
 2 SYSTEMPATH/View/View.php(228): include('/home/u679963801/domains/bookmyyacht.us/public_html/app/Views/yacht-detail.php')
 3 SYSTEMPATH/View/View.php(231): CodeIgniter\View\View->CodeIgniter\View\{closure}()
 4 SYSTEMPATH/Common.php(1178): CodeIgniter\View\View->render()
 5 APPPATH/Controllers/Yacht.php(112): view()
 6 SYSTEMPATH/CodeIgniter.php(941): App\Controllers\Yacht->yachtRecordEditnew()
 7 SYSTEMPATH/CodeIgniter.php(502): CodeIgniter\CodeIgniter->runController()
 8 SYSTEMPATH/CodeIgniter.php(361): CodeIgniter\CodeIgniter->handleRequest()
 9 FCPATH/index.php(79): CodeIgniter\CodeIgniter->run()
CRITICAL - 2025-01-09 18:12:16 --> ErrorException: Undefined variable $img11
in APPPATH/Views/yacht-detail.php on line 520.
 1 APPPATH/Views/yacht-detail.php(520): CodeIgniter\Debug\Exceptions->errorHandler()
 2 SYSTEMPATH/View/View.php(228): include('/home/u679963801/domains/bookmyyacht.us/public_html/app/Views/yacht-detail.php')
 3 SYSTEMPATH/View/View.php(231): CodeIgniter\View\View->CodeIgniter\View\{closure}()
 4 SYSTEMPATH/Common.php(1178): CodeIgniter\View\View->render()
 5 APPPATH/Controllers/Yacht.php(112): view()
 6 SYSTEMPATH/CodeIgniter.php(941): App\Controllers\Yacht->yachtRecordEditnew()
 7 SYSTEMPATH/CodeIgniter.php(502): CodeIgniter\CodeIgniter->runController()
 8 SYSTEMPATH/CodeIgniter.php(361): CodeIgniter\CodeIgniter->handleRequest()
 9 FCPATH/index.php(79): CodeIgniter\CodeIgniter->run()
CRITICAL - 2025-01-09 18:12:16 --> ErrorException: Undefined variable $img11
in APPPATH/Views/yacht-detail.php on line 520.
 1 APPPATH/Views/yacht-detail.php(520): CodeIgniter\Debug\Exceptions->errorHandler()
 2 SYSTEMPATH/View/View.php(228): include('/home/u679963801/domains/bookmyyacht.us/public_html/app/Views/yacht-detail.php')
 3 SYSTEMPATH/View/View.php(231): CodeIgniter\View\View->CodeIgniter\View\{closure}()
 4 SYSTEMPATH/Common.php(1178): CodeIgniter\View\View->render()
 5 APPPATH/Controllers/Yacht.php(112): view()
 6 SYSTEMPATH/CodeIgniter.php(941): App\Controllers\Yacht->yachtRecordEditnew()
 7 SYSTEMPATH/CodeIgniter.php(502): CodeIgniter\CodeIgniter->runController()
 8 SYSTEMPATH/CodeIgniter.php(361): CodeIgniter\CodeIgniter->handleRequest()
 9 FCPATH/index.php(79): CodeIgniter\CodeIgniter->run()
CRITICAL - 2025-01-09 18:49:44 --> ErrorException: Undefined variable $img11
in APPPATH/Views/yacht-detail.php on line 520.
 1 APPPATH/Views/yacht-detail.php(520): CodeIgniter\Debug\Exceptions->errorHandler()
 2 SYSTEMPATH/View/View.php(228): include('/home/u679963801/domains/bookmyyacht.us/public_html/app/Views/yacht-detail.php')
 3 SYSTEMPATH/View/View.php(231): CodeIgniter\View\View->CodeIgniter\View\{closure}()
 4 SYSTEMPATH/Common.php(1178): CodeIgniter\View\View->render()
 5 APPPATH/Controllers/Yacht.php(112): view()
 6 SYSTEMPATH/CodeIgniter.php(941): App\Controllers\Yacht->yachtRecordEditnew()
 7 SYSTEMPATH/CodeIgniter.php(502): CodeIgniter\CodeIgniter->runController()
 8 SYSTEMPATH/CodeIgniter.php(361): CodeIgniter\CodeIgniter->handleRequest()
 9 FCPATH/index.php(79): CodeIgniter\CodeIgniter->run()
CRITICAL - 2025-01-09 18:49:44 --> ErrorException: Undefined variable $img11
in APPPATH/Views/yacht-detail.php on line 520.
 1 APPPATH/Views/yacht-detail.php(520): CodeIgniter\Debug\Exceptions->errorHandler()
 2 SYSTEMPATH/View/View.php(228): include('/home/u679963801/domains/bookmyyacht.us/public_html/app/Views/yacht-detail.php')
 3 SYSTEMPATH/View/View.php(231): CodeIgniter\View\View->CodeIgniter\View\{closure}()
 4 SYSTEMPATH/Common.php(1178): CodeIgniter\View\View->render()
 5 APPPATH/Controllers/Yacht.php(112): view()
 6 SYSTEMPATH/CodeIgniter.php(941): App\Controllers\Yacht->yachtRecordEditnew()
 7 SYSTEMPATH/CodeIgniter.php(502): CodeIgniter\CodeIgniter->runController()
 8 SYSTEMPATH/CodeIgniter.php(361): CodeIgniter\CodeIgniter->handleRequest()
 9 FCPATH/index.php(79): CodeIgniter\CodeIgniter->run()
CRITICAL - 2025-01-09 18:50:41 --> ErrorException: Undefined variable $img11
in APPPATH/Views/yacht-detail.php on line 520.
 1 APPPATH/Views/yacht-detail.php(520): CodeIgniter\Debug\Exceptions->errorHandler()
 2 SYSTEMPATH/View/View.php(228): include('/home/u679963801/domains/bookmyyacht.us/public_html/app/Views/yacht-detail.php')
 3 SYSTEMPATH/View/View.php(231): CodeIgniter\View\View->CodeIgniter\View\{closure}()
 4 SYSTEMPATH/Common.php(1178): CodeIgniter\View\View->render()
 5 APPPATH/Controllers/Yacht.php(112): view()
 6 SYSTEMPATH/CodeIgniter.php(941): App\Controllers\Yacht->yachtRecordEditnew()
 7 SYSTEMPATH/CodeIgniter.php(502): CodeIgniter\CodeIgniter->runController()
 8 SYSTEMPATH/CodeIgniter.php(361): CodeIgniter\CodeIgniter->handleRequest()
 9 FCPATH/index.php(79): CodeIgniter\CodeIgniter->run()
CRITICAL - 2025-01-09 22:02:26 --> ErrorException: Undefined variable $img11
in APPPATH\Views\yacht-detail.php on line 520.
 1 APPPATH\Views\yacht-detail.php(520): CodeIgniter\Debug\Exceptions->errorHandler(2, 'Undefined variable $img11', 'C:\\xampp\\htdocs\\bmy\\app\\Views\\yacht-detail.php', 520)
 2 SYSTEMPATH\View\View.php(228): include('C:\\xampp\\htdocs\\bmy\\app\\Views\\yacht-detail.php')
 3 SYSTEMPATH\View\View.php(231): CodeIgniter\View\View->CodeIgniter\View\{closure}()
 4 SYSTEMPATH\Common.php(1178): CodeIgniter\View\View->render('yacht-detail', [], true)
 5 APPPATH\Controllers\Yacht.php(112): view('yacht-detail', [...])
 6 SYSTEMPATH\CodeIgniter.php(941): App\Controllers\Yacht->yachtRecordEditnew('803')
 7 SYSTEMPATH\CodeIgniter.php(502): CodeIgniter\CodeIgniter->runController(Object(App\Controllers\Yacht))
 8 SYSTEMPATH\CodeIgniter.php(361): CodeIgniter\CodeIgniter->handleRequest(null, Object(Config\Cache), false)
 9 FCPATH\index.php(79): CodeIgniter\CodeIgniter->run()
CRITICAL - 2025-01-09 22:17:19 --> CodeIgniter\Security\Exceptions\SecurityException: The action you requested is not allowed.
in SYSTEMPATH\Security\Security.php on line 300.
 1 SYSTEMPATH\Security\Security.php(300): CodeIgniter\Security\Exceptions\SecurityException::forDisallowedAction()
 2 SYSTEMPATH\Filters\CSRF.php(56): CodeIgniter\Security\Security->verify(Object(CodeIgniter\HTTP\IncomingRequest))
 3 SYSTEMPATH\Filters\Filters.php(182): CodeIgniter\Filters\CSRF->before(Object(CodeIgniter\HTTP\IncomingRequest), null)
 4 SYSTEMPATH\CodeIgniter.php(474): CodeIgniter\Filters\Filters->run('yacht/insert-record', 'before')
 5 SYSTEMPATH\CodeIgniter.php(361): CodeIgniter\CodeIgniter->handleRequest(null, Object(Config\Cache), false)
 6 FCPATH\index.php(79): CodeIgniter\CodeIgniter->run()
CRITICAL - 2025-01-09 22:19:28 --> ErrorException: Undefined variable $img11
in APPPATH\Views\yacht-detail.php on line 520.
 1 APPPATH\Views\yacht-detail.php(520): CodeIgniter\Debug\Exceptions->errorHandler(2, 'Undefined variable $img11', 'C:\\xampp\\htdocs\\bmy\\app\\Views\\yacht-detail.php', 520)
 2 SYSTEMPATH\View\View.php(228): include('C:\\xampp\\htdocs\\bmy\\app\\Views\\yacht-detail.php')
 3 SYSTEMPATH\View\View.php(231): CodeIgniter\View\View->CodeIgniter\View\{closure}()
 4 SYSTEMPATH\Common.php(1178): CodeIgniter\View\View->render('yacht-detail', [], true)
 5 APPPATH\Controllers\Yacht.php(112): view('yacht-detail', [...])
 6 SYSTEMPATH\CodeIgniter.php(941): App\Controllers\Yacht->yachtRecordEditnew('814')
 7 SYSTEMPATH\CodeIgniter.php(502): CodeIgniter\CodeIgniter->runController(Object(App\Controllers\Yacht))
 8 SYSTEMPATH\CodeIgniter.php(361): CodeIgniter\CodeIgniter->handleRequest(null, Object(Config\Cache), false)
 9 FCPATH\index.php(79): CodeIgniter\CodeIgniter->run()
CRITICAL - 2025-01-09 22:20:43 --> ErrorException: Undefined variable $img11
in APPPATH\Views\yacht-detail.php on line 520.
 1 APPPATH\Views\yacht-detail.php(520): CodeIgniter\Debug\Exceptions->errorHandler(2, 'Undefined variable $img11', 'C:\\xampp\\htdocs\\bmy\\app\\Views\\yacht-detail.php', 520)
 2 SYSTEMPATH\View\View.php(228): include('C:\\xampp\\htdocs\\bmy\\app\\Views\\yacht-detail.php')
 3 SYSTEMPATH\View\View.php(231): CodeIgniter\View\View->CodeIgniter\View\{closure}()
 4 SYSTEMPATH\Common.php(1178): CodeIgniter\View\View->render('yacht-detail', [], true)
 5 APPPATH\Controllers\Yacht.php(112): view('yacht-detail', [...])
 6 SYSTEMPATH\CodeIgniter.php(941): App\Controllers\Yacht->yachtRecordEditnew('814')
 7 SYSTEMPATH\CodeIgniter.php(502): CodeIgniter\CodeIgniter->runController(Object(App\Controllers\Yacht))
 8 SYSTEMPATH\CodeIgniter.php(361): CodeIgniter\CodeIgniter->handleRequest(null, Object(Config\Cache), false)
 9 FCPATH\index.php(79): CodeIgniter\CodeIgniter->run()
CRITICAL - 2025-01-09 22:20:44 --> ErrorException: Undefined variable $img11
in APPPATH\Views\yacht-detail.php on line 520.
 1 APPPATH\Views\yacht-detail.php(520): CodeIgniter\Debug\Exceptions->errorHandler(2, 'Undefined variable $img11', 'C:\\xampp\\htdocs\\bmy\\app\\Views\\yacht-detail.php', 520)
 2 SYSTEMPATH\View\View.php(228): include('C:\\xampp\\htdocs\\bmy\\app\\Views\\yacht-detail.php')
 3 SYSTEMPATH\View\View.php(231): CodeIgniter\View\View->CodeIgniter\View\{closure}()
 4 SYSTEMPATH\Common.php(1178): CodeIgniter\View\View->render('yacht-detail', [], true)
 5 APPPATH\Controllers\Yacht.php(112): view('yacht-detail', [...])
 6 SYSTEMPATH\CodeIgniter.php(941): App\Controllers\Yacht->yachtRecordEditnew('814')
 7 SYSTEMPATH\CodeIgniter.php(502): CodeIgniter\CodeIgniter->runController(Object(App\Controllers\Yacht))
 8 SYSTEMPATH\CodeIgniter.php(361): CodeIgniter\CodeIgniter->handleRequest(null, Object(Config\Cache), false)
 9 FCPATH\index.php(79): CodeIgniter\CodeIgniter->run()
CRITICAL - 2025-01-09 22:20:53 --> ErrorException: Undefined variable $img11
in APPPATH\Views\yacht-detail.php on line 520.
 1 APPPATH\Views\yacht-detail.php(520): CodeIgniter\Debug\Exceptions->errorHandler(2, 'Undefined variable $img11', 'C:\\xampp\\htdocs\\bmy\\app\\Views\\yacht-detail.php', 520)
 2 SYSTEMPATH\View\View.php(228): include('C:\\xampp\\htdocs\\bmy\\app\\Views\\yacht-detail.php')
 3 SYSTEMPATH\View\View.php(231): CodeIgniter\View\View->CodeIgniter\View\{closure}()
 4 SYSTEMPATH\Common.php(1178): CodeIgniter\View\View->render('yacht-detail', [], true)
 5 APPPATH\Controllers\Yacht.php(112): view('yacht-detail', [...])
 6 SYSTEMPATH\CodeIgniter.php(941): App\Controllers\Yacht->yachtRecordEditnew('814')
 7 SYSTEMPATH\CodeIgniter.php(502): CodeIgniter\CodeIgniter->runController(Object(App\Controllers\Yacht))
 8 SYSTEMPATH\CodeIgniter.php(361): CodeIgniter\CodeIgniter->handleRequest(null, Object(Config\Cache), false)
 9 FCPATH\index.php(79): CodeIgniter\CodeIgniter->run()
CRITICAL - 2025-01-09 22:20:54 --> ErrorException: Undefined variable $img11
in APPPATH\Views\yacht-detail.php on line 520.
 1 APPPATH\Views\yacht-detail.php(520): CodeIgniter\Debug\Exceptions->errorHandler(2, 'Undefined variable $img11', 'C:\\xampp\\htdocs\\bmy\\app\\Views\\yacht-detail.php', 520)
 2 SYSTEMPATH\View\View.php(228): include('C:\\xampp\\htdocs\\bmy\\app\\Views\\yacht-detail.php')
 3 SYSTEMPATH\View\View.php(231): CodeIgniter\View\View->CodeIgniter\View\{closure}()
 4 SYSTEMPATH\Common.php(1178): CodeIgniter\View\View->render('yacht-detail', [], true)
 5 APPPATH\Controllers\Yacht.php(112): view('yacht-detail', [...])
 6 SYSTEMPATH\CodeIgniter.php(941): App\Controllers\Yacht->yachtRecordEditnew('814')
 7 SYSTEMPATH\CodeIgniter.php(502): CodeIgniter\CodeIgniter->runController(Object(App\Controllers\Yacht))
 8 SYSTEMPATH\CodeIgniter.php(361): CodeIgniter\CodeIgniter->handleRequest(null, Object(Config\Cache), false)
 9 FCPATH\index.php(79): CodeIgniter\CodeIgniter->run()
CRITICAL - 2025-01-09 22:20:58 --> ErrorException: Undefined variable $img11
in APPPATH\Views\yacht-detail.php on line 520.
 1 APPPATH\Views\yacht-detail.php(520): CodeIgniter\Debug\Exceptions->errorHandler(2, 'Undefined variable $img11', 'C:\\xampp\\htdocs\\bmy\\app\\Views\\yacht-detail.php', 520)
 2 SYSTEMPATH\View\View.php(228): include('C:\\xampp\\htdocs\\bmy\\app\\Views\\yacht-detail.php')
 3 SYSTEMPATH\View\View.php(231): CodeIgniter\View\View->CodeIgniter\View\{closure}()
 4 SYSTEMPATH\Common.php(1178): CodeIgniter\View\View->render('yacht-detail', [], true)
 5 APPPATH\Controllers\Yacht.php(112): view('yacht-detail', [...])
 6 SYSTEMPATH\CodeIgniter.php(941): App\Controllers\Yacht->yachtRecordEditnew('814')
 7 SYSTEMPATH\CodeIgniter.php(502): CodeIgniter\CodeIgniter->runController(Object(App\Controllers\Yacht))
 8 SYSTEMPATH\CodeIgniter.php(361): CodeIgniter\CodeIgniter->handleRequest(null, Object(Config\Cache), false)
 9 FCPATH\index.php(79): CodeIgniter\CodeIgniter->run()
CRITICAL - 2025-01-09 22:21:29 --> ErrorException: Undefined variable $img11
in APPPATH\Views\yacht-detail.php on line 520.
 1 APPPATH\Views\yacht-detail.php(520): CodeIgniter\Debug\Exceptions->errorHandler(2, 'Undefined variable $img11', 'C:\\xampp\\htdocs\\bmy\\app\\Views\\yacht-detail.php', 520)
 2 SYSTEMPATH\View\View.php(228): include('C:\\xampp\\htdocs\\bmy\\app\\Views\\yacht-detail.php')
 3 SYSTEMPATH\View\View.php(231): CodeIgniter\View\View->CodeIgniter\View\{closure}()
 4 SYSTEMPATH\Common.php(1178): CodeIgniter\View\View->render('yacht-detail', [], true)
 5 APPPATH\Controllers\Yacht.php(112): view('yacht-detail', [...])
 6 SYSTEMPATH\CodeIgniter.php(941): App\Controllers\Yacht->yachtRecordEditnew('814')
 7 SYSTEMPATH\CodeIgniter.php(502): CodeIgniter\CodeIgniter->runController(Object(App\Controllers\Yacht))
 8 SYSTEMPATH\CodeIgniter.php(361): CodeIgniter\CodeIgniter->handleRequest(null, Object(Config\Cache), false)
 9 FCPATH\index.php(79): CodeIgniter\CodeIgniter->run()
CRITICAL - 2025-01-09 22:21:53 --> ErrorException: Undefined variable $img11
in APPPATH\Views\yacht-detail.php on line 520.
 1 APPPATH\Views\yacht-detail.php(520): CodeIgniter\Debug\Exceptions->errorHandler(2, 'Undefined variable $img11', 'C:\\xampp\\htdocs\\bmy\\app\\Views\\yacht-detail.php', 520)
 2 SYSTEMPATH\View\View.php(228): include('C:\\xampp\\htdocs\\bmy\\app\\Views\\yacht-detail.php')
 3 SYSTEMPATH\View\View.php(231): CodeIgniter\View\View->CodeIgniter\View\{closure}()
 4 SYSTEMPATH\Common.php(1178): CodeIgniter\View\View->render('yacht-detail', [], true)
 5 APPPATH\Controllers\Yacht.php(112): view('yacht-detail', [...])
 6 SYSTEMPATH\CodeIgniter.php(941): App\Controllers\Yacht->yachtRecordEditnew('814')
 7 SYSTEMPATH\CodeIgniter.php(502): CodeIgniter\CodeIgniter->runController(Object(App\Controllers\Yacht))
 8 SYSTEMPATH\CodeIgniter.php(361): CodeIgniter\CodeIgniter->handleRequest(null, Object(Config\Cache), false)
 9 FCPATH\index.php(79): CodeIgniter\CodeIgniter->run()
CRITICAL - 2025-01-09 22:21:55 --> ErrorException: Undefined variable $img11
in APPPATH\Views\yacht-detail.php on line 520.
 1 APPPATH\Views\yacht-detail.php(520): CodeIgniter\Debug\Exceptions->errorHandler(2, 'Undefined variable $img11', 'C:\\xampp\\htdocs\\bmy\\app\\Views\\yacht-detail.php', 520)
 2 SYSTEMPATH\View\View.php(228): include('C:\\xampp\\htdocs\\bmy\\app\\Views\\yacht-detail.php')
 3 SYSTEMPATH\View\View.php(231): CodeIgniter\View\View->CodeIgniter\View\{closure}()
 4 SYSTEMPATH\Common.php(1178): CodeIgniter\View\View->render('yacht-detail', [], true)
 5 APPPATH\Controllers\Yacht.php(112): view('yacht-detail', [...])
 6 SYSTEMPATH\CodeIgniter.php(941): App\Controllers\Yacht->yachtRecordEditnew('814')
 7 SYSTEMPATH\CodeIgniter.php(502): CodeIgniter\CodeIgniter->runController(Object(App\Controllers\Yacht))
 8 SYSTEMPATH\CodeIgniter.php(361): CodeIgniter\CodeIgniter->handleRequest(null, Object(Config\Cache), false)
 9 FCPATH\index.php(79): CodeIgniter\CodeIgniter->run()
CRITICAL - 2025-01-09 22:23:05 --> ErrorException: Undefined variable $img11
in APPPATH\Views\yacht-detail.php on line 520.
 1 APPPATH\Views\yacht-detail.php(520): CodeIgniter\Debug\Exceptions->errorHandler(2, 'Undefined variable $img11', 'C:\\xampp\\htdocs\\bmy\\app\\Views\\yacht-detail.php', 520)
 2 SYSTEMPATH\View\View.php(228): include('C:\\xampp\\htdocs\\bmy\\app\\Views\\yacht-detail.php')
 3 SYSTEMPATH\View\View.php(231): CodeIgniter\View\View->CodeIgniter\View\{closure}()
 4 SYSTEMPATH\Common.php(1178): CodeIgniter\View\View->render('yacht-detail', [], true)
 5 APPPATH\Controllers\Yacht.php(112): view('yacht-detail', [...])
 6 SYSTEMPATH\CodeIgniter.php(941): App\Controllers\Yacht->yachtRecordEditnew('814')
 7 SYSTEMPATH\CodeIgniter.php(502): CodeIgniter\CodeIgniter->runController(Object(App\Controllers\Yacht))
 8 SYSTEMPATH\CodeIgniter.php(361): CodeIgniter\CodeIgniter->handleRequest(null, Object(Config\Cache), false)
 9 FCPATH\index.php(79): CodeIgniter\CodeIgniter->run()
CRITICAL - 2025-01-09 22:23:14 --> ErrorException: Undefined variable $img11
in APPPATH\Views\yacht-detail.php on line 520.
 1 APPPATH\Views\yacht-detail.php(520): CodeIgniter\Debug\Exceptions->errorHandler(2, 'Undefined variable $img11', 'C:\\xampp\\htdocs\\bmy\\app\\Views\\yacht-detail.php', 520)
 2 SYSTEMPATH\View\View.php(228): include('C:\\xampp\\htdocs\\bmy\\app\\Views\\yacht-detail.php')
 3 SYSTEMPATH\View\View.php(231): CodeIgniter\View\View->CodeIgniter\View\{closure}()
 4 SYSTEMPATH\Common.php(1178): CodeIgniter\View\View->render('yacht-detail', [], true)
 5 APPPATH\Controllers\Yacht.php(112): view('yacht-detail', [...])
 6 SYSTEMPATH\CodeIgniter.php(941): App\Controllers\Yacht->yachtRecordEditnew('814')
 7 SYSTEMPATH\CodeIgniter.php(502): CodeIgniter\CodeIgniter->runController(Object(App\Controllers\Yacht))
 8 SYSTEMPATH\CodeIgniter.php(361): CodeIgniter\CodeIgniter->handleRequest(null, Object(Config\Cache), false)
 9 FCPATH\index.php(79): CodeIgniter\CodeIgniter->run()
CRITICAL - 2025-01-09 22:26:07 --> TypeError: implode(): Argument #1 ($array) must be of type array, string given
in APPPATH\Controllers\Home.php on line 453.
 1 APPPATH\Controllers\Home.php(453): implode(',', null)
 2 SYSTEMPATH\CodeIgniter.php(941): App\Controllers\Home->yachtRecordInsert()
 3 SYSTEMPATH\CodeIgniter.php(502): CodeIgniter\CodeIgniter->runController(Object(App\Controllers\Home))
 4 SYSTEMPATH\CodeIgniter.php(361): CodeIgniter\CodeIgniter->handleRequest(null, Object(Config\Cache), false)
 5 FCPATH\index.php(79): CodeIgniter\CodeIgniter->run()
CRITICAL - 2025-01-09 22:26:21 --> ErrorException: foreach() argument must be of type array|object, null given
in APPPATH\Controllers\Home.php on line 527.
 1 APPPATH\Controllers\Home.php(527): CodeIgniter\Debug\Exceptions->errorHandler(2, 'foreach() argument must be of type array|object, null given', 'C:\\xampp\\htdocs\\bmy\\app\\Controllers\\Home.php', 527)
 2 SYSTEMPATH\CodeIgniter.php(941): App\Controllers\Home->yachtRecordInsert()
 3 SYSTEMPATH\CodeIgniter.php(502): CodeIgniter\CodeIgniter->runController(Object(App\Controllers\Home))
 4 SYSTEMPATH\CodeIgniter.php(361): CodeIgniter\CodeIgniter->handleRequest(null, Object(Config\Cache), false)
 5 FCPATH\index.php(79): CodeIgniter\CodeIgniter->run()
CRITICAL - 2025-01-09 22:27:01 --> ErrorException: Undefined variable $img22
in APPPATH\Views\yacht-detail.php on line 580.
 1 APPPATH\Views\yacht-detail.php(580): CodeIgniter\Debug\Exceptions->errorHandler(2, 'Undefined variable $img22', 'C:\\xampp\\htdocs\\bmy\\app\\Views\\yacht-detail.php', 580)
 2 SYSTEMPATH\View\View.php(228): include('C:\\xampp\\htdocs\\bmy\\app\\Views\\yacht-detail.php')
 3 SYSTEMPATH\View\View.php(231): CodeIgniter\View\View->CodeIgniter\View\{closure}()
 4 SYSTEMPATH\Common.php(1178): CodeIgniter\View\View->render('yacht-detail', [], true)
 5 APPPATH\Controllers\Yacht.php(112): view('yacht-detail', [...])
 6 SYSTEMPATH\CodeIgniter.php(941): App\Controllers\Yacht->yachtRecordEditnew('816')
 7 SYSTEMPATH\CodeIgniter.php(502): CodeIgniter\CodeIgniter->runController(Object(App\Controllers\Yacht))
 8 SYSTEMPATH\CodeIgniter.php(361): CodeIgniter\CodeIgniter->handleRequest(null, Object(Config\Cache), false)
 9 FCPATH\index.php(79): CodeIgniter\CodeIgniter->run()
CRITICAL - 2025-01-09 22:30:59 --> ErrorException: foreach() argument must be of type array|object, null given
in APPPATH\Controllers\Home.php on line 527.
 1 APPPATH\Controllers\Home.php(527): CodeIgniter\Debug\Exceptions->errorHandler(2, 'foreach() argument must be of type array|object, null given', 'C:\\xampp\\htdocs\\bmy\\app\\Controllers\\Home.php', 527)
 2 SYSTEMPATH\CodeIgniter.php(941): App\Controllers\Home->yachtRecordInsert()
 3 SYSTEMPATH\CodeIgniter.php(502): CodeIgniter\CodeIgniter->runController(Object(App\Controllers\Home))
 4 SYSTEMPATH\CodeIgniter.php(361): CodeIgniter\CodeIgniter->handleRequest(null, Object(Config\Cache), false)
 5 FCPATH\index.php(79): CodeIgniter\CodeIgniter->run()
CRITICAL - 2025-01-09 22:37:42 --> ErrorException: Undefined variable $img22
in APPPATH\Views\yacht-detail.php on line 580.
 1 APPPATH\Views\yacht-detail.php(580): CodeIgniter\Debug\Exceptions->errorHandler(2, 'Undefined variable $img22', 'C:\\xampp\\htdocs\\bmy\\app\\Views\\yacht-detail.php', 580)
 2 SYSTEMPATH\View\View.php(228): include('C:\\xampp\\htdocs\\bmy\\app\\Views\\yacht-detail.php')
 3 SYSTEMPATH\View\View.php(231): CodeIgniter\View\View->CodeIgniter\View\{closure}()
 4 SYSTEMPATH\Common.php(1178): CodeIgniter\View\View->render('yacht-detail', [], true)
 5 APPPATH\Controllers\Yacht.php(112): view('yacht-detail', [...])
 6 SYSTEMPATH\CodeIgniter.php(941): App\Controllers\Yacht->yachtRecordEditnew('814')
 7 SYSTEMPATH\CodeIgniter.php(502): CodeIgniter\CodeIgniter->runController(Object(App\Controllers\Yacht))
 8 SYSTEMPATH\CodeIgniter.php(361): CodeIgniter\CodeIgniter->handleRequest(null, Object(Config\Cache), false)
 9 FCPATH\index.php(79): CodeIgniter\CodeIgniter->run()
CRITICAL - 2025-01-09 22:39:39 --> TypeError: implode(): Argument #1 ($array) must be of type array, string given
in APPPATH\Controllers\Home.php on line 453.
 1 APPPATH\Controllers\Home.php(453): implode(',', null)
 2 SYSTEMPATH\CodeIgniter.php(941): App\Controllers\Home->yachtRecordInsert()
 3 SYSTEMPATH\CodeIgniter.php(502): CodeIgniter\CodeIgniter->runController(Object(App\Controllers\Home))
 4 SYSTEMPATH\CodeIgniter.php(361): CodeIgniter\CodeIgniter->handleRequest(null, Object(Config\Cache), false)
 5 FCPATH\index.php(79): CodeIgniter\CodeIgniter->run()
CRITICAL - 2025-01-09 22:40:05 --> ErrorException: Undefined variable $img11
in APPPATH\Views\yacht-detail.php on line 520.
 1 APPPATH\Views\yacht-detail.php(520): CodeIgniter\Debug\Exceptions->errorHandler(2, 'Undefined variable $img11', 'C:\\xampp\\htdocs\\bmy\\app\\Views\\yacht-detail.php', 520)
 2 SYSTEMPATH\View\View.php(228): include('C:\\xampp\\htdocs\\bmy\\app\\Views\\yacht-detail.php')
 3 SYSTEMPATH\View\View.php(231): CodeIgniter\View\View->CodeIgniter\View\{closure}()
 4 SYSTEMPATH\Common.php(1178): CodeIgniter\View\View->render('yacht-detail', [], true)
 5 APPPATH\Controllers\Yacht.php(112): view('yacht-detail', [...])
 6 SYSTEMPATH\CodeIgniter.php(941): App\Controllers\Yacht->yachtRecordEditnew('814')
 7 SYSTEMPATH\CodeIgniter.php(502): CodeIgniter\CodeIgniter->runController(Object(App\Controllers\Yacht))
 8 SYSTEMPATH\CodeIgniter.php(361): CodeIgniter\CodeIgniter->handleRequest(null, Object(Config\Cache), false)
 9 FCPATH\index.php(79): CodeIgniter\CodeIgniter->run()
CRITICAL - 2025-01-09 22:40:47 --> CodeIgniter\Security\Exceptions\SecurityException: The action you requested is not allowed.
in SYSTEMPATH\Security\Security.php on line 300.
 1 SYSTEMPATH\Security\Security.php(300): CodeIgniter\Security\Exceptions\SecurityException::forDisallowedAction()
 2 SYSTEMPATH\Filters\CSRF.php(56): CodeIgniter\Security\Security->verify(Object(CodeIgniter\HTTP\IncomingRequest))
 3 SYSTEMPATH\Filters\Filters.php(182): CodeIgniter\Filters\CSRF->before(Object(CodeIgniter\HTTP\IncomingRequest), null)
 4 SYSTEMPATH\CodeIgniter.php(474): CodeIgniter\Filters\Filters->run('yacht/insert-record', 'before')
 5 SYSTEMPATH\CodeIgniter.php(361): CodeIgniter\CodeIgniter->handleRequest(null, Object(Config\Cache), false)
 6 FCPATH\index.php(79): CodeIgniter\CodeIgniter->run()
CRITICAL - 2025-01-09 22:41:15 --> ErrorException: Undefined variable $img22
in APPPATH\Views\yacht-detail.php on line 580.
 1 APPPATH\Views\yacht-detail.php(580): CodeIgniter\Debug\Exceptions->errorHandler(2, 'Undefined variable $img22', 'C:\\xampp\\htdocs\\bmy\\app\\Views\\yacht-detail.php', 580)
 2 SYSTEMPATH\View\View.php(228): include('C:\\xampp\\htdocs\\bmy\\app\\Views\\yacht-detail.php')
 3 SYSTEMPATH\View\View.php(231): CodeIgniter\View\View->CodeIgniter\View\{closure}()
 4 SYSTEMPATH\Common.php(1178): CodeIgniter\View\View->render('yacht-detail', [], true)
 5 APPPATH\Controllers\Yacht.php(112): view('yacht-detail', [...])
 6 SYSTEMPATH\CodeIgniter.php(941): App\Controllers\Yacht->yachtRecordEditnew('814')
 7 SYSTEMPATH\CodeIgniter.php(502): CodeIgniter\CodeIgniter->runController(Object(App\Controllers\Yacht))
 8 SYSTEMPATH\CodeIgniter.php(361): CodeIgniter\CodeIgniter->handleRequest(null, Object(Config\Cache), false)
 9 FCPATH\index.php(79): CodeIgniter\CodeIgniter->run()
CRITICAL - 2025-01-09 22:41:16 --> ErrorException: Undefined variable $img22
in APPPATH\Views\yacht-detail.php on line 580.
 1 APPPATH\Views\yacht-detail.php(580): CodeIgniter\Debug\Exceptions->errorHandler(2, 'Undefined variable $img22', 'C:\\xampp\\htdocs\\bmy\\app\\Views\\yacht-detail.php', 580)
 2 SYSTEMPATH\View\View.php(228): include('C:\\xampp\\htdocs\\bmy\\app\\Views\\yacht-detail.php')
 3 SYSTEMPATH\View\View.php(231): CodeIgniter\View\View->CodeIgniter\View\{closure}()
 4 SYSTEMPATH\Common.php(1178): CodeIgniter\View\View->render('yacht-detail', [], true)
 5 APPPATH\Controllers\Yacht.php(112): view('yacht-detail', [...])
 6 SYSTEMPATH\CodeIgniter.php(941): App\Controllers\Yacht->yachtRecordEditnew('814')
 7 SYSTEMPATH\CodeIgniter.php(502): CodeIgniter\CodeIgniter->runController(Object(App\Controllers\Yacht))
 8 SYSTEMPATH\CodeIgniter.php(361): CodeIgniter\CodeIgniter->handleRequest(null, Object(Config\Cache), false)
 9 FCPATH\index.php(79): CodeIgniter\CodeIgniter->run()
CRITICAL - 2025-01-09 22:41:21 --> ErrorException: Undefined variable $img22
in APPPATH\Views\yacht-detail.php on line 580.
 1 APPPATH\Views\yacht-detail.php(580): CodeIgniter\Debug\Exceptions->errorHandler(2, 'Undefined variable $img22', 'C:\\xampp\\htdocs\\bmy\\app\\Views\\yacht-detail.php', 580)
 2 SYSTEMPATH\View\View.php(228): include('C:\\xampp\\htdocs\\bmy\\app\\Views\\yacht-detail.php')
 3 SYSTEMPATH\View\View.php(231): CodeIgniter\View\View->CodeIgniter\View\{closure}()
 4 SYSTEMPATH\Common.php(1178): CodeIgniter\View\View->render('yacht-detail', [], true)
 5 APPPATH\Controllers\Yacht.php(112): view('yacht-detail', [...])
 6 SYSTEMPATH\CodeIgniter.php(941): App\Controllers\Yacht->yachtRecordEditnew('814')
 7 SYSTEMPATH\CodeIgniter.php(502): CodeIgniter\CodeIgniter->runController(Object(App\Controllers\Yacht))
 8 SYSTEMPATH\CodeIgniter.php(361): CodeIgniter\CodeIgniter->handleRequest(null, Object(Config\Cache), false)
 9 FCPATH\index.php(79): CodeIgniter\CodeIgniter->run()
CRITICAL - 2025-01-09 22:41:31 --> ErrorException: Undefined variable $img22
in APPPATH\Views\yacht-detail.php on line 580.
 1 APPPATH\Views\yacht-detail.php(580): CodeIgniter\Debug\Exceptions->errorHandler(2, 'Undefined variable $img22', 'C:\\xampp\\htdocs\\bmy\\app\\Views\\yacht-detail.php', 580)
 2 SYSTEMPATH\View\View.php(228): include('C:\\xampp\\htdocs\\bmy\\app\\Views\\yacht-detail.php')
 3 SYSTEMPATH\View\View.php(231): CodeIgniter\View\View->CodeIgniter\View\{closure}()
 4 SYSTEMPATH\Common.php(1178): CodeIgniter\View\View->render('yacht-detail', [], true)
 5 APPPATH\Controllers\Yacht.php(112): view('yacht-detail', [...])
 6 SYSTEMPATH\CodeIgniter.php(941): App\Controllers\Yacht->yachtRecordEditnew('814')
 7 SYSTEMPATH\CodeIgniter.php(502): CodeIgniter\CodeIgniter->runController(Object(App\Controllers\Yacht))
 8 SYSTEMPATH\CodeIgniter.php(361): CodeIgniter\CodeIgniter->handleRequest(null, Object(Config\Cache), false)
 9 FCPATH\index.php(79): CodeIgniter\CodeIgniter->run()
CRITICAL - 2025-01-09 22:41:43 --> ErrorException: Undefined variable $img22
in APPPATH\Views\yacht-detail.php on line 580.
 1 APPPATH\Views\yacht-detail.php(580): CodeIgniter\Debug\Exceptions->errorHandler(2, 'Undefined variable $img22', 'C:\\xampp\\htdocs\\bmy\\app\\Views\\yacht-detail.php', 580)
 2 SYSTEMPATH\View\View.php(228): include('C:\\xampp\\htdocs\\bmy\\app\\Views\\yacht-detail.php')
 3 SYSTEMPATH\View\View.php(231): CodeIgniter\View\View->CodeIgniter\View\{closure}()
 4 SYSTEMPATH\Common.php(1178): CodeIgniter\View\View->render('yacht-detail', [], true)
 5 APPPATH\Controllers\Yacht.php(112): view('yacht-detail', [...])
 6 SYSTEMPATH\CodeIgniter.php(941): App\Controllers\Yacht->yachtRecordEditnew('814')
 7 SYSTEMPATH\CodeIgniter.php(502): CodeIgniter\CodeIgniter->runController(Object(App\Controllers\Yacht))
 8 SYSTEMPATH\CodeIgniter.php(361): CodeIgniter\CodeIgniter->handleRequest(null, Object(Config\Cache), false)
 9 FCPATH\index.php(79): CodeIgniter\CodeIgniter->run()
CRITICAL - 2025-01-09 22:41:44 --> ErrorException: Undefined variable $img22
in APPPATH\Views\yacht-detail.php on line 580.
 1 APPPATH\Views\yacht-detail.php(580): CodeIgniter\Debug\Exceptions->errorHandler(2, 'Undefined variable $img22', 'C:\\xampp\\htdocs\\bmy\\app\\Views\\yacht-detail.php', 580)
 2 SYSTEMPATH\View\View.php(228): include('C:\\xampp\\htdocs\\bmy\\app\\Views\\yacht-detail.php')
 3 SYSTEMPATH\View\View.php(231): CodeIgniter\View\View->CodeIgniter\View\{closure}()
 4 SYSTEMPATH\Common.php(1178): CodeIgniter\View\View->render('yacht-detail', [], true)
 5 APPPATH\Controllers\Yacht.php(112): view('yacht-detail', [...])
 6 SYSTEMPATH\CodeIgniter.php(941): App\Controllers\Yacht->yachtRecordEditnew('814')
 7 SYSTEMPATH\CodeIgniter.php(502): CodeIgniter\CodeIgniter->runController(Object(App\Controllers\Yacht))
 8 SYSTEMPATH\CodeIgniter.php(361): CodeIgniter\CodeIgniter->handleRequest(null, Object(Config\Cache), false)
 9 FCPATH\index.php(79): CodeIgniter\CodeIgniter->run()
CRITICAL - 2025-01-09 22:41:55 --> ErrorException: Undefined variable $img22
in APPPATH\Views\yacht-detail.php on line 580.
 1 APPPATH\Views\yacht-detail.php(580): CodeIgniter\Debug\Exceptions->errorHandler(2, 'Undefined variable $img22', 'C:\\xampp\\htdocs\\bmy\\app\\Views\\yacht-detail.php', 580)
 2 SYSTEMPATH\View\View.php(228): include('C:\\xampp\\htdocs\\bmy\\app\\Views\\yacht-detail.php')
 3 SYSTEMPATH\View\View.php(231): CodeIgniter\View\View->CodeIgniter\View\{closure}()
 4 SYSTEMPATH\Common.php(1178): CodeIgniter\View\View->render('yacht-detail', [], true)
 5 APPPATH\Controllers\Yacht.php(112): view('yacht-detail', [...])
 6 SYSTEMPATH\CodeIgniter.php(941): App\Controllers\Yacht->yachtRecordEditnew('815')
 7 SYSTEMPATH\CodeIgniter.php(502): CodeIgniter\CodeIgniter->runController(Object(App\Controllers\Yacht))
 8 SYSTEMPATH\CodeIgniter.php(361): CodeIgniter\CodeIgniter->handleRequest(null, Object(Config\Cache), false)
 9 FCPATH\index.php(79): CodeIgniter\CodeIgniter->run()
CRITICAL - 2025-01-09 22:42:27 --> ErrorException: foreach() argument must be of type array|object, null given
in APPPATH\Controllers\Home.php on line 527.
 1 APPPATH\Controllers\Home.php(527): CodeIgniter\Debug\Exceptions->errorHandler(2, 'foreach() argument must be of type array|object, null given', 'C:\\xampp\\htdocs\\bmy\\app\\Controllers\\Home.php', 527)
 2 SYSTEMPATH\CodeIgniter.php(941): App\Controllers\Home->yachtRecordInsert()
 3 SYSTEMPATH\CodeIgniter.php(502): CodeIgniter\CodeIgniter->runController(Object(App\Controllers\Home))
 4 SYSTEMPATH\CodeIgniter.php(361): CodeIgniter\CodeIgniter->handleRequest(null, Object(Config\Cache), false)
 5 FCPATH\index.php(79): CodeIgniter\CodeIgniter->run()
CRITICAL - 2025-01-09 22:47:02 --> ErrorException: Undefined variable $img11
in APPPATH\Views\yacht-detail.php on line 520.
 1 APPPATH\Views\yacht-detail.php(520): CodeIgniter\Debug\Exceptions->errorHandler(2, 'Undefined variable $img11', 'C:\\xampp\\htdocs\\bmy\\app\\Views\\yacht-detail.php', 520)
 2 SYSTEMPATH\View\View.php(228): include('C:\\xampp\\htdocs\\bmy\\app\\Views\\yacht-detail.php')
 3 SYSTEMPATH\View\View.php(231): CodeIgniter\View\View->CodeIgniter\View\{closure}()
 4 SYSTEMPATH\Common.php(1178): CodeIgniter\View\View->render('yacht-detail', [], true)
 5 APPPATH\Controllers\Yacht.php(112): view('yacht-detail', [...])
 6 SYSTEMPATH\CodeIgniter.php(941): App\Controllers\Yacht->yachtRecordEditnew('814')
 7 SYSTEMPATH\CodeIgniter.php(502): CodeIgniter\CodeIgniter->runController(Object(App\Controllers\Yacht))
 8 SYSTEMPATH\CodeIgniter.php(361): CodeIgniter\CodeIgniter->handleRequest(null, Object(Config\Cache), false)
 9 FCPATH\index.php(79): CodeIgniter\CodeIgniter->run()
CRITICAL - 2025-01-09 22:48:15 --> ErrorException: Undefined variable $img22
in APPPATH\Views\yacht-detail.php on line 580.
 1 APPPATH\Views\yacht-detail.php(580): CodeIgniter\Debug\Exceptions->errorHandler(2, 'Undefined variable $img22', 'C:\\xampp\\htdocs\\bmy\\app\\Views\\yacht-detail.php', 580)
 2 SYSTEMPATH\View\View.php(228): include('C:\\xampp\\htdocs\\bmy\\app\\Views\\yacht-detail.php')
 3 SYSTEMPATH\View\View.php(231): CodeIgniter\View\View->CodeIgniter\View\{closure}()
 4 SYSTEMPATH\Common.php(1178): CodeIgniter\View\View->render('yacht-detail', [], true)
 5 APPPATH\Controllers\Yacht.php(112): view('yacht-detail', [...])
 6 SYSTEMPATH\CodeIgniter.php(941): App\Controllers\Yacht->yachtRecordEditnew('815')
 7 SYSTEMPATH\CodeIgniter.php(502): CodeIgniter\CodeIgniter->runController(Object(App\Controllers\Yacht))
 8 SYSTEMPATH\CodeIgniter.php(361): CodeIgniter\CodeIgniter->handleRequest(null, Object(Config\Cache), false)
 9 FCPATH\index.php(79): CodeIgniter\CodeIgniter->run()
CRITICAL - 2025-01-09 22:49:00 --> TypeError: implode(): Argument #1 ($array) must be of type array, string given
in APPPATH\Controllers\Home.php on line 453.
 1 APPPATH\Controllers\Home.php(453): implode(',', null)
 2 SYSTEMPATH\CodeIgniter.php(941): App\Controllers\Home->yachtRecordInsert()
 3 SYSTEMPATH\CodeIgniter.php(502): CodeIgniter\CodeIgniter->runController(Object(App\Controllers\Home))
 4 SYSTEMPATH\CodeIgniter.php(361): CodeIgniter\CodeIgniter->handleRequest(null, Object(Config\Cache), false)
 5 FCPATH\index.php(79): CodeIgniter\CodeIgniter->run()
CRITICAL - 2025-01-09 22:51:48 --> ErrorException: Undefined variable $img11
in APPPATH\Views\yacht-detail.php on line 520.
 1 APPPATH\Views\yacht-detail.php(520): CodeIgniter\Debug\Exceptions->errorHandler(2, 'Undefined variable $img11', 'C:\\xampp\\htdocs\\bmy\\app\\Views\\yacht-detail.php', 520)
 2 SYSTEMPATH\View\View.php(228): include('C:\\xampp\\htdocs\\bmy\\app\\Views\\yacht-detail.php')
 3 SYSTEMPATH\View\View.php(231): CodeIgniter\View\View->CodeIgniter\View\{closure}()
 4 SYSTEMPATH\Common.php(1178): CodeIgniter\View\View->render('yacht-detail', [], true)
 5 APPPATH\Controllers\Yacht.php(112): view('yacht-detail', [...])
 6 SYSTEMPATH\CodeIgniter.php(941): App\Controllers\Yacht->yachtRecordEditnew('816')
 7 SYSTEMPATH\CodeIgniter.php(502): CodeIgniter\CodeIgniter->runController(Object(App\Controllers\Yacht))
 8 SYSTEMPATH\CodeIgniter.php(361): CodeIgniter\CodeIgniter->handleRequest(null, Object(Config\Cache), false)
 9 FCPATH\index.php(79): CodeIgniter\CodeIgniter->run()
CRITICAL - 2025-01-09 22:56:50 --> ErrorException: Undefined variable $img11
in APPPATH\Views\yacht-detail.php on line 520.
 1 APPPATH\Views\yacht-detail.php(520): CodeIgniter\Debug\Exceptions->errorHandler(2, 'Undefined variable $img11', 'C:\\xampp\\htdocs\\bmy\\app\\Views\\yacht-detail.php', 520)
 2 SYSTEMPATH\View\View.php(228): include('C:\\xampp\\htdocs\\bmy\\app\\Views\\yacht-detail.php')
 3 SYSTEMPATH\View\View.php(231): CodeIgniter\View\View->CodeIgniter\View\{closure}()
 4 SYSTEMPATH\Common.php(1178): CodeIgniter\View\View->render('yacht-detail', [], true)
 5 APPPATH\Controllers\Yacht.php(112): view('yacht-detail', [...])
 6 SYSTEMPATH\CodeIgniter.php(941): App\Controllers\Yacht->yachtRecordEditnew('814')
 7 SYSTEMPATH\CodeIgniter.php(502): CodeIgniter\CodeIgniter->runController(Object(App\Controllers\Yacht))
 8 SYSTEMPATH\CodeIgniter.php(361): CodeIgniter\CodeIgniter->handleRequest(null, Object(Config\Cache), false)
 9 FCPATH\index.php(79): CodeIgniter\CodeIgniter->run()
CRITICAL - 2025-01-09 22:58:42 --> ErrorException: Undefined variable $img11
in APPPATH\Views\yacht-detail.php on line 520.
 1 APPPATH\Views\yacht-detail.php(520): CodeIgniter\Debug\Exceptions->errorHandler(2, 'Undefined variable $img11', 'C:\\xampp\\htdocs\\bmy\\app\\Views\\yacht-detail.php', 520)
 2 SYSTEMPATH\View\View.php(228): include('C:\\xampp\\htdocs\\bmy\\app\\Views\\yacht-detail.php')
 3 SYSTEMPATH\View\View.php(231): CodeIgniter\View\View->CodeIgniter\View\{closure}()
 4 SYSTEMPATH\Common.php(1178): CodeIgniter\View\View->render('yacht-detail', [], true)
 5 APPPATH\Controllers\Yacht.php(112): view('yacht-detail', [...])
 6 SYSTEMPATH\CodeIgniter.php(941): App\Controllers\Yacht->yachtRecordEditnew('814')
 7 SYSTEMPATH\CodeIgniter.php(502): CodeIgniter\CodeIgniter->runController(Object(App\Controllers\Yacht))
 8 SYSTEMPATH\CodeIgniter.php(361): CodeIgniter\CodeIgniter->handleRequest(null, Object(Config\Cache), false)
 9 FCPATH\index.php(79): CodeIgniter\CodeIgniter->run()
CRITICAL - 2025-01-09 22:58:58 --> ErrorException: Undefined variable $img11
in APPPATH\Views\yacht-detail.php on line 520.
 1 APPPATH\Views\yacht-detail.php(520): CodeIgniter\Debug\Exceptions->errorHandler(2, 'Undefined variable $img11', 'C:\\xampp\\htdocs\\bmy\\app\\Views\\yacht-detail.php', 520)
 2 SYSTEMPATH\View\View.php(228): include('C:\\xampp\\htdocs\\bmy\\app\\Views\\yacht-detail.php')
 3 SYSTEMPATH\View\View.php(231): CodeIgniter\View\View->CodeIgniter\View\{closure}()
 4 SYSTEMPATH\Common.php(1178): CodeIgniter\View\View->render('yacht-detail', [], true)
 5 APPPATH\Controllers\Yacht.php(112): view('yacht-detail', [...])
 6 SYSTEMPATH\CodeIgniter.php(941): App\Controllers\Yacht->yachtRecordEditnew('814')
 7 SYSTEMPATH\CodeIgniter.php(502): CodeIgniter\CodeIgniter->runController(Object(App\Controllers\Yacht))
 8 SYSTEMPATH\CodeIgniter.php(361): CodeIgniter\CodeIgniter->handleRequest(null, Object(Config\Cache), false)
 9 FCPATH\index.php(79): CodeIgniter\CodeIgniter->run()
CRITICAL - 2025-01-09 23:00:01 --> ErrorException: Undefined variable $YachtID11
in APPPATH\Views\yacht-detail.php on line 532.
 1 APPPATH\Views\yacht-detail.php(532): CodeIgniter\Debug\Exceptions->errorHandler(2, 'Undefined variable $YachtID11', 'C:\\xampp\\htdocs\\bmy\\app\\Views\\yacht-detail.php', 532)
 2 SYSTEMPATH\View\View.php(228): include('C:\\xampp\\htdocs\\bmy\\app\\Views\\yacht-detail.php')
 3 SYSTEMPATH\View\View.php(231): CodeIgniter\View\View->CodeIgniter\View\{closure}()
 4 SYSTEMPATH\Common.php(1178): CodeIgniter\View\View->render('yacht-detail', [], true)
 5 APPPATH\Controllers\Yacht.php(112): view('yacht-detail', [...])
 6 SYSTEMPATH\CodeIgniter.php(941): App\Controllers\Yacht->yachtRecordEditnew('814')
 7 SYSTEMPATH\CodeIgniter.php(502): CodeIgniter\CodeIgniter->runController(Object(App\Controllers\Yacht))
 8 SYSTEMPATH\CodeIgniter.php(361): CodeIgniter\CodeIgniter->handleRequest(null, Object(Config\Cache), false)
 9 FCPATH\index.php(79): CodeIgniter\CodeIgniter->run()
CRITICAL - 2025-01-09 23:00:11 --> ErrorException: Undefined variable $YachtID11
in APPPATH\Views\yacht-detail.php on line 532.
 1 APPPATH\Views\yacht-detail.php(532): CodeIgniter\Debug\Exceptions->errorHandler(2, 'Undefined variable $YachtID11', 'C:\\xampp\\htdocs\\bmy\\app\\Views\\yacht-detail.php', 532)
 2 SYSTEMPATH\View\View.php(228): include('C:\\xampp\\htdocs\\bmy\\app\\Views\\yacht-detail.php')
 3 SYSTEMPATH\View\View.php(231): CodeIgniter\View\View->CodeIgniter\View\{closure}()
 4 SYSTEMPATH\Common.php(1178): CodeIgniter\View\View->render('yacht-detail', [], true)
 5 APPPATH\Controllers\Yacht.php(112): view('yacht-detail', [...])
 6 SYSTEMPATH\CodeIgniter.php(941): App\Controllers\Yacht->yachtRecordEditnew('814')
 7 SYSTEMPATH\CodeIgniter.php(502): CodeIgniter\CodeIgniter->runController(Object(App\Controllers\Yacht))
 8 SYSTEMPATH\CodeIgniter.php(361): CodeIgniter\CodeIgniter->handleRequest(null, Object(Config\Cache), false)
 9 FCPATH\index.php(79): CodeIgniter\CodeIgniter->run()
CRITICAL - 2025-01-09 23:01:25 --> ErrorException: Undefined variable $img11
in APPPATH\Views\yacht-detail.php on line 520.
 1 APPPATH\Views\yacht-detail.php(520): CodeIgniter\Debug\Exceptions->errorHandler(2, 'Undefined variable $img11', 'C:\\xampp\\htdocs\\bmy\\app\\Views\\yacht-detail.php', 520)
 2 SYSTEMPATH\View\View.php(228): include('C:\\xampp\\htdocs\\bmy\\app\\Views\\yacht-detail.php')
 3 SYSTEMPATH\View\View.php(231): CodeIgniter\View\View->CodeIgniter\View\{closure}()
 4 SYSTEMPATH\Common.php(1178): CodeIgniter\View\View->render('yacht-detail', [], true)
 5 APPPATH\Controllers\Yacht.php(112): view('yacht-detail', [...])
 6 SYSTEMPATH\CodeIgniter.php(941): App\Controllers\Yacht->yachtRecordEditnew('814')
 7 SYSTEMPATH\CodeIgniter.php(502): CodeIgniter\CodeIgniter->runController(Object(App\Controllers\Yacht))
 8 SYSTEMPATH\CodeIgniter.php(361): CodeIgniter\CodeIgniter->handleRequest(null, Object(Config\Cache), false)
 9 FCPATH\index.php(79): CodeIgniter\CodeIgniter->run()
CRITICAL - 2025-01-09 23:03:27 --> ErrorException: Undefined variable $img11
in APPPATH\Views\yacht-detail.php on line 520.
 1 APPPATH\Views\yacht-detail.php(520): CodeIgniter\Debug\Exceptions->errorHandler(2, 'Undefined variable $img11', 'C:\\xampp\\htdocs\\bmy\\app\\Views\\yacht-detail.php', 520)
 2 SYSTEMPATH\View\View.php(228): include('C:\\xampp\\htdocs\\bmy\\app\\Views\\yacht-detail.php')
 3 SYSTEMPATH\View\View.php(231): CodeIgniter\View\View->CodeIgniter\View\{closure}()
 4 SYSTEMPATH\Common.php(1178): CodeIgniter\View\View->render('yacht-detail', [], true)
 5 APPPATH\Controllers\Yacht.php(168): view('yacht-detail', [...])
 6 SYSTEMPATH\CodeIgniter.php(941): App\Controllers\Yacht->yachtRecordEditnew('814')
 7 SYSTEMPATH\CodeIgniter.php(502): CodeIgniter\CodeIgniter->runController(Object(App\Controllers\Yacht))
 8 SYSTEMPATH\CodeIgniter.php(361): CodeIgniter\CodeIgniter->handleRequest(null, Object(Config\Cache), false)
 9 FCPATH\index.php(79): CodeIgniter\CodeIgniter->run()
CRITICAL - 2025-01-09 23:03:28 --> ErrorException: Undefined variable $img11
in APPPATH\Views\yacht-detail.php on line 520.
 1 APPPATH\Views\yacht-detail.php(520): CodeIgniter\Debug\Exceptions->errorHandler(2, 'Undefined variable $img11', 'C:\\xampp\\htdocs\\bmy\\app\\Views\\yacht-detail.php', 520)
 2 SYSTEMPATH\View\View.php(228): include('C:\\xampp\\htdocs\\bmy\\app\\Views\\yacht-detail.php')
 3 SYSTEMPATH\View\View.php(231): CodeIgniter\View\View->CodeIgniter\View\{closure}()
 4 SYSTEMPATH\Common.php(1178): CodeIgniter\View\View->render('yacht-detail', [], true)
 5 APPPATH\Controllers\Yacht.php(168): view('yacht-detail', [...])
 6 SYSTEMPATH\CodeIgniter.php(941): App\Controllers\Yacht->yachtRecordEditnew('814')
 7 SYSTEMPATH\CodeIgniter.php(502): CodeIgniter\CodeIgniter->runController(Object(App\Controllers\Yacht))
 8 SYSTEMPATH\CodeIgniter.php(361): CodeIgniter\CodeIgniter->handleRequest(null, Object(Config\Cache), false)
 9 FCPATH\index.php(79): CodeIgniter\CodeIgniter->run()
CRITICAL - 2025-01-09 23:03:28 --> ErrorException: Undefined variable $img11
in APPPATH\Views\yacht-detail.php on line 520.
 1 APPPATH\Views\yacht-detail.php(520): CodeIgniter\Debug\Exceptions->errorHandler(2, 'Undefined variable $img11', 'C:\\xampp\\htdocs\\bmy\\app\\Views\\yacht-detail.php', 520)
 2 SYSTEMPATH\View\View.php(228): include('C:\\xampp\\htdocs\\bmy\\app\\Views\\yacht-detail.php')
 3 SYSTEMPATH\View\View.php(231): CodeIgniter\View\View->CodeIgniter\View\{closure}()
 4 SYSTEMPATH\Common.php(1178): CodeIgniter\View\View->render('yacht-detail', [], true)
 5 APPPATH\Controllers\Yacht.php(168): view('yacht-detail', [...])
 6 SYSTEMPATH\CodeIgniter.php(941): App\Controllers\Yacht->yachtRecordEditnew('814')
 7 SYSTEMPATH\CodeIgniter.php(502): CodeIgniter\CodeIgniter->runController(Object(App\Controllers\Yacht))
 8 SYSTEMPATH\CodeIgniter.php(361): CodeIgniter\CodeIgniter->handleRequest(null, Object(Config\Cache), false)
 9 FCPATH\index.php(79): CodeIgniter\CodeIgniter->run()
CRITICAL - 2025-01-09 23:03:29 --> ErrorException: Undefined variable $img11
in APPPATH\Views\yacht-detail.php on line 520.
 1 APPPATH\Views\yacht-detail.php(520): CodeIgniter\Debug\Exceptions->errorHandler(2, 'Undefined variable $img11', 'C:\\xampp\\htdocs\\bmy\\app\\Views\\yacht-detail.php', 520)
 2 SYSTEMPATH\View\View.php(228): include('C:\\xampp\\htdocs\\bmy\\app\\Views\\yacht-detail.php')
 3 SYSTEMPATH\View\View.php(231): CodeIgniter\View\View->CodeIgniter\View\{closure}()
 4 SYSTEMPATH\Common.php(1178): CodeIgniter\View\View->render('yacht-detail', [], true)
 5 APPPATH\Controllers\Yacht.php(168): view('yacht-detail', [...])
 6 SYSTEMPATH\CodeIgniter.php(941): App\Controllers\Yacht->yachtRecordEditnew('814')
 7 SYSTEMPATH\CodeIgniter.php(502): CodeIgniter\CodeIgniter->runController(Object(App\Controllers\Yacht))
 8 SYSTEMPATH\CodeIgniter.php(361): CodeIgniter\CodeIgniter->handleRequest(null, Object(Config\Cache), false)
 9 FCPATH\index.php(79): CodeIgniter\CodeIgniter->run()
CRITICAL - 2025-01-09 23:03:30 --> ErrorException: Undefined variable $img11
in APPPATH\Views\yacht-detail.php on line 520.
 1 APPPATH\Views\yacht-detail.php(520): CodeIgniter\Debug\Exceptions->errorHandler(2, 'Undefined variable $img11', 'C:\\xampp\\htdocs\\bmy\\app\\Views\\yacht-detail.php', 520)
 2 SYSTEMPATH\View\View.php(228): include('C:\\xampp\\htdocs\\bmy\\app\\Views\\yacht-detail.php')
 3 SYSTEMPATH\View\View.php(231): CodeIgniter\View\View->CodeIgniter\View\{closure}()
 4 SYSTEMPATH\Common.php(1178): CodeIgniter\View\View->render('yacht-detail', [], true)
 5 APPPATH\Controllers\Yacht.php(168): view('yacht-detail', [...])
 6 SYSTEMPATH\CodeIgniter.php(941): App\Controllers\Yacht->yachtRecordEditnew('814')
 7 SYSTEMPATH\CodeIgniter.php(502): CodeIgniter\CodeIgniter->runController(Object(App\Controllers\Yacht))
 8 SYSTEMPATH\CodeIgniter.php(361): CodeIgniter\CodeIgniter->handleRequest(null, Object(Config\Cache), false)
 9 FCPATH\index.php(79): CodeIgniter\CodeIgniter->run()
CRITICAL - 2025-01-09 23:04:31 --> ErrorException: Undefined variable $img11
in APPPATH\Views\yacht-detail.php on line 520.
 1 APPPATH\Views\yacht-detail.php(520): CodeIgniter\Debug\Exceptions->errorHandler(2, 'Undefined variable $img11', 'C:\\xampp\\htdocs\\bmy\\app\\Views\\yacht-detail.php', 520)
 2 SYSTEMPATH\View\View.php(228): include('C:\\xampp\\htdocs\\bmy\\app\\Views\\yacht-detail.php')
 3 SYSTEMPATH\View\View.php(231): CodeIgniter\View\View->CodeIgniter\View\{closure}()
 4 SYSTEMPATH\Common.php(1178): CodeIgniter\View\View->render('yacht-detail', [], true)
 5 APPPATH\Controllers\Yacht.php(168): view('yacht-detail', [...])
 6 SYSTEMPATH\CodeIgniter.php(941): App\Controllers\Yacht->yachtRecordEditnew('815')
 7 SYSTEMPATH\CodeIgniter.php(502): CodeIgniter\CodeIgniter->runController(Object(App\Controllers\Yacht))
 8 SYSTEMPATH\CodeIgniter.php(361): CodeIgniter\CodeIgniter->handleRequest(null, Object(Config\Cache), false)
 9 FCPATH\index.php(79): CodeIgniter\CodeIgniter->run()
CRITICAL - 2025-01-09 23:06:41 --> ErrorException: Undefined variable $YachtID11
in APPPATH\Views\yacht-detail.php on line 538.
 1 APPPATH\Views\yacht-detail.php(538): CodeIgniter\Debug\Exceptions->errorHandler(2, 'Undefined variable $YachtID11', 'C:\\xampp\\htdocs\\bmy\\app\\Views\\yacht-detail.php', 538)
 2 SYSTEMPATH\View\View.php(228): include('C:\\xampp\\htdocs\\bmy\\app\\Views\\yacht-detail.php')
 3 SYSTEMPATH\View\View.php(231): CodeIgniter\View\View->CodeIgniter\View\{closure}()
 4 SYSTEMPATH\Common.php(1178): CodeIgniter\View\View->render('yacht-detail', [], true)
 5 APPPATH\Controllers\Yacht.php(173): view('yacht-detail', [...])
 6 SYSTEMPATH\CodeIgniter.php(941): App\Controllers\Yacht->yachtRecordEditnew('816')
 7 SYSTEMPATH\CodeIgniter.php(502): CodeIgniter\CodeIgniter->runController(Object(App\Controllers\Yacht))
 8 SYSTEMPATH\CodeIgniter.php(361): CodeIgniter\CodeIgniter->handleRequest(null, Object(Config\Cache), false)
 9 FCPATH\index.php(79): CodeIgniter\CodeIgniter->run()
CRITICAL - 2025-01-09 23:08:34 --> ErrorException: Undefined variable $price11
in APPPATH\Views\yacht-detail.php on line 559.
 1 APPPATH\Views\yacht-detail.php(559): CodeIgniter\Debug\Exceptions->errorHandler(2, 'Undefined variable $price11', 'C:\\xampp\\htdocs\\bmy\\app\\Views\\yacht-detail.php', 559)
 2 SYSTEMPATH\View\View.php(228): include('C:\\xampp\\htdocs\\bmy\\app\\Views\\yacht-detail.php')
 3 SYSTEMPATH\View\View.php(231): CodeIgniter\View\View->CodeIgniter\View\{closure}()
 4 SYSTEMPATH\Common.php(1178): CodeIgniter\View\View->render('yacht-detail', [], true)
 5 APPPATH\Controllers\Yacht.php(174): view('yacht-detail', [...])
 6 SYSTEMPATH\CodeIgniter.php(941): App\Controllers\Yacht->yachtRecordEditnew('816')
 7 SYSTEMPATH\CodeIgniter.php(502): CodeIgniter\CodeIgniter->runController(Object(App\Controllers\Yacht))
 8 SYSTEMPATH\CodeIgniter.php(361): CodeIgniter\CodeIgniter->handleRequest(null, Object(Config\Cache), false)
 9 FCPATH\index.php(79): CodeIgniter\CodeIgniter->run()
CRITICAL - 2025-01-09 23:09:55 --> ErrorException: Undefined variable $YachtID11
in APPPATH\Views\yacht-detail.php on line 569.
 1 APPPATH\Views\yacht-detail.php(569): CodeIgniter\Debug\Exceptions->errorHandler(2, 'Undefined variable $YachtID11', 'C:\\xampp\\htdocs\\bmy\\app\\Views\\yacht-detail.php', 569)
 2 SYSTEMPATH\View\View.php(228): include('C:\\xampp\\htdocs\\bmy\\app\\Views\\yacht-detail.php')
 3 SYSTEMPATH\View\View.php(231): CodeIgniter\View\View->CodeIgniter\View\{closure}()
 4 SYSTEMPATH\Common.php(1178): CodeIgniter\View\View->render('yacht-detail', [], true)
 5 APPPATH\Controllers\Yacht.php(175): view('yacht-detail', [...])
 6 SYSTEMPATH\CodeIgniter.php(941): App\Controllers\Yacht->yachtRecordEditnew('816')
 7 SYSTEMPATH\CodeIgniter.php(502): CodeIgniter\CodeIgniter->runController(Object(App\Controllers\Yacht))
 8 SYSTEMPATH\CodeIgniter.php(361): CodeIgniter\CodeIgniter->handleRequest(null, Object(Config\Cache), false)
 9 FCPATH\index.php(79): CodeIgniter\CodeIgniter->run()
CRITICAL - 2025-01-09 23:10:46 --> ErrorException: Undefined variable $img22
in APPPATH\Views\yacht-detail.php on line 598.
 1 APPPATH\Views\yacht-detail.php(598): CodeIgniter\Debug\Exceptions->errorHandler(2, 'Undefined variable $img22', 'C:\\xampp\\htdocs\\bmy\\app\\Views\\yacht-detail.php', 598)
 2 SYSTEMPATH\View\View.php(228): include('C:\\xampp\\htdocs\\bmy\\app\\Views\\yacht-detail.php')
 3 SYSTEMPATH\View\View.php(231): CodeIgniter\View\View->CodeIgniter\View\{closure}()
 4 SYSTEMPATH\Common.php(1178): CodeIgniter\View\View->render('yacht-detail', [], true)
 5 APPPATH\Controllers\Yacht.php(175): view('yacht-detail', [...])
 6 SYSTEMPATH\CodeIgniter.php(941): App\Controllers\Yacht->yachtRecordEditnew('816')
 7 SYSTEMPATH\CodeIgniter.php(502): CodeIgniter\CodeIgniter->runController(Object(App\Controllers\Yacht))
 8 SYSTEMPATH\CodeIgniter.php(361): CodeIgniter\CodeIgniter->handleRequest(null, Object(Config\Cache), false)
 9 FCPATH\index.php(79): CodeIgniter\CodeIgniter->run()
CRITICAL - 2025-01-09 23:11:35 --> ErrorException: Undefined variable $img22
in APPPATH\Views\yacht-detail.php on line 598.
 1 APPPATH\Views\yacht-detail.php(598): CodeIgniter\Debug\Exceptions->errorHandler(2, 'Undefined variable $img22', 'C:\\xampp\\htdocs\\bmy\\app\\Views\\yacht-detail.php', 598)
 2 SYSTEMPATH\View\View.php(228): include('C:\\xampp\\htdocs\\bmy\\app\\Views\\yacht-detail.php')
 3 SYSTEMPATH\View\View.php(231): CodeIgniter\View\View->CodeIgniter\View\{closure}()
 4 SYSTEMPATH\Common.php(1178): CodeIgniter\View\View->render('yacht-detail', [], true)
 5 APPPATH\Controllers\Yacht.php(181): view('yacht-detail', [...])
 6 SYSTEMPATH\CodeIgniter.php(941): App\Controllers\Yacht->yachtRecordEditnew('816')
 7 SYSTEMPATH\CodeIgniter.php(502): CodeIgniter\CodeIgniter->runController(Object(App\Controllers\Yacht))
 8 SYSTEMPATH\CodeIgniter.php(361): CodeIgniter\CodeIgniter->handleRequest(null, Object(Config\Cache), false)
 9 FCPATH\index.php(79): CodeIgniter\CodeIgniter->run()
CRITICAL - 2025-01-09 23:11:36 --> ErrorException: Undefined variable $img22
in APPPATH\Views\yacht-detail.php on line 598.
 1 APPPATH\Views\yacht-detail.php(598): CodeIgniter\Debug\Exceptions->errorHandler(2, 'Undefined variable $img22', 'C:\\xampp\\htdocs\\bmy\\app\\Views\\yacht-detail.php', 598)
 2 SYSTEMPATH\View\View.php(228): include('C:\\xampp\\htdocs\\bmy\\app\\Views\\yacht-detail.php')
 3 SYSTEMPATH\View\View.php(231): CodeIgniter\View\View->CodeIgniter\View\{closure}()
 4 SYSTEMPATH\Common.php(1178): CodeIgniter\View\View->render('yacht-detail', [], true)
 5 APPPATH\Controllers\Yacht.php(181): view('yacht-detail', [...])
 6 SYSTEMPATH\CodeIgniter.php(941): App\Controllers\Yacht->yachtRecordEditnew('816')
 7 SYSTEMPATH\CodeIgniter.php(502): CodeIgniter\CodeIgniter->runController(Object(App\Controllers\Yacht))
 8 SYSTEMPATH\CodeIgniter.php(361): CodeIgniter\CodeIgniter->handleRequest(null, Object(Config\Cache), false)
 9 FCPATH\index.php(79): CodeIgniter\CodeIgniter->run()
CRITICAL - 2025-01-09 23:11:36 --> ErrorException: Undefined variable $img22
in APPPATH\Views\yacht-detail.php on line 598.
 1 APPPATH\Views\yacht-detail.php(598): CodeIgniter\Debug\Exceptions->errorHandler(2, 'Undefined variable $img22', 'C:\\xampp\\htdocs\\bmy\\app\\Views\\yacht-detail.php', 598)
 2 SYSTEMPATH\View\View.php(228): include('C:\\xampp\\htdocs\\bmy\\app\\Views\\yacht-detail.php')
 3 SYSTEMPATH\View\View.php(231): CodeIgniter\View\View->CodeIgniter\View\{closure}()
 4 SYSTEMPATH\Common.php(1178): CodeIgniter\View\View->render('yacht-detail', [], true)
 5 APPPATH\Controllers\Yacht.php(181): view('yacht-detail', [...])
 6 SYSTEMPATH\CodeIgniter.php(941): App\Controllers\Yacht->yachtRecordEditnew('816')
 7 SYSTEMPATH\CodeIgniter.php(502): CodeIgniter\CodeIgniter->runController(Object(App\Controllers\Yacht))
 8 SYSTEMPATH\CodeIgniter.php(361): CodeIgniter\CodeIgniter->handleRequest(null, Object(Config\Cache), false)
 9 FCPATH\index.php(79): CodeIgniter\CodeIgniter->run()
CRITICAL - 2025-01-09 23:12:53 --> ErrorException: Undefined variable $YachtID22
in APPPATH\Views\yacht-detail.php on line 617.
 1 APPPATH\Views\yacht-detail.php(617): CodeIgniter\Debug\Exceptions->errorHandler(2, 'Undefined variable $YachtID22', 'C:\\xampp\\htdocs\\bmy\\app\\Views\\yacht-detail.php', 617)
 2 SYSTEMPATH\View\View.php(228): include('C:\\xampp\\htdocs\\bmy\\app\\Views\\yacht-detail.php')
 3 SYSTEMPATH\View\View.php(231): CodeIgniter\View\View->CodeIgniter\View\{closure}()
 4 SYSTEMPATH\Common.php(1178): CodeIgniter\View\View->render('yacht-detail', [], true)
 5 APPPATH\Controllers\Yacht.php(181): view('yacht-detail', [...])
 6 SYSTEMPATH\CodeIgniter.php(941): App\Controllers\Yacht->yachtRecordEditnew('816')
 7 SYSTEMPATH\CodeIgniter.php(502): CodeIgniter\CodeIgniter->runController(Object(App\Controllers\Yacht))
 8 SYSTEMPATH\CodeIgniter.php(361): CodeIgniter\CodeIgniter->handleRequest(null, Object(Config\Cache), false)
 9 FCPATH\index.php(79): CodeIgniter\CodeIgniter->run()
CRITICAL - 2025-01-09 23:12:54 --> ErrorException: Undefined variable $YachtID22
in APPPATH\Views\yacht-detail.php on line 617.
 1 APPPATH\Views\yacht-detail.php(617): CodeIgniter\Debug\Exceptions->errorHandler(2, 'Undefined variable $YachtID22', 'C:\\xampp\\htdocs\\bmy\\app\\Views\\yacht-detail.php', 617)
 2 SYSTEMPATH\View\View.php(228): include('C:\\xampp\\htdocs\\bmy\\app\\Views\\yacht-detail.php')
 3 SYSTEMPATH\View\View.php(231): CodeIgniter\View\View->CodeIgniter\View\{closure}()
 4 SYSTEMPATH\Common.php(1178): CodeIgniter\View\View->render('yacht-detail', [], true)
 5 APPPATH\Controllers\Yacht.php(181): view('yacht-detail', [...])
 6 SYSTEMPATH\CodeIgniter.php(941): App\Controllers\Yacht->yachtRecordEditnew('816')
 7 SYSTEMPATH\CodeIgniter.php(502): CodeIgniter\CodeIgniter->runController(Object(App\Controllers\Yacht))
 8 SYSTEMPATH\CodeIgniter.php(361): CodeIgniter\CodeIgniter->handleRequest(null, Object(Config\Cache), false)
 9 FCPATH\index.php(79): CodeIgniter\CodeIgniter->run()
CRITICAL - 2025-01-09 23:14:09 --> ErrorException: Undefined variable $YachtID22
in APPPATH\Views\yacht-detail.php on line 617.
 1 APPPATH\Views\yacht-detail.php(617): CodeIgniter\Debug\Exceptions->errorHandler(2, 'Undefined variable $YachtID22', 'C:\\xampp\\htdocs\\bmy\\app\\Views\\yacht-detail.php', 617)
 2 SYSTEMPATH\View\View.php(228): include('C:\\xampp\\htdocs\\bmy\\app\\Views\\yacht-detail.php')
 3 SYSTEMPATH\View\View.php(231): CodeIgniter\View\View->CodeIgniter\View\{closure}()
 4 SYSTEMPATH\Common.php(1178): CodeIgniter\View\View->render('yacht-detail', [], true)
 5 APPPATH\Controllers\Yacht.php(181): view('yacht-detail', [...])
 6 SYSTEMPATH\CodeIgniter.php(941): App\Controllers\Yacht->yachtRecordEditnew('816')
 7 SYSTEMPATH\CodeIgniter.php(502): CodeIgniter\CodeIgniter->runController(Object(App\Controllers\Yacht))
 8 SYSTEMPATH\CodeIgniter.php(361): CodeIgniter\CodeIgniter->handleRequest(null, Object(Config\Cache), false)
 9 FCPATH\index.php(79): CodeIgniter\CodeIgniter->run()
CRITICAL - 2025-01-09 23:14:10 --> ErrorException: Undefined variable $YachtID22
in APPPATH\Views\yacht-detail.php on line 617.
 1 APPPATH\Views\yacht-detail.php(617): CodeIgniter\Debug\Exceptions->errorHandler(2, 'Undefined variable $YachtID22', 'C:\\xampp\\htdocs\\bmy\\app\\Views\\yacht-detail.php', 617)
 2 SYSTEMPATH\View\View.php(228): include('C:\\xampp\\htdocs\\bmy\\app\\Views\\yacht-detail.php')
 3 SYSTEMPATH\View\View.php(231): CodeIgniter\View\View->CodeIgniter\View\{closure}()
 4 SYSTEMPATH\Common.php(1178): CodeIgniter\View\View->render('yacht-detail', [], true)
 5 APPPATH\Controllers\Yacht.php(181): view('yacht-detail', [...])
 6 SYSTEMPATH\CodeIgniter.php(941): App\Controllers\Yacht->yachtRecordEditnew('816')
 7 SYSTEMPATH\CodeIgniter.php(502): CodeIgniter\CodeIgniter->runController(Object(App\Controllers\Yacht))
 8 SYSTEMPATH\CodeIgniter.php(361): CodeIgniter\CodeIgniter->handleRequest(null, Object(Config\Cache), false)
 9 FCPATH\index.php(79): CodeIgniter\CodeIgniter->run()
CRITICAL - 2025-01-09 23:14:10 --> ErrorException: Undefined variable $YachtID22
in APPPATH\Views\yacht-detail.php on line 617.
 1 APPPATH\Views\yacht-detail.php(617): CodeIgniter\Debug\Exceptions->errorHandler(2, 'Undefined variable $YachtID22', 'C:\\xampp\\htdocs\\bmy\\app\\Views\\yacht-detail.php', 617)
 2 SYSTEMPATH\View\View.php(228): include('C:\\xampp\\htdocs\\bmy\\app\\Views\\yacht-detail.php')
 3 SYSTEMPATH\View\View.php(231): CodeIgniter\View\View->CodeIgniter\View\{closure}()
 4 SYSTEMPATH\Common.php(1178): CodeIgniter\View\View->render('yacht-detail', [], true)
 5 APPPATH\Controllers\Yacht.php(181): view('yacht-detail', [...])
 6 SYSTEMPATH\CodeIgniter.php(941): App\Controllers\Yacht->yachtRecordEditnew('816')
 7 SYSTEMPATH\CodeIgniter.php(502): CodeIgniter\CodeIgniter->runController(Object(App\Controllers\Yacht))
 8 SYSTEMPATH\CodeIgniter.php(361): CodeIgniter\CodeIgniter->handleRequest(null, Object(Config\Cache), false)
 9 FCPATH\index.php(79): CodeIgniter\CodeIgniter->run()
CRITICAL - 2025-01-09 23:14:10 --> ErrorException: Undefined variable $YachtID22
in APPPATH\Views\yacht-detail.php on line 617.
 1 APPPATH\Views\yacht-detail.php(617): CodeIgniter\Debug\Exceptions->errorHandler(2, 'Undefined variable $YachtID22', 'C:\\xampp\\htdocs\\bmy\\app\\Views\\yacht-detail.php', 617)
 2 SYSTEMPATH\View\View.php(228): include('C:\\xampp\\htdocs\\bmy\\app\\Views\\yacht-detail.php')
 3 SYSTEMPATH\View\View.php(231): CodeIgniter\View\View->CodeIgniter\View\{closure}()
 4 SYSTEMPATH\Common.php(1178): CodeIgniter\View\View->render('yacht-detail', [], true)
 5 APPPATH\Controllers\Yacht.php(181): view('yacht-detail', [...])
 6 SYSTEMPATH\CodeIgniter.php(941): App\Controllers\Yacht->yachtRecordEditnew('816')
 7 SYSTEMPATH\CodeIgniter.php(502): CodeIgniter\CodeIgniter->runController(Object(App\Controllers\Yacht))
 8 SYSTEMPATH\CodeIgniter.php(361): CodeIgniter\CodeIgniter->handleRequest(null, Object(Config\Cache), false)
 9 FCPATH\index.php(79): CodeIgniter\CodeIgniter->run()
CRITICAL - 2025-01-09 23:14:27 --> ErrorException: Undefined variable $YachtID22
in APPPATH\Views\yacht-detail.php on line 617.
 1 APPPATH\Views\yacht-detail.php(617): CodeIgniter\Debug\Exceptions->errorHandler(2, 'Undefined variable $YachtID22', 'C:\\xampp\\htdocs\\bmy\\app\\Views\\yacht-detail.php', 617)
 2 SYSTEMPATH\View\View.php(228): include('C:\\xampp\\htdocs\\bmy\\app\\Views\\yacht-detail.php')
 3 SYSTEMPATH\View\View.php(231): CodeIgniter\View\View->CodeIgniter\View\{closure}()
 4 SYSTEMPATH\Common.php(1178): CodeIgniter\View\View->render('yacht-detail', [], true)
 5 APPPATH\Controllers\Yacht.php(181): view('yacht-detail', [...])
 6 SYSTEMPATH\CodeIgniter.php(941): App\Controllers\Yacht->yachtRecordEditnew('816')
 7 SYSTEMPATH\CodeIgniter.php(502): CodeIgniter\CodeIgniter->runController(Object(App\Controllers\Yacht))
 8 SYSTEMPATH\CodeIgniter.php(361): CodeIgniter\CodeIgniter->handleRequest(null, Object(Config\Cache), false)
 9 FCPATH\index.php(79): CodeIgniter\CodeIgniter->run()
CRITICAL - 2025-01-09 23:14:28 --> ErrorException: Undefined variable $YachtID22
in APPPATH\Views\yacht-detail.php on line 617.
 1 APPPATH\Views\yacht-detail.php(617): CodeIgniter\Debug\Exceptions->errorHandler(2, 'Undefined variable $YachtID22', 'C:\\xampp\\htdocs\\bmy\\app\\Views\\yacht-detail.php', 617)
 2 SYSTEMPATH\View\View.php(228): include('C:\\xampp\\htdocs\\bmy\\app\\Views\\yacht-detail.php')
 3 SYSTEMPATH\View\View.php(231): CodeIgniter\View\View->CodeIgniter\View\{closure}()
 4 SYSTEMPATH\Common.php(1178): CodeIgniter\View\View->render('yacht-detail', [], true)
 5 APPPATH\Controllers\Yacht.php(181): view('yacht-detail', [...])
 6 SYSTEMPATH\CodeIgniter.php(941): App\Controllers\Yacht->yachtRecordEditnew('816')
 7 SYSTEMPATH\CodeIgniter.php(502): CodeIgniter\CodeIgniter->runController(Object(App\Controllers\Yacht))
 8 SYSTEMPATH\CodeIgniter.php(361): CodeIgniter\CodeIgniter->handleRequest(null, Object(Config\Cache), false)
 9 FCPATH\index.php(79): CodeIgniter\CodeIgniter->run()
CRITICAL - 2025-01-09 23:14:28 --> ErrorException: Undefined variable $YachtID22
in APPPATH\Views\yacht-detail.php on line 617.
 1 APPPATH\Views\yacht-detail.php(617): CodeIgniter\Debug\Exceptions->errorHandler(2, 'Undefined variable $YachtID22', 'C:\\xampp\\htdocs\\bmy\\app\\Views\\yacht-detail.php', 617)
 2 SYSTEMPATH\View\View.php(228): include('C:\\xampp\\htdocs\\bmy\\app\\Views\\yacht-detail.php')
 3 SYSTEMPATH\View\View.php(231): CodeIgniter\View\View->CodeIgniter\View\{closure}()
 4 SYSTEMPATH\Common.php(1178): CodeIgniter\View\View->render('yacht-detail', [], true)
 5 APPPATH\Controllers\Yacht.php(181): view('yacht-detail', [...])
 6 SYSTEMPATH\CodeIgniter.php(941): App\Controllers\Yacht->yachtRecordEditnew('816')
 7 SYSTEMPATH\CodeIgniter.php(502): CodeIgniter\CodeIgniter->runController(Object(App\Controllers\Yacht))
 8 SYSTEMPATH\CodeIgniter.php(361): CodeIgniter\CodeIgniter->handleRequest(null, Object(Config\Cache), false)
 9 FCPATH\index.php(79): CodeIgniter\CodeIgniter->run()
CRITICAL - 2025-01-09 23:14:49 --> ErrorException: Undefined variable $YachtID22
in APPPATH\Views\yacht-detail.php on line 617.
 1 APPPATH\Views\yacht-detail.php(617): CodeIgniter\Debug\Exceptions->errorHandler(2, 'Undefined variable $YachtID22', 'C:\\xampp\\htdocs\\bmy\\app\\Views\\yacht-detail.php', 617)
 2 SYSTEMPATH\View\View.php(228): include('C:\\xampp\\htdocs\\bmy\\app\\Views\\yacht-detail.php')
 3 SYSTEMPATH\View\View.php(231): CodeIgniter\View\View->CodeIgniter\View\{closure}()
 4 SYSTEMPATH\Common.php(1178): CodeIgniter\View\View->render('yacht-detail', [], true)
 5 APPPATH\Controllers\Yacht.php(181): view('yacht-detail', [...])
 6 SYSTEMPATH\CodeIgniter.php(941): App\Controllers\Yacht->yachtRecordEditnew('816')
 7 SYSTEMPATH\CodeIgniter.php(502): CodeIgniter\CodeIgniter->runController(Object(App\Controllers\Yacht))
 8 SYSTEMPATH\CodeIgniter.php(361): CodeIgniter\CodeIgniter->handleRequest(null, Object(Config\Cache), false)
 9 FCPATH\index.php(79): CodeIgniter\CodeIgniter->run()
CRITICAL - 2025-01-09 23:14:49 --> ErrorException: Undefined variable $YachtID22
in APPPATH\Views\yacht-detail.php on line 617.
 1 APPPATH\Views\yacht-detail.php(617): CodeIgniter\Debug\Exceptions->errorHandler(2, 'Undefined variable $YachtID22', 'C:\\xampp\\htdocs\\bmy\\app\\Views\\yacht-detail.php', 617)
 2 SYSTEMPATH\View\View.php(228): include('C:\\xampp\\htdocs\\bmy\\app\\Views\\yacht-detail.php')
 3 SYSTEMPATH\View\View.php(231): CodeIgniter\View\View->CodeIgniter\View\{closure}()
 4 SYSTEMPATH\Common.php(1178): CodeIgniter\View\View->render('yacht-detail', [], true)
 5 APPPATH\Controllers\Yacht.php(181): view('yacht-detail', [...])
 6 SYSTEMPATH\CodeIgniter.php(941): App\Controllers\Yacht->yachtRecordEditnew('816')
 7 SYSTEMPATH\CodeIgniter.php(502): CodeIgniter\CodeIgniter->runController(Object(App\Controllers\Yacht))
 8 SYSTEMPATH\CodeIgniter.php(361): CodeIgniter\CodeIgniter->handleRequest(null, Object(Config\Cache), false)
 9 FCPATH\index.php(79): CodeIgniter\CodeIgniter->run()
CRITICAL - 2025-01-09 23:14:50 --> ErrorException: Undefined variable $YachtID22
in APPPATH\Views\yacht-detail.php on line 617.
 1 APPPATH\Views\yacht-detail.php(617): CodeIgniter\Debug\Exceptions->errorHandler(2, 'Undefined variable $YachtID22', 'C:\\xampp\\htdocs\\bmy\\app\\Views\\yacht-detail.php', 617)
 2 SYSTEMPATH\View\View.php(228): include('C:\\xampp\\htdocs\\bmy\\app\\Views\\yacht-detail.php')
 3 SYSTEMPATH\View\View.php(231): CodeIgniter\View\View->CodeIgniter\View\{closure}()
 4 SYSTEMPATH\Common.php(1178): CodeIgniter\View\View->render('yacht-detail', [], true)
 5 APPPATH\Controllers\Yacht.php(181): view('yacht-detail', [...])
 6 SYSTEMPATH\CodeIgniter.php(941): App\Controllers\Yacht->yachtRecordEditnew('816')
 7 SYSTEMPATH\CodeIgniter.php(502): CodeIgniter\CodeIgniter->runController(Object(App\Controllers\Yacht))
 8 SYSTEMPATH\CodeIgniter.php(361): CodeIgniter\CodeIgniter->handleRequest(null, Object(Config\Cache), false)
 9 FCPATH\index.php(79): CodeIgniter\CodeIgniter->run()
CRITICAL - 2025-01-09 23:15:07 --> ErrorException: Undefined variable $img11
in APPPATH\Views\yacht-detail.php on line 520.
 1 APPPATH\Views\yacht-detail.php(520): CodeIgniter\Debug\Exceptions->errorHandler(2, 'Undefined variable $img11', 'C:\\xampp\\htdocs\\bmy\\app\\Views\\yacht-detail.php', 520)
 2 SYSTEMPATH\View\View.php(228): include('C:\\xampp\\htdocs\\bmy\\app\\Views\\yacht-detail.php')
 3 SYSTEMPATH\View\View.php(231): CodeIgniter\View\View->CodeIgniter\View\{closure}()
 4 SYSTEMPATH\Common.php(1178): CodeIgniter\View\View->render('yacht-detail', [], true)
 5 APPPATH\Controllers\Yacht.php(181): view('yacht-detail', [...])
 6 SYSTEMPATH\CodeIgniter.php(941): App\Controllers\Yacht->yachtRecordEditnew('816')
 7 SYSTEMPATH\CodeIgniter.php(502): CodeIgniter\CodeIgniter->runController(Object(App\Controllers\Yacht))
 8 SYSTEMPATH\CodeIgniter.php(361): CodeIgniter\CodeIgniter->handleRequest(null, Object(Config\Cache), false)
 9 FCPATH\index.php(79): CodeIgniter\CodeIgniter->run()
CRITICAL - 2025-01-09 23:15:08 --> ErrorException: Undefined variable $img11
in APPPATH\Views\yacht-detail.php on line 520.
 1 APPPATH\Views\yacht-detail.php(520): CodeIgniter\Debug\Exceptions->errorHandler(2, 'Undefined variable $img11', 'C:\\xampp\\htdocs\\bmy\\app\\Views\\yacht-detail.php', 520)
 2 SYSTEMPATH\View\View.php(228): include('C:\\xampp\\htdocs\\bmy\\app\\Views\\yacht-detail.php')
 3 SYSTEMPATH\View\View.php(231): CodeIgniter\View\View->CodeIgniter\View\{closure}()
 4 SYSTEMPATH\Common.php(1178): CodeIgniter\View\View->render('yacht-detail', [], true)
 5 APPPATH\Controllers\Yacht.php(181): view('yacht-detail', [...])
 6 SYSTEMPATH\CodeIgniter.php(941): App\Controllers\Yacht->yachtRecordEditnew('816')
 7 SYSTEMPATH\CodeIgniter.php(502): CodeIgniter\CodeIgniter->runController(Object(App\Controllers\Yacht))
 8 SYSTEMPATH\CodeIgniter.php(361): CodeIgniter\CodeIgniter->handleRequest(null, Object(Config\Cache), false)
 9 FCPATH\index.php(79): CodeIgniter\CodeIgniter->run()
CRITICAL - 2025-01-09 23:16:30 --> ErrorException: Undefined variable $YachtID11
in APPPATH\Views\yacht-detail.php on line 540.
 1 APPPATH\Views\yacht-detail.php(540): CodeIgniter\Debug\Exceptions->errorHandler(2, 'Undefined variable $YachtID11', 'C:\\xampp\\htdocs\\bmy\\app\\Views\\yacht-detail.php', 540)
 2 SYSTEMPATH\View\View.php(228): include('C:\\xampp\\htdocs\\bmy\\app\\Views\\yacht-detail.php')
 3 SYSTEMPATH\View\View.php(231): CodeIgniter\View\View->CodeIgniter\View\{closure}()
 4 SYSTEMPATH\Common.php(1178): CodeIgniter\View\View->render('yacht-detail', [], true)
 5 APPPATH\Controllers\Yacht.php(182): view('yacht-detail', [...])
 6 SYSTEMPATH\CodeIgniter.php(941): App\Controllers\Yacht->yachtRecordEditnew('816')
 7 SYSTEMPATH\CodeIgniter.php(502): CodeIgniter\CodeIgniter->runController(Object(App\Controllers\Yacht))
 8 SYSTEMPATH\CodeIgniter.php(361): CodeIgniter\CodeIgniter->handleRequest(null, Object(Config\Cache), false)
 9 FCPATH\index.php(79): CodeIgniter\CodeIgniter->run()
CRITICAL - 2025-01-09 23:18:08 --> ErrorException: Undefined variable $price11
in APPPATH\Views\yacht-detail.php on line 564.
 1 APPPATH\Views\yacht-detail.php(564): CodeIgniter\Debug\Exceptions->errorHandler(2, 'Undefined variable $price11', 'C:\\xampp\\htdocs\\bmy\\app\\Views\\yacht-detail.php', 564)
 2 SYSTEMPATH\View\View.php(228): include('C:\\xampp\\htdocs\\bmy\\app\\Views\\yacht-detail.php')
 3 SYSTEMPATH\View\View.php(231): CodeIgniter\View\View->CodeIgniter\View\{closure}()
 4 SYSTEMPATH\Common.php(1178): CodeIgniter\View\View->render('yacht-detail', [], true)
 5 APPPATH\Controllers\Yacht.php(182): view('yacht-detail', [...])
 6 SYSTEMPATH\CodeIgniter.php(941): App\Controllers\Yacht->yachtRecordEditnew('816')
 7 SYSTEMPATH\CodeIgniter.php(502): CodeIgniter\CodeIgniter->runController(Object(App\Controllers\Yacht))
 8 SYSTEMPATH\CodeIgniter.php(361): CodeIgniter\CodeIgniter->handleRequest(null, Object(Config\Cache), false)
 9 FCPATH\index.php(79): CodeIgniter\CodeIgniter->run()
CRITICAL - 2025-01-09 23:19:29 --> ErrorException: Undefined variable $YachtID11
in APPPATH\Views\yacht-detail.php on line 577.
 1 APPPATH\Views\yacht-detail.php(577): CodeIgniter\Debug\Exceptions->errorHandler(2, 'Undefined variable $YachtID11', 'C:\\xampp\\htdocs\\bmy\\app\\Views\\yacht-detail.php', 577)
 2 SYSTEMPATH\View\View.php(228): include('C:\\xampp\\htdocs\\bmy\\app\\Views\\yacht-detail.php')
 3 SYSTEMPATH\View\View.php(231): CodeIgniter\View\View->CodeIgniter\View\{closure}()
 4 SYSTEMPATH\Common.php(1178): CodeIgniter\View\View->render('yacht-detail', [], true)
 5 APPPATH\Controllers\Yacht.php(182): view('yacht-detail', [...])
 6 SYSTEMPATH\CodeIgniter.php(941): App\Controllers\Yacht->yachtRecordEditnew('816')
 7 SYSTEMPATH\CodeIgniter.php(502): CodeIgniter\CodeIgniter->runController(Object(App\Controllers\Yacht))
 8 SYSTEMPATH\CodeIgniter.php(361): CodeIgniter\CodeIgniter->handleRequest(null, Object(Config\Cache), false)
 9 FCPATH\index.php(79): CodeIgniter\CodeIgniter->run()
CRITICAL - 2025-01-09 23:20:37 --> ErrorException: Undefined variable $img22
in APPPATH\Views\yacht-detail.php on line 606.
 1 APPPATH\Views\yacht-detail.php(606): CodeIgniter\Debug\Exceptions->errorHandler(2, 'Undefined variable $img22', 'C:\\xampp\\htdocs\\bmy\\app\\Views\\yacht-detail.php', 606)
 2 SYSTEMPATH\View\View.php(228): include('C:\\xampp\\htdocs\\bmy\\app\\Views\\yacht-detail.php')
 3 SYSTEMPATH\View\View.php(231): CodeIgniter\View\View->CodeIgniter\View\{closure}()
 4 SYSTEMPATH\Common.php(1178): CodeIgniter\View\View->render('yacht-detail', [], true)
 5 APPPATH\Controllers\Yacht.php(182): view('yacht-detail', [...])
 6 SYSTEMPATH\CodeIgniter.php(941): App\Controllers\Yacht->yachtRecordEditnew('816')
 7 SYSTEMPATH\CodeIgniter.php(502): CodeIgniter\CodeIgniter->runController(Object(App\Controllers\Yacht))
 8 SYSTEMPATH\CodeIgniter.php(361): CodeIgniter\CodeIgniter->handleRequest(null, Object(Config\Cache), false)
 9 FCPATH\index.php(79): CodeIgniter\CodeIgniter->run()
CRITICAL - 2025-01-09 23:22:01 --> ErrorException: Undefined variable $YachtID22
in APPPATH\Views\yacht-detail.php on line 624.
 1 APPPATH\Views\yacht-detail.php(624): CodeIgniter\Debug\Exceptions->errorHandler(2, 'Undefined variable $YachtID22', 'C:\\xampp\\htdocs\\bmy\\app\\Views\\yacht-detail.php', 624)
 2 SYSTEMPATH\View\View.php(228): include('C:\\xampp\\htdocs\\bmy\\app\\Views\\yacht-detail.php')
 3 SYSTEMPATH\View\View.php(231): CodeIgniter\View\View->CodeIgniter\View\{closure}()
 4 SYSTEMPATH\Common.php(1178): CodeIgniter\View\View->render('yacht-detail', [], true)
 5 APPPATH\Controllers\Yacht.php(182): view('yacht-detail', [...])
 6 SYSTEMPATH\CodeIgniter.php(941): App\Controllers\Yacht->yachtRecordEditnew('816')
 7 SYSTEMPATH\CodeIgniter.php(502): CodeIgniter\CodeIgniter->runController(Object(App\Controllers\Yacht))
 8 SYSTEMPATH\CodeIgniter.php(361): CodeIgniter\CodeIgniter->handleRequest(null, Object(Config\Cache), false)
 9 FCPATH\index.php(79): CodeIgniter\CodeIgniter->run()
CRITICAL - 2025-01-09 23:23:13 --> ErrorException: Undefined variable $price22
in APPPATH\Views\yacht-detail.php on line 647.
 1 APPPATH\Views\yacht-detail.php(647): CodeIgniter\Debug\Exceptions->errorHandler(2, 'Undefined variable $price22', 'C:\\xampp\\htdocs\\bmy\\app\\Views\\yacht-detail.php', 647)
 2 SYSTEMPATH\View\View.php(228): include('C:\\xampp\\htdocs\\bmy\\app\\Views\\yacht-detail.php')
 3 SYSTEMPATH\View\View.php(231): CodeIgniter\View\View->CodeIgniter\View\{closure}()
 4 SYSTEMPATH\Common.php(1178): CodeIgniter\View\View->render('yacht-detail', [], true)
 5 APPPATH\Controllers\Yacht.php(182): view('yacht-detail', [...])
 6 SYSTEMPATH\CodeIgniter.php(941): App\Controllers\Yacht->yachtRecordEditnew('816')
 7 SYSTEMPATH\CodeIgniter.php(502): CodeIgniter\CodeIgniter->runController(Object(App\Controllers\Yacht))
 8 SYSTEMPATH\CodeIgniter.php(361): CodeIgniter\CodeIgniter->handleRequest(null, Object(Config\Cache), false)
 9 FCPATH\index.php(79): CodeIgniter\CodeIgniter->run()
CRITICAL - 2025-01-09 23:24:20 --> ErrorException: Undefined variable $YachtID22
in APPPATH\Views\yacht-detail.php on line 660.
 1 APPPATH\Views\yacht-detail.php(660): CodeIgniter\Debug\Exceptions->errorHandler(2, 'Undefined variable $YachtID22', 'C:\\xampp\\htdocs\\bmy\\app\\Views\\yacht-detail.php', 660)
 2 SYSTEMPATH\View\View.php(228): include('C:\\xampp\\htdocs\\bmy\\app\\Views\\yacht-detail.php')
 3 SYSTEMPATH\View\View.php(231): CodeIgniter\View\View->CodeIgniter\View\{closure}()
 4 SYSTEMPATH\Common.php(1178): CodeIgniter\View\View->render('yacht-detail', [], true)
 5 APPPATH\Controllers\Yacht.php(182): view('yacht-detail', [...])
 6 SYSTEMPATH\CodeIgniter.php(941): App\Controllers\Yacht->yachtRecordEditnew('816')
 7 SYSTEMPATH\CodeIgniter.php(502): CodeIgniter\CodeIgniter->runController(Object(App\Controllers\Yacht))
 8 SYSTEMPATH\CodeIgniter.php(361): CodeIgniter\CodeIgniter->handleRequest(null, Object(Config\Cache), false)
 9 FCPATH\index.php(79): CodeIgniter\CodeIgniter->run()
