CRITICAL - 2024-06-20 16:13:56 --> TypeError: Cannot access offset of type string on string
in APPPATH\Views\yacht-detail.php on line 209.
 1 SYSTEMPATH\View\View.php(228): include()
 2 SYSTEMPATH\View\View.php(231): CodeIgniter\View\View->CodeIgniter\View\{closure}()
 3 SYSTEMPATH\Common.php(1178): CodeIgniter\View\View->render('yacht-detail', [], true)
 4 APPPATH\Controllers\Yacht.php(75): view('yacht-detail', [...])
 5 SYSTEMPATH\CodeIgniter.php(941): App\Controllers\Yacht->yachtRecordEditnew('12')
 6 SYSTEMPATH\CodeIgniter.php(502): CodeIgniter\CodeIgniter->runController(Object(App\Controllers\Yacht))
 7 SYSTEMPATH\CodeIgniter.php(361): CodeIgniter\CodeIgniter->handleRequest(null, Object(Config\Cache), false)
 8 FCPATH\index.php(79): CodeIgniter\CodeIgniter->run()
CRITICAL - 2024-06-20 16:14:08 --> TypeError: Cannot access offset of type string on string
in APPPATH\Views\yacht-detail.php on line 209.
 1 SYSTEMPATH\View\View.php(228): include()
 2 SYSTEMPATH\View\View.php(231): CodeIgniter\View\View->CodeIgniter\View\{closure}()
 3 SYSTEMPATH\Common.php(1178): CodeIgniter\View\View->render('yacht-detail', [], true)
 4 APPPATH\Controllers\Yacht.php(75): view('yacht-detail', [...])
 5 SYSTEMPATH\CodeIgniter.php(941): App\Controllers\Yacht->yachtRecordEditnew('12')
 6 SYSTEMPATH\CodeIgniter.php(502): CodeIgniter\CodeIgniter->runController(Object(App\Controllers\Yacht))
 7 SYSTEMPATH\CodeIgniter.php(361): CodeIgniter\CodeIgniter->handleRequest(null, Object(Config\Cache), false)
 8 FCPATH\index.php(79): CodeIgniter\CodeIgniter->run()
CRITICAL - 2024-06-20 16:14:09 --> TypeError: Cannot access offset of type string on string
in APPPATH\Views\yacht-detail.php on line 209.
 1 SYSTEMPATH\View\View.php(228): include()
 2 SYSTEMPATH\View\View.php(231): CodeIgniter\View\View->CodeIgniter\View\{closure}()
 3 SYSTEMPATH\Common.php(1178): CodeIgniter\View\View->render('yacht-detail', [], true)
 4 APPPATH\Controllers\Yacht.php(75): view('yacht-detail', [...])
 5 SYSTEMPATH\CodeIgniter.php(941): App\Controllers\Yacht->yachtRecordEditnew('12')
 6 SYSTEMPATH\CodeIgniter.php(502): CodeIgniter\CodeIgniter->runController(Object(App\Controllers\Yacht))
 7 SYSTEMPATH\CodeIgniter.php(361): CodeIgniter\CodeIgniter->handleRequest(null, Object(Config\Cache), false)
 8 FCPATH\index.php(79): CodeIgniter\CodeIgniter->run()
CRITICAL - 2024-06-20 16:14:09 --> TypeError: Cannot access offset of type string on string
in APPPATH\Views\yacht-detail.php on line 209.
 1 SYSTEMPATH\View\View.php(228): include()
 2 SYSTEMPATH\View\View.php(231): CodeIgniter\View\View->CodeIgniter\View\{closure}()
 3 SYSTEMPATH\Common.php(1178): CodeIgniter\View\View->render('yacht-detail', [], true)
 4 APPPATH\Controllers\Yacht.php(75): view('yacht-detail', [...])
 5 SYSTEMPATH\CodeIgniter.php(941): App\Controllers\Yacht->yachtRecordEditnew('12')
 6 SYSTEMPATH\CodeIgniter.php(502): CodeIgniter\CodeIgniter->runController(Object(App\Controllers\Yacht))
 7 SYSTEMPATH\CodeIgniter.php(361): CodeIgniter\CodeIgniter->handleRequest(null, Object(Config\Cache), false)
 8 FCPATH\index.php(79): CodeIgniter\CodeIgniter->run()
CRITICAL - 2024-06-20 16:14:09 --> TypeError: Cannot access offset of type string on string
in APPPATH\Views\yacht-detail.php on line 209.
 1 SYSTEMPATH\View\View.php(228): include()
 2 SYSTEMPATH\View\View.php(231): CodeIgniter\View\View->CodeIgniter\View\{closure}()
 3 SYSTEMPATH\Common.php(1178): CodeIgniter\View\View->render('yacht-detail', [], true)
 4 APPPATH\Controllers\Yacht.php(75): view('yacht-detail', [...])
 5 SYSTEMPATH\CodeIgniter.php(941): App\Controllers\Yacht->yachtRecordEditnew('12')
 6 SYSTEMPATH\CodeIgniter.php(502): CodeIgniter\CodeIgniter->runController(Object(App\Controllers\Yacht))
 7 SYSTEMPATH\CodeIgniter.php(361): CodeIgniter\CodeIgniter->handleRequest(null, Object(Config\Cache), false)
 8 FCPATH\index.php(79): CodeIgniter\CodeIgniter->run()
CRITICAL - 2024-06-20 16:14:52 --> ErrorException: Undefined array key "img1"
in APPPATH\Views\yacht-detail.php on line 209.
 1 APPPATH\Views\yacht-detail.php(209): CodeIgniter\Debug\Exceptions->errorHandler(2, 'Undefined array key "img1"', 'C:\\xampp\\htdocs\\bmy\\app\\Views\\yacht-detail.php', 209)
 2 SYSTEMPATH\View\View.php(228): include('C:\\xampp\\htdocs\\bmy\\app\\Views\\yacht-detail.php')
 3 SYSTEMPATH\View\View.php(231): CodeIgniter\View\View->CodeIgniter\View\{closure}()
 4 SYSTEMPATH\Common.php(1178): CodeIgniter\View\View->render('yacht-detail', [], true)
 5 APPPATH\Controllers\Yacht.php(75): view('yacht-detail', [...])
 6 SYSTEMPATH\CodeIgniter.php(941): App\Controllers\Yacht->yachtRecordEditnew('12')
 7 SYSTEMPATH\CodeIgniter.php(502): CodeIgniter\CodeIgniter->runController(Object(App\Controllers\Yacht))
 8 SYSTEMPATH\CodeIgniter.php(361): CodeIgniter\CodeIgniter->handleRequest(null, Object(Config\Cache), false)
 9 FCPATH\index.php(79): CodeIgniter\CodeIgniter->run()
CRITICAL - 2024-06-20 16:15:52 --> TypeError: Cannot access offset of type string on string
in APPPATH\Views\yacht-detail.php on line 209.
 1 SYSTEMPATH\View\View.php(228): include()
 2 SYSTEMPATH\View\View.php(231): CodeIgniter\View\View->CodeIgniter\View\{closure}()
 3 SYSTEMPATH\Common.php(1178): CodeIgniter\View\View->render('yacht-detail', [], true)
 4 APPPATH\Controllers\Yacht.php(75): view('yacht-detail', [...])
 5 SYSTEMPATH\CodeIgniter.php(941): App\Controllers\Yacht->yachtRecordEditnew('12')
 6 SYSTEMPATH\CodeIgniter.php(502): CodeIgniter\CodeIgniter->runController(Object(App\Controllers\Yacht))
 7 SYSTEMPATH\CodeIgniter.php(361): CodeIgniter\CodeIgniter->handleRequest(null, Object(Config\Cache), false)
 8 FCPATH\index.php(79): CodeIgniter\CodeIgniter->run()
CRITICAL - 2024-06-20 16:15:52 --> TypeError: Cannot access offset of type string on string
in APPPATH\Views\yacht-detail.php on line 209.
 1 SYSTEMPATH\View\View.php(228): include()
 2 SYSTEMPATH\View\View.php(231): CodeIgniter\View\View->CodeIgniter\View\{closure}()
 3 SYSTEMPATH\Common.php(1178): CodeIgniter\View\View->render('yacht-detail', [], true)
 4 APPPATH\Controllers\Yacht.php(75): view('yacht-detail', [...])
 5 SYSTEMPATH\CodeIgniter.php(941): App\Controllers\Yacht->yachtRecordEditnew('12')
 6 SYSTEMPATH\CodeIgniter.php(502): CodeIgniter\CodeIgniter->runController(Object(App\Controllers\Yacht))
 7 SYSTEMPATH\CodeIgniter.php(361): CodeIgniter\CodeIgniter->handleRequest(null, Object(Config\Cache), false)
 8 FCPATH\index.php(79): CodeIgniter\CodeIgniter->run()
CRITICAL - 2024-06-20 16:15:52 --> TypeError: Cannot access offset of type string on string
in APPPATH\Views\yacht-detail.php on line 209.
 1 SYSTEMPATH\View\View.php(228): include()
 2 SYSTEMPATH\View\View.php(231): CodeIgniter\View\View->CodeIgniter\View\{closure}()
 3 SYSTEMPATH\Common.php(1178): CodeIgniter\View\View->render('yacht-detail', [], true)
 4 APPPATH\Controllers\Yacht.php(75): view('yacht-detail', [...])
 5 SYSTEMPATH\CodeIgniter.php(941): App\Controllers\Yacht->yachtRecordEditnew('12')
 6 SYSTEMPATH\CodeIgniter.php(502): CodeIgniter\CodeIgniter->runController(Object(App\Controllers\Yacht))
 7 SYSTEMPATH\CodeIgniter.php(361): CodeIgniter\CodeIgniter->handleRequest(null, Object(Config\Cache), false)
 8 FCPATH\index.php(79): CodeIgniter\CodeIgniter->run()
CRITICAL - 2024-06-20 16:15:52 --> TypeError: Cannot access offset of type string on string
in APPPATH\Views\yacht-detail.php on line 209.
 1 SYSTEMPATH\View\View.php(228): include()
 2 SYSTEMPATH\View\View.php(231): CodeIgniter\View\View->CodeIgniter\View\{closure}()
 3 SYSTEMPATH\Common.php(1178): CodeIgniter\View\View->render('yacht-detail', [], true)
 4 APPPATH\Controllers\Yacht.php(75): view('yacht-detail', [...])
 5 SYSTEMPATH\CodeIgniter.php(941): App\Controllers\Yacht->yachtRecordEditnew('12')
 6 SYSTEMPATH\CodeIgniter.php(502): CodeIgniter\CodeIgniter->runController(Object(App\Controllers\Yacht))
 7 SYSTEMPATH\CodeIgniter.php(361): CodeIgniter\CodeIgniter->handleRequest(null, Object(Config\Cache), false)
 8 FCPATH\index.php(79): CodeIgniter\CodeIgniter->run()
CRITICAL - 2024-06-20 16:16:31 --> ErrorException: Undefined array key "img1"
in APPPATH\Views\yacht-detail.php on line 209.
 1 APPPATH\Views\yacht-detail.php(209): CodeIgniter\Debug\Exceptions->errorHandler(2, 'Undefined array key "img1"', 'C:\\xampp\\htdocs\\bmy\\app\\Views\\yacht-detail.php', 209)
 2 SYSTEMPATH\View\View.php(228): include('C:\\xampp\\htdocs\\bmy\\app\\Views\\yacht-detail.php')
 3 SYSTEMPATH\View\View.php(231): CodeIgniter\View\View->CodeIgniter\View\{closure}()
 4 SYSTEMPATH\Common.php(1178): CodeIgniter\View\View->render('yacht-detail', [], true)
 5 APPPATH\Controllers\Yacht.php(75): view('yacht-detail', [...])
 6 SYSTEMPATH\CodeIgniter.php(941): App\Controllers\Yacht->yachtRecordEditnew('12')
 7 SYSTEMPATH\CodeIgniter.php(502): CodeIgniter\CodeIgniter->runController(Object(App\Controllers\Yacht))
 8 SYSTEMPATH\CodeIgniter.php(361): CodeIgniter\CodeIgniter->handleRequest(null, Object(Config\Cache), false)
 9 FCPATH\index.php(79): CodeIgniter\CodeIgniter->run()
CRITICAL - 2024-06-20 16:16:31 --> ErrorException: Undefined array key "img1"
in APPPATH\Views\yacht-detail.php on line 209.
 1 APPPATH\Views\yacht-detail.php(209): CodeIgniter\Debug\Exceptions->errorHandler(2, 'Undefined array key "img1"', 'C:\\xampp\\htdocs\\bmy\\app\\Views\\yacht-detail.php', 209)
 2 SYSTEMPATH\View\View.php(228): include('C:\\xampp\\htdocs\\bmy\\app\\Views\\yacht-detail.php')
 3 SYSTEMPATH\View\View.php(231): CodeIgniter\View\View->CodeIgniter\View\{closure}()
 4 SYSTEMPATH\Common.php(1178): CodeIgniter\View\View->render('yacht-detail', [], true)
 5 APPPATH\Controllers\Yacht.php(75): view('yacht-detail', [...])
 6 SYSTEMPATH\CodeIgniter.php(941): App\Controllers\Yacht->yachtRecordEditnew('12')
 7 SYSTEMPATH\CodeIgniter.php(502): CodeIgniter\CodeIgniter->runController(Object(App\Controllers\Yacht))
 8 SYSTEMPATH\CodeIgniter.php(361): CodeIgniter\CodeIgniter->handleRequest(null, Object(Config\Cache), false)
 9 FCPATH\index.php(79): CodeIgniter\CodeIgniter->run()
CRITICAL - 2024-06-20 16:16:39 --> ErrorException: Undefined array key "img1"
in APPPATH\Views\yacht-detail.php on line 209.
 1 APPPATH\Views\yacht-detail.php(209): CodeIgniter\Debug\Exceptions->errorHandler(2, 'Undefined array key "img1"', 'C:\\xampp\\htdocs\\bmy\\app\\Views\\yacht-detail.php', 209)
 2 SYSTEMPATH\View\View.php(228): include('C:\\xampp\\htdocs\\bmy\\app\\Views\\yacht-detail.php')
 3 SYSTEMPATH\View\View.php(231): CodeIgniter\View\View->CodeIgniter\View\{closure}()
 4 SYSTEMPATH\Common.php(1178): CodeIgniter\View\View->render('yacht-detail', [], true)
 5 APPPATH\Controllers\Yacht.php(75): view('yacht-detail', [...])
 6 SYSTEMPATH\CodeIgniter.php(941): App\Controllers\Yacht->yachtRecordEditnew('12')
 7 SYSTEMPATH\CodeIgniter.php(502): CodeIgniter\CodeIgniter->runController(Object(App\Controllers\Yacht))
 8 SYSTEMPATH\CodeIgniter.php(361): CodeIgniter\CodeIgniter->handleRequest(null, Object(Config\Cache), false)
 9 FCPATH\index.php(79): CodeIgniter\CodeIgniter->run()
CRITICAL - 2024-06-20 16:16:39 --> ErrorException: Undefined array key "img1"
in APPPATH\Views\yacht-detail.php on line 209.
 1 APPPATH\Views\yacht-detail.php(209): CodeIgniter\Debug\Exceptions->errorHandler(2, 'Undefined array key "img1"', 'C:\\xampp\\htdocs\\bmy\\app\\Views\\yacht-detail.php', 209)
 2 SYSTEMPATH\View\View.php(228): include('C:\\xampp\\htdocs\\bmy\\app\\Views\\yacht-detail.php')
 3 SYSTEMPATH\View\View.php(231): CodeIgniter\View\View->CodeIgniter\View\{closure}()
 4 SYSTEMPATH\Common.php(1178): CodeIgniter\View\View->render('yacht-detail', [], true)
 5 APPPATH\Controllers\Yacht.php(75): view('yacht-detail', [...])
 6 SYSTEMPATH\CodeIgniter.php(941): App\Controllers\Yacht->yachtRecordEditnew('12')
 7 SYSTEMPATH\CodeIgniter.php(502): CodeIgniter\CodeIgniter->runController(Object(App\Controllers\Yacht))
 8 SYSTEMPATH\CodeIgniter.php(361): CodeIgniter\CodeIgniter->handleRequest(null, Object(Config\Cache), false)
 9 FCPATH\index.php(79): CodeIgniter\CodeIgniter->run()
CRITICAL - 2024-06-20 16:16:39 --> ErrorException: Undefined array key "img1"
in APPPATH\Views\yacht-detail.php on line 209.
 1 APPPATH\Views\yacht-detail.php(209): CodeIgniter\Debug\Exceptions->errorHandler(2, 'Undefined array key "img1"', 'C:\\xampp\\htdocs\\bmy\\app\\Views\\yacht-detail.php', 209)
 2 SYSTEMPATH\View\View.php(228): include('C:\\xampp\\htdocs\\bmy\\app\\Views\\yacht-detail.php')
 3 SYSTEMPATH\View\View.php(231): CodeIgniter\View\View->CodeIgniter\View\{closure}()
 4 SYSTEMPATH\Common.php(1178): CodeIgniter\View\View->render('yacht-detail', [], true)
 5 APPPATH\Controllers\Yacht.php(75): view('yacht-detail', [...])
 6 SYSTEMPATH\CodeIgniter.php(941): App\Controllers\Yacht->yachtRecordEditnew('12')
 7 SYSTEMPATH\CodeIgniter.php(502): CodeIgniter\CodeIgniter->runController(Object(App\Controllers\Yacht))
 8 SYSTEMPATH\CodeIgniter.php(361): CodeIgniter\CodeIgniter->handleRequest(null, Object(Config\Cache), false)
 9 FCPATH\index.php(79): CodeIgniter\CodeIgniter->run()
CRITICAL - 2024-06-20 16:16:40 --> ErrorException: Undefined array key "img1"
in APPPATH\Views\yacht-detail.php on line 209.
 1 APPPATH\Views\yacht-detail.php(209): CodeIgniter\Debug\Exceptions->errorHandler(2, 'Undefined array key "img1"', 'C:\\xampp\\htdocs\\bmy\\app\\Views\\yacht-detail.php', 209)
 2 SYSTEMPATH\View\View.php(228): include('C:\\xampp\\htdocs\\bmy\\app\\Views\\yacht-detail.php')
 3 SYSTEMPATH\View\View.php(231): CodeIgniter\View\View->CodeIgniter\View\{closure}()
 4 SYSTEMPATH\Common.php(1178): CodeIgniter\View\View->render('yacht-detail', [], true)
 5 APPPATH\Controllers\Yacht.php(75): view('yacht-detail', [...])
 6 SYSTEMPATH\CodeIgniter.php(941): App\Controllers\Yacht->yachtRecordEditnew('12')
 7 SYSTEMPATH\CodeIgniter.php(502): CodeIgniter\CodeIgniter->runController(Object(App\Controllers\Yacht))
 8 SYSTEMPATH\CodeIgniter.php(361): CodeIgniter\CodeIgniter->handleRequest(null, Object(Config\Cache), false)
 9 FCPATH\index.php(79): CodeIgniter\CodeIgniter->run()
CRITICAL - 2024-06-20 16:16:40 --> ErrorException: Undefined array key "img1"
in APPPATH\Views\yacht-detail.php on line 209.
 1 APPPATH\Views\yacht-detail.php(209): CodeIgniter\Debug\Exceptions->errorHandler(2, 'Undefined array key "img1"', 'C:\\xampp\\htdocs\\bmy\\app\\Views\\yacht-detail.php', 209)
 2 SYSTEMPATH\View\View.php(228): include('C:\\xampp\\htdocs\\bmy\\app\\Views\\yacht-detail.php')
 3 SYSTEMPATH\View\View.php(231): CodeIgniter\View\View->CodeIgniter\View\{closure}()
 4 SYSTEMPATH\Common.php(1178): CodeIgniter\View\View->render('yacht-detail', [], true)
 5 APPPATH\Controllers\Yacht.php(75): view('yacht-detail', [...])
 6 SYSTEMPATH\CodeIgniter.php(941): App\Controllers\Yacht->yachtRecordEditnew('12')
 7 SYSTEMPATH\CodeIgniter.php(502): CodeIgniter\CodeIgniter->runController(Object(App\Controllers\Yacht))
 8 SYSTEMPATH\CodeIgniter.php(361): CodeIgniter\CodeIgniter->handleRequest(null, Object(Config\Cache), false)
 9 FCPATH\index.php(79): CodeIgniter\CodeIgniter->run()
CRITICAL - 2024-06-20 16:16:40 --> ErrorException: Undefined array key "img1"
in APPPATH\Views\yacht-detail.php on line 209.
 1 APPPATH\Views\yacht-detail.php(209): CodeIgniter\Debug\Exceptions->errorHandler(2, 'Undefined array key "img1"', 'C:\\xampp\\htdocs\\bmy\\app\\Views\\yacht-detail.php', 209)
 2 SYSTEMPATH\View\View.php(228): include('C:\\xampp\\htdocs\\bmy\\app\\Views\\yacht-detail.php')
 3 SYSTEMPATH\View\View.php(231): CodeIgniter\View\View->CodeIgniter\View\{closure}()
 4 SYSTEMPATH\Common.php(1178): CodeIgniter\View\View->render('yacht-detail', [], true)
 5 APPPATH\Controllers\Yacht.php(75): view('yacht-detail', [...])
 6 SYSTEMPATH\CodeIgniter.php(941): App\Controllers\Yacht->yachtRecordEditnew('12')
 7 SYSTEMPATH\CodeIgniter.php(502): CodeIgniter\CodeIgniter->runController(Object(App\Controllers\Yacht))
 8 SYSTEMPATH\CodeIgniter.php(361): CodeIgniter\CodeIgniter->handleRequest(null, Object(Config\Cache), false)
 9 FCPATH\index.php(79): CodeIgniter\CodeIgniter->run()
CRITICAL - 2024-06-20 16:16:40 --> ErrorException: Undefined array key "img1"
in APPPATH\Views\yacht-detail.php on line 209.
 1 APPPATH\Views\yacht-detail.php(209): CodeIgniter\Debug\Exceptions->errorHandler(2, 'Undefined array key "img1"', 'C:\\xampp\\htdocs\\bmy\\app\\Views\\yacht-detail.php', 209)
 2 SYSTEMPATH\View\View.php(228): include('C:\\xampp\\htdocs\\bmy\\app\\Views\\yacht-detail.php')
 3 SYSTEMPATH\View\View.php(231): CodeIgniter\View\View->CodeIgniter\View\{closure}()
 4 SYSTEMPATH\Common.php(1178): CodeIgniter\View\View->render('yacht-detail', [], true)
 5 APPPATH\Controllers\Yacht.php(75): view('yacht-detail', [...])
 6 SYSTEMPATH\CodeIgniter.php(941): App\Controllers\Yacht->yachtRecordEditnew('12')
 7 SYSTEMPATH\CodeIgniter.php(502): CodeIgniter\CodeIgniter->runController(Object(App\Controllers\Yacht))
 8 SYSTEMPATH\CodeIgniter.php(361): CodeIgniter\CodeIgniter->handleRequest(null, Object(Config\Cache), false)
 9 FCPATH\index.php(79): CodeIgniter\CodeIgniter->run()
CRITICAL - 2024-06-20 16:16:53 --> TypeError: Cannot access offset of type string on string
in APPPATH\Views\yacht-detail.php on line 209.
 1 SYSTEMPATH\View\View.php(228): include()
 2 SYSTEMPATH\View\View.php(231): CodeIgniter\View\View->CodeIgniter\View\{closure}()
 3 SYSTEMPATH\Common.php(1178): CodeIgniter\View\View->render('yacht-detail', [], true)
 4 APPPATH\Controllers\Yacht.php(75): view('yacht-detail', [...])
 5 SYSTEMPATH\CodeIgniter.php(941): App\Controllers\Yacht->yachtRecordEditnew('12')
 6 SYSTEMPATH\CodeIgniter.php(502): CodeIgniter\CodeIgniter->runController(Object(App\Controllers\Yacht))
 7 SYSTEMPATH\CodeIgniter.php(361): CodeIgniter\CodeIgniter->handleRequest(null, Object(Config\Cache), false)
 8 FCPATH\index.php(79): CodeIgniter\CodeIgniter->run()
CRITICAL - 2024-06-20 16:16:53 --> TypeError: Cannot access offset of type string on string
in APPPATH\Views\yacht-detail.php on line 209.
 1 SYSTEMPATH\View\View.php(228): include()
 2 SYSTEMPATH\View\View.php(231): CodeIgniter\View\View->CodeIgniter\View\{closure}()
 3 SYSTEMPATH\Common.php(1178): CodeIgniter\View\View->render('yacht-detail', [], true)
 4 APPPATH\Controllers\Yacht.php(75): view('yacht-detail', [...])
 5 SYSTEMPATH\CodeIgniter.php(941): App\Controllers\Yacht->yachtRecordEditnew('12')
 6 SYSTEMPATH\CodeIgniter.php(502): CodeIgniter\CodeIgniter->runController(Object(App\Controllers\Yacht))
 7 SYSTEMPATH\CodeIgniter.php(361): CodeIgniter\CodeIgniter->handleRequest(null, Object(Config\Cache), false)
 8 FCPATH\index.php(79): CodeIgniter\CodeIgniter->run()
CRITICAL - 2024-06-20 16:16:53 --> TypeError: Cannot access offset of type string on string
in APPPATH\Views\yacht-detail.php on line 209.
 1 SYSTEMPATH\View\View.php(228): include()
 2 SYSTEMPATH\View\View.php(231): CodeIgniter\View\View->CodeIgniter\View\{closure}()
 3 SYSTEMPATH\Common.php(1178): CodeIgniter\View\View->render('yacht-detail', [], true)
 4 APPPATH\Controllers\Yacht.php(75): view('yacht-detail', [...])
 5 SYSTEMPATH\CodeIgniter.php(941): App\Controllers\Yacht->yachtRecordEditnew('12')
 6 SYSTEMPATH\CodeIgniter.php(502): CodeIgniter\CodeIgniter->runController(Object(App\Controllers\Yacht))
 7 SYSTEMPATH\CodeIgniter.php(361): CodeIgniter\CodeIgniter->handleRequest(null, Object(Config\Cache), false)
 8 FCPATH\index.php(79): CodeIgniter\CodeIgniter->run()
CRITICAL - 2024-06-20 16:25:04 --> TypeError: Cannot access offset of type string on string
in APPPATH\Views\yacht-detail.php on line 208.
 1 SYSTEMPATH\View\View.php(228): include()
 2 SYSTEMPATH\View\View.php(231): CodeIgniter\View\View->CodeIgniter\View\{closure}()
 3 SYSTEMPATH\Common.php(1178): CodeIgniter\View\View->render('yacht-detail', [], true)
 4 APPPATH\Controllers\Yacht.php(75): view('yacht-detail', [...])
 5 SYSTEMPATH\CodeIgniter.php(941): App\Controllers\Yacht->yachtRecordEditnew('12')
 6 SYSTEMPATH\CodeIgniter.php(502): CodeIgniter\CodeIgniter->runController(Object(App\Controllers\Yacht))
 7 SYSTEMPATH\CodeIgniter.php(361): CodeIgniter\CodeIgniter->handleRequest(null, Object(Config\Cache), false)
 8 FCPATH\index.php(79): CodeIgniter\CodeIgniter->run()
CRITICAL - 2024-06-20 16:26:35 --> TypeError: Cannot access offset of type string on string
in APPPATH\Views\yacht-detail.php on line 210.
 1 SYSTEMPATH\View\View.php(228): include()
 2 SYSTEMPATH\View\View.php(231): CodeIgniter\View\View->CodeIgniter\View\{closure}()
 3 SYSTEMPATH\Common.php(1178): CodeIgniter\View\View->render('yacht-detail', [], true)
 4 APPPATH\Controllers\Yacht.php(75): view('yacht-detail', [...])
 5 SYSTEMPATH\CodeIgniter.php(941): App\Controllers\Yacht->yachtRecordEditnew('12')
 6 SYSTEMPATH\CodeIgniter.php(502): CodeIgniter\CodeIgniter->runController(Object(App\Controllers\Yacht))
 7 SYSTEMPATH\CodeIgniter.php(361): CodeIgniter\CodeIgniter->handleRequest(null, Object(Config\Cache), false)
 8 FCPATH\index.php(79): CodeIgniter\CodeIgniter->run()
CRITICAL - 2024-06-20 16:26:36 --> TypeError: Cannot access offset of type string on string
in APPPATH\Views\yacht-detail.php on line 210.
 1 SYSTEMPATH\View\View.php(228): include()
 2 SYSTEMPATH\View\View.php(231): CodeIgniter\View\View->CodeIgniter\View\{closure}()
 3 SYSTEMPATH\Common.php(1178): CodeIgniter\View\View->render('yacht-detail', [], true)
 4 APPPATH\Controllers\Yacht.php(75): view('yacht-detail', [...])
 5 SYSTEMPATH\CodeIgniter.php(941): App\Controllers\Yacht->yachtRecordEditnew('12')
 6 SYSTEMPATH\CodeIgniter.php(502): CodeIgniter\CodeIgniter->runController(Object(App\Controllers\Yacht))
 7 SYSTEMPATH\CodeIgniter.php(361): CodeIgniter\CodeIgniter->handleRequest(null, Object(Config\Cache), false)
 8 FCPATH\index.php(79): CodeIgniter\CodeIgniter->run()
CRITICAL - 2024-06-20 16:26:36 --> TypeError: Cannot access offset of type string on string
in APPPATH\Views\yacht-detail.php on line 210.
 1 SYSTEMPATH\View\View.php(228): include()
 2 SYSTEMPATH\View\View.php(231): CodeIgniter\View\View->CodeIgniter\View\{closure}()
 3 SYSTEMPATH\Common.php(1178): CodeIgniter\View\View->render('yacht-detail', [], true)
 4 APPPATH\Controllers\Yacht.php(75): view('yacht-detail', [...])
 5 SYSTEMPATH\CodeIgniter.php(941): App\Controllers\Yacht->yachtRecordEditnew('12')
 6 SYSTEMPATH\CodeIgniter.php(502): CodeIgniter\CodeIgniter->runController(Object(App\Controllers\Yacht))
 7 SYSTEMPATH\CodeIgniter.php(361): CodeIgniter\CodeIgniter->handleRequest(null, Object(Config\Cache), false)
 8 FCPATH\index.php(79): CodeIgniter\CodeIgniter->run()
CRITICAL - 2024-06-20 16:26:36 --> TypeError: Cannot access offset of type string on string
in APPPATH\Views\yacht-detail.php on line 210.
 1 SYSTEMPATH\View\View.php(228): include()
 2 SYSTEMPATH\View\View.php(231): CodeIgniter\View\View->CodeIgniter\View\{closure}()
 3 SYSTEMPATH\Common.php(1178): CodeIgniter\View\View->render('yacht-detail', [], true)
 4 APPPATH\Controllers\Yacht.php(75): view('yacht-detail', [...])
 5 SYSTEMPATH\CodeIgniter.php(941): App\Controllers\Yacht->yachtRecordEditnew('12')
 6 SYSTEMPATH\CodeIgniter.php(502): CodeIgniter\CodeIgniter->runController(Object(App\Controllers\Yacht))
 7 SYSTEMPATH\CodeIgniter.php(361): CodeIgniter\CodeIgniter->handleRequest(null, Object(Config\Cache), false)
 8 FCPATH\index.php(79): CodeIgniter\CodeIgniter->run()
CRITICAL - 2024-06-20 16:26:36 --> TypeError: Cannot access offset of type string on string
in APPPATH\Views\yacht-detail.php on line 210.
 1 SYSTEMPATH\View\View.php(228): include()
 2 SYSTEMPATH\View\View.php(231): CodeIgniter\View\View->CodeIgniter\View\{closure}()
 3 SYSTEMPATH\Common.php(1178): CodeIgniter\View\View->render('yacht-detail', [], true)
 4 APPPATH\Controllers\Yacht.php(75): view('yacht-detail', [...])
 5 SYSTEMPATH\CodeIgniter.php(941): App\Controllers\Yacht->yachtRecordEditnew('12')
 6 SYSTEMPATH\CodeIgniter.php(502): CodeIgniter\CodeIgniter->runController(Object(App\Controllers\Yacht))
 7 SYSTEMPATH\CodeIgniter.php(361): CodeIgniter\CodeIgniter->handleRequest(null, Object(Config\Cache), false)
 8 FCPATH\index.php(79): CodeIgniter\CodeIgniter->run()
CRITICAL - 2024-06-20 16:29:08 --> TypeError: Cannot access offset of type string on string
in APPPATH\Views\yacht-detail.php on line 208.
 1 SYSTEMPATH\View\View.php(228): include()
 2 SYSTEMPATH\View\View.php(231): CodeIgniter\View\View->CodeIgniter\View\{closure}()
 3 SYSTEMPATH\Common.php(1178): CodeIgniter\View\View->render('yacht-detail', [], true)
 4 APPPATH\Controllers\Yacht.php(75): view('yacht-detail', [...])
 5 SYSTEMPATH\CodeIgniter.php(941): App\Controllers\Yacht->yachtRecordEditnew('12')
 6 SYSTEMPATH\CodeIgniter.php(502): CodeIgniter\CodeIgniter->runController(Object(App\Controllers\Yacht))
 7 SYSTEMPATH\CodeIgniter.php(361): CodeIgniter\CodeIgniter->handleRequest(null, Object(Config\Cache), false)
 8 FCPATH\index.php(79): CodeIgniter\CodeIgniter->run()
CRITICAL - 2024-06-20 16:29:09 --> TypeError: Cannot access offset of type string on string
in APPPATH\Views\yacht-detail.php on line 208.
 1 SYSTEMPATH\View\View.php(228): include()
 2 SYSTEMPATH\View\View.php(231): CodeIgniter\View\View->CodeIgniter\View\{closure}()
 3 SYSTEMPATH\Common.php(1178): CodeIgniter\View\View->render('yacht-detail', [], true)
 4 APPPATH\Controllers\Yacht.php(75): view('yacht-detail', [...])
 5 SYSTEMPATH\CodeIgniter.php(941): App\Controllers\Yacht->yachtRecordEditnew('12')
 6 SYSTEMPATH\CodeIgniter.php(502): CodeIgniter\CodeIgniter->runController(Object(App\Controllers\Yacht))
 7 SYSTEMPATH\CodeIgniter.php(361): CodeIgniter\CodeIgniter->handleRequest(null, Object(Config\Cache), false)
 8 FCPATH\index.php(79): CodeIgniter\CodeIgniter->run()
CRITICAL - 2024-06-20 16:29:22 --> TypeError: Cannot access offset of type string on string
in APPPATH\Views\yacht-detail.php on line 208.
 1 SYSTEMPATH\View\View.php(228): include()
 2 SYSTEMPATH\View\View.php(231): CodeIgniter\View\View->CodeIgniter\View\{closure}()
 3 SYSTEMPATH\Common.php(1178): CodeIgniter\View\View->render('yacht-detail', [], true)
 4 APPPATH\Controllers\Yacht.php(75): view('yacht-detail', [...])
 5 SYSTEMPATH\CodeIgniter.php(941): App\Controllers\Yacht->yachtRecordEditnew('12')
 6 SYSTEMPATH\CodeIgniter.php(502): CodeIgniter\CodeIgniter->runController(Object(App\Controllers\Yacht))
 7 SYSTEMPATH\CodeIgniter.php(361): CodeIgniter\CodeIgniter->handleRequest(null, Object(Config\Cache), false)
 8 FCPATH\index.php(79): CodeIgniter\CodeIgniter->run()
CRITICAL - 2024-06-20 16:29:22 --> TypeError: Cannot access offset of type string on string
in APPPATH\Views\yacht-detail.php on line 208.
 1 SYSTEMPATH\View\View.php(228): include()
 2 SYSTEMPATH\View\View.php(231): CodeIgniter\View\View->CodeIgniter\View\{closure}()
 3 SYSTEMPATH\Common.php(1178): CodeIgniter\View\View->render('yacht-detail', [], true)
 4 APPPATH\Controllers\Yacht.php(75): view('yacht-detail', [...])
 5 SYSTEMPATH\CodeIgniter.php(941): App\Controllers\Yacht->yachtRecordEditnew('12')
 6 SYSTEMPATH\CodeIgniter.php(502): CodeIgniter\CodeIgniter->runController(Object(App\Controllers\Yacht))
 7 SYSTEMPATH\CodeIgniter.php(361): CodeIgniter\CodeIgniter->handleRequest(null, Object(Config\Cache), false)
 8 FCPATH\index.php(79): CodeIgniter\CodeIgniter->run()
CRITICAL - 2024-06-20 16:29:22 --> TypeError: Cannot access offset of type string on string
in APPPATH\Views\yacht-detail.php on line 208.
 1 SYSTEMPATH\View\View.php(228): include()
 2 SYSTEMPATH\View\View.php(231): CodeIgniter\View\View->CodeIgniter\View\{closure}()
 3 SYSTEMPATH\Common.php(1178): CodeIgniter\View\View->render('yacht-detail', [], true)
 4 APPPATH\Controllers\Yacht.php(75): view('yacht-detail', [...])
 5 SYSTEMPATH\CodeIgniter.php(941): App\Controllers\Yacht->yachtRecordEditnew('12')
 6 SYSTEMPATH\CodeIgniter.php(502): CodeIgniter\CodeIgniter->runController(Object(App\Controllers\Yacht))
 7 SYSTEMPATH\CodeIgniter.php(361): CodeIgniter\CodeIgniter->handleRequest(null, Object(Config\Cache), false)
 8 FCPATH\index.php(79): CodeIgniter\CodeIgniter->run()
CRITICAL - 2024-06-20 16:29:22 --> TypeError: Cannot access offset of type string on string
in APPPATH\Views\yacht-detail.php on line 208.
 1 SYSTEMPATH\View\View.php(228): include()
 2 SYSTEMPATH\View\View.php(231): CodeIgniter\View\View->CodeIgniter\View\{closure}()
 3 SYSTEMPATH\Common.php(1178): CodeIgniter\View\View->render('yacht-detail', [], true)
 4 APPPATH\Controllers\Yacht.php(75): view('yacht-detail', [...])
 5 SYSTEMPATH\CodeIgniter.php(941): App\Controllers\Yacht->yachtRecordEditnew('12')
 6 SYSTEMPATH\CodeIgniter.php(502): CodeIgniter\CodeIgniter->runController(Object(App\Controllers\Yacht))
 7 SYSTEMPATH\CodeIgniter.php(361): CodeIgniter\CodeIgniter->handleRequest(null, Object(Config\Cache), false)
 8 FCPATH\index.php(79): CodeIgniter\CodeIgniter->run()
CRITICAL - 2024-06-20 16:29:23 --> TypeError: Cannot access offset of type string on string
in APPPATH\Views\yacht-detail.php on line 208.
 1 SYSTEMPATH\View\View.php(228): include()
 2 SYSTEMPATH\View\View.php(231): CodeIgniter\View\View->CodeIgniter\View\{closure}()
 3 SYSTEMPATH\Common.php(1178): CodeIgniter\View\View->render('yacht-detail', [], true)
 4 APPPATH\Controllers\Yacht.php(75): view('yacht-detail', [...])
 5 SYSTEMPATH\CodeIgniter.php(941): App\Controllers\Yacht->yachtRecordEditnew('12')
 6 SYSTEMPATH\CodeIgniter.php(502): CodeIgniter\CodeIgniter->runController(Object(App\Controllers\Yacht))
 7 SYSTEMPATH\CodeIgniter.php(361): CodeIgniter\CodeIgniter->handleRequest(null, Object(Config\Cache), false)
 8 FCPATH\index.php(79): CodeIgniter\CodeIgniter->run()
CRITICAL - 2024-06-20 16:29:51 --> ErrorException: Undefined variable $bookings
in APPPATH\Views\yacht-detail.php on line 208.
 1 APPPATH\Views\yacht-detail.php(208): CodeIgniter\Debug\Exceptions->errorHandler(2, 'Undefined variable $bookings', 'C:\\xampp\\htdocs\\bmy\\app\\Views\\yacht-detail.php', 208)
 2 SYSTEMPATH\View\View.php(228): include('C:\\xampp\\htdocs\\bmy\\app\\Views\\yacht-detail.php')
 3 SYSTEMPATH\View\View.php(231): CodeIgniter\View\View->CodeIgniter\View\{closure}()
 4 SYSTEMPATH\Common.php(1178): CodeIgniter\View\View->render('yacht-detail', [], true)
 5 APPPATH\Controllers\Yacht.php(75): view('yacht-detail', [...])
 6 SYSTEMPATH\CodeIgniter.php(941): App\Controllers\Yacht->yachtRecordEditnew('12')
 7 SYSTEMPATH\CodeIgniter.php(502): CodeIgniter\CodeIgniter->runController(Object(App\Controllers\Yacht))
 8 SYSTEMPATH\CodeIgniter.php(361): CodeIgniter\CodeIgniter->handleRequest(null, Object(Config\Cache), false)
 9 FCPATH\index.php(79): CodeIgniter\CodeIgniter->run()
CRITICAL - 2024-06-20 16:29:51 --> ErrorException: Undefined variable $bookings
in APPPATH\Views\yacht-detail.php on line 208.
 1 APPPATH\Views\yacht-detail.php(208): CodeIgniter\Debug\Exceptions->errorHandler(2, 'Undefined variable $bookings', 'C:\\xampp\\htdocs\\bmy\\app\\Views\\yacht-detail.php', 208)
 2 SYSTEMPATH\View\View.php(228): include('C:\\xampp\\htdocs\\bmy\\app\\Views\\yacht-detail.php')
 3 SYSTEMPATH\View\View.php(231): CodeIgniter\View\View->CodeIgniter\View\{closure}()
 4 SYSTEMPATH\Common.php(1178): CodeIgniter\View\View->render('yacht-detail', [], true)
 5 APPPATH\Controllers\Yacht.php(75): view('yacht-detail', [...])
 6 SYSTEMPATH\CodeIgniter.php(941): App\Controllers\Yacht->yachtRecordEditnew('12')
 7 SYSTEMPATH\CodeIgniter.php(502): CodeIgniter\CodeIgniter->runController(Object(App\Controllers\Yacht))
 8 SYSTEMPATH\CodeIgniter.php(361): CodeIgniter\CodeIgniter->handleRequest(null, Object(Config\Cache), false)
 9 FCPATH\index.php(79): CodeIgniter\CodeIgniter->run()
CRITICAL - 2024-06-20 16:29:52 --> ErrorException: Undefined variable $bookings
in APPPATH\Views\yacht-detail.php on line 208.
 1 APPPATH\Views\yacht-detail.php(208): CodeIgniter\Debug\Exceptions->errorHandler(2, 'Undefined variable $bookings', 'C:\\xampp\\htdocs\\bmy\\app\\Views\\yacht-detail.php', 208)
 2 SYSTEMPATH\View\View.php(228): include('C:\\xampp\\htdocs\\bmy\\app\\Views\\yacht-detail.php')
 3 SYSTEMPATH\View\View.php(231): CodeIgniter\View\View->CodeIgniter\View\{closure}()
 4 SYSTEMPATH\Common.php(1178): CodeIgniter\View\View->render('yacht-detail', [], true)
 5 APPPATH\Controllers\Yacht.php(75): view('yacht-detail', [...])
 6 SYSTEMPATH\CodeIgniter.php(941): App\Controllers\Yacht->yachtRecordEditnew('12')
 7 SYSTEMPATH\CodeIgniter.php(502): CodeIgniter\CodeIgniter->runController(Object(App\Controllers\Yacht))
 8 SYSTEMPATH\CodeIgniter.php(361): CodeIgniter\CodeIgniter->handleRequest(null, Object(Config\Cache), false)
 9 FCPATH\index.php(79): CodeIgniter\CodeIgniter->run()
CRITICAL - 2024-06-20 16:29:52 --> ErrorException: Undefined variable $bookings
in APPPATH\Views\yacht-detail.php on line 208.
 1 APPPATH\Views\yacht-detail.php(208): CodeIgniter\Debug\Exceptions->errorHandler(2, 'Undefined variable $bookings', 'C:\\xampp\\htdocs\\bmy\\app\\Views\\yacht-detail.php', 208)
 2 SYSTEMPATH\View\View.php(228): include('C:\\xampp\\htdocs\\bmy\\app\\Views\\yacht-detail.php')
 3 SYSTEMPATH\View\View.php(231): CodeIgniter\View\View->CodeIgniter\View\{closure}()
 4 SYSTEMPATH\Common.php(1178): CodeIgniter\View\View->render('yacht-detail', [], true)
 5 APPPATH\Controllers\Yacht.php(75): view('yacht-detail', [...])
 6 SYSTEMPATH\CodeIgniter.php(941): App\Controllers\Yacht->yachtRecordEditnew('12')
 7 SYSTEMPATH\CodeIgniter.php(502): CodeIgniter\CodeIgniter->runController(Object(App\Controllers\Yacht))
 8 SYSTEMPATH\CodeIgniter.php(361): CodeIgniter\CodeIgniter->handleRequest(null, Object(Config\Cache), false)
 9 FCPATH\index.php(79): CodeIgniter\CodeIgniter->run()
CRITICAL - 2024-06-20 16:30:09 --> TypeError: Cannot access offset of type string on string
in APPPATH\Views\yacht-detail.php on line 208.
 1 SYSTEMPATH\View\View.php(228): include()
 2 SYSTEMPATH\View\View.php(231): CodeIgniter\View\View->CodeIgniter\View\{closure}()
 3 SYSTEMPATH\Common.php(1178): CodeIgniter\View\View->render('yacht-detail', [], true)
 4 APPPATH\Controllers\Yacht.php(75): view('yacht-detail', [...])
 5 SYSTEMPATH\CodeIgniter.php(941): App\Controllers\Yacht->yachtRecordEditnew('12')
 6 SYSTEMPATH\CodeIgniter.php(502): CodeIgniter\CodeIgniter->runController(Object(App\Controllers\Yacht))
 7 SYSTEMPATH\CodeIgniter.php(361): CodeIgniter\CodeIgniter->handleRequest(null, Object(Config\Cache), false)
 8 FCPATH\index.php(79): CodeIgniter\CodeIgniter->run()
CRITICAL - 2024-06-20 16:30:09 --> TypeError: Cannot access offset of type string on string
in APPPATH\Views\yacht-detail.php on line 208.
 1 SYSTEMPATH\View\View.php(228): include()
 2 SYSTEMPATH\View\View.php(231): CodeIgniter\View\View->CodeIgniter\View\{closure}()
 3 SYSTEMPATH\Common.php(1178): CodeIgniter\View\View->render('yacht-detail', [], true)
 4 APPPATH\Controllers\Yacht.php(75): view('yacht-detail', [...])
 5 SYSTEMPATH\CodeIgniter.php(941): App\Controllers\Yacht->yachtRecordEditnew('12')
 6 SYSTEMPATH\CodeIgniter.php(502): CodeIgniter\CodeIgniter->runController(Object(App\Controllers\Yacht))
 7 SYSTEMPATH\CodeIgniter.php(361): CodeIgniter\CodeIgniter->handleRequest(null, Object(Config\Cache), false)
 8 FCPATH\index.php(79): CodeIgniter\CodeIgniter->run()
CRITICAL - 2024-06-20 16:30:09 --> TypeError: Cannot access offset of type string on string
in APPPATH\Views\yacht-detail.php on line 208.
 1 SYSTEMPATH\View\View.php(228): include()
 2 SYSTEMPATH\View\View.php(231): CodeIgniter\View\View->CodeIgniter\View\{closure}()
 3 SYSTEMPATH\Common.php(1178): CodeIgniter\View\View->render('yacht-detail', [], true)
 4 APPPATH\Controllers\Yacht.php(75): view('yacht-detail', [...])
 5 SYSTEMPATH\CodeIgniter.php(941): App\Controllers\Yacht->yachtRecordEditnew('12')
 6 SYSTEMPATH\CodeIgniter.php(502): CodeIgniter\CodeIgniter->runController(Object(App\Controllers\Yacht))
 7 SYSTEMPATH\CodeIgniter.php(361): CodeIgniter\CodeIgniter->handleRequest(null, Object(Config\Cache), false)
 8 FCPATH\index.php(79): CodeIgniter\CodeIgniter->run()
CRITICAL - 2024-06-20 16:30:09 --> TypeError: Cannot access offset of type string on string
in APPPATH\Views\yacht-detail.php on line 208.
 1 SYSTEMPATH\View\View.php(228): include()
 2 SYSTEMPATH\View\View.php(231): CodeIgniter\View\View->CodeIgniter\View\{closure}()
 3 SYSTEMPATH\Common.php(1178): CodeIgniter\View\View->render('yacht-detail', [], true)
 4 APPPATH\Controllers\Yacht.php(75): view('yacht-detail', [...])
 5 SYSTEMPATH\CodeIgniter.php(941): App\Controllers\Yacht->yachtRecordEditnew('12')
 6 SYSTEMPATH\CodeIgniter.php(502): CodeIgniter\CodeIgniter->runController(Object(App\Controllers\Yacht))
 7 SYSTEMPATH\CodeIgniter.php(361): CodeIgniter\CodeIgniter->handleRequest(null, Object(Config\Cache), false)
 8 FCPATH\index.php(79): CodeIgniter\CodeIgniter->run()
CRITICAL - 2024-06-20 16:30:30 --> ParseError: syntax error, unexpected token "<"
in APPPATH\Views\yacht-detail.php on line 208.
 1 SYSTEMPATH\View\View.php(231): CodeIgniter\View\View->CodeIgniter\View\{closure}()
 2 SYSTEMPATH\Common.php(1178): CodeIgniter\View\View->render('yacht-detail', [], true)
 3 APPPATH\Controllers\Yacht.php(75): view('yacht-detail', [...])
 4 SYSTEMPATH\CodeIgniter.php(941): App\Controllers\Yacht->yachtRecordEditnew('12')
 5 SYSTEMPATH\CodeIgniter.php(502): CodeIgniter\CodeIgniter->runController(Object(App\Controllers\Yacht))
 6 SYSTEMPATH\CodeIgniter.php(361): CodeIgniter\CodeIgniter->handleRequest(null, Object(Config\Cache), false)
 7 FCPATH\index.php(79): CodeIgniter\CodeIgniter->run()
CRITICAL - 2024-06-20 16:30:30 --> ParseError: syntax error, unexpected token "<"
in APPPATH\Views\yacht-detail.php on line 208.
 1 SYSTEMPATH\View\View.php(231): CodeIgniter\View\View->CodeIgniter\View\{closure}()
 2 SYSTEMPATH\Common.php(1178): CodeIgniter\View\View->render('yacht-detail', [], true)
 3 APPPATH\Controllers\Yacht.php(75): view('yacht-detail', [...])
 4 SYSTEMPATH\CodeIgniter.php(941): App\Controllers\Yacht->yachtRecordEditnew('12')
 5 SYSTEMPATH\CodeIgniter.php(502): CodeIgniter\CodeIgniter->runController(Object(App\Controllers\Yacht))
 6 SYSTEMPATH\CodeIgniter.php(361): CodeIgniter\CodeIgniter->handleRequest(null, Object(Config\Cache), false)
 7 FCPATH\index.php(79): CodeIgniter\CodeIgniter->run()
CRITICAL - 2024-06-20 16:30:31 --> ParseError: syntax error, unexpected token "<"
in APPPATH\Views\yacht-detail.php on line 208.
 1 SYSTEMPATH\View\View.php(231): CodeIgniter\View\View->CodeIgniter\View\{closure}()
 2 SYSTEMPATH\Common.php(1178): CodeIgniter\View\View->render('yacht-detail', [], true)
 3 APPPATH\Controllers\Yacht.php(75): view('yacht-detail', [...])
 4 SYSTEMPATH\CodeIgniter.php(941): App\Controllers\Yacht->yachtRecordEditnew('12')
 5 SYSTEMPATH\CodeIgniter.php(502): CodeIgniter\CodeIgniter->runController(Object(App\Controllers\Yacht))
 6 SYSTEMPATH\CodeIgniter.php(361): CodeIgniter\CodeIgniter->handleRequest(null, Object(Config\Cache), false)
 7 FCPATH\index.php(79): CodeIgniter\CodeIgniter->run()
CRITICAL - 2024-06-20 16:30:31 --> ParseError: syntax error, unexpected token "<"
in APPPATH\Views\yacht-detail.php on line 208.
 1 SYSTEMPATH\View\View.php(231): CodeIgniter\View\View->CodeIgniter\View\{closure}()
 2 SYSTEMPATH\Common.php(1178): CodeIgniter\View\View->render('yacht-detail', [], true)
 3 APPPATH\Controllers\Yacht.php(75): view('yacht-detail', [...])
 4 SYSTEMPATH\CodeIgniter.php(941): App\Controllers\Yacht->yachtRecordEditnew('12')
 5 SYSTEMPATH\CodeIgniter.php(502): CodeIgniter\CodeIgniter->runController(Object(App\Controllers\Yacht))
 6 SYSTEMPATH\CodeIgniter.php(361): CodeIgniter\CodeIgniter->handleRequest(null, Object(Config\Cache), false)
 7 FCPATH\index.php(79): CodeIgniter\CodeIgniter->run()
CRITICAL - 2024-06-20 16:30:41 --> ParseError: syntax error, unexpected token "<"
in APPPATH\Views\yacht-detail.php on line 208.
 1 SYSTEMPATH\View\View.php(231): CodeIgniter\View\View->CodeIgniter\View\{closure}()
 2 SYSTEMPATH\Common.php(1178): CodeIgniter\View\View->render('yacht-detail', [], true)
 3 APPPATH\Controllers\Yacht.php(75): view('yacht-detail', [...])
 4 SYSTEMPATH\CodeIgniter.php(941): App\Controllers\Yacht->yachtRecordEditnew('12')
 5 SYSTEMPATH\CodeIgniter.php(502): CodeIgniter\CodeIgniter->runController(Object(App\Controllers\Yacht))
 6 SYSTEMPATH\CodeIgniter.php(361): CodeIgniter\CodeIgniter->handleRequest(null, Object(Config\Cache), false)
 7 FCPATH\index.php(79): CodeIgniter\CodeIgniter->run()
CRITICAL - 2024-06-20 16:30:41 --> ParseError: syntax error, unexpected token "<"
in APPPATH\Views\yacht-detail.php on line 208.
 1 SYSTEMPATH\View\View.php(231): CodeIgniter\View\View->CodeIgniter\View\{closure}()
 2 SYSTEMPATH\Common.php(1178): CodeIgniter\View\View->render('yacht-detail', [], true)
 3 APPPATH\Controllers\Yacht.php(75): view('yacht-detail', [...])
 4 SYSTEMPATH\CodeIgniter.php(941): App\Controllers\Yacht->yachtRecordEditnew('12')
 5 SYSTEMPATH\CodeIgniter.php(502): CodeIgniter\CodeIgniter->runController(Object(App\Controllers\Yacht))
 6 SYSTEMPATH\CodeIgniter.php(361): CodeIgniter\CodeIgniter->handleRequest(null, Object(Config\Cache), false)
 7 FCPATH\index.php(79): CodeIgniter\CodeIgniter->run()
CRITICAL - 2024-06-20 16:30:41 --> ParseError: syntax error, unexpected token "<"
in APPPATH\Views\yacht-detail.php on line 208.
 1 SYSTEMPATH\View\View.php(231): CodeIgniter\View\View->CodeIgniter\View\{closure}()
 2 SYSTEMPATH\Common.php(1178): CodeIgniter\View\View->render('yacht-detail', [], true)
 3 APPPATH\Controllers\Yacht.php(75): view('yacht-detail', [...])
 4 SYSTEMPATH\CodeIgniter.php(941): App\Controllers\Yacht->yachtRecordEditnew('12')
 5 SYSTEMPATH\CodeIgniter.php(502): CodeIgniter\CodeIgniter->runController(Object(App\Controllers\Yacht))
 6 SYSTEMPATH\CodeIgniter.php(361): CodeIgniter\CodeIgniter->handleRequest(null, Object(Config\Cache), false)
 7 FCPATH\index.php(79): CodeIgniter\CodeIgniter->run()
CRITICAL - 2024-06-20 16:30:42 --> ParseError: syntax error, unexpected token "<"
in APPPATH\Views\yacht-detail.php on line 208.
 1 SYSTEMPATH\View\View.php(231): CodeIgniter\View\View->CodeIgniter\View\{closure}()
 2 SYSTEMPATH\Common.php(1178): CodeIgniter\View\View->render('yacht-detail', [], true)
 3 APPPATH\Controllers\Yacht.php(75): view('yacht-detail', [...])
 4 SYSTEMPATH\CodeIgniter.php(941): App\Controllers\Yacht->yachtRecordEditnew('12')
 5 SYSTEMPATH\CodeIgniter.php(502): CodeIgniter\CodeIgniter->runController(Object(App\Controllers\Yacht))
 6 SYSTEMPATH\CodeIgniter.php(361): CodeIgniter\CodeIgniter->handleRequest(null, Object(Config\Cache), false)
 7 FCPATH\index.php(79): CodeIgniter\CodeIgniter->run()
CRITICAL - 2024-06-20 16:31:09 --> ErrorException: Undefined variable $bookings
in APPPATH\Views\yacht-detail.php on line 208.
 1 APPPATH\Views\yacht-detail.php(208): CodeIgniter\Debug\Exceptions->errorHandler(2, 'Undefined variable $bookings', 'C:\\xampp\\htdocs\\bmy\\app\\Views\\yacht-detail.php', 208)
 2 SYSTEMPATH\View\View.php(228): include('C:\\xampp\\htdocs\\bmy\\app\\Views\\yacht-detail.php')
 3 SYSTEMPATH\View\View.php(231): CodeIgniter\View\View->CodeIgniter\View\{closure}()
 4 SYSTEMPATH\Common.php(1178): CodeIgniter\View\View->render('yacht-detail', [], true)
 5 APPPATH\Controllers\Yacht.php(75): view('yacht-detail', [...])
 6 SYSTEMPATH\CodeIgniter.php(941): App\Controllers\Yacht->yachtRecordEditnew('12')
 7 SYSTEMPATH\CodeIgniter.php(502): CodeIgniter\CodeIgniter->runController(Object(App\Controllers\Yacht))
 8 SYSTEMPATH\CodeIgniter.php(361): CodeIgniter\CodeIgniter->handleRequest(null, Object(Config\Cache), false)
 9 FCPATH\index.php(79): CodeIgniter\CodeIgniter->run()
CRITICAL - 2024-06-20 16:31:09 --> ErrorException: Undefined variable $bookings
in APPPATH\Views\yacht-detail.php on line 208.
 1 APPPATH\Views\yacht-detail.php(208): CodeIgniter\Debug\Exceptions->errorHandler(2, 'Undefined variable $bookings', 'C:\\xampp\\htdocs\\bmy\\app\\Views\\yacht-detail.php', 208)
 2 SYSTEMPATH\View\View.php(228): include('C:\\xampp\\htdocs\\bmy\\app\\Views\\yacht-detail.php')
 3 SYSTEMPATH\View\View.php(231): CodeIgniter\View\View->CodeIgniter\View\{closure}()
 4 SYSTEMPATH\Common.php(1178): CodeIgniter\View\View->render('yacht-detail', [], true)
 5 APPPATH\Controllers\Yacht.php(75): view('yacht-detail', [...])
 6 SYSTEMPATH\CodeIgniter.php(941): App\Controllers\Yacht->yachtRecordEditnew('12')
 7 SYSTEMPATH\CodeIgniter.php(502): CodeIgniter\CodeIgniter->runController(Object(App\Controllers\Yacht))
 8 SYSTEMPATH\CodeIgniter.php(361): CodeIgniter\CodeIgniter->handleRequest(null, Object(Config\Cache), false)
 9 FCPATH\index.php(79): CodeIgniter\CodeIgniter->run()
CRITICAL - 2024-06-20 16:31:33 --> ParseError: syntax error, unexpected token ";", expecting ")"
in APPPATH\Views\yacht-detail.php on line 208.
 1 SYSTEMPATH\View\View.php(231): CodeIgniter\View\View->CodeIgniter\View\{closure}()
 2 SYSTEMPATH\Common.php(1178): CodeIgniter\View\View->render('yacht-detail', [], true)
 3 APPPATH\Controllers\Yacht.php(75): view('yacht-detail', [...])
 4 SYSTEMPATH\CodeIgniter.php(941): App\Controllers\Yacht->yachtRecordEditnew('12')
 5 SYSTEMPATH\CodeIgniter.php(502): CodeIgniter\CodeIgniter->runController(Object(App\Controllers\Yacht))
 6 SYSTEMPATH\CodeIgniter.php(361): CodeIgniter\CodeIgniter->handleRequest(null, Object(Config\Cache), false)
 7 FCPATH\index.php(79): CodeIgniter\CodeIgniter->run()
CRITICAL - 2024-06-20 16:31:33 --> ParseError: syntax error, unexpected token ";", expecting ")"
in APPPATH\Views\yacht-detail.php on line 208.
 1 SYSTEMPATH\View\View.php(231): CodeIgniter\View\View->CodeIgniter\View\{closure}()
 2 SYSTEMPATH\Common.php(1178): CodeIgniter\View\View->render('yacht-detail', [], true)
 3 APPPATH\Controllers\Yacht.php(75): view('yacht-detail', [...])
 4 SYSTEMPATH\CodeIgniter.php(941): App\Controllers\Yacht->yachtRecordEditnew('12')
 5 SYSTEMPATH\CodeIgniter.php(502): CodeIgniter\CodeIgniter->runController(Object(App\Controllers\Yacht))
 6 SYSTEMPATH\CodeIgniter.php(361): CodeIgniter\CodeIgniter->handleRequest(null, Object(Config\Cache), false)
 7 FCPATH\index.php(79): CodeIgniter\CodeIgniter->run()
CRITICAL - 2024-06-20 16:32:22 --> ErrorException: Undefined variable $bookings
in APPPATH\Views\yacht-detail.php on line 208.
 1 APPPATH\Views\yacht-detail.php(208): CodeIgniter\Debug\Exceptions->errorHandler(2, 'Undefined variable $bookings', 'C:\\xampp\\htdocs\\bmy\\app\\Views\\yacht-detail.php', 208)
 2 SYSTEMPATH\View\View.php(228): include('C:\\xampp\\htdocs\\bmy\\app\\Views\\yacht-detail.php')
 3 SYSTEMPATH\View\View.php(231): CodeIgniter\View\View->CodeIgniter\View\{closure}()
 4 SYSTEMPATH\Common.php(1178): CodeIgniter\View\View->render('yacht-detail', [], true)
 5 APPPATH\Controllers\Yacht.php(75): view('yacht-detail', [...])
 6 SYSTEMPATH\CodeIgniter.php(941): App\Controllers\Yacht->yachtRecordEditnew('12')
 7 SYSTEMPATH\CodeIgniter.php(502): CodeIgniter\CodeIgniter->runController(Object(App\Controllers\Yacht))
 8 SYSTEMPATH\CodeIgniter.php(361): CodeIgniter\CodeIgniter->handleRequest(null, Object(Config\Cache), false)
 9 FCPATH\index.php(79): CodeIgniter\CodeIgniter->run()
CRITICAL - 2024-06-20 16:32:22 --> ErrorException: Undefined variable $bookings
in APPPATH\Views\yacht-detail.php on line 208.
 1 APPPATH\Views\yacht-detail.php(208): CodeIgniter\Debug\Exceptions->errorHandler(2, 'Undefined variable $bookings', 'C:\\xampp\\htdocs\\bmy\\app\\Views\\yacht-detail.php', 208)
 2 SYSTEMPATH\View\View.php(228): include('C:\\xampp\\htdocs\\bmy\\app\\Views\\yacht-detail.php')
 3 SYSTEMPATH\View\View.php(231): CodeIgniter\View\View->CodeIgniter\View\{closure}()
 4 SYSTEMPATH\Common.php(1178): CodeIgniter\View\View->render('yacht-detail', [], true)
 5 APPPATH\Controllers\Yacht.php(75): view('yacht-detail', [...])
 6 SYSTEMPATH\CodeIgniter.php(941): App\Controllers\Yacht->yachtRecordEditnew('12')
 7 SYSTEMPATH\CodeIgniter.php(502): CodeIgniter\CodeIgniter->runController(Object(App\Controllers\Yacht))
 8 SYSTEMPATH\CodeIgniter.php(361): CodeIgniter\CodeIgniter->handleRequest(null, Object(Config\Cache), false)
 9 FCPATH\index.php(79): CodeIgniter\CodeIgniter->run()
CRITICAL - 2024-06-20 16:32:47 --> TypeError: Cannot access offset of type string on string
in APPPATH\Views\yacht-detail.php on line 208.
 1 SYSTEMPATH\View\View.php(228): include()
 2 SYSTEMPATH\View\View.php(231): CodeIgniter\View\View->CodeIgniter\View\{closure}()
 3 SYSTEMPATH\Common.php(1178): CodeIgniter\View\View->render('yacht-detail', [], true)
 4 APPPATH\Controllers\Yacht.php(75): view('yacht-detail', [...])
 5 SYSTEMPATH\CodeIgniter.php(941): App\Controllers\Yacht->yachtRecordEditnew('12')
 6 SYSTEMPATH\CodeIgniter.php(502): CodeIgniter\CodeIgniter->runController(Object(App\Controllers\Yacht))
 7 SYSTEMPATH\CodeIgniter.php(361): CodeIgniter\CodeIgniter->handleRequest(null, Object(Config\Cache), false)
 8 FCPATH\index.php(79): CodeIgniter\CodeIgniter->run()
CRITICAL - 2024-06-20 16:32:49 --> TypeError: Cannot access offset of type string on string
in APPPATH\Views\yacht-detail.php on line 208.
 1 SYSTEMPATH\View\View.php(228): include()
 2 SYSTEMPATH\View\View.php(231): CodeIgniter\View\View->CodeIgniter\View\{closure}()
 3 SYSTEMPATH\Common.php(1178): CodeIgniter\View\View->render('yacht-detail', [], true)
 4 APPPATH\Controllers\Yacht.php(75): view('yacht-detail', [...])
 5 SYSTEMPATH\CodeIgniter.php(941): App\Controllers\Yacht->yachtRecordEditnew('12')
 6 SYSTEMPATH\CodeIgniter.php(502): CodeIgniter\CodeIgniter->runController(Object(App\Controllers\Yacht))
 7 SYSTEMPATH\CodeIgniter.php(361): CodeIgniter\CodeIgniter->handleRequest(null, Object(Config\Cache), false)
 8 FCPATH\index.php(79): CodeIgniter\CodeIgniter->run()
CRITICAL - 2024-06-20 16:32:49 --> TypeError: Cannot access offset of type string on string
in APPPATH\Views\yacht-detail.php on line 208.
 1 SYSTEMPATH\View\View.php(228): include()
 2 SYSTEMPATH\View\View.php(231): CodeIgniter\View\View->CodeIgniter\View\{closure}()
 3 SYSTEMPATH\Common.php(1178): CodeIgniter\View\View->render('yacht-detail', [], true)
 4 APPPATH\Controllers\Yacht.php(75): view('yacht-detail', [...])
 5 SYSTEMPATH\CodeIgniter.php(941): App\Controllers\Yacht->yachtRecordEditnew('12')
 6 SYSTEMPATH\CodeIgniter.php(502): CodeIgniter\CodeIgniter->runController(Object(App\Controllers\Yacht))
 7 SYSTEMPATH\CodeIgniter.php(361): CodeIgniter\CodeIgniter->handleRequest(null, Object(Config\Cache), false)
 8 FCPATH\index.php(79): CodeIgniter\CodeIgniter->run()
CRITICAL - 2024-06-20 16:32:49 --> TypeError: Cannot access offset of type string on string
in APPPATH\Views\yacht-detail.php on line 208.
 1 SYSTEMPATH\View\View.php(228): include()
 2 SYSTEMPATH\View\View.php(231): CodeIgniter\View\View->CodeIgniter\View\{closure}()
 3 SYSTEMPATH\Common.php(1178): CodeIgniter\View\View->render('yacht-detail', [], true)
 4 APPPATH\Controllers\Yacht.php(75): view('yacht-detail', [...])
 5 SYSTEMPATH\CodeIgniter.php(941): App\Controllers\Yacht->yachtRecordEditnew('12')
 6 SYSTEMPATH\CodeIgniter.php(502): CodeIgniter\CodeIgniter->runController(Object(App\Controllers\Yacht))
 7 SYSTEMPATH\CodeIgniter.php(361): CodeIgniter\CodeIgniter->handleRequest(null, Object(Config\Cache), false)
 8 FCPATH\index.php(79): CodeIgniter\CodeIgniter->run()
CRITICAL - 2024-06-20 16:32:50 --> TypeError: Cannot access offset of type string on string
in APPPATH\Views\yacht-detail.php on line 208.
 1 SYSTEMPATH\View\View.php(228): include()
 2 SYSTEMPATH\View\View.php(231): CodeIgniter\View\View->CodeIgniter\View\{closure}()
 3 SYSTEMPATH\Common.php(1178): CodeIgniter\View\View->render('yacht-detail', [], true)
 4 APPPATH\Controllers\Yacht.php(75): view('yacht-detail', [...])
 5 SYSTEMPATH\CodeIgniter.php(941): App\Controllers\Yacht->yachtRecordEditnew('12')
 6 SYSTEMPATH\CodeIgniter.php(502): CodeIgniter\CodeIgniter->runController(Object(App\Controllers\Yacht))
 7 SYSTEMPATH\CodeIgniter.php(361): CodeIgniter\CodeIgniter->handleRequest(null, Object(Config\Cache), false)
 8 FCPATH\index.php(79): CodeIgniter\CodeIgniter->run()
CRITICAL - 2024-06-20 16:32:50 --> TypeError: Cannot access offset of type string on string
in APPPATH\Views\yacht-detail.php on line 208.
 1 SYSTEMPATH\View\View.php(228): include()
 2 SYSTEMPATH\View\View.php(231): CodeIgniter\View\View->CodeIgniter\View\{closure}()
 3 SYSTEMPATH\Common.php(1178): CodeIgniter\View\View->render('yacht-detail', [], true)
 4 APPPATH\Controllers\Yacht.php(75): view('yacht-detail', [...])
 5 SYSTEMPATH\CodeIgniter.php(941): App\Controllers\Yacht->yachtRecordEditnew('12')
 6 SYSTEMPATH\CodeIgniter.php(502): CodeIgniter\CodeIgniter->runController(Object(App\Controllers\Yacht))
 7 SYSTEMPATH\CodeIgniter.php(361): CodeIgniter\CodeIgniter->handleRequest(null, Object(Config\Cache), false)
 8 FCPATH\index.php(79): CodeIgniter\CodeIgniter->run()
CRITICAL - 2024-06-20 16:33:24 --> ParseError: syntax error, unexpected token "<"
in APPPATH\Views\yacht-detail.php on line 208.
 1 SYSTEMPATH\View\View.php(231): CodeIgniter\View\View->CodeIgniter\View\{closure}()
 2 SYSTEMPATH\Common.php(1178): CodeIgniter\View\View->render('yacht-detail', [], true)
 3 APPPATH\Controllers\Yacht.php(75): view('yacht-detail', [...])
 4 SYSTEMPATH\CodeIgniter.php(941): App\Controllers\Yacht->yachtRecordEditnew('12')
 5 SYSTEMPATH\CodeIgniter.php(502): CodeIgniter\CodeIgniter->runController(Object(App\Controllers\Yacht))
 6 SYSTEMPATH\CodeIgniter.php(361): CodeIgniter\CodeIgniter->handleRequest(null, Object(Config\Cache), false)
 7 FCPATH\index.php(79): CodeIgniter\CodeIgniter->run()
CRITICAL - 2024-06-20 16:33:44 --> ParseError: syntax error, unexpected token ";", expecting ")"
in APPPATH\Views\yacht-detail.php on line 208.
 1 SYSTEMPATH\View\View.php(231): CodeIgniter\View\View->CodeIgniter\View\{closure}()
 2 SYSTEMPATH\Common.php(1178): CodeIgniter\View\View->render('yacht-detail', [], true)
 3 APPPATH\Controllers\Yacht.php(75): view('yacht-detail', [...])
 4 SYSTEMPATH\CodeIgniter.php(941): App\Controllers\Yacht->yachtRecordEditnew('12')
 5 SYSTEMPATH\CodeIgniter.php(502): CodeIgniter\CodeIgniter->runController(Object(App\Controllers\Yacht))
 6 SYSTEMPATH\CodeIgniter.php(361): CodeIgniter\CodeIgniter->handleRequest(null, Object(Config\Cache), false)
 7 FCPATH\index.php(79): CodeIgniter\CodeIgniter->run()
CRITICAL - 2024-06-20 16:33:44 --> ParseError: syntax error, unexpected token ";", expecting ")"
in APPPATH\Views\yacht-detail.php on line 208.
 1 SYSTEMPATH\View\View.php(231): CodeIgniter\View\View->CodeIgniter\View\{closure}()
 2 SYSTEMPATH\Common.php(1178): CodeIgniter\View\View->render('yacht-detail', [], true)
 3 APPPATH\Controllers\Yacht.php(75): view('yacht-detail', [...])
 4 SYSTEMPATH\CodeIgniter.php(941): App\Controllers\Yacht->yachtRecordEditnew('12')
 5 SYSTEMPATH\CodeIgniter.php(502): CodeIgniter\CodeIgniter->runController(Object(App\Controllers\Yacht))
 6 SYSTEMPATH\CodeIgniter.php(361): CodeIgniter\CodeIgniter->handleRequest(null, Object(Config\Cache), false)
 7 FCPATH\index.php(79): CodeIgniter\CodeIgniter->run()
CRITICAL - 2024-06-20 16:33:45 --> ParseError: syntax error, unexpected token ";", expecting ")"
in APPPATH\Views\yacht-detail.php on line 208.
 1 SYSTEMPATH\View\View.php(231): CodeIgniter\View\View->CodeIgniter\View\{closure}()
 2 SYSTEMPATH\Common.php(1178): CodeIgniter\View\View->render('yacht-detail', [], true)
 3 APPPATH\Controllers\Yacht.php(75): view('yacht-detail', [...])
 4 SYSTEMPATH\CodeIgniter.php(941): App\Controllers\Yacht->yachtRecordEditnew('12')
 5 SYSTEMPATH\CodeIgniter.php(502): CodeIgniter\CodeIgniter->runController(Object(App\Controllers\Yacht))
 6 SYSTEMPATH\CodeIgniter.php(361): CodeIgniter\CodeIgniter->handleRequest(null, Object(Config\Cache), false)
 7 FCPATH\index.php(79): CodeIgniter\CodeIgniter->run()
CRITICAL - 2024-06-20 16:34:02 --> ParseError: syntax error, unexpected token ";", expecting ")"
in APPPATH\Views\yacht-detail.php on line 208.
 1 SYSTEMPATH\View\View.php(231): CodeIgniter\View\View->CodeIgniter\View\{closure}()
 2 SYSTEMPATH\Common.php(1178): CodeIgniter\View\View->render('yacht-detail', [], true)
 3 APPPATH\Controllers\Yacht.php(75): view('yacht-detail', [...])
 4 SYSTEMPATH\CodeIgniter.php(941): App\Controllers\Yacht->yachtRecordEditnew('12')
 5 SYSTEMPATH\CodeIgniter.php(502): CodeIgniter\CodeIgniter->runController(Object(App\Controllers\Yacht))
 6 SYSTEMPATH\CodeIgniter.php(361): CodeIgniter\CodeIgniter->handleRequest(null, Object(Config\Cache), false)
 7 FCPATH\index.php(79): CodeIgniter\CodeIgniter->run()
CRITICAL - 2024-06-20 16:34:03 --> ParseError: syntax error, unexpected token ";", expecting ")"
in APPPATH\Views\yacht-detail.php on line 208.
 1 SYSTEMPATH\View\View.php(231): CodeIgniter\View\View->CodeIgniter\View\{closure}()
 2 SYSTEMPATH\Common.php(1178): CodeIgniter\View\View->render('yacht-detail', [], true)
 3 APPPATH\Controllers\Yacht.php(75): view('yacht-detail', [...])
 4 SYSTEMPATH\CodeIgniter.php(941): App\Controllers\Yacht->yachtRecordEditnew('12')
 5 SYSTEMPATH\CodeIgniter.php(502): CodeIgniter\CodeIgniter->runController(Object(App\Controllers\Yacht))
 6 SYSTEMPATH\CodeIgniter.php(361): CodeIgniter\CodeIgniter->handleRequest(null, Object(Config\Cache), false)
 7 FCPATH\index.php(79): CodeIgniter\CodeIgniter->run()
CRITICAL - 2024-06-20 16:34:05 --> ParseError: syntax error, unexpected token ";", expecting ")"
in APPPATH\Views\yacht-detail.php on line 208.
 1 SYSTEMPATH\View\View.php(231): CodeIgniter\View\View->CodeIgniter\View\{closure}()
 2 SYSTEMPATH\Common.php(1178): CodeIgniter\View\View->render('yacht-detail', [], true)
 3 APPPATH\Controllers\Yacht.php(75): view('yacht-detail', [...])
 4 SYSTEMPATH\CodeIgniter.php(941): App\Controllers\Yacht->yachtRecordEditnew('12')
 5 SYSTEMPATH\CodeIgniter.php(502): CodeIgniter\CodeIgniter->runController(Object(App\Controllers\Yacht))
 6 SYSTEMPATH\CodeIgniter.php(361): CodeIgniter\CodeIgniter->handleRequest(null, Object(Config\Cache), false)
 7 FCPATH\index.php(79): CodeIgniter\CodeIgniter->run()
CRITICAL - 2024-06-20 16:34:05 --> ParseError: syntax error, unexpected token ";", expecting ")"
in APPPATH\Views\yacht-detail.php on line 208.
 1 SYSTEMPATH\View\View.php(231): CodeIgniter\View\View->CodeIgniter\View\{closure}()
 2 SYSTEMPATH\Common.php(1178): CodeIgniter\View\View->render('yacht-detail', [], true)
 3 APPPATH\Controllers\Yacht.php(75): view('yacht-detail', [...])
 4 SYSTEMPATH\CodeIgniter.php(941): App\Controllers\Yacht->yachtRecordEditnew('12')
 5 SYSTEMPATH\CodeIgniter.php(502): CodeIgniter\CodeIgniter->runController(Object(App\Controllers\Yacht))
 6 SYSTEMPATH\CodeIgniter.php(361): CodeIgniter\CodeIgniter->handleRequest(null, Object(Config\Cache), false)
 7 FCPATH\index.php(79): CodeIgniter\CodeIgniter->run()
CRITICAL - 2024-06-20 16:34:06 --> ParseError: syntax error, unexpected token ";", expecting ")"
in APPPATH\Views\yacht-detail.php on line 208.
 1 SYSTEMPATH\View\View.php(231): CodeIgniter\View\View->CodeIgniter\View\{closure}()
 2 SYSTEMPATH\Common.php(1178): CodeIgniter\View\View->render('yacht-detail', [], true)
 3 APPPATH\Controllers\Yacht.php(75): view('yacht-detail', [...])
 4 SYSTEMPATH\CodeIgniter.php(941): App\Controllers\Yacht->yachtRecordEditnew('12')
 5 SYSTEMPATH\CodeIgniter.php(502): CodeIgniter\CodeIgniter->runController(Object(App\Controllers\Yacht))
 6 SYSTEMPATH\CodeIgniter.php(361): CodeIgniter\CodeIgniter->handleRequest(null, Object(Config\Cache), false)
 7 FCPATH\index.php(79): CodeIgniter\CodeIgniter->run()
CRITICAL - 2024-06-20 16:34:06 --> ParseError: syntax error, unexpected token ";", expecting ")"
in APPPATH\Views\yacht-detail.php on line 208.
 1 SYSTEMPATH\View\View.php(231): CodeIgniter\View\View->CodeIgniter\View\{closure}()
 2 SYSTEMPATH\Common.php(1178): CodeIgniter\View\View->render('yacht-detail', [], true)
 3 APPPATH\Controllers\Yacht.php(75): view('yacht-detail', [...])
 4 SYSTEMPATH\CodeIgniter.php(941): App\Controllers\Yacht->yachtRecordEditnew('12')
 5 SYSTEMPATH\CodeIgniter.php(502): CodeIgniter\CodeIgniter->runController(Object(App\Controllers\Yacht))
 6 SYSTEMPATH\CodeIgniter.php(361): CodeIgniter\CodeIgniter->handleRequest(null, Object(Config\Cache), false)
 7 FCPATH\index.php(79): CodeIgniter\CodeIgniter->run()
CRITICAL - 2024-06-20 16:34:06 --> ParseError: syntax error, unexpected token ";", expecting ")"
in APPPATH\Views\yacht-detail.php on line 208.
 1 SYSTEMPATH\View\View.php(231): CodeIgniter\View\View->CodeIgniter\View\{closure}()
 2 SYSTEMPATH\Common.php(1178): CodeIgniter\View\View->render('yacht-detail', [], true)
 3 APPPATH\Controllers\Yacht.php(75): view('yacht-detail', [...])
 4 SYSTEMPATH\CodeIgniter.php(941): App\Controllers\Yacht->yachtRecordEditnew('12')
 5 SYSTEMPATH\CodeIgniter.php(502): CodeIgniter\CodeIgniter->runController(Object(App\Controllers\Yacht))
 6 SYSTEMPATH\CodeIgniter.php(361): CodeIgniter\CodeIgniter->handleRequest(null, Object(Config\Cache), false)
 7 FCPATH\index.php(79): CodeIgniter\CodeIgniter->run()
CRITICAL - 2024-06-20 16:34:22 --> ErrorException: Undefined variable $bookings
in APPPATH\Views\yacht-detail.php on line 208.
 1 APPPATH\Views\yacht-detail.php(208): CodeIgniter\Debug\Exceptions->errorHandler(2, 'Undefined variable $bookings', 'C:\\xampp\\htdocs\\bmy\\app\\Views\\yacht-detail.php', 208)
 2 SYSTEMPATH\View\View.php(228): include('C:\\xampp\\htdocs\\bmy\\app\\Views\\yacht-detail.php')
 3 SYSTEMPATH\View\View.php(231): CodeIgniter\View\View->CodeIgniter\View\{closure}()
 4 SYSTEMPATH\Common.php(1178): CodeIgniter\View\View->render('yacht-detail', [], true)
 5 APPPATH\Controllers\Yacht.php(75): view('yacht-detail', [...])
 6 SYSTEMPATH\CodeIgniter.php(941): App\Controllers\Yacht->yachtRecordEditnew('12')
 7 SYSTEMPATH\CodeIgniter.php(502): CodeIgniter\CodeIgniter->runController(Object(App\Controllers\Yacht))
 8 SYSTEMPATH\CodeIgniter.php(361): CodeIgniter\CodeIgniter->handleRequest(null, Object(Config\Cache), false)
 9 FCPATH\index.php(79): CodeIgniter\CodeIgniter->run()
CRITICAL - 2024-06-20 16:34:22 --> ErrorException: Undefined variable $bookings
in APPPATH\Views\yacht-detail.php on line 208.
 1 APPPATH\Views\yacht-detail.php(208): CodeIgniter\Debug\Exceptions->errorHandler(2, 'Undefined variable $bookings', 'C:\\xampp\\htdocs\\bmy\\app\\Views\\yacht-detail.php', 208)
 2 SYSTEMPATH\View\View.php(228): include('C:\\xampp\\htdocs\\bmy\\app\\Views\\yacht-detail.php')
 3 SYSTEMPATH\View\View.php(231): CodeIgniter\View\View->CodeIgniter\View\{closure}()
 4 SYSTEMPATH\Common.php(1178): CodeIgniter\View\View->render('yacht-detail', [], true)
 5 APPPATH\Controllers\Yacht.php(75): view('yacht-detail', [...])
 6 SYSTEMPATH\CodeIgniter.php(941): App\Controllers\Yacht->yachtRecordEditnew('12')
 7 SYSTEMPATH\CodeIgniter.php(502): CodeIgniter\CodeIgniter->runController(Object(App\Controllers\Yacht))
 8 SYSTEMPATH\CodeIgniter.php(361): CodeIgniter\CodeIgniter->handleRequest(null, Object(Config\Cache), false)
 9 FCPATH\index.php(79): CodeIgniter\CodeIgniter->run()
CRITICAL - 2024-06-20 16:34:22 --> ErrorException: Undefined variable $bookings
in APPPATH\Views\yacht-detail.php on line 208.
 1 APPPATH\Views\yacht-detail.php(208): CodeIgniter\Debug\Exceptions->errorHandler(2, 'Undefined variable $bookings', 'C:\\xampp\\htdocs\\bmy\\app\\Views\\yacht-detail.php', 208)
 2 SYSTEMPATH\View\View.php(228): include('C:\\xampp\\htdocs\\bmy\\app\\Views\\yacht-detail.php')
 3 SYSTEMPATH\View\View.php(231): CodeIgniter\View\View->CodeIgniter\View\{closure}()
 4 SYSTEMPATH\Common.php(1178): CodeIgniter\View\View->render('yacht-detail', [], true)
 5 APPPATH\Controllers\Yacht.php(75): view('yacht-detail', [...])
 6 SYSTEMPATH\CodeIgniter.php(941): App\Controllers\Yacht->yachtRecordEditnew('12')
 7 SYSTEMPATH\CodeIgniter.php(502): CodeIgniter\CodeIgniter->runController(Object(App\Controllers\Yacht))
 8 SYSTEMPATH\CodeIgniter.php(361): CodeIgniter\CodeIgniter->handleRequest(null, Object(Config\Cache), false)
 9 FCPATH\index.php(79): CodeIgniter\CodeIgniter->run()
CRITICAL - 2024-06-20 16:34:22 --> ErrorException: Undefined variable $bookings
in APPPATH\Views\yacht-detail.php on line 208.
 1 APPPATH\Views\yacht-detail.php(208): CodeIgniter\Debug\Exceptions->errorHandler(2, 'Undefined variable $bookings', 'C:\\xampp\\htdocs\\bmy\\app\\Views\\yacht-detail.php', 208)
 2 SYSTEMPATH\View\View.php(228): include('C:\\xampp\\htdocs\\bmy\\app\\Views\\yacht-detail.php')
 3 SYSTEMPATH\View\View.php(231): CodeIgniter\View\View->CodeIgniter\View\{closure}()
 4 SYSTEMPATH\Common.php(1178): CodeIgniter\View\View->render('yacht-detail', [], true)
 5 APPPATH\Controllers\Yacht.php(75): view('yacht-detail', [...])
 6 SYSTEMPATH\CodeIgniter.php(941): App\Controllers\Yacht->yachtRecordEditnew('12')
 7 SYSTEMPATH\CodeIgniter.php(502): CodeIgniter\CodeIgniter->runController(Object(App\Controllers\Yacht))
 8 SYSTEMPATH\CodeIgniter.php(361): CodeIgniter\CodeIgniter->handleRequest(null, Object(Config\Cache), false)
 9 FCPATH\index.php(79): CodeIgniter\CodeIgniter->run()
CRITICAL - 2024-06-20 16:34:43 --> ErrorException: Undefined variable $data
in APPPATH\Views\yacht-detail.php on line 208.
 1 APPPATH\Views\yacht-detail.php(208): CodeIgniter\Debug\Exceptions->errorHandler(2, 'Undefined variable $data', 'C:\\xampp\\htdocs\\bmy\\app\\Views\\yacht-detail.php', 208)
 2 SYSTEMPATH\View\View.php(228): include('C:\\xampp\\htdocs\\bmy\\app\\Views\\yacht-detail.php')
 3 SYSTEMPATH\View\View.php(231): CodeIgniter\View\View->CodeIgniter\View\{closure}()
 4 SYSTEMPATH\Common.php(1178): CodeIgniter\View\View->render('yacht-detail', [], true)
 5 APPPATH\Controllers\Yacht.php(75): view('yacht-detail', [...])
 6 SYSTEMPATH\CodeIgniter.php(941): App\Controllers\Yacht->yachtRecordEditnew('12')
 7 SYSTEMPATH\CodeIgniter.php(502): CodeIgniter\CodeIgniter->runController(Object(App\Controllers\Yacht))
 8 SYSTEMPATH\CodeIgniter.php(361): CodeIgniter\CodeIgniter->handleRequest(null, Object(Config\Cache), false)
 9 FCPATH\index.php(79): CodeIgniter\CodeIgniter->run()
CRITICAL - 2024-06-20 16:34:43 --> ErrorException: Undefined variable $data
in APPPATH\Views\yacht-detail.php on line 208.
 1 APPPATH\Views\yacht-detail.php(208): CodeIgniter\Debug\Exceptions->errorHandler(2, 'Undefined variable $data', 'C:\\xampp\\htdocs\\bmy\\app\\Views\\yacht-detail.php', 208)
 2 SYSTEMPATH\View\View.php(228): include('C:\\xampp\\htdocs\\bmy\\app\\Views\\yacht-detail.php')
 3 SYSTEMPATH\View\View.php(231): CodeIgniter\View\View->CodeIgniter\View\{closure}()
 4 SYSTEMPATH\Common.php(1178): CodeIgniter\View\View->render('yacht-detail', [], true)
 5 APPPATH\Controllers\Yacht.php(75): view('yacht-detail', [...])
 6 SYSTEMPATH\CodeIgniter.php(941): App\Controllers\Yacht->yachtRecordEditnew('12')
 7 SYSTEMPATH\CodeIgniter.php(502): CodeIgniter\CodeIgniter->runController(Object(App\Controllers\Yacht))
 8 SYSTEMPATH\CodeIgniter.php(361): CodeIgniter\CodeIgniter->handleRequest(null, Object(Config\Cache), false)
 9 FCPATH\index.php(79): CodeIgniter\CodeIgniter->run()
CRITICAL - 2024-06-20 16:34:43 --> ErrorException: Undefined variable $data
in APPPATH\Views\yacht-detail.php on line 208.
 1 APPPATH\Views\yacht-detail.php(208): CodeIgniter\Debug\Exceptions->errorHandler(2, 'Undefined variable $data', 'C:\\xampp\\htdocs\\bmy\\app\\Views\\yacht-detail.php', 208)
 2 SYSTEMPATH\View\View.php(228): include('C:\\xampp\\htdocs\\bmy\\app\\Views\\yacht-detail.php')
 3 SYSTEMPATH\View\View.php(231): CodeIgniter\View\View->CodeIgniter\View\{closure}()
 4 SYSTEMPATH\Common.php(1178): CodeIgniter\View\View->render('yacht-detail', [], true)
 5 APPPATH\Controllers\Yacht.php(75): view('yacht-detail', [...])
 6 SYSTEMPATH\CodeIgniter.php(941): App\Controllers\Yacht->yachtRecordEditnew('12')
 7 SYSTEMPATH\CodeIgniter.php(502): CodeIgniter\CodeIgniter->runController(Object(App\Controllers\Yacht))
 8 SYSTEMPATH\CodeIgniter.php(361): CodeIgniter\CodeIgniter->handleRequest(null, Object(Config\Cache), false)
 9 FCPATH\index.php(79): CodeIgniter\CodeIgniter->run()
CRITICAL - 2024-06-20 16:34:50 --> TypeError: Cannot access offset of type string on string
in APPPATH\Views\yacht-detail.php on line 208.
 1 SYSTEMPATH\View\View.php(228): include()
 2 SYSTEMPATH\View\View.php(231): CodeIgniter\View\View->CodeIgniter\View\{closure}()
 3 SYSTEMPATH\Common.php(1178): CodeIgniter\View\View->render('yacht-detail', [], true)
 4 APPPATH\Controllers\Yacht.php(75): view('yacht-detail', [...])
 5 SYSTEMPATH\CodeIgniter.php(941): App\Controllers\Yacht->yachtRecordEditnew('12')
 6 SYSTEMPATH\CodeIgniter.php(502): CodeIgniter\CodeIgniter->runController(Object(App\Controllers\Yacht))
 7 SYSTEMPATH\CodeIgniter.php(361): CodeIgniter\CodeIgniter->handleRequest(null, Object(Config\Cache), false)
 8 FCPATH\index.php(79): CodeIgniter\CodeIgniter->run()
CRITICAL - 2024-06-20 16:34:51 --> TypeError: Cannot access offset of type string on string
in APPPATH\Views\yacht-detail.php on line 208.
 1 SYSTEMPATH\View\View.php(228): include()
 2 SYSTEMPATH\View\View.php(231): CodeIgniter\View\View->CodeIgniter\View\{closure}()
 3 SYSTEMPATH\Common.php(1178): CodeIgniter\View\View->render('yacht-detail', [], true)
 4 APPPATH\Controllers\Yacht.php(75): view('yacht-detail', [...])
 5 SYSTEMPATH\CodeIgniter.php(941): App\Controllers\Yacht->yachtRecordEditnew('12')
 6 SYSTEMPATH\CodeIgniter.php(502): CodeIgniter\CodeIgniter->runController(Object(App\Controllers\Yacht))
 7 SYSTEMPATH\CodeIgniter.php(361): CodeIgniter\CodeIgniter->handleRequest(null, Object(Config\Cache), false)
 8 FCPATH\index.php(79): CodeIgniter\CodeIgniter->run()
CRITICAL - 2024-06-20 16:34:51 --> TypeError: Cannot access offset of type string on string
in APPPATH\Views\yacht-detail.php on line 208.
 1 SYSTEMPATH\View\View.php(228): include()
 2 SYSTEMPATH\View\View.php(231): CodeIgniter\View\View->CodeIgniter\View\{closure}()
 3 SYSTEMPATH\Common.php(1178): CodeIgniter\View\View->render('yacht-detail', [], true)
 4 APPPATH\Controllers\Yacht.php(75): view('yacht-detail', [...])
 5 SYSTEMPATH\CodeIgniter.php(941): App\Controllers\Yacht->yachtRecordEditnew('12')
 6 SYSTEMPATH\CodeIgniter.php(502): CodeIgniter\CodeIgniter->runController(Object(App\Controllers\Yacht))
 7 SYSTEMPATH\CodeIgniter.php(361): CodeIgniter\CodeIgniter->handleRequest(null, Object(Config\Cache), false)
 8 FCPATH\index.php(79): CodeIgniter\CodeIgniter->run()
CRITICAL - 2024-06-20 16:37:37 --> TypeError: Cannot access offset of type string on string
in APPPATH\Views\yacht-detail.php on line 208.
 1 SYSTEMPATH\View\View.php(228): include()
 2 SYSTEMPATH\View\View.php(231): CodeIgniter\View\View->CodeIgniter\View\{closure}()
 3 SYSTEMPATH\Common.php(1178): CodeIgniter\View\View->render('yacht-detail', [], true)
 4 APPPATH\Controllers\Yacht.php(75): view('yacht-detail', [...])
 5 SYSTEMPATH\CodeIgniter.php(941): App\Controllers\Yacht->yachtRecordEditnew('12')
 6 SYSTEMPATH\CodeIgniter.php(502): CodeIgniter\CodeIgniter->runController(Object(App\Controllers\Yacht))
 7 SYSTEMPATH\CodeIgniter.php(361): CodeIgniter\CodeIgniter->handleRequest(null, Object(Config\Cache), false)
 8 FCPATH\index.php(79): CodeIgniter\CodeIgniter->run()
CRITICAL - 2024-06-20 16:37:39 --> TypeError: Cannot access offset of type string on string
in APPPATH\Views\yacht-detail.php on line 208.
 1 SYSTEMPATH\View\View.php(228): include()
 2 SYSTEMPATH\View\View.php(231): CodeIgniter\View\View->CodeIgniter\View\{closure}()
 3 SYSTEMPATH\Common.php(1178): CodeIgniter\View\View->render('yacht-detail', [], true)
 4 APPPATH\Controllers\Yacht.php(75): view('yacht-detail', [...])
 5 SYSTEMPATH\CodeIgniter.php(941): App\Controllers\Yacht->yachtRecordEditnew('12')
 6 SYSTEMPATH\CodeIgniter.php(502): CodeIgniter\CodeIgniter->runController(Object(App\Controllers\Yacht))
 7 SYSTEMPATH\CodeIgniter.php(361): CodeIgniter\CodeIgniter->handleRequest(null, Object(Config\Cache), false)
 8 FCPATH\index.php(79): CodeIgniter\CodeIgniter->run()
CRITICAL - 2024-06-20 16:37:39 --> TypeError: Cannot access offset of type string on string
in APPPATH\Views\yacht-detail.php on line 208.
 1 SYSTEMPATH\View\View.php(228): include()
 2 SYSTEMPATH\View\View.php(231): CodeIgniter\View\View->CodeIgniter\View\{closure}()
 3 SYSTEMPATH\Common.php(1178): CodeIgniter\View\View->render('yacht-detail', [], true)
 4 APPPATH\Controllers\Yacht.php(75): view('yacht-detail', [...])
 5 SYSTEMPATH\CodeIgniter.php(941): App\Controllers\Yacht->yachtRecordEditnew('12')
 6 SYSTEMPATH\CodeIgniter.php(502): CodeIgniter\CodeIgniter->runController(Object(App\Controllers\Yacht))
 7 SYSTEMPATH\CodeIgniter.php(361): CodeIgniter\CodeIgniter->handleRequest(null, Object(Config\Cache), false)
 8 FCPATH\index.php(79): CodeIgniter\CodeIgniter->run()
CRITICAL - 2024-06-20 16:38:51 --> TypeError: Cannot access offset of type string on string
in APPPATH\Views\yacht-detail.php on line 208.
 1 SYSTEMPATH\View\View.php(228): include()
 2 SYSTEMPATH\View\View.php(231): CodeIgniter\View\View->CodeIgniter\View\{closure}()
 3 SYSTEMPATH\Common.php(1178): CodeIgniter\View\View->render('yacht-detail', [], true)
 4 APPPATH\Controllers\Yacht.php(75): view('yacht-detail', [...])
 5 SYSTEMPATH\CodeIgniter.php(941): App\Controllers\Yacht->yachtRecordEditnew('12')
 6 SYSTEMPATH\CodeIgniter.php(502): CodeIgniter\CodeIgniter->runController(Object(App\Controllers\Yacht))
 7 SYSTEMPATH\CodeIgniter.php(361): CodeIgniter\CodeIgniter->handleRequest(null, Object(Config\Cache), false)
 8 FCPATH\index.php(79): CodeIgniter\CodeIgniter->run()
CRITICAL - 2024-06-20 16:38:51 --> TypeError: Cannot access offset of type string on string
in APPPATH\Views\yacht-detail.php on line 208.
 1 SYSTEMPATH\View\View.php(228): include()
 2 SYSTEMPATH\View\View.php(231): CodeIgniter\View\View->CodeIgniter\View\{closure}()
 3 SYSTEMPATH\Common.php(1178): CodeIgniter\View\View->render('yacht-detail', [], true)
 4 APPPATH\Controllers\Yacht.php(75): view('yacht-detail', [...])
 5 SYSTEMPATH\CodeIgniter.php(941): App\Controllers\Yacht->yachtRecordEditnew('12')
 6 SYSTEMPATH\CodeIgniter.php(502): CodeIgniter\CodeIgniter->runController(Object(App\Controllers\Yacht))
 7 SYSTEMPATH\CodeIgniter.php(361): CodeIgniter\CodeIgniter->handleRequest(null, Object(Config\Cache), false)
 8 FCPATH\index.php(79): CodeIgniter\CodeIgniter->run()
CRITICAL - 2024-06-20 16:40:43 --> ParseError: syntax error, unexpected token "<"
in APPPATH\Views\yacht-detail.php on line 210.
 1 SYSTEMPATH\View\View.php(231): CodeIgniter\View\View->CodeIgniter\View\{closure}()
 2 SYSTEMPATH\Common.php(1178): CodeIgniter\View\View->render('yacht-detail', [], true)
 3 APPPATH\Controllers\Yacht.php(75): view('yacht-detail', [...])
 4 SYSTEMPATH\CodeIgniter.php(941): App\Controllers\Yacht->yachtRecordEditnew('12')
 5 SYSTEMPATH\CodeIgniter.php(502): CodeIgniter\CodeIgniter->runController(Object(App\Controllers\Yacht))
 6 SYSTEMPATH\CodeIgniter.php(361): CodeIgniter\CodeIgniter->handleRequest(null, Object(Config\Cache), false)
 7 FCPATH\index.php(79): CodeIgniter\CodeIgniter->run()
CRITICAL - 2024-06-20 16:41:00 --> ParseError: syntax error, unexpected token "<"
in APPPATH\Views\yacht-detail.php on line 210.
 1 SYSTEMPATH\View\View.php(231): CodeIgniter\View\View->CodeIgniter\View\{closure}()
 2 SYSTEMPATH\Common.php(1178): CodeIgniter\View\View->render('yacht-detail', [], true)
 3 APPPATH\Controllers\Yacht.php(75): view('yacht-detail', [...])
 4 SYSTEMPATH\CodeIgniter.php(941): App\Controllers\Yacht->yachtRecordEditnew('12')
 5 SYSTEMPATH\CodeIgniter.php(502): CodeIgniter\CodeIgniter->runController(Object(App\Controllers\Yacht))
 6 SYSTEMPATH\CodeIgniter.php(361): CodeIgniter\CodeIgniter->handleRequest(null, Object(Config\Cache), false)
 7 FCPATH\index.php(79): CodeIgniter\CodeIgniter->run()
CRITICAL - 2024-06-20 16:41:00 --> ParseError: syntax error, unexpected token "<"
in APPPATH\Views\yacht-detail.php on line 210.
 1 SYSTEMPATH\View\View.php(231): CodeIgniter\View\View->CodeIgniter\View\{closure}()
 2 SYSTEMPATH\Common.php(1178): CodeIgniter\View\View->render('yacht-detail', [], true)
 3 APPPATH\Controllers\Yacht.php(75): view('yacht-detail', [...])
 4 SYSTEMPATH\CodeIgniter.php(941): App\Controllers\Yacht->yachtRecordEditnew('12')
 5 SYSTEMPATH\CodeIgniter.php(502): CodeIgniter\CodeIgniter->runController(Object(App\Controllers\Yacht))
 6 SYSTEMPATH\CodeIgniter.php(361): CodeIgniter\CodeIgniter->handleRequest(null, Object(Config\Cache), false)
 7 FCPATH\index.php(79): CodeIgniter\CodeIgniter->run()
CRITICAL - 2024-06-20 16:41:01 --> ParseError: syntax error, unexpected token "<"
in APPPATH\Views\yacht-detail.php on line 210.
 1 SYSTEMPATH\View\View.php(231): CodeIgniter\View\View->CodeIgniter\View\{closure}()
 2 SYSTEMPATH\Common.php(1178): CodeIgniter\View\View->render('yacht-detail', [], true)
 3 APPPATH\Controllers\Yacht.php(75): view('yacht-detail', [...])
 4 SYSTEMPATH\CodeIgniter.php(941): App\Controllers\Yacht->yachtRecordEditnew('12')
 5 SYSTEMPATH\CodeIgniter.php(502): CodeIgniter\CodeIgniter->runController(Object(App\Controllers\Yacht))
 6 SYSTEMPATH\CodeIgniter.php(361): CodeIgniter\CodeIgniter->handleRequest(null, Object(Config\Cache), false)
 7 FCPATH\index.php(79): CodeIgniter\CodeIgniter->run()
CRITICAL - 2024-06-20 16:41:01 --> ParseError: syntax error, unexpected token "<"
in APPPATH\Views\yacht-detail.php on line 210.
 1 SYSTEMPATH\View\View.php(231): CodeIgniter\View\View->CodeIgniter\View\{closure}()
 2 SYSTEMPATH\Common.php(1178): CodeIgniter\View\View->render('yacht-detail', [], true)
 3 APPPATH\Controllers\Yacht.php(75): view('yacht-detail', [...])
 4 SYSTEMPATH\CodeIgniter.php(941): App\Controllers\Yacht->yachtRecordEditnew('12')
 5 SYSTEMPATH\CodeIgniter.php(502): CodeIgniter\CodeIgniter->runController(Object(App\Controllers\Yacht))
 6 SYSTEMPATH\CodeIgniter.php(361): CodeIgniter\CodeIgniter->handleRequest(null, Object(Config\Cache), false)
 7 FCPATH\index.php(79): CodeIgniter\CodeIgniter->run()
CRITICAL - 2024-06-20 16:41:40 --> TypeError: Cannot access offset of type string on string
in APPPATH\Views\yacht-detail.php on line 210.
 1 SYSTEMPATH\View\View.php(228): include()
 2 SYSTEMPATH\View\View.php(231): CodeIgniter\View\View->CodeIgniter\View\{closure}()
 3 SYSTEMPATH\Common.php(1178): CodeIgniter\View\View->render('yacht-detail', [], true)
 4 APPPATH\Controllers\Yacht.php(75): view('yacht-detail', [...])
 5 SYSTEMPATH\CodeIgniter.php(941): App\Controllers\Yacht->yachtRecordEditnew('12')
 6 SYSTEMPATH\CodeIgniter.php(502): CodeIgniter\CodeIgniter->runController(Object(App\Controllers\Yacht))
 7 SYSTEMPATH\CodeIgniter.php(361): CodeIgniter\CodeIgniter->handleRequest(null, Object(Config\Cache), false)
 8 FCPATH\index.php(79): CodeIgniter\CodeIgniter->run()
CRITICAL - 2024-06-20 16:41:41 --> TypeError: Cannot access offset of type string on string
in APPPATH\Views\yacht-detail.php on line 210.
 1 SYSTEMPATH\View\View.php(228): include()
 2 SYSTEMPATH\View\View.php(231): CodeIgniter\View\View->CodeIgniter\View\{closure}()
 3 SYSTEMPATH\Common.php(1178): CodeIgniter\View\View->render('yacht-detail', [], true)
 4 APPPATH\Controllers\Yacht.php(75): view('yacht-detail', [...])
 5 SYSTEMPATH\CodeIgniter.php(941): App\Controllers\Yacht->yachtRecordEditnew('12')
 6 SYSTEMPATH\CodeIgniter.php(502): CodeIgniter\CodeIgniter->runController(Object(App\Controllers\Yacht))
 7 SYSTEMPATH\CodeIgniter.php(361): CodeIgniter\CodeIgniter->handleRequest(null, Object(Config\Cache), false)
 8 FCPATH\index.php(79): CodeIgniter\CodeIgniter->run()
CRITICAL - 2024-06-20 16:41:42 --> TypeError: Cannot access offset of type string on string
in APPPATH\Views\yacht-detail.php on line 210.
 1 SYSTEMPATH\View\View.php(228): include()
 2 SYSTEMPATH\View\View.php(231): CodeIgniter\View\View->CodeIgniter\View\{closure}()
 3 SYSTEMPATH\Common.php(1178): CodeIgniter\View\View->render('yacht-detail', [], true)
 4 APPPATH\Controllers\Yacht.php(75): view('yacht-detail', [...])
 5 SYSTEMPATH\CodeIgniter.php(941): App\Controllers\Yacht->yachtRecordEditnew('12')
 6 SYSTEMPATH\CodeIgniter.php(502): CodeIgniter\CodeIgniter->runController(Object(App\Controllers\Yacht))
 7 SYSTEMPATH\CodeIgniter.php(361): CodeIgniter\CodeIgniter->handleRequest(null, Object(Config\Cache), false)
 8 FCPATH\index.php(79): CodeIgniter\CodeIgniter->run()
CRITICAL - 2024-06-20 16:42:54 --> TypeError: Cannot access offset of type string on string
in APPPATH\Views\yacht-detail.php on line 209.
 1 SYSTEMPATH\View\View.php(228): include()
 2 SYSTEMPATH\View\View.php(231): CodeIgniter\View\View->CodeIgniter\View\{closure}()
 3 SYSTEMPATH\Common.php(1178): CodeIgniter\View\View->render('yacht-detail', [], true)
 4 APPPATH\Controllers\Yacht.php(75): view('yacht-detail', [...])
 5 SYSTEMPATH\CodeIgniter.php(941): App\Controllers\Yacht->yachtRecordEditnew('12')
 6 SYSTEMPATH\CodeIgniter.php(502): CodeIgniter\CodeIgniter->runController(Object(App\Controllers\Yacht))
 7 SYSTEMPATH\CodeIgniter.php(361): CodeIgniter\CodeIgniter->handleRequest(null, Object(Config\Cache), false)
 8 FCPATH\index.php(79): CodeIgniter\CodeIgniter->run()
CRITICAL - 2024-06-20 16:42:54 --> TypeError: Cannot access offset of type string on string
in APPPATH\Views\yacht-detail.php on line 209.
 1 SYSTEMPATH\View\View.php(228): include()
 2 SYSTEMPATH\View\View.php(231): CodeIgniter\View\View->CodeIgniter\View\{closure}()
 3 SYSTEMPATH\Common.php(1178): CodeIgniter\View\View->render('yacht-detail', [], true)
 4 APPPATH\Controllers\Yacht.php(75): view('yacht-detail', [...])
 5 SYSTEMPATH\CodeIgniter.php(941): App\Controllers\Yacht->yachtRecordEditnew('12')
 6 SYSTEMPATH\CodeIgniter.php(502): CodeIgniter\CodeIgniter->runController(Object(App\Controllers\Yacht))
 7 SYSTEMPATH\CodeIgniter.php(361): CodeIgniter\CodeIgniter->handleRequest(null, Object(Config\Cache), false)
 8 FCPATH\index.php(79): CodeIgniter\CodeIgniter->run()
CRITICAL - 2024-06-20 16:44:10 --> ParseError: syntax error, unexpected token ";", expecting ")"
in APPPATH\Views\yacht-detail.php on line 209.
 1 SYSTEMPATH\View\View.php(231): CodeIgniter\View\View->CodeIgniter\View\{closure}()
 2 SYSTEMPATH\Common.php(1178): CodeIgniter\View\View->render('yacht-detail', [], true)
 3 APPPATH\Controllers\Yacht.php(75): view('yacht-detail', [...])
 4 SYSTEMPATH\CodeIgniter.php(941): App\Controllers\Yacht->yachtRecordEditnew('12')
 5 SYSTEMPATH\CodeIgniter.php(502): CodeIgniter\CodeIgniter->runController(Object(App\Controllers\Yacht))
 6 SYSTEMPATH\CodeIgniter.php(361): CodeIgniter\CodeIgniter->handleRequest(null, Object(Config\Cache), false)
 7 FCPATH\index.php(79): CodeIgniter\CodeIgniter->run()
CRITICAL - 2024-06-20 16:44:10 --> ParseError: syntax error, unexpected token ";", expecting ")"
in APPPATH\Views\yacht-detail.php on line 209.
 1 SYSTEMPATH\View\View.php(231): CodeIgniter\View\View->CodeIgniter\View\{closure}()
 2 SYSTEMPATH\Common.php(1178): CodeIgniter\View\View->render('yacht-detail', [], true)
 3 APPPATH\Controllers\Yacht.php(75): view('yacht-detail', [...])
 4 SYSTEMPATH\CodeIgniter.php(941): App\Controllers\Yacht->yachtRecordEditnew('12')
 5 SYSTEMPATH\CodeIgniter.php(502): CodeIgniter\CodeIgniter->runController(Object(App\Controllers\Yacht))
 6 SYSTEMPATH\CodeIgniter.php(361): CodeIgniter\CodeIgniter->handleRequest(null, Object(Config\Cache), false)
 7 FCPATH\index.php(79): CodeIgniter\CodeIgniter->run()
CRITICAL - 2024-06-20 16:44:11 --> ParseError: syntax error, unexpected token ";", expecting ")"
in APPPATH\Views\yacht-detail.php on line 209.
 1 SYSTEMPATH\View\View.php(231): CodeIgniter\View\View->CodeIgniter\View\{closure}()
 2 SYSTEMPATH\Common.php(1178): CodeIgniter\View\View->render('yacht-detail', [], true)
 3 APPPATH\Controllers\Yacht.php(75): view('yacht-detail', [...])
 4 SYSTEMPATH\CodeIgniter.php(941): App\Controllers\Yacht->yachtRecordEditnew('12')
 5 SYSTEMPATH\CodeIgniter.php(502): CodeIgniter\CodeIgniter->runController(Object(App\Controllers\Yacht))
 6 SYSTEMPATH\CodeIgniter.php(361): CodeIgniter\CodeIgniter->handleRequest(null, Object(Config\Cache), false)
 7 FCPATH\index.php(79): CodeIgniter\CodeIgniter->run()
CRITICAL - 2024-06-20 16:44:19 --> TypeError: Cannot access offset of type string on string
in APPPATH\Views\yacht-detail.php on line 209.
 1 SYSTEMPATH\View\View.php(228): include()
 2 SYSTEMPATH\View\View.php(231): CodeIgniter\View\View->CodeIgniter\View\{closure}()
 3 SYSTEMPATH\Common.php(1178): CodeIgniter\View\View->render('yacht-detail', [], true)
 4 APPPATH\Controllers\Yacht.php(75): view('yacht-detail', [...])
 5 SYSTEMPATH\CodeIgniter.php(941): App\Controllers\Yacht->yachtRecordEditnew('12')
 6 SYSTEMPATH\CodeIgniter.php(502): CodeIgniter\CodeIgniter->runController(Object(App\Controllers\Yacht))
 7 SYSTEMPATH\CodeIgniter.php(361): CodeIgniter\CodeIgniter->handleRequest(null, Object(Config\Cache), false)
 8 FCPATH\index.php(79): CodeIgniter\CodeIgniter->run()
CRITICAL - 2024-06-20 16:44:19 --> TypeError: Cannot access offset of type string on string
in APPPATH\Views\yacht-detail.php on line 209.
 1 SYSTEMPATH\View\View.php(228): include()
 2 SYSTEMPATH\View\View.php(231): CodeIgniter\View\View->CodeIgniter\View\{closure}()
 3 SYSTEMPATH\Common.php(1178): CodeIgniter\View\View->render('yacht-detail', [], true)
 4 APPPATH\Controllers\Yacht.php(75): view('yacht-detail', [...])
 5 SYSTEMPATH\CodeIgniter.php(941): App\Controllers\Yacht->yachtRecordEditnew('12')
 6 SYSTEMPATH\CodeIgniter.php(502): CodeIgniter\CodeIgniter->runController(Object(App\Controllers\Yacht))
 7 SYSTEMPATH\CodeIgniter.php(361): CodeIgniter\CodeIgniter->handleRequest(null, Object(Config\Cache), false)
 8 FCPATH\index.php(79): CodeIgniter\CodeIgniter->run()
CRITICAL - 2024-06-20 16:44:19 --> TypeError: Cannot access offset of type string on string
in APPPATH\Views\yacht-detail.php on line 209.
 1 SYSTEMPATH\View\View.php(228): include()
 2 SYSTEMPATH\View\View.php(231): CodeIgniter\View\View->CodeIgniter\View\{closure}()
 3 SYSTEMPATH\Common.php(1178): CodeIgniter\View\View->render('yacht-detail', [], true)
 4 APPPATH\Controllers\Yacht.php(75): view('yacht-detail', [...])
 5 SYSTEMPATH\CodeIgniter.php(941): App\Controllers\Yacht->yachtRecordEditnew('12')
 6 SYSTEMPATH\CodeIgniter.php(502): CodeIgniter\CodeIgniter->runController(Object(App\Controllers\Yacht))
 7 SYSTEMPATH\CodeIgniter.php(361): CodeIgniter\CodeIgniter->handleRequest(null, Object(Config\Cache), false)
 8 FCPATH\index.php(79): CodeIgniter\CodeIgniter->run()
CRITICAL - 2024-06-20 16:46:14 --> TypeError: Cannot access offset of type string on string
in APPPATH\Views\yacht-detail.php on line 209.
 1 SYSTEMPATH\View\View.php(228): include()
 2 SYSTEMPATH\View\View.php(231): CodeIgniter\View\View->CodeIgniter\View\{closure}()
 3 SYSTEMPATH\Common.php(1178): CodeIgniter\View\View->render('yacht-detail', [], true)
 4 APPPATH\Controllers\Yacht.php(75): view('yacht-detail', [...])
 5 SYSTEMPATH\CodeIgniter.php(941): App\Controllers\Yacht->yachtRecordEditnew('12')
 6 SYSTEMPATH\CodeIgniter.php(502): CodeIgniter\CodeIgniter->runController(Object(App\Controllers\Yacht))
 7 SYSTEMPATH\CodeIgniter.php(361): CodeIgniter\CodeIgniter->handleRequest(null, Object(Config\Cache), false)
 8 FCPATH\index.php(79): CodeIgniter\CodeIgniter->run()
CRITICAL - 2024-06-20 16:46:14 --> TypeError: Cannot access offset of type string on string
in APPPATH\Views\yacht-detail.php on line 209.
 1 SYSTEMPATH\View\View.php(228): include()
 2 SYSTEMPATH\View\View.php(231): CodeIgniter\View\View->CodeIgniter\View\{closure}()
 3 SYSTEMPATH\Common.php(1178): CodeIgniter\View\View->render('yacht-detail', [], true)
 4 APPPATH\Controllers\Yacht.php(75): view('yacht-detail', [...])
 5 SYSTEMPATH\CodeIgniter.php(941): App\Controllers\Yacht->yachtRecordEditnew('12')
 6 SYSTEMPATH\CodeIgniter.php(502): CodeIgniter\CodeIgniter->runController(Object(App\Controllers\Yacht))
 7 SYSTEMPATH\CodeIgniter.php(361): CodeIgniter\CodeIgniter->handleRequest(null, Object(Config\Cache), false)
 8 FCPATH\index.php(79): CodeIgniter\CodeIgniter->run()
CRITICAL - 2024-06-20 16:46:14 --> TypeError: Cannot access offset of type string on string
in APPPATH\Views\yacht-detail.php on line 209.
 1 SYSTEMPATH\View\View.php(228): include()
 2 SYSTEMPATH\View\View.php(231): CodeIgniter\View\View->CodeIgniter\View\{closure}()
 3 SYSTEMPATH\Common.php(1178): CodeIgniter\View\View->render('yacht-detail', [], true)
 4 APPPATH\Controllers\Yacht.php(75): view('yacht-detail', [...])
 5 SYSTEMPATH\CodeIgniter.php(941): App\Controllers\Yacht->yachtRecordEditnew('12')
 6 SYSTEMPATH\CodeIgniter.php(502): CodeIgniter\CodeIgniter->runController(Object(App\Controllers\Yacht))
 7 SYSTEMPATH\CodeIgniter.php(361): CodeIgniter\CodeIgniter->handleRequest(null, Object(Config\Cache), false)
 8 FCPATH\index.php(79): CodeIgniter\CodeIgniter->run()
CRITICAL - 2024-06-20 16:47:06 --> ParseError: syntax error, unexpected token ";", expecting ")"
in APPPATH\Views\yacht-detail.php on line 209.
 1 SYSTEMPATH\View\View.php(231): CodeIgniter\View\View->CodeIgniter\View\{closure}()
 2 SYSTEMPATH\Common.php(1178): CodeIgniter\View\View->render('yacht-detail', [], true)
 3 APPPATH\Controllers\Yacht.php(75): view('yacht-detail', [...])
 4 SYSTEMPATH\CodeIgniter.php(941): App\Controllers\Yacht->yachtRecordEditnew('12')
 5 SYSTEMPATH\CodeIgniter.php(502): CodeIgniter\CodeIgniter->runController(Object(App\Controllers\Yacht))
 6 SYSTEMPATH\CodeIgniter.php(361): CodeIgniter\CodeIgniter->handleRequest(null, Object(Config\Cache), false)
 7 FCPATH\index.php(79): CodeIgniter\CodeIgniter->run()
CRITICAL - 2024-06-20 16:47:07 --> ParseError: syntax error, unexpected token ";", expecting ")"
in APPPATH\Views\yacht-detail.php on line 209.
 1 SYSTEMPATH\View\View.php(231): CodeIgniter\View\View->CodeIgniter\View\{closure}()
 2 SYSTEMPATH\Common.php(1178): CodeIgniter\View\View->render('yacht-detail', [], true)
 3 APPPATH\Controllers\Yacht.php(75): view('yacht-detail', [...])
 4 SYSTEMPATH\CodeIgniter.php(941): App\Controllers\Yacht->yachtRecordEditnew('12')
 5 SYSTEMPATH\CodeIgniter.php(502): CodeIgniter\CodeIgniter->runController(Object(App\Controllers\Yacht))
 6 SYSTEMPATH\CodeIgniter.php(361): CodeIgniter\CodeIgniter->handleRequest(null, Object(Config\Cache), false)
 7 FCPATH\index.php(79): CodeIgniter\CodeIgniter->run()
CRITICAL - 2024-06-20 16:47:07 --> ParseError: syntax error, unexpected token ";", expecting ")"
in APPPATH\Views\yacht-detail.php on line 209.
 1 SYSTEMPATH\View\View.php(231): CodeIgniter\View\View->CodeIgniter\View\{closure}()
 2 SYSTEMPATH\Common.php(1178): CodeIgniter\View\View->render('yacht-detail', [], true)
 3 APPPATH\Controllers\Yacht.php(75): view('yacht-detail', [...])
 4 SYSTEMPATH\CodeIgniter.php(941): App\Controllers\Yacht->yachtRecordEditnew('12')
 5 SYSTEMPATH\CodeIgniter.php(502): CodeIgniter\CodeIgniter->runController(Object(App\Controllers\Yacht))
 6 SYSTEMPATH\CodeIgniter.php(361): CodeIgniter\CodeIgniter->handleRequest(null, Object(Config\Cache), false)
 7 FCPATH\index.php(79): CodeIgniter\CodeIgniter->run()
CRITICAL - 2024-06-20 16:49:39 --> ErrorException: Undefined variable $data
in APPPATH\Views\yacht-detail.php on line 213.
 1 APPPATH\Views\yacht-detail.php(213): CodeIgniter\Debug\Exceptions->errorHandler(2, 'Undefined variable $data', 'C:\\xampp\\htdocs\\bmy\\app\\Views\\yacht-detail.php', 213)
 2 SYSTEMPATH\View\View.php(228): include('C:\\xampp\\htdocs\\bmy\\app\\Views\\yacht-detail.php')
 3 SYSTEMPATH\View\View.php(231): CodeIgniter\View\View->CodeIgniter\View\{closure}()
 4 SYSTEMPATH\Common.php(1178): CodeIgniter\View\View->render('yacht-detail', [], true)
 5 APPPATH\Controllers\Yacht.php(75): view('yacht-detail', [...])
 6 SYSTEMPATH\CodeIgniter.php(941): App\Controllers\Yacht->yachtRecordEditnew('12')
 7 SYSTEMPATH\CodeIgniter.php(502): CodeIgniter\CodeIgniter->runController(Object(App\Controllers\Yacht))
 8 SYSTEMPATH\CodeIgniter.php(361): CodeIgniter\CodeIgniter->handleRequest(null, Object(Config\Cache), false)
 9 FCPATH\index.php(79): CodeIgniter\CodeIgniter->run()
CRITICAL - 2024-06-20 16:49:40 --> ErrorException: Undefined variable $data
in APPPATH\Views\yacht-detail.php on line 213.
 1 APPPATH\Views\yacht-detail.php(213): CodeIgniter\Debug\Exceptions->errorHandler(2, 'Undefined variable $data', 'C:\\xampp\\htdocs\\bmy\\app\\Views\\yacht-detail.php', 213)
 2 SYSTEMPATH\View\View.php(228): include('C:\\xampp\\htdocs\\bmy\\app\\Views\\yacht-detail.php')
 3 SYSTEMPATH\View\View.php(231): CodeIgniter\View\View->CodeIgniter\View\{closure}()
 4 SYSTEMPATH\Common.php(1178): CodeIgniter\View\View->render('yacht-detail', [], true)
 5 APPPATH\Controllers\Yacht.php(75): view('yacht-detail', [...])
 6 SYSTEMPATH\CodeIgniter.php(941): App\Controllers\Yacht->yachtRecordEditnew('12')
 7 SYSTEMPATH\CodeIgniter.php(502): CodeIgniter\CodeIgniter->runController(Object(App\Controllers\Yacht))
 8 SYSTEMPATH\CodeIgniter.php(361): CodeIgniter\CodeIgniter->handleRequest(null, Object(Config\Cache), false)
 9 FCPATH\index.php(79): CodeIgniter\CodeIgniter->run()
CRITICAL - 2024-06-20 16:49:40 --> ErrorException: Undefined variable $data
in APPPATH\Views\yacht-detail.php on line 213.
 1 APPPATH\Views\yacht-detail.php(213): CodeIgniter\Debug\Exceptions->errorHandler(2, 'Undefined variable $data', 'C:\\xampp\\htdocs\\bmy\\app\\Views\\yacht-detail.php', 213)
 2 SYSTEMPATH\View\View.php(228): include('C:\\xampp\\htdocs\\bmy\\app\\Views\\yacht-detail.php')
 3 SYSTEMPATH\View\View.php(231): CodeIgniter\View\View->CodeIgniter\View\{closure}()
 4 SYSTEMPATH\Common.php(1178): CodeIgniter\View\View->render('yacht-detail', [], true)
 5 APPPATH\Controllers\Yacht.php(75): view('yacht-detail', [...])
 6 SYSTEMPATH\CodeIgniter.php(941): App\Controllers\Yacht->yachtRecordEditnew('12')
 7 SYSTEMPATH\CodeIgniter.php(502): CodeIgniter\CodeIgniter->runController(Object(App\Controllers\Yacht))
 8 SYSTEMPATH\CodeIgniter.php(361): CodeIgniter\CodeIgniter->handleRequest(null, Object(Config\Cache), false)
 9 FCPATH\index.php(79): CodeIgniter\CodeIgniter->run()
CRITICAL - 2024-06-20 16:49:40 --> ErrorException: Undefined variable $data
in APPPATH\Views\yacht-detail.php on line 213.
 1 APPPATH\Views\yacht-detail.php(213): CodeIgniter\Debug\Exceptions->errorHandler(2, 'Undefined variable $data', 'C:\\xampp\\htdocs\\bmy\\app\\Views\\yacht-detail.php', 213)
 2 SYSTEMPATH\View\View.php(228): include('C:\\xampp\\htdocs\\bmy\\app\\Views\\yacht-detail.php')
 3 SYSTEMPATH\View\View.php(231): CodeIgniter\View\View->CodeIgniter\View\{closure}()
 4 SYSTEMPATH\Common.php(1178): CodeIgniter\View\View->render('yacht-detail', [], true)
 5 APPPATH\Controllers\Yacht.php(75): view('yacht-detail', [...])
 6 SYSTEMPATH\CodeIgniter.php(941): App\Controllers\Yacht->yachtRecordEditnew('12')
 7 SYSTEMPATH\CodeIgniter.php(502): CodeIgniter\CodeIgniter->runController(Object(App\Controllers\Yacht))
 8 SYSTEMPATH\CodeIgniter.php(361): CodeIgniter\CodeIgniter->handleRequest(null, Object(Config\Cache), false)
 9 FCPATH\index.php(79): CodeIgniter\CodeIgniter->run()
CRITICAL - 2024-06-20 16:55:38 --> ErrorException: Undefined variable $img4
in APPPATH\Views\yacht-detail.php on line 253.
 1 APPPATH\Views\yacht-detail.php(253): CodeIgniter\Debug\Exceptions->errorHandler(2, 'Undefined variable $img4', 'C:\\xampp\\htdocs\\bmy\\app\\Views\\yacht-detail.php', 253)
 2 SYSTEMPATH\View\View.php(228): include('C:\\xampp\\htdocs\\bmy\\app\\Views\\yacht-detail.php')
 3 SYSTEMPATH\View\View.php(231): CodeIgniter\View\View->CodeIgniter\View\{closure}()
 4 SYSTEMPATH\Common.php(1178): CodeIgniter\View\View->render('yacht-detail', [], true)
 5 APPPATH\Controllers\Yacht.php(75): view('yacht-detail', [...])
 6 SYSTEMPATH\CodeIgniter.php(941): App\Controllers\Yacht->yachtRecordEditnew('12')
 7 SYSTEMPATH\CodeIgniter.php(502): CodeIgniter\CodeIgniter->runController(Object(App\Controllers\Yacht))
 8 SYSTEMPATH\CodeIgniter.php(361): CodeIgniter\CodeIgniter->handleRequest(null, Object(Config\Cache), false)
 9 FCPATH\index.php(79): CodeIgniter\CodeIgniter->run()
CRITICAL - 2024-06-20 18:39:37 --> ErrorException: Undefined array key 0
in APPPATH\Controllers\Yacht.php on line 67.
 1 APPPATH\Controllers\Yacht.php(67): CodeIgniter\Debug\Exceptions->errorHandler(2, 'Undefined array key 0', 'C:\\xampp\\htdocs\\bmy\\app\\Controllers\\Yacht.php', 67)
 2 SYSTEMPATH\CodeIgniter.php(941): App\Controllers\Yacht->yachtRecordEditnew('4')
 3 SYSTEMPATH\CodeIgniter.php(502): CodeIgniter\CodeIgniter->runController(Object(App\Controllers\Yacht))
 4 SYSTEMPATH\CodeIgniter.php(361): CodeIgniter\CodeIgniter->handleRequest(null, Object(Config\Cache), false)
 5 FCPATH\index.php(79): CodeIgniter\CodeIgniter->run()
CRITICAL - 2024-06-20 20:58:40 --> ErrorException: Undefined array key 5
in APPPATH\Controllers\Yacht.php on line 72.
 1 APPPATH\Controllers\Yacht.php(72): CodeIgniter\Debug\Exceptions->errorHandler(2, 'Undefined array key 5', 'C:\\xampp\\htdocs\\bmy\\app\\Controllers\\Yacht.php', 72)
 2 SYSTEMPATH\CodeIgniter.php(941): App\Controllers\Yacht->yachtRecordEditnew('12')
 3 SYSTEMPATH\CodeIgniter.php(502): CodeIgniter\CodeIgniter->runController(Object(App\Controllers\Yacht))
 4 SYSTEMPATH\CodeIgniter.php(361): CodeIgniter\CodeIgniter->handleRequest(null, Object(Config\Cache), false)
 5 FCPATH\index.php(79): CodeIgniter\CodeIgniter->run()
