CRITICAL - 2025-04-07 14:23:13 --> ErrorException: Trying to access array offset on value of type null
in APPPATH/Controllers/Yacht.php on line 71.
 1 APPPATH/Controllers/Yacht.php(71): CodeIgniter\Debug\Exceptions->errorHandler()
 2 SYSTEMPATH/CodeIgniter.php(941): App\Controllers\Yacht->yachtRecordEditnew()
 3 SYSTEMPATH/CodeIgniter.php(502): CodeIgniter\CodeIgniter->runController()
 4 SYSTEMPATH/CodeIgniter.php(361): CodeIgniter\CodeIgniter->handleRequest()
 5 FCPATH/index.php(79): CodeIgniter\CodeIgniter->run()
ERROR - 2025-04-07 15:17:25 --> Email: Unable to send email using SMTP. Your server might not be configured to send mail using this method.
ERROR - 2025-04-07 15:17:25 --> 220 smtp-out.flockmail.com ESMTP Postfix

hello: 250-smtp-out.flockmail.com
250-PIPELINING
250-SIZE 52428800
250-VRFY
250-ETRN
250-STARTTLS
250-AUTH PLAIN LOGIN
250-ENHANCEDSTATUSCODES
250-8BITMIME
250-DSN
250 CHUNKING

from: 250 2.1.0 Ok

to: 250 2.1.5 Ok

to: 250 2.1.5 Ok

data: 354 End data with <CR><LF>.<CR><LF>

550 5.7.1 Mail contain spam content 75C96E03E8

quit: 221 2.0.0 Bye

The following SMTP error was encountered: 550 5.7.1 Mail contain spam content 75C96E03E8

ERROR - 2025-04-07 15:28:43 --> Email: Unable to send email using SMTP. Your server might not be configured to send mail using this method.
ERROR - 2025-04-07 15:28:43 --> 220 smtp-out.flockmail.com ESMTP Postfix

hello: 250-smtp-out.flockmail.com
250-PIPELINING
250-SIZE 52428800
250-VRFY
250-ETRN
250-STARTTLS
250-AUTH PLAIN LOGIN
250-ENHANCEDSTATUSCODES
250-8BITMIME
250-DSN
250 CHUNKING

from: 250 2.1.0 Ok

to: 250 2.1.5 Ok

to: 250 2.1.5 Ok

data: 354 End data with <CR><LF>.<CR><LF>

550 5.7.1 Mail contain spam content D3C80100321

quit: 221 2.0.0 Bye

The following SMTP error was encountered: 550 5.7.1 Mail contain spam content D3C80100321

CRITICAL - 2025-04-07 16:30:41 --> ErrorException: Trying to access array offset on value of type null
in APPPATH/Controllers/Yacht.php on line 71.
 1 APPPATH/Controllers/Yacht.php(71): CodeIgniter\Debug\Exceptions->errorHandler()
 2 SYSTEMPATH/CodeIgniter.php(941): App\Controllers\Yacht->yachtRecordEditnew()
 3 SYSTEMPATH/CodeIgniter.php(502): CodeIgniter\CodeIgniter->runController()
 4 SYSTEMPATH/CodeIgniter.php(361): CodeIgniter\CodeIgniter->handleRequest()
 5 FCPATH/index.php(79): CodeIgniter\CodeIgniter->run()
ERROR - 2025-04-07 18:13:23 --> Email: Unable to send email using SMTP. Your server might not be configured to send mail using this method.
ERROR - 2025-04-07 18:13:23 --> 220 smtp-out.flockmail.com ESMTP Postfix

hello: 250-smtp-out.flockmail.com
250-PIPELINING
250-SIZE 52428800
250-VRFY
250-ETRN
250-STARTTLS
250-AUTH PLAIN LOGIN
250-ENHANCEDSTATUSCODES
250-8BITMIME
250-DSN
250 CHUNKING

from: 250 2.1.0 Ok

to: 250 2.1.5 Ok

to: 250 2.1.5 Ok

data: 354 End data with <CR><LF>.<CR><LF>

550 5.7.1 Mail contain spam content 4145E6041C

quit: 221 2.0.0 Bye

The following SMTP error was encountered: 550 5.7.1 Mail contain spam content 4145E6041C

ERROR - 2025-04-07 19:30:09 --> Email: Unable to send email using SMTP. Your server might not be configured to send mail using this method.
ERROR - 2025-04-07 19:30:09 --> 220 smtp-out.flockmail.com ESMTP Postfix

hello: 250-smtp-out.flockmail.com
250-PIPELINING
250-SIZE 52428800
250-VRFY
250-ETRN
250-STARTTLS
250-AUTH PLAIN LOGIN
250-ENHANCEDSTATUSCODES
250-8BITMIME
250-DSN
250 CHUNKING

from: 250 2.1.0 Ok

to: 250 2.1.5 Ok

to: 250 2.1.5 Ok

data: 354 End data with <CR><LF>.<CR><LF>

550 5.7.1 Mail contain spam content 1C2466059E

quit: 221 2.0.0 Bye

The following SMTP error was encountered: 550 5.7.1 Mail contain spam content 1C2466059E

ERROR - 2025-04-07 21:05:36 --> Email: Unable to send email using SMTP. Your server might not be configured to send mail using this method.
ERROR - 2025-04-07 21:05:36 --> 220 smtp-out.flockmail.com ESMTP Postfix

hello: 250-smtp-out.flockmail.com
250-PIPELINING
250-SIZE 52428800
250-VRFY
250-ETRN
250-STARTTLS
250-AUTH PLAIN LOGIN
250-ENHANCEDSTATUSCODES
250-8BITMIME
250-DSN
250 CHUNKING

from: 250 2.1.0 Ok

to: 250 2.1.5 Ok

to: 250 2.1.5 Ok

data: 354 End data with <CR><LF>.<CR><LF>

550 5.7.1 Mail contain spam content DC6DF140505

quit: 221 2.0.0 Bye

The following SMTP error was encountered: 550 5.7.1 Mail contain spam content DC6DF140505

ERROR - 2025-04-07 22:10:46 --> Email: Unable to send email using SMTP. Your server might not be configured to send mail using this method.
ERROR - 2025-04-07 22:10:46 --> 220 smtp-out.flockmail.com ESMTP Postfix

hello: 250-smtp-out.flockmail.com
250-PIPELINING
250-SIZE 52428800
250-VRFY
250-ETRN
250-STARTTLS
250-AUTH PLAIN LOGIN
250-ENHANCEDSTATUSCODES
250-8BITMIME
250-DSN
250 CHUNKING

from: 250 2.1.0 Ok

to: 250 2.1.5 Ok

to: 250 2.1.5 Ok

data: 354 End data with <CR><LF>.<CR><LF>

550 5.7.1 Mail contain spam content 8B11014045B

quit: 221 2.0.0 Bye

The following SMTP error was encountered: 550 5.7.1 Mail contain spam content 8B11014045B

