CRITICAL - 2024-02-22 07:33:28 --> CodeIgniter\View\Exceptions\ViewException: Invalid file: "form.php"
in SYSTEMPATH\Exceptions\FrameworkException.php on line 39.
 1 SYSTEMPATH\View\View.php(216): CodeIgniter\Exceptions\FrameworkException::forInvalidFile('form.php')
 2 SYSTEMPATH\Common.php(1178): CodeIgniter\View\View->render('form', [], true)
 3 APPPATH\Controllers\Home.php(37): view('form')
 4 SYSTEMPATH\CodeIgniter.php(941): App\Controllers\Home->do_register()
 5 SYSTEMPATH\CodeIgniter.php(502): CodeIgniter\CodeIgniter->runController(Object(App\Controllers\Home))
 6 SYSTEMPATH\CodeIgniter.php(361): CodeIgniter\CodeIgniter->handleRequest(null, Object(Config\Cache), false)
 7 FCPATH\index.php(79): CodeIgniter\CodeIgniter->run()
CRITICAL - 2024-02-22 07:48:15 --> CodeIgniter\Security\Exceptions\SecurityException: The action you requested is not allowed.
in SYSTEMPATH\Security\Security.php on line 300.
 1 SYSTEMPATH\Security\Security.php(300): CodeIgniter\Security\Exceptions\SecurityException::forDisallowedAction()
 2 SYSTEMPATH\Filters\CSRF.php(56): CodeIgniter\Security\Security->verify(Object(CodeIgniter\HTTP\IncomingRequest))
 3 SYSTEMPATH\Filters\Filters.php(182): CodeIgniter\Filters\CSRF->before(Object(CodeIgniter\HTTP\IncomingRequest), null)
 4 SYSTEMPATH\CodeIgniter.php(474): CodeIgniter\Filters\Filters->run('login/home', 'before')
 5 SYSTEMPATH\CodeIgniter.php(361): CodeIgniter\CodeIgniter->handleRequest(null, Object(Config\Cache), false)
 6 FCPATH\index.php(79): CodeIgniter\CodeIgniter->run()
CRITICAL - 2024-02-22 08:03:38 --> CodeIgniter\Security\Exceptions\SecurityException: The action you requested is not allowed.
in SYSTEMPATH\Security\Security.php on line 300.
 1 SYSTEMPATH\Security\Security.php(300): CodeIgniter\Security\Exceptions\SecurityException::forDisallowedAction()
 2 SYSTEMPATH\Filters\CSRF.php(56): CodeIgniter\Security\Security->verify(Object(CodeIgniter\HTTP\IncomingRequest))
 3 SYSTEMPATH\Filters\Filters.php(182): CodeIgniter\Filters\CSRF->before(Object(CodeIgniter\HTTP\IncomingRequest), null)
 4 SYSTEMPATH\CodeIgniter.php(474): CodeIgniter\Filters\Filters->run('login/home', 'before')
 5 SYSTEMPATH\CodeIgniter.php(361): CodeIgniter\CodeIgniter->handleRequest(null, Object(Config\Cache), false)
 6 FCPATH\index.php(79): CodeIgniter\CodeIgniter->run()
CRITICAL - 2024-02-22 08:06:25 --> CodeIgniter\Security\Exceptions\SecurityException: The action you requested is not allowed.
in SYSTEMPATH\Security\Security.php on line 300.
 1 SYSTEMPATH\Security\Security.php(300): CodeIgniter\Security\Exceptions\SecurityException::forDisallowedAction()
 2 SYSTEMPATH\Filters\CSRF.php(56): CodeIgniter\Security\Security->verify(Object(CodeIgniter\HTTP\IncomingRequest))
 3 SYSTEMPATH\Filters\Filters.php(182): CodeIgniter\Filters\CSRF->before(Object(CodeIgniter\HTTP\IncomingRequest), null)
 4 SYSTEMPATH\CodeIgniter.php(474): CodeIgniter\Filters\Filters->run('register/home', 'before')
 5 SYSTEMPATH\CodeIgniter.php(361): CodeIgniter\CodeIgniter->handleRequest(null, Object(Config\Cache), false)
 6 FCPATH\index.php(79): CodeIgniter\CodeIgniter->run()
ERROR - 2024-02-22 14:46:33 --> mysqli_sql_exception: Table 'mainproject.logs' doesn't exist in C:\xampp\htdocs\mainproject\system\Database\MySQLi\Connection.php:306
Stack trace:
#0 C:\xampp\htdocs\mainproject\system\Database\MySQLi\Connection.php(306): mysqli->query('SELECT *\nFROM `...', 0)
#1 C:\xampp\htdocs\mainproject\system\Database\BaseConnection.php(693): CodeIgniter\Database\MySQLi\Connection->execute('SELECT *\nFROM `...')
#2 C:\xampp\htdocs\mainproject\system\Database\BaseConnection.php(607): CodeIgniter\Database\BaseConnection->simpleQuery('SELECT *\nFROM `...')
#3 C:\xampp\htdocs\mainproject\system\Database\BaseBuilder.php(1616): CodeIgniter\Database\BaseConnection->query('SELECT *\nFROM `...', Array, false)
#4 C:\xampp\htdocs\mainproject\system\Model.php(242): CodeIgniter\Database\BaseBuilder->get()
#5 C:\xampp\htdocs\mainproject\system\BaseModel.php(638): CodeIgniter\Model->doFindAll(0, 0)
#6 C:\xampp\htdocs\mainproject\app\Controllers\Home.php(354): CodeIgniter\BaseModel->findAll()
#7 C:\xampp\htdocs\mainproject\system\CodeIgniter.php(941): App\Controllers\Home->userAllRecord()
#8 C:\xampp\htdocs\mainproject\system\CodeIgniter.php(502): CodeIgniter\CodeIgniter->runController(Object(App\Controllers\Home))
#9 C:\xampp\htdocs\mainproject\system\CodeIgniter.php(361): CodeIgniter\CodeIgniter->handleRequest(NULL, Object(Config\Cache), false)
#10 C:\xampp\htdocs\mainproject\index.php(79): CodeIgniter\CodeIgniter->run()
#11 {main}
CRITICAL - 2024-02-22 14:46:33 --> CodeIgniter\Database\Exceptions\DatabaseException: Table 'mainproject.logs' doesn't exist
in SYSTEMPATH\Database\BaseConnection.php on line 647.
 1 SYSTEMPATH\Database\BaseBuilder.php(1616): CodeIgniter\Database\BaseConnection->query('SELECT *
FROM `logs`', [], false)
 2 SYSTEMPATH\Model.php(242): CodeIgniter\Database\BaseBuilder->get()
 3 SYSTEMPATH\BaseModel.php(638): CodeIgniter\Model->doFindAll(0, 0)
 4 APPPATH\Controllers\Home.php(354): CodeIgniter\BaseModel->findAll()
 5 SYSTEMPATH\CodeIgniter.php(941): App\Controllers\Home->userAllRecord()
 6 SYSTEMPATH\CodeIgniter.php(502): CodeIgniter\CodeIgniter->runController(Object(App\Controllers\Home))
 7 SYSTEMPATH\CodeIgniter.php(361): CodeIgniter\CodeIgniter->handleRequest(null, Object(Config\Cache), false)
 8 FCPATH\index.php(79): CodeIgniter\CodeIgniter->run()
CRITICAL - 2024-02-22 14:46:33 --> [Caused by] CodeIgniter\Database\Exceptions\DatabaseException: Table 'mainproject.logs' doesn't exist
in SYSTEMPATH\Database\MySQLi\Connection.php on line 311.
 1 SYSTEMPATH\Database\BaseConnection.php(693): CodeIgniter\Database\MySQLi\Connection->execute('SELECT *
FROM `logs`')
 2 SYSTEMPATH\Database\BaseConnection.php(607): CodeIgniter\Database\BaseConnection->simpleQuery('SELECT *
FROM `logs`')
 3 SYSTEMPATH\Database\BaseBuilder.php(1616): CodeIgniter\Database\BaseConnection->query('SELECT *
FROM `logs`', [], false)
 4 SYSTEMPATH\Model.php(242): CodeIgniter\Database\BaseBuilder->get()
 5 SYSTEMPATH\BaseModel.php(638): CodeIgniter\Model->doFindAll(0, 0)
 6 APPPATH\Controllers\Home.php(354): CodeIgniter\BaseModel->findAll()
 7 SYSTEMPATH\CodeIgniter.php(941): App\Controllers\Home->userAllRecord()
 8 SYSTEMPATH\CodeIgniter.php(502): CodeIgniter\CodeIgniter->runController(Object(App\Controllers\Home))
 9 SYSTEMPATH\CodeIgniter.php(361): CodeIgniter\CodeIgniter->handleRequest(null, Object(Config\Cache), false)
10 FCPATH\index.php(79): CodeIgniter\CodeIgniter->run()
CRITICAL - 2024-02-22 14:46:33 --> [Caused by] mysqli_sql_exception: Table 'mainproject.logs' doesn't exist
in SYSTEMPATH\Database\MySQLi\Connection.php on line 306.
 1 SYSTEMPATH\Database\MySQLi\Connection.php(306): mysqli->query('SELECT *
FROM `logs`', 0)
 2 SYSTEMPATH\Database\BaseConnection.php(693): CodeIgniter\Database\MySQLi\Connection->execute('SELECT *
FROM `logs`')
 3 SYSTEMPATH\Database\BaseConnection.php(607): CodeIgniter\Database\BaseConnection->simpleQuery('SELECT *
FROM `logs`')
 4 SYSTEMPATH\Database\BaseBuilder.php(1616): CodeIgniter\Database\BaseConnection->query('SELECT *
FROM `logs`', [], false)
 5 SYSTEMPATH\Model.php(242): CodeIgniter\Database\BaseBuilder->get()
 6 SYSTEMPATH\BaseModel.php(638): CodeIgniter\Model->doFindAll(0, 0)
 7 APPPATH\Controllers\Home.php(354): CodeIgniter\BaseModel->findAll()
 8 SYSTEMPATH\CodeIgniter.php(941): App\Controllers\Home->userAllRecord()
 9 SYSTEMPATH\CodeIgniter.php(502): CodeIgniter\CodeIgniter->runController(Object(App\Controllers\Home))
10 SYSTEMPATH\CodeIgniter.php(361): CodeIgniter\CodeIgniter->handleRequest(null, Object(Config\Cache), false)
11 FCPATH\index.php(79): CodeIgniter\CodeIgniter->run()
ERROR - 2024-02-22 14:53:44 --> mysqli_sql_exception: Column 'name' cannot be null in C:\xampp\htdocs\mainproject\system\Database\MySQLi\Connection.php:306
Stack trace:
#0 C:\xampp\htdocs\mainproject\system\Database\MySQLi\Connection.php(306): mysqli->query('INSERT INTO `lo...', 0)
#1 C:\xampp\htdocs\mainproject\system\Database\BaseConnection.php(693): CodeIgniter\Database\MySQLi\Connection->execute('INSERT INTO `lo...')
#2 C:\xampp\htdocs\mainproject\system\Database\BaseConnection.php(607): CodeIgniter\Database\BaseConnection->simpleQuery('INSERT INTO `lo...')
#3 C:\xampp\htdocs\mainproject\system\Database\BaseBuilder.php(2307): CodeIgniter\Database\BaseConnection->query('INSERT INTO `lo...', Array, false)
#4 C:\xampp\htdocs\mainproject\system\Model.php(326): CodeIgniter\Database\BaseBuilder->insert()
#5 C:\xampp\htdocs\mainproject\system\BaseModel.php(802): CodeIgniter\Model->doInsert(Array)
#6 C:\xampp\htdocs\mainproject\system\Model.php(744): CodeIgniter\BaseModel->insert(Array, false)
#7 C:\xampp\htdocs\mainproject\system\BaseModel.php(713): CodeIgniter\Model->insert(Array, false)
#8 C:\xampp\htdocs\mainproject\app\Controllers\Home.php(180): CodeIgniter\BaseModel->save(Array)
#9 C:\xampp\htdocs\mainproject\system\CodeIgniter.php(941): App\Controllers\Home->logout()
#10 C:\xampp\htdocs\mainproject\system\CodeIgniter.php(502): CodeIgniter\CodeIgniter->runController(Object(App\Controllers\Home))
#11 C:\xampp\htdocs\mainproject\system\CodeIgniter.php(361): CodeIgniter\CodeIgniter->handleRequest(NULL, Object(Config\Cache), false)
#12 C:\xampp\htdocs\mainproject\index.php(79): CodeIgniter\CodeIgniter->run()
#13 {main}
CRITICAL - 2024-02-22 14:53:44 --> CodeIgniter\Database\Exceptions\DatabaseException: Column 'name' cannot be null
in SYSTEMPATH\Database\BaseConnection.php on line 647.
 1 SYSTEMPATH\Database\BaseBuilder.php(2307): CodeIgniter\Database\BaseConnection->query('INSERT INTO `logs` (`name`, `email`, `status`, `data_time`, `IP`, `browser`, `os`) VALUES (:name:, :email:, :status:, :data_time:, :IP:, :browser:, :os:)', [...], false)
 2 SYSTEMPATH\Model.php(326): CodeIgniter\Database\BaseBuilder->insert()
 3 SYSTEMPATH\BaseModel.php(802): CodeIgniter\Model->doInsert([...])
 4 SYSTEMPATH\Model.php(744): CodeIgniter\BaseModel->insert([...], false)
 5 SYSTEMPATH\BaseModel.php(713): CodeIgniter\Model->insert([...], false)
 6 APPPATH\Controllers\Home.php(180): CodeIgniter\BaseModel->save([...])
 7 SYSTEMPATH\CodeIgniter.php(941): App\Controllers\Home->logout()
 8 SYSTEMPATH\CodeIgniter.php(502): CodeIgniter\CodeIgniter->runController(Object(App\Controllers\Home))
 9 SYSTEMPATH\CodeIgniter.php(361): CodeIgniter\CodeIgniter->handleRequest(null, Object(Config\Cache), false)
10 FCPATH\index.php(79): CodeIgniter\CodeIgniter->run()
CRITICAL - 2024-02-22 14:53:44 --> [Caused by] CodeIgniter\Database\Exceptions\DatabaseException: Column 'name' cannot be null
in SYSTEMPATH\Database\MySQLi\Connection.php on line 311.
 1 SYSTEMPATH\Database\BaseConnection.php(693): CodeIgniter\Database\MySQLi\Connection->execute('INSERT INTO `logs` (`name`, `email`, `status`, `data_time`, `IP`, `browser`, `os`) VALUES (NULL, NULL, \'logout\', \'2024-02-22 14:53:44\', \'192.168.1.4\', \'Mozilla/5.0 (Windows NT 10.0; Win64; x64) AppleWebKit/537.36 (KHTML, like Gecko) Chrome/121.0.0.0 Safari/537.36\', \'Windows 10\')')
 2 SYSTEMPATH\Database\BaseConnection.php(607): CodeIgniter\Database\BaseConnection->simpleQuery('INSERT INTO `logs` (`name`, `email`, `status`, `data_time`, `IP`, `browser`, `os`) VALUES (NULL, NULL, \'logout\', \'2024-02-22 14:53:44\', \'192.168.1.4\', \'Mozilla/5.0 (Windows NT 10.0; Win64; x64) AppleWebKit/537.36 (KHTML, like Gecko) Chrome/121.0.0.0 Safari/537.36\', \'Windows 10\')')
 3 SYSTEMPATH\Database\BaseBuilder.php(2307): CodeIgniter\Database\BaseConnection->query('INSERT INTO `logs` (`name`, `email`, `status`, `data_time`, `IP`, `browser`, `os`) VALUES (:name:, :email:, :status:, :data_time:, :IP:, :browser:, :os:)', [...], false)
 4 SYSTEMPATH\Model.php(326): CodeIgniter\Database\BaseBuilder->insert()
 5 SYSTEMPATH\BaseModel.php(802): CodeIgniter\Model->doInsert([...])
 6 SYSTEMPATH\Model.php(744): CodeIgniter\BaseModel->insert([...], false)
 7 SYSTEMPATH\BaseModel.php(713): CodeIgniter\Model->insert([...], false)
 8 APPPATH\Controllers\Home.php(180): CodeIgniter\BaseModel->save([...])
 9 SYSTEMPATH\CodeIgniter.php(941): App\Controllers\Home->logout()
10 SYSTEMPATH\CodeIgniter.php(502): CodeIgniter\CodeIgniter->runController(Object(App\Controllers\Home))
11 SYSTEMPATH\CodeIgniter.php(361): CodeIgniter\CodeIgniter->handleRequest(null, Object(Config\Cache), false)
12 FCPATH\index.php(79): CodeIgniter\CodeIgniter->run()
CRITICAL - 2024-02-22 14:53:44 --> [Caused by] mysqli_sql_exception: Column 'name' cannot be null
in SYSTEMPATH\Database\MySQLi\Connection.php on line 306.
 1 SYSTEMPATH\Database\MySQLi\Connection.php(306): mysqli->query('INSERT INTO `logs` (`name`, `email`, `status`, `data_time`, `IP`, `browser`, `os`) VALUES (NULL, NULL, \'logout\', \'2024-02-22 14:53:44\', \'192.168.1.4\', \'Mozilla/5.0 (Windows NT 10.0; Win64; x64) AppleWebKit/537.36 (KHTML, like Gecko) Chrome/121.0.0.0 Safari/537.36\', \'Windows 10\')', 0)
 2 SYSTEMPATH\Database\BaseConnection.php(693): CodeIgniter\Database\MySQLi\Connection->execute('INSERT INTO `logs` (`name`, `email`, `status`, `data_time`, `IP`, `browser`, `os`) VALUES (NULL, NULL, \'logout\', \'2024-02-22 14:53:44\', \'192.168.1.4\', \'Mozilla/5.0 (Windows NT 10.0; Win64; x64) AppleWebKit/537.36 (KHTML, like Gecko) Chrome/121.0.0.0 Safari/537.36\', \'Windows 10\')')
 3 SYSTEMPATH\Database\BaseConnection.php(607): CodeIgniter\Database\BaseConnection->simpleQuery('INSERT INTO `logs` (`name`, `email`, `status`, `data_time`, `IP`, `browser`, `os`) VALUES (NULL, NULL, \'logout\', \'2024-02-22 14:53:44\', \'192.168.1.4\', \'Mozilla/5.0 (Windows NT 10.0; Win64; x64) AppleWebKit/537.36 (KHTML, like Gecko) Chrome/121.0.0.0 Safari/537.36\', \'Windows 10\')')
 4 SYSTEMPATH\Database\BaseBuilder.php(2307): CodeIgniter\Database\BaseConnection->query('INSERT INTO `logs` (`name`, `email`, `status`, `data_time`, `IP`, `browser`, `os`) VALUES (:name:, :email:, :status:, :data_time:, :IP:, :browser:, :os:)', [...], false)
 5 SYSTEMPATH\Model.php(326): CodeIgniter\Database\BaseBuilder->insert()
 6 SYSTEMPATH\BaseModel.php(802): CodeIgniter\Model->doInsert([...])
 7 SYSTEMPATH\Model.php(744): CodeIgniter\BaseModel->insert([...], false)
 8 SYSTEMPATH\BaseModel.php(713): CodeIgniter\Model->insert([...], false)
 9 APPPATH\Controllers\Home.php(180): CodeIgniter\BaseModel->save([...])
10 SYSTEMPATH\CodeIgniter.php(941): App\Controllers\Home->logout()
11 SYSTEMPATH\CodeIgniter.php(502): CodeIgniter\CodeIgniter->runController(Object(App\Controllers\Home))
12 SYSTEMPATH\CodeIgniter.php(361): CodeIgniter\CodeIgniter->handleRequest(null, Object(Config\Cache), false)
13 FCPATH\index.php(79): CodeIgniter\CodeIgniter->run()
CRITICAL - 2024-02-22 15:11:27 --> CodeIgniter\Security\Exceptions\SecurityException: The action you requested is not allowed.
in SYSTEMPATH\Security\Security.php on line 300.
 1 SYSTEMPATH\Security\Security.php(300): CodeIgniter\Security\Exceptions\SecurityException::forDisallowedAction()
 2 SYSTEMPATH\Filters\CSRF.php(56): CodeIgniter\Security\Security->verify(Object(CodeIgniter\HTTP\IncomingRequest))
 3 SYSTEMPATH\Filters\Filters.php(184): CodeIgniter\Filters\CSRF->before(Object(CodeIgniter\HTTP\IncomingRequest), null)
 4 SYSTEMPATH\CodeIgniter.php(474): CodeIgniter\Filters\Filters->run('Home/update11', 'before')
 5 SYSTEMPATH\CodeIgniter.php(361): CodeIgniter\CodeIgniter->handleRequest(null, Object(Config\Cache), false)
 6 FCPATH\index.php(79): CodeIgniter\CodeIgniter->run()
CRITICAL - 2024-02-22 15:13:56 --> CodeIgniter\Security\Exceptions\SecurityException: The action you requested is not allowed.
in SYSTEMPATH\Security\Security.php on line 300.
 1 SYSTEMPATH\Security\Security.php(300): CodeIgniter\Security\Exceptions\SecurityException::forDisallowedAction()
 2 SYSTEMPATH\Filters\CSRF.php(56): CodeIgniter\Security\Security->verify(Object(CodeIgniter\HTTP\IncomingRequest))
 3 SYSTEMPATH\Filters\Filters.php(184): CodeIgniter\Filters\CSRF->before(Object(CodeIgniter\HTTP\IncomingRequest), null)
 4 SYSTEMPATH\CodeIgniter.php(474): CodeIgniter\Filters\Filters->run('Home/update11', 'before')
 5 SYSTEMPATH\CodeIgniter.php(361): CodeIgniter\CodeIgniter->handleRequest(null, Object(Config\Cache), false)
 6 FCPATH\index.php(79): CodeIgniter\CodeIgniter->run()
CRITICAL - 2024-02-22 15:14:16 --> CodeIgniter\Security\Exceptions\SecurityException: The action you requested is not allowed.
in SYSTEMPATH\Security\Security.php on line 300.
 1 SYSTEMPATH\Security\Security.php(300): CodeIgniter\Security\Exceptions\SecurityException::forDisallowedAction()
 2 SYSTEMPATH\Filters\CSRF.php(56): CodeIgniter\Security\Security->verify(Object(CodeIgniter\HTTP\IncomingRequest))
 3 SYSTEMPATH\Filters\Filters.php(184): CodeIgniter\Filters\CSRF->before(Object(CodeIgniter\HTTP\IncomingRequest), null)
 4 SYSTEMPATH\CodeIgniter.php(474): CodeIgniter\Filters\Filters->run('Home/update11', 'before')
 5 SYSTEMPATH\CodeIgniter.php(361): CodeIgniter\CodeIgniter->handleRequest(null, Object(Config\Cache), false)
 6 FCPATH\index.php(79): CodeIgniter\CodeIgniter->run()
CRITICAL - 2024-02-22 15:58:29 --> ErrorException: Undefined variable $file
in APPPATH\Controllers\Home.php on line 196.
 1 APPPATH\Controllers\Home.php(196): CodeIgniter\Debug\Exceptions->errorHandler(2, 'Undefined variable $file', 'C:\\xampp\\htdocs\\mainproject\\app\\Controllers\\Home.php', 196)
 2 SYSTEMPATH\CodeIgniter.php(941): App\Controllers\Home->do_order()
 3 SYSTEMPATH\CodeIgniter.php(502): CodeIgniter\CodeIgniter->runController(Object(App\Controllers\Home))
 4 SYSTEMPATH\CodeIgniter.php(361): CodeIgniter\CodeIgniter->handleRequest(null, Object(Config\Cache), false)
 5 FCPATH\index.php(79): CodeIgniter\CodeIgniter->run()
CRITICAL - 2024-02-22 15:59:40 --> ErrorException: Undefined variable $file
in APPPATH\Controllers\Home.php on line 196.
 1 APPPATH\Controllers\Home.php(196): CodeIgniter\Debug\Exceptions->errorHandler(2, 'Undefined variable $file', 'C:\\xampp\\htdocs\\mainproject\\app\\Controllers\\Home.php', 196)
 2 SYSTEMPATH\CodeIgniter.php(941): App\Controllers\Home->do_order()
 3 SYSTEMPATH\CodeIgniter.php(502): CodeIgniter\CodeIgniter->runController(Object(App\Controllers\Home))
 4 SYSTEMPATH\CodeIgniter.php(361): CodeIgniter\CodeIgniter->handleRequest(null, Object(Config\Cache), false)
 5 FCPATH\index.php(79): CodeIgniter\CodeIgniter->run()
CRITICAL - 2024-02-22 16:11:43 --> ErrorException: Undefined variable $imgName
in APPPATH\Controllers\Home.php on line 226.
 1 APPPATH\Controllers\Home.php(226): CodeIgniter\Debug\Exceptions->errorHandler(2, 'Undefined variable $imgName', 'C:\\xampp\\htdocs\\mainproject\\app\\Controllers\\Home.php', 226)
 2 SYSTEMPATH\CodeIgniter.php(941): App\Controllers\Home->do_order()
 3 SYSTEMPATH\CodeIgniter.php(502): CodeIgniter\CodeIgniter->runController(Object(App\Controllers\Home))
 4 SYSTEMPATH\CodeIgniter.php(361): CodeIgniter\CodeIgniter->handleRequest(null, Object(Config\Cache), false)
 5 FCPATH\index.php(79): CodeIgniter\CodeIgniter->run()
CRITICAL - 2024-02-22 17:00:14 --> ErrorException: Undefined variable $file
in APPPATH\Controllers\Home.php on line 194.
 1 APPPATH\Controllers\Home.php(194): CodeIgniter\Debug\Exceptions->errorHandler(2, 'Undefined variable $file', 'C:\\xampp\\htdocs\\mainproject\\app\\Controllers\\Home.php', 194)
 2 SYSTEMPATH\CodeIgniter.php(941): App\Controllers\Home->do_order()
 3 SYSTEMPATH\CodeIgniter.php(502): CodeIgniter\CodeIgniter->runController(Object(App\Controllers\Home))
 4 SYSTEMPATH\CodeIgniter.php(361): CodeIgniter\CodeIgniter->handleRequest(null, Object(Config\Cache), false)
 5 FCPATH\index.php(79): CodeIgniter\CodeIgniter->run()
CRITICAL - 2024-02-22 17:00:44 --> ErrorException: Undefined variable $file
in APPPATH\Controllers\Home.php on line 194.
 1 APPPATH\Controllers\Home.php(194): CodeIgniter\Debug\Exceptions->errorHandler(2, 'Undefined variable $file', 'C:\\xampp\\htdocs\\mainproject\\app\\Controllers\\Home.php', 194)
 2 SYSTEMPATH\CodeIgniter.php(941): App\Controllers\Home->do_order()
 3 SYSTEMPATH\CodeIgniter.php(502): CodeIgniter\CodeIgniter->runController(Object(App\Controllers\Home))
 4 SYSTEMPATH\CodeIgniter.php(361): CodeIgniter\CodeIgniter->handleRequest(null, Object(Config\Cache), false)
 5 FCPATH\index.php(79): CodeIgniter\CodeIgniter->run()
ERROR - 2024-02-22 18:37:38 --> mysqli_sql_exception: Column 'add-img' cannot be null in C:\xampp\htdocs\mainproject\system\Database\MySQLi\Connection.php:306
Stack trace:
#0 C:\xampp\htdocs\mainproject\system\Database\MySQLi\Connection.php(306): mysqli->query('INSERT INTO `ya...', 0)
#1 C:\xampp\htdocs\mainproject\system\Database\BaseConnection.php(693): CodeIgniter\Database\MySQLi\Connection->execute('INSERT INTO `ya...')
#2 C:\xampp\htdocs\mainproject\system\Database\BaseConnection.php(607): CodeIgniter\Database\BaseConnection->simpleQuery('INSERT INTO `ya...')
#3 C:\xampp\htdocs\mainproject\system\Database\BaseBuilder.php(2307): CodeIgniter\Database\BaseConnection->query('INSERT INTO `ya...', Array, false)
#4 C:\xampp\htdocs\mainproject\system\Model.php(326): CodeIgniter\Database\BaseBuilder->insert()
#5 C:\xampp\htdocs\mainproject\system\BaseModel.php(802): CodeIgniter\Model->doInsert(Array)
#6 C:\xampp\htdocs\mainproject\system\Model.php(744): CodeIgniter\BaseModel->insert(Array, true)
#7 C:\xampp\htdocs\mainproject\app\Controllers\Home.php(222): CodeIgniter\Model->insert(Array)
#8 C:\xampp\htdocs\mainproject\system\CodeIgniter.php(941): App\Controllers\Home->do_order()
#9 C:\xampp\htdocs\mainproject\system\CodeIgniter.php(502): CodeIgniter\CodeIgniter->runController(Object(App\Controllers\Home))
#10 C:\xampp\htdocs\mainproject\system\CodeIgniter.php(361): CodeIgniter\CodeIgniter->handleRequest(NULL, Object(Config\Cache), false)
#11 C:\xampp\htdocs\mainproject\index.php(79): CodeIgniter\CodeIgniter->run()
#12 {main}
CRITICAL - 2024-02-22 18:37:38 --> CodeIgniter\Database\Exceptions\DatabaseException: Column 'add-img' cannot be null
in SYSTEMPATH\Database\BaseConnection.php on line 647.
 1 SYSTEMPATH\Database\BaseBuilder.php(2307): CodeIgniter\Database\BaseConnection->query('INSERT INTO `yacht` (`build_name`, `yacht_length`, `size`, `yacht_type`, `engine`, `max_speed`, `builder`, `year_of_build`, `guest`, `cabin`, `price`, `thumb-img`, `add-img`) VALUES (:build_name:, :yacht_length:, :size:, :yacht_type:, :engine:, :max_speed:, :builder:, :year_of_build:, :guest:, :cabin:, :price:, :thumb-img:, :add-img:)', [...], false)
 2 SYSTEMPATH\Model.php(326): CodeIgniter\Database\BaseBuilder->insert()
 3 SYSTEMPATH\BaseModel.php(802): CodeIgniter\Model->doInsert([...])
 4 SYSTEMPATH\Model.php(744): CodeIgniter\BaseModel->insert([...], true)
 5 APPPATH\Controllers\Home.php(222): CodeIgniter\Model->insert([...])
 6 SYSTEMPATH\CodeIgniter.php(941): App\Controllers\Home->do_order()
 7 SYSTEMPATH\CodeIgniter.php(502): CodeIgniter\CodeIgniter->runController(Object(App\Controllers\Home))
 8 SYSTEMPATH\CodeIgniter.php(361): CodeIgniter\CodeIgniter->handleRequest(null, Object(Config\Cache), false)
 9 FCPATH\index.php(79): CodeIgniter\CodeIgniter->run()
CRITICAL - 2024-02-22 18:37:38 --> [Caused by] CodeIgniter\Database\Exceptions\DatabaseException: Column 'add-img' cannot be null
in SYSTEMPATH\Database\MySQLi\Connection.php on line 311.
 1 SYSTEMPATH\Database\BaseConnection.php(693): CodeIgniter\Database\MySQLi\Connection->execute('INSERT INTO `yacht` (`build_name`, `yacht_length`, `size`, `yacht_type`, `engine`, `max_speed`, `builder`, `year_of_build`, `guest`, `cabin`, `price`, `thumb-img`, `add-img`) VALUES (\'img2\', \'15\', \'45m\', \'xyz\', \'160cc\', \'6\', \'7\', \'8\', \'9\', \'10\', \'11\', \'dds2.jpg\', NULL)')
 2 SYSTEMPATH\Database\BaseConnection.php(607): CodeIgniter\Database\BaseConnection->simpleQuery('INSERT INTO `yacht` (`build_name`, `yacht_length`, `size`, `yacht_type`, `engine`, `max_speed`, `builder`, `year_of_build`, `guest`, `cabin`, `price`, `thumb-img`, `add-img`) VALUES (\'img2\', \'15\', \'45m\', \'xyz\', \'160cc\', \'6\', \'7\', \'8\', \'9\', \'10\', \'11\', \'dds2.jpg\', NULL)')
 3 SYSTEMPATH\Database\BaseBuilder.php(2307): CodeIgniter\Database\BaseConnection->query('INSERT INTO `yacht` (`build_name`, `yacht_length`, `size`, `yacht_type`, `engine`, `max_speed`, `builder`, `year_of_build`, `guest`, `cabin`, `price`, `thumb-img`, `add-img`) VALUES (:build_name:, :yacht_length:, :size:, :yacht_type:, :engine:, :max_speed:, :builder:, :year_of_build:, :guest:, :cabin:, :price:, :thumb-img:, :add-img:)', [...], false)
 4 SYSTEMPATH\Model.php(326): CodeIgniter\Database\BaseBuilder->insert()
 5 SYSTEMPATH\BaseModel.php(802): CodeIgniter\Model->doInsert([...])
 6 SYSTEMPATH\Model.php(744): CodeIgniter\BaseModel->insert([...], true)
 7 APPPATH\Controllers\Home.php(222): CodeIgniter\Model->insert([...])
 8 SYSTEMPATH\CodeIgniter.php(941): App\Controllers\Home->do_order()
 9 SYSTEMPATH\CodeIgniter.php(502): CodeIgniter\CodeIgniter->runController(Object(App\Controllers\Home))
10 SYSTEMPATH\CodeIgniter.php(361): CodeIgniter\CodeIgniter->handleRequest(null, Object(Config\Cache), false)
11 FCPATH\index.php(79): CodeIgniter\CodeIgniter->run()
CRITICAL - 2024-02-22 18:37:38 --> [Caused by] mysqli_sql_exception: Column 'add-img' cannot be null
in SYSTEMPATH\Database\MySQLi\Connection.php on line 306.
 1 SYSTEMPATH\Database\MySQLi\Connection.php(306): mysqli->query('INSERT INTO `yacht` (`build_name`, `yacht_length`, `size`, `yacht_type`, `engine`, `max_speed`, `builder`, `year_of_build`, `guest`, `cabin`, `price`, `thumb-img`, `add-img`) VALUES (\'img2\', \'15\', \'45m\', \'xyz\', \'160cc\', \'6\', \'7\', \'8\', \'9\', \'10\', \'11\', \'dds2.jpg\', NULL)', 0)
 2 SYSTEMPATH\Database\BaseConnection.php(693): CodeIgniter\Database\MySQLi\Connection->execute('INSERT INTO `yacht` (`build_name`, `yacht_length`, `size`, `yacht_type`, `engine`, `max_speed`, `builder`, `year_of_build`, `guest`, `cabin`, `price`, `thumb-img`, `add-img`) VALUES (\'img2\', \'15\', \'45m\', \'xyz\', \'160cc\', \'6\', \'7\', \'8\', \'9\', \'10\', \'11\', \'dds2.jpg\', NULL)')
 3 SYSTEMPATH\Database\BaseConnection.php(607): CodeIgniter\Database\BaseConnection->simpleQuery('INSERT INTO `yacht` (`build_name`, `yacht_length`, `size`, `yacht_type`, `engine`, `max_speed`, `builder`, `year_of_build`, `guest`, `cabin`, `price`, `thumb-img`, `add-img`) VALUES (\'img2\', \'15\', \'45m\', \'xyz\', \'160cc\', \'6\', \'7\', \'8\', \'9\', \'10\', \'11\', \'dds2.jpg\', NULL)')
 4 SYSTEMPATH\Database\BaseBuilder.php(2307): CodeIgniter\Database\BaseConnection->query('INSERT INTO `yacht` (`build_name`, `yacht_length`, `size`, `yacht_type`, `engine`, `max_speed`, `builder`, `year_of_build`, `guest`, `cabin`, `price`, `thumb-img`, `add-img`) VALUES (:build_name:, :yacht_length:, :size:, :yacht_type:, :engine:, :max_speed:, :builder:, :year_of_build:, :guest:, :cabin:, :price:, :thumb-img:, :add-img:)', [...], false)
 5 SYSTEMPATH\Model.php(326): CodeIgniter\Database\BaseBuilder->insert()
 6 SYSTEMPATH\BaseModel.php(802): CodeIgniter\Model->doInsert([...])
 7 SYSTEMPATH\Model.php(744): CodeIgniter\BaseModel->insert([...], true)
 8 APPPATH\Controllers\Home.php(222): CodeIgniter\Model->insert([...])
 9 SYSTEMPATH\CodeIgniter.php(941): App\Controllers\Home->do_order()
10 SYSTEMPATH\CodeIgniter.php(502): CodeIgniter\CodeIgniter->runController(Object(App\Controllers\Home))
11 SYSTEMPATH\CodeIgniter.php(361): CodeIgniter\CodeIgniter->handleRequest(null, Object(Config\Cache), false)
12 FCPATH\index.php(79): CodeIgniter\CodeIgniter->run()
ERROR - 2024-02-22 18:46:55 --> mysqli_sql_exception: Column 'add-img' cannot be null in C:\xampp\htdocs\mainproject\system\Database\MySQLi\Connection.php:306
Stack trace:
#0 C:\xampp\htdocs\mainproject\system\Database\MySQLi\Connection.php(306): mysqli->query('INSERT INTO `ya...', 0)
#1 C:\xampp\htdocs\mainproject\system\Database\BaseConnection.php(693): CodeIgniter\Database\MySQLi\Connection->execute('INSERT INTO `ya...')
#2 C:\xampp\htdocs\mainproject\system\Database\BaseConnection.php(607): CodeIgniter\Database\BaseConnection->simpleQuery('INSERT INTO `ya...')
#3 C:\xampp\htdocs\mainproject\system\Database\BaseBuilder.php(2307): CodeIgniter\Database\BaseConnection->query('INSERT INTO `ya...', Array, false)
#4 C:\xampp\htdocs\mainproject\system\Model.php(326): CodeIgniter\Database\BaseBuilder->insert()
#5 C:\xampp\htdocs\mainproject\system\BaseModel.php(802): CodeIgniter\Model->doInsert(Array)
#6 C:\xampp\htdocs\mainproject\system\Model.php(744): CodeIgniter\BaseModel->insert(Array, true)
#7 C:\xampp\htdocs\mainproject\app\Controllers\Home.php(222): CodeIgniter\Model->insert(Array)
#8 C:\xampp\htdocs\mainproject\system\CodeIgniter.php(941): App\Controllers\Home->do_order()
#9 C:\xampp\htdocs\mainproject\system\CodeIgniter.php(502): CodeIgniter\CodeIgniter->runController(Object(App\Controllers\Home))
#10 C:\xampp\htdocs\mainproject\system\CodeIgniter.php(361): CodeIgniter\CodeIgniter->handleRequest(NULL, Object(Config\Cache), false)
#11 C:\xampp\htdocs\mainproject\index.php(79): CodeIgniter\CodeIgniter->run()
#12 {main}
CRITICAL - 2024-02-22 18:46:55 --> CodeIgniter\Database\Exceptions\DatabaseException: Column 'add-img' cannot be null
in SYSTEMPATH\Database\BaseConnection.php on line 647.
 1 SYSTEMPATH\Database\BaseBuilder.php(2307): CodeIgniter\Database\BaseConnection->query('INSERT INTO `yacht` (`build_name`, `yacht_length`, `size`, `yacht_type`, `engine`, `max_speed`, `builder`, `year_of_build`, `guest`, `cabin`, `price`, `thumb-img`, `add-img`) VALUES (:build_name:, :yacht_length:, :size:, :yacht_type:, :engine:, :max_speed:, :builder:, :year_of_build:, :guest:, :cabin:, :price:, :thumb-img:, :add-img:)', [...], false)
 2 SYSTEMPATH\Model.php(326): CodeIgniter\Database\BaseBuilder->insert()
 3 SYSTEMPATH\BaseModel.php(802): CodeIgniter\Model->doInsert([...])
 4 SYSTEMPATH\Model.php(744): CodeIgniter\BaseModel->insert([...], true)
 5 APPPATH\Controllers\Home.php(222): CodeIgniter\Model->insert([...])
 6 SYSTEMPATH\CodeIgniter.php(941): App\Controllers\Home->do_order()
 7 SYSTEMPATH\CodeIgniter.php(502): CodeIgniter\CodeIgniter->runController(Object(App\Controllers\Home))
 8 SYSTEMPATH\CodeIgniter.php(361): CodeIgniter\CodeIgniter->handleRequest(null, Object(Config\Cache), false)
 9 FCPATH\index.php(79): CodeIgniter\CodeIgniter->run()
CRITICAL - 2024-02-22 18:46:55 --> [Caused by] CodeIgniter\Database\Exceptions\DatabaseException: Column 'add-img' cannot be null
in SYSTEMPATH\Database\MySQLi\Connection.php on line 311.
 1 SYSTEMPATH\Database\BaseConnection.php(693): CodeIgniter\Database\MySQLi\Connection->execute('INSERT INTO `yacht` (`build_name`, `yacht_length`, `size`, `yacht_type`, `engine`, `max_speed`, `builder`, `year_of_build`, `guest`, `cabin`, `price`, `thumb-img`, `add-img`) VALUES (\'thum-img1\', \'2\', \'3\', \'4\', \'5\', \'6\', \'7\', \'8\', \'9\', \'10\', \'11\', \'wall.jpg\', NULL)')
 2 SYSTEMPATH\Database\BaseConnection.php(607): CodeIgniter\Database\BaseConnection->simpleQuery('INSERT INTO `yacht` (`build_name`, `yacht_length`, `size`, `yacht_type`, `engine`, `max_speed`, `builder`, `year_of_build`, `guest`, `cabin`, `price`, `thumb-img`, `add-img`) VALUES (\'thum-img1\', \'2\', \'3\', \'4\', \'5\', \'6\', \'7\', \'8\', \'9\', \'10\', \'11\', \'wall.jpg\', NULL)')
 3 SYSTEMPATH\Database\BaseBuilder.php(2307): CodeIgniter\Database\BaseConnection->query('INSERT INTO `yacht` (`build_name`, `yacht_length`, `size`, `yacht_type`, `engine`, `max_speed`, `builder`, `year_of_build`, `guest`, `cabin`, `price`, `thumb-img`, `add-img`) VALUES (:build_name:, :yacht_length:, :size:, :yacht_type:, :engine:, :max_speed:, :builder:, :year_of_build:, :guest:, :cabin:, :price:, :thumb-img:, :add-img:)', [...], false)
 4 SYSTEMPATH\Model.php(326): CodeIgniter\Database\BaseBuilder->insert()
 5 SYSTEMPATH\BaseModel.php(802): CodeIgniter\Model->doInsert([...])
 6 SYSTEMPATH\Model.php(744): CodeIgniter\BaseModel->insert([...], true)
 7 APPPATH\Controllers\Home.php(222): CodeIgniter\Model->insert([...])
 8 SYSTEMPATH\CodeIgniter.php(941): App\Controllers\Home->do_order()
 9 SYSTEMPATH\CodeIgniter.php(502): CodeIgniter\CodeIgniter->runController(Object(App\Controllers\Home))
10 SYSTEMPATH\CodeIgniter.php(361): CodeIgniter\CodeIgniter->handleRequest(null, Object(Config\Cache), false)
11 FCPATH\index.php(79): CodeIgniter\CodeIgniter->run()
CRITICAL - 2024-02-22 18:46:55 --> [Caused by] mysqli_sql_exception: Column 'add-img' cannot be null
in SYSTEMPATH\Database\MySQLi\Connection.php on line 306.
 1 SYSTEMPATH\Database\MySQLi\Connection.php(306): mysqli->query('INSERT INTO `yacht` (`build_name`, `yacht_length`, `size`, `yacht_type`, `engine`, `max_speed`, `builder`, `year_of_build`, `guest`, `cabin`, `price`, `thumb-img`, `add-img`) VALUES (\'thum-img1\', \'2\', \'3\', \'4\', \'5\', \'6\', \'7\', \'8\', \'9\', \'10\', \'11\', \'wall.jpg\', NULL)', 0)
 2 SYSTEMPATH\Database\BaseConnection.php(693): CodeIgniter\Database\MySQLi\Connection->execute('INSERT INTO `yacht` (`build_name`, `yacht_length`, `size`, `yacht_type`, `engine`, `max_speed`, `builder`, `year_of_build`, `guest`, `cabin`, `price`, `thumb-img`, `add-img`) VALUES (\'thum-img1\', \'2\', \'3\', \'4\', \'5\', \'6\', \'7\', \'8\', \'9\', \'10\', \'11\', \'wall.jpg\', NULL)')
 3 SYSTEMPATH\Database\BaseConnection.php(607): CodeIgniter\Database\BaseConnection->simpleQuery('INSERT INTO `yacht` (`build_name`, `yacht_length`, `size`, `yacht_type`, `engine`, `max_speed`, `builder`, `year_of_build`, `guest`, `cabin`, `price`, `thumb-img`, `add-img`) VALUES (\'thum-img1\', \'2\', \'3\', \'4\', \'5\', \'6\', \'7\', \'8\', \'9\', \'10\', \'11\', \'wall.jpg\', NULL)')
 4 SYSTEMPATH\Database\BaseBuilder.php(2307): CodeIgniter\Database\BaseConnection->query('INSERT INTO `yacht` (`build_name`, `yacht_length`, `size`, `yacht_type`, `engine`, `max_speed`, `builder`, `year_of_build`, `guest`, `cabin`, `price`, `thumb-img`, `add-img`) VALUES (:build_name:, :yacht_length:, :size:, :yacht_type:, :engine:, :max_speed:, :builder:, :year_of_build:, :guest:, :cabin:, :price:, :thumb-img:, :add-img:)', [...], false)
 5 SYSTEMPATH\Model.php(326): CodeIgniter\Database\BaseBuilder->insert()
 6 SYSTEMPATH\BaseModel.php(802): CodeIgniter\Model->doInsert([...])
 7 SYSTEMPATH\Model.php(744): CodeIgniter\BaseModel->insert([...], true)
 8 APPPATH\Controllers\Home.php(222): CodeIgniter\Model->insert([...])
 9 SYSTEMPATH\CodeIgniter.php(941): App\Controllers\Home->do_order()
10 SYSTEMPATH\CodeIgniter.php(502): CodeIgniter\CodeIgniter->runController(Object(App\Controllers\Home))
11 SYSTEMPATH\CodeIgniter.php(361): CodeIgniter\CodeIgniter->handleRequest(null, Object(Config\Cache), false)
12 FCPATH\index.php(79): CodeIgniter\CodeIgniter->run()
CRITICAL - 2024-02-22 19:12:21 --> CodeIgniter\Security\Exceptions\SecurityException: The action you requested is not allowed.
in SYSTEMPATH\Security\Security.php on line 300.
 1 SYSTEMPATH\Security\Security.php(300): CodeIgniter\Security\Exceptions\SecurityException::forDisallowedAction()
 2 SYSTEMPATH\Filters\CSRF.php(56): CodeIgniter\Security\Security->verify(Object(CodeIgniter\HTTP\IncomingRequest))
 3 SYSTEMPATH\Filters\Filters.php(184): CodeIgniter\Filters\CSRF->before(Object(CodeIgniter\HTTP\IncomingRequest), null)
 4 SYSTEMPATH\CodeIgniter.php(474): CodeIgniter\Filters\Filters->run('order/home', 'before')
 5 SYSTEMPATH\CodeIgniter.php(361): CodeIgniter\CodeIgniter->handleRequest(null, Object(Config\Cache), false)
 6 FCPATH\index.php(79): CodeIgniter\CodeIgniter->run()
CRITICAL - 2024-02-22 19:32:39 --> Error: Call to a member function isValid() on null
in APPPATH\Controllers\Home.php on line 199.
 1 SYSTEMPATH\CodeIgniter.php(941): App\Controllers\Home->do_order()
 2 SYSTEMPATH\CodeIgniter.php(502): CodeIgniter\CodeIgniter->runController(Object(App\Controllers\Home))
 3 SYSTEMPATH\CodeIgniter.php(361): CodeIgniter\CodeIgniter->handleRequest(null, Object(Config\Cache), false)
 4 FCPATH\index.php(79): CodeIgniter\CodeIgniter->run()
CRITICAL - 2024-02-22 19:42:25 --> Error: Call to a member function isValid() on null
in APPPATH\Controllers\Home.php on line 199.
 1 SYSTEMPATH\CodeIgniter.php(941): App\Controllers\Home->do_order()
 2 SYSTEMPATH\CodeIgniter.php(502): CodeIgniter\CodeIgniter->runController(Object(App\Controllers\Home))
 3 SYSTEMPATH\CodeIgniter.php(361): CodeIgniter\CodeIgniter->handleRequest(null, Object(Config\Cache), false)
 4 FCPATH\index.php(79): CodeIgniter\CodeIgniter->run()
CRITICAL - 2024-02-22 19:45:59 --> ParseError: syntax error, unexpected token "}"
in APPPATH\Controllers\Home.php on line 261.
 1 SYSTEMPATH\Autoloader\Autoloader.php(288): CodeIgniter\Autoloader\Autoloader->includeFile('C:\\xampp\\htdocs\\mainproject\\app\\Controllers\\Home.php')
 2 SYSTEMPATH\Autoloader\Autoloader.php(266): CodeIgniter\Autoloader\Autoloader->loadInNamespace('App\\Controllers\\Home')
 3 [internal function]: CodeIgniter\Autoloader\Autoloader->loadClass('App\\Controllers\\Home')
 4 SYSTEMPATH\CodeIgniter.php(899): class_exists('\\App\\Controllers\\Home', true)
 5 SYSTEMPATH\CodeIgniter.php(489): CodeIgniter\CodeIgniter->startController()
 6 SYSTEMPATH\CodeIgniter.php(361): CodeIgniter\CodeIgniter->handleRequest(null, Object(Config\Cache), false)
 7 FCPATH\index.php(79): CodeIgniter\CodeIgniter->run()
CRITICAL - 2024-02-22 21:08:20 --> ErrorException: Undefined variable $yacht
in APPPATH\Views\ecommerce-orders.php on line 228.
 1 APPPATH\Views\ecommerce-orders.php(228): CodeIgniter\Debug\Exceptions->errorHandler(2, 'Undefined variable $yacht', 'C:\\xampp\\htdocs\\mainproject\\app\\Views\\ecommerce-orders.php', 228)
 2 SYSTEMPATH\View\View.php(228): include('C:\\xampp\\htdocs\\mainproject\\app\\Views\\ecommerce-orders.php')
 3 SYSTEMPATH\View\View.php(231): CodeIgniter\View\View->CodeIgniter\View\{closure}()
 4 SYSTEMPATH\Common.php(1178): CodeIgniter\View\View->render('ecommerce-orders', [], true)
 5 APPPATH\Controllers\Home.php(227): view('ecommerce-orders', [...])
 6 SYSTEMPATH\CodeIgniter.php(941): App\Controllers\Home->do_order()
 7 SYSTEMPATH\CodeIgniter.php(502): CodeIgniter\CodeIgniter->runController(Object(App\Controllers\Home))
 8 SYSTEMPATH\CodeIgniter.php(361): CodeIgniter\CodeIgniter->handleRequest(null, Object(Config\Cache), false)
 9 FCPATH\index.php(79): CodeIgniter\CodeIgniter->run()
CRITICAL - 2024-02-22 21:13:08 --> ErrorException: Undefined variable $yacht
in APPPATH\Views\ecommerce-orders.php on line 228.
 1 APPPATH\Views\ecommerce-orders.php(228): CodeIgniter\Debug\Exceptions->errorHandler(2, 'Undefined variable $yacht', 'C:\\xampp\\htdocs\\mainproject\\app\\Views\\ecommerce-orders.php', 228)
 2 SYSTEMPATH\View\View.php(228): include('C:\\xampp\\htdocs\\mainproject\\app\\Views\\ecommerce-orders.php')
 3 SYSTEMPATH\View\View.php(231): CodeIgniter\View\View->CodeIgniter\View\{closure}()
 4 SYSTEMPATH\Common.php(1178): CodeIgniter\View\View->render('ecommerce-orders', [], true)
 5 APPPATH\Controllers\Home.php(226): view('ecommerce-orders', [...])
 6 SYSTEMPATH\CodeIgniter.php(941): App\Controllers\Home->do_order()
 7 SYSTEMPATH\CodeIgniter.php(502): CodeIgniter\CodeIgniter->runController(Object(App\Controllers\Home))
 8 SYSTEMPATH\CodeIgniter.php(361): CodeIgniter\CodeIgniter->handleRequest(null, Object(Config\Cache), false)
 9 FCPATH\index.php(79): CodeIgniter\CodeIgniter->run()
CRITICAL - 2024-02-22 21:13:18 --> ErrorException: Undefined variable $yacht
in APPPATH\Views\ecommerce-orders.php on line 228.
 1 APPPATH\Views\ecommerce-orders.php(228): CodeIgniter\Debug\Exceptions->errorHandler(2, 'Undefined variable $yacht', 'C:\\xampp\\htdocs\\mainproject\\app\\Views\\ecommerce-orders.php', 228)
 2 SYSTEMPATH\View\View.php(228): include('C:\\xampp\\htdocs\\mainproject\\app\\Views\\ecommerce-orders.php')
 3 SYSTEMPATH\View\View.php(231): CodeIgniter\View\View->CodeIgniter\View\{closure}()
 4 SYSTEMPATH\Common.php(1178): CodeIgniter\View\View->render('ecommerce-orders', [], true)
 5 APPPATH\Controllers\Home.php(226): view('ecommerce-orders', [...])
 6 SYSTEMPATH\CodeIgniter.php(941): App\Controllers\Home->do_order()
 7 SYSTEMPATH\CodeIgniter.php(502): CodeIgniter\CodeIgniter->runController(Object(App\Controllers\Home))
 8 SYSTEMPATH\CodeIgniter.php(361): CodeIgniter\CodeIgniter->handleRequest(null, Object(Config\Cache), false)
 9 FCPATH\index.php(79): CodeIgniter\CodeIgniter->run()
CRITICAL - 2024-02-22 21:24:05 --> ErrorException: Undefined variable $yacht
in APPPATH\Views\ecommerce-orders.php on line 228.
 1 APPPATH\Views\ecommerce-orders.php(228): CodeIgniter\Debug\Exceptions->errorHandler(2, 'Undefined variable $yacht', 'C:\\xampp\\htdocs\\mainproject\\app\\Views\\ecommerce-orders.php', 228)
 2 SYSTEMPATH\View\View.php(228): include('C:\\xampp\\htdocs\\mainproject\\app\\Views\\ecommerce-orders.php')
 3 SYSTEMPATH\View\View.php(231): CodeIgniter\View\View->CodeIgniter\View\{closure}()
 4 SYSTEMPATH\Common.php(1178): CodeIgniter\View\View->render('ecommerce-orders', [], true)
 5 APPPATH\Controllers\Home.php(218): view('ecommerce-orders', [...])
 6 SYSTEMPATH\CodeIgniter.php(941): App\Controllers\Home->do_order()
 7 SYSTEMPATH\CodeIgniter.php(502): CodeIgniter\CodeIgniter->runController(Object(App\Controllers\Home))
 8 SYSTEMPATH\CodeIgniter.php(361): CodeIgniter\CodeIgniter->handleRequest(null, Object(Config\Cache), false)
 9 FCPATH\index.php(79): CodeIgniter\CodeIgniter->run()
CRITICAL - 2024-02-22 21:58:53 --> TypeError: CodeIgniter\Validation\Validation::setRules(): Argument #1 ($rules) must be of type array, CodeIgniter\HTTP\IncomingRequest given, called in C:\xampp\htdocs\mainproject\system\Controller.php on line 196
in SYSTEMPATH\Validation\Validation.php on line 576.
 1 SYSTEMPATH\Controller.php(196): CodeIgniter\Validation\Validation->setRules(Object(CodeIgniter\HTTP\IncomingRequest), [...])
 2 SYSTEMPATH\Controller.php(150): CodeIgniter\Controller->setValidator(Object(CodeIgniter\HTTP\IncomingRequest), [...])
 3 APPPATH\Controllers\Home.php(216): CodeIgniter\Controller->validate(Object(CodeIgniter\HTTP\IncomingRequest), [...])
 4 SYSTEMPATH\CodeIgniter.php(941): App\Controllers\Home->do_order()
 5 SYSTEMPATH\CodeIgniter.php(502): CodeIgniter\CodeIgniter->runController(Object(App\Controllers\Home))
 6 SYSTEMPATH\CodeIgniter.php(361): CodeIgniter\CodeIgniter->handleRequest(null, Object(Config\Cache), false)
 7 FCPATH\index.php(79): CodeIgniter\CodeIgniter->run()
CRITICAL - 2024-02-22 22:01:10 --> TypeError: CodeIgniter\Validation\Validation::setRules(): Argument #1 ($rules) must be of type array, CodeIgniter\HTTP\IncomingRequest given, called in C:\xampp\htdocs\mainproject\system\Controller.php on line 196
in SYSTEMPATH\Validation\Validation.php on line 576.
 1 SYSTEMPATH\Controller.php(196): CodeIgniter\Validation\Validation->setRules(Object(CodeIgniter\HTTP\IncomingRequest), [...])
 2 SYSTEMPATH\Controller.php(150): CodeIgniter\Controller->setValidator(Object(CodeIgniter\HTTP\IncomingRequest), [...])
 3 APPPATH\Controllers\Home.php(216): CodeIgniter\Controller->validate(Object(CodeIgniter\HTTP\IncomingRequest), [...])
 4 SYSTEMPATH\CodeIgniter.php(941): App\Controllers\Home->do_order()
 5 SYSTEMPATH\CodeIgniter.php(502): CodeIgniter\CodeIgniter->runController(Object(App\Controllers\Home))
 6 SYSTEMPATH\CodeIgniter.php(361): CodeIgniter\CodeIgniter->handleRequest(null, Object(Config\Cache), false)
 7 FCPATH\index.php(79): CodeIgniter\CodeIgniter->run()
CRITICAL - 2024-02-22 22:01:19 --> TypeError: CodeIgniter\Validation\Validation::setRules(): Argument #1 ($rules) must be of type array, CodeIgniter\HTTP\IncomingRequest given, called in C:\xampp\htdocs\mainproject\system\Controller.php on line 196
in SYSTEMPATH\Validation\Validation.php on line 576.
 1 SYSTEMPATH\Controller.php(196): CodeIgniter\Validation\Validation->setRules(Object(CodeIgniter\HTTP\IncomingRequest), [...])
 2 SYSTEMPATH\Controller.php(150): CodeIgniter\Controller->setValidator(Object(CodeIgniter\HTTP\IncomingRequest), [...])
 3 APPPATH\Controllers\Home.php(216): CodeIgniter\Controller->validate(Object(CodeIgniter\HTTP\IncomingRequest), [...])
 4 SYSTEMPATH\CodeIgniter.php(941): App\Controllers\Home->do_order()
 5 SYSTEMPATH\CodeIgniter.php(502): CodeIgniter\CodeIgniter->runController(Object(App\Controllers\Home))
 6 SYSTEMPATH\CodeIgniter.php(361): CodeIgniter\CodeIgniter->handleRequest(null, Object(Config\Cache), false)
 7 FCPATH\index.php(79): CodeIgniter\CodeIgniter->run()
CRITICAL - 2024-02-22 22:01:54 --> ErrorException: Undefined variable $newName
in APPPATH\Controllers\Home.php on line 241.
 1 APPPATH\Controllers\Home.php(241): CodeIgniter\Debug\Exceptions->errorHandler(2, 'Undefined variable $newName', 'C:\\xampp\\htdocs\\mainproject\\app\\Controllers\\Home.php', 241)
 2 SYSTEMPATH\CodeIgniter.php(941): App\Controllers\Home->do_order()
 3 SYSTEMPATH\CodeIgniter.php(502): CodeIgniter\CodeIgniter->runController(Object(App\Controllers\Home))
 4 SYSTEMPATH\CodeIgniter.php(361): CodeIgniter\CodeIgniter->handleRequest(null, Object(Config\Cache), false)
 5 FCPATH\index.php(79): CodeIgniter\CodeIgniter->run()
CRITICAL - 2024-02-22 22:11:23 --> ParseError: syntax error, unexpected variable "$files", expecting "function" or "const"
in APPPATH\Controllers\Home.php on line 248.
 1 SYSTEMPATH\Autoloader\Autoloader.php(288): CodeIgniter\Autoloader\Autoloader->includeFile('C:\\xampp\\htdocs\\mainproject\\app\\Controllers\\Home.php')
 2 SYSTEMPATH\Autoloader\Autoloader.php(266): CodeIgniter\Autoloader\Autoloader->loadInNamespace('App\\Controllers\\Home')
 3 [internal function]: CodeIgniter\Autoloader\Autoloader->loadClass('App\\Controllers\\Home')
 4 SYSTEMPATH\CodeIgniter.php(899): class_exists('\\App\\Controllers\\Home', true)
 5 SYSTEMPATH\CodeIgniter.php(489): CodeIgniter\CodeIgniter->startController()
 6 SYSTEMPATH\CodeIgniter.php(361): CodeIgniter\CodeIgniter->handleRequest(null, Object(Config\Cache), false)
 7 FCPATH\index.php(79): CodeIgniter\CodeIgniter->run()
CRITICAL - 2024-02-22 22:12:16 --> ParseError: syntax error, unexpected token "if", expecting "function" or "const"
in APPPATH\Controllers\Home.php on line 250.
 1 SYSTEMPATH\Autoloader\Autoloader.php(288): CodeIgniter\Autoloader\Autoloader->includeFile('C:\\xampp\\htdocs\\mainproject\\app\\Controllers\\Home.php')
 2 SYSTEMPATH\Autoloader\Autoloader.php(266): CodeIgniter\Autoloader\Autoloader->loadInNamespace('App\\Controllers\\Home')
 3 [internal function]: CodeIgniter\Autoloader\Autoloader->loadClass('App\\Controllers\\Home')
 4 SYSTEMPATH\CodeIgniter.php(899): class_exists('\\App\\Controllers\\Home', true)
 5 SYSTEMPATH\CodeIgniter.php(489): CodeIgniter\CodeIgniter->startController()
 6 SYSTEMPATH\CodeIgniter.php(361): CodeIgniter\CodeIgniter->handleRequest(null, Object(Config\Cache), false)
 7 FCPATH\index.php(79): CodeIgniter\CodeIgniter->run()
CRITICAL - 2024-02-22 22:12:44 --> ParseError: syntax error, unexpected token "if", expecting "function" or "const"
in APPPATH\Controllers\Home.php on line 250.
 1 SYSTEMPATH\Autoloader\Autoloader.php(288): CodeIgniter\Autoloader\Autoloader->includeFile('C:\\xampp\\htdocs\\mainproject\\app\\Controllers\\Home.php')
 2 SYSTEMPATH\Autoloader\Autoloader.php(266): CodeIgniter\Autoloader\Autoloader->loadInNamespace('App\\Controllers\\Home')
 3 [internal function]: CodeIgniter\Autoloader\Autoloader->loadClass('App\\Controllers\\Home')
 4 SYSTEMPATH\CodeIgniter.php(899): class_exists('\\App\\Controllers\\Home', true)
 5 SYSTEMPATH\CodeIgniter.php(489): CodeIgniter\CodeIgniter->startController()
 6 SYSTEMPATH\CodeIgniter.php(361): CodeIgniter\CodeIgniter->handleRequest(null, Object(Config\Cache), false)
 7 FCPATH\index.php(79): CodeIgniter\CodeIgniter->run()
CRITICAL - 2024-02-22 22:12:45 --> ParseError: syntax error, unexpected token "if", expecting "function" or "const"
in APPPATH\Controllers\Home.php on line 250.
 1 SYSTEMPATH\Autoloader\Autoloader.php(288): CodeIgniter\Autoloader\Autoloader->includeFile('C:\\xampp\\htdocs\\mainproject\\app\\Controllers\\Home.php')
 2 SYSTEMPATH\Autoloader\Autoloader.php(266): CodeIgniter\Autoloader\Autoloader->loadInNamespace('App\\Controllers\\Home')
 3 [internal function]: CodeIgniter\Autoloader\Autoloader->loadClass('App\\Controllers\\Home')
 4 SYSTEMPATH\CodeIgniter.php(899): class_exists('\\App\\Controllers\\Home', true)
 5 SYSTEMPATH\CodeIgniter.php(489): CodeIgniter\CodeIgniter->startController()
 6 SYSTEMPATH\CodeIgniter.php(361): CodeIgniter\CodeIgniter->handleRequest(null, Object(Config\Cache), false)
 7 FCPATH\index.php(79): CodeIgniter\CodeIgniter->run()
CRITICAL - 2024-02-22 22:12:45 --> ParseError: syntax error, unexpected token "if", expecting "function" or "const"
in APPPATH\Controllers\Home.php on line 250.
 1 SYSTEMPATH\Autoloader\Autoloader.php(288): CodeIgniter\Autoloader\Autoloader->includeFile('C:\\xampp\\htdocs\\mainproject\\app\\Controllers\\Home.php')
 2 SYSTEMPATH\Autoloader\Autoloader.php(266): CodeIgniter\Autoloader\Autoloader->loadInNamespace('App\\Controllers\\Home')
 3 [internal function]: CodeIgniter\Autoloader\Autoloader->loadClass('App\\Controllers\\Home')
 4 SYSTEMPATH\CodeIgniter.php(899): class_exists('\\App\\Controllers\\Home', true)
 5 SYSTEMPATH\CodeIgniter.php(489): CodeIgniter\CodeIgniter->startController()
 6 SYSTEMPATH\CodeIgniter.php(361): CodeIgniter\CodeIgniter->handleRequest(null, Object(Config\Cache), false)
 7 FCPATH\index.php(79): CodeIgniter\CodeIgniter->run()
CRITICAL - 2024-02-22 22:12:45 --> ParseError: syntax error, unexpected token "if", expecting "function" or "const"
in APPPATH\Controllers\Home.php on line 250.
 1 SYSTEMPATH\Autoloader\Autoloader.php(288): CodeIgniter\Autoloader\Autoloader->includeFile('C:\\xampp\\htdocs\\mainproject\\app\\Controllers\\Home.php')
 2 SYSTEMPATH\Autoloader\Autoloader.php(266): CodeIgniter\Autoloader\Autoloader->loadInNamespace('App\\Controllers\\Home')
 3 [internal function]: CodeIgniter\Autoloader\Autoloader->loadClass('App\\Controllers\\Home')
 4 SYSTEMPATH\CodeIgniter.php(899): class_exists('\\App\\Controllers\\Home', true)
 5 SYSTEMPATH\CodeIgniter.php(489): CodeIgniter\CodeIgniter->startController()
 6 SYSTEMPATH\CodeIgniter.php(361): CodeIgniter\CodeIgniter->handleRequest(null, Object(Config\Cache), false)
 7 FCPATH\index.php(79): CodeIgniter\CodeIgniter->run()
CRITICAL - 2024-02-22 22:25:51 --> ErrorException: Undefined variable $newName
in APPPATH\Controllers\Home.php on line 252.
 1 APPPATH\Controllers\Home.php(252): CodeIgniter\Debug\Exceptions->errorHandler(2, 'Undefined variable $newName', 'C:\\xampp\\htdocs\\mainproject\\app\\Controllers\\Home.php', 252)
 2 SYSTEMPATH\CodeIgniter.php(941): App\Controllers\Home->do_order()
 3 SYSTEMPATH\CodeIgniter.php(502): CodeIgniter\CodeIgniter->runController(Object(App\Controllers\Home))
 4 SYSTEMPATH\CodeIgniter.php(361): CodeIgniter\CodeIgniter->handleRequest(null, Object(Config\Cache), false)
 5 FCPATH\index.php(79): CodeIgniter\CodeIgniter->run()
CRITICAL - 2024-02-22 22:29:02 --> ParseError: syntax error, unexpected token "}", expecting ";"
in APPPATH\Controllers\Home.php on line 213.
 1 SYSTEMPATH\Autoloader\Autoloader.php(288): CodeIgniter\Autoloader\Autoloader->includeFile('C:\\xampp\\htdocs\\mainproject\\app\\Controllers\\Home.php')
 2 SYSTEMPATH\Autoloader\Autoloader.php(266): CodeIgniter\Autoloader\Autoloader->loadInNamespace('App\\Controllers\\Home')
 3 [internal function]: CodeIgniter\Autoloader\Autoloader->loadClass('App\\Controllers\\Home')
 4 SYSTEMPATH\CodeIgniter.php(899): class_exists('\\App\\Controllers\\Home', true)
 5 SYSTEMPATH\CodeIgniter.php(489): CodeIgniter\CodeIgniter->startController()
 6 SYSTEMPATH\CodeIgniter.php(361): CodeIgniter\CodeIgniter->handleRequest(null, Object(Config\Cache), false)
 7 FCPATH\index.php(79): CodeIgniter\CodeIgniter->run()
CRITICAL - 2024-02-22 22:29:45 --> ErrorException: Undefined variable $yacht
in APPPATH\Views\ecommerce-orders.php on line 228.
 1 APPPATH\Views\ecommerce-orders.php(228): CodeIgniter\Debug\Exceptions->errorHandler(2, 'Undefined variable $yacht', 'C:\\xampp\\htdocs\\mainproject\\app\\Views\\ecommerce-orders.php', 228)
 2 SYSTEMPATH\View\View.php(228): include('C:\\xampp\\htdocs\\mainproject\\app\\Views\\ecommerce-orders.php')
 3 SYSTEMPATH\View\View.php(231): CodeIgniter\View\View->CodeIgniter\View\{closure}()
 4 SYSTEMPATH\Common.php(1178): CodeIgniter\View\View->render('ecommerce-orders', [], true)
 5 APPPATH\Controllers\Home.php(212): view('ecommerce-orders')
 6 SYSTEMPATH\CodeIgniter.php(941): App\Controllers\Home->do_order()
 7 SYSTEMPATH\CodeIgniter.php(502): CodeIgniter\CodeIgniter->runController(Object(App\Controllers\Home))
 8 SYSTEMPATH\CodeIgniter.php(361): CodeIgniter\CodeIgniter->handleRequest(null, Object(Config\Cache), false)
 9 FCPATH\index.php(79): CodeIgniter\CodeIgniter->run()
CRITICAL - 2024-02-22 22:51:36 --> Error: Call to a member function isValid() on null
in APPPATH\Controllers\Home.php on line 281.
 1 SYSTEMPATH\CodeIgniter.php(941): App\Controllers\Home->update('1')
 2 SYSTEMPATH\CodeIgniter.php(502): CodeIgniter\CodeIgniter->runController(Object(App\Controllers\Home))
 3 SYSTEMPATH\CodeIgniter.php(361): CodeIgniter\CodeIgniter->handleRequest(null, Object(Config\Cache), false)
 4 FCPATH\index.php(79): CodeIgniter\CodeIgniter->run()
CRITICAL - 2024-02-22 22:55:41 --> Error: Call to a member function isValid() on null
in APPPATH\Controllers\Home.php on line 285.
 1 SYSTEMPATH\CodeIgniter.php(941): App\Controllers\Home->update('1')
 2 SYSTEMPATH\CodeIgniter.php(502): CodeIgniter\CodeIgniter->runController(Object(App\Controllers\Home))
 3 SYSTEMPATH\CodeIgniter.php(361): CodeIgniter\CodeIgniter->handleRequest(null, Object(Config\Cache), false)
 4 FCPATH\index.php(79): CodeIgniter\CodeIgniter->run()
CRITICAL - 2024-02-22 22:58:00 --> Error: Call to a member function isValid() on null
in APPPATH\Controllers\Home.php on line 285.
 1 SYSTEMPATH\CodeIgniter.php(941): App\Controllers\Home->update('1')
 2 SYSTEMPATH\CodeIgniter.php(502): CodeIgniter\CodeIgniter->runController(Object(App\Controllers\Home))
 3 SYSTEMPATH\CodeIgniter.php(361): CodeIgniter\CodeIgniter->handleRequest(null, Object(Config\Cache), false)
 4 FCPATH\index.php(79): CodeIgniter\CodeIgniter->run()
CRITICAL - 2024-02-22 22:58:15 --> Error: Call to a member function isValid() on null
in APPPATH\Controllers\Home.php on line 285.
 1 SYSTEMPATH\CodeIgniter.php(941): App\Controllers\Home->update('1')
 2 SYSTEMPATH\CodeIgniter.php(502): CodeIgniter\CodeIgniter->runController(Object(App\Controllers\Home))
 3 SYSTEMPATH\CodeIgniter.php(361): CodeIgniter\CodeIgniter->handleRequest(null, Object(Config\Cache), false)
 4 FCPATH\index.php(79): CodeIgniter\CodeIgniter->run()
CRITICAL - 2024-02-22 23:07:17 --> Error: Call to a member function isValid() on null
in APPPATH\Controllers\Home.php on line 285.
 1 SYSTEMPATH\CodeIgniter.php(941): App\Controllers\Home->update('1')
 2 SYSTEMPATH\CodeIgniter.php(502): CodeIgniter\CodeIgniter->runController(Object(App\Controllers\Home))
 3 SYSTEMPATH\CodeIgniter.php(361): CodeIgniter\CodeIgniter->handleRequest(null, Object(Config\Cache), false)
 4 FCPATH\index.php(79): CodeIgniter\CodeIgniter->run()
CRITICAL - 2024-02-22 23:09:30 --> Error: Call to a member function isValid() on null
in APPPATH\Controllers\Home.php on line 285.
 1 SYSTEMPATH\CodeIgniter.php(941): App\Controllers\Home->update('1')
 2 SYSTEMPATH\CodeIgniter.php(502): CodeIgniter\CodeIgniter->runController(Object(App\Controllers\Home))
 3 SYSTEMPATH\CodeIgniter.php(361): CodeIgniter\CodeIgniter->handleRequest(null, Object(Config\Cache), false)
 4 FCPATH\index.php(79): CodeIgniter\CodeIgniter->run()
CRITICAL - 2024-02-22 23:12:31 --> Error: Call to a member function isValid() on null
in APPPATH\Controllers\Home.php on line 285.
 1 SYSTEMPATH\CodeIgniter.php(941): App\Controllers\Home->update('3')
 2 SYSTEMPATH\CodeIgniter.php(502): CodeIgniter\CodeIgniter->runController(Object(App\Controllers\Home))
 3 SYSTEMPATH\CodeIgniter.php(361): CodeIgniter\CodeIgniter->handleRequest(null, Object(Config\Cache), false)
 4 FCPATH\index.php(79): CodeIgniter\CodeIgniter->run()
CRITICAL - 2024-02-22 23:15:11 --> Error: Call to a member function isValid() on null
in APPPATH\Controllers\Home.php on line 285.
 1 SYSTEMPATH\CodeIgniter.php(941): App\Controllers\Home->update('3')
 2 SYSTEMPATH\CodeIgniter.php(502): CodeIgniter\CodeIgniter->runController(Object(App\Controllers\Home))
 3 SYSTEMPATH\CodeIgniter.php(361): CodeIgniter\CodeIgniter->handleRequest(null, Object(Config\Cache), false)
 4 FCPATH\index.php(79): CodeIgniter\CodeIgniter->run()
CRITICAL - 2024-02-22 23:20:20 --> ErrorException: Undefined variable $user
in APPPATH\Views\edit.php on line 148.
 1 APPPATH\Views\edit.php(148): CodeIgniter\Debug\Exceptions->errorHandler(2, 'Undefined variable $user', 'C:\\xampp\\htdocs\\mainproject\\app\\Views\\edit.php', 148)
 2 SYSTEMPATH\View\View.php(228): include('C:\\xampp\\htdocs\\mainproject\\app\\Views\\edit.php')
 3 SYSTEMPATH\View\View.php(231): CodeIgniter\View\View->CodeIgniter\View\{closure}()
 4 SYSTEMPATH\Common.php(1178): CodeIgniter\View\View->render('edit', [], true)
 5 APPPATH\Controllers\Home.php(275): view('edit', [...])
 6 SYSTEMPATH\CodeIgniter.php(941): App\Controllers\Home->edit('3')
 7 SYSTEMPATH\CodeIgniter.php(502): CodeIgniter\CodeIgniter->runController(Object(App\Controllers\Home))
 8 SYSTEMPATH\CodeIgniter.php(361): CodeIgniter\CodeIgniter->handleRequest(null, Object(Config\Cache), false)
 9 FCPATH\index.php(79): CodeIgniter\CodeIgniter->run()
CRITICAL - 2024-02-22 23:25:05 --> Error: Call to a member function isValid() on null
in APPPATH\Controllers\Home.php on line 285.
 1 SYSTEMPATH\CodeIgniter.php(941): App\Controllers\Home->update('3')
 2 SYSTEMPATH\CodeIgniter.php(502): CodeIgniter\CodeIgniter->runController(Object(App\Controllers\Home))
 3 SYSTEMPATH\CodeIgniter.php(361): CodeIgniter\CodeIgniter->handleRequest(null, Object(Config\Cache), false)
 4 FCPATH\index.php(79): CodeIgniter\CodeIgniter->run()
CRITICAL - 2024-02-22 23:27:54 --> Error: Call to a member function isValid() on null
in APPPATH\Controllers\Home.php on line 285.
 1 SYSTEMPATH\CodeIgniter.php(941): App\Controllers\Home->update('3')
 2 SYSTEMPATH\CodeIgniter.php(502): CodeIgniter\CodeIgniter->runController(Object(App\Controllers\Home))
 3 SYSTEMPATH\CodeIgniter.php(361): CodeIgniter\CodeIgniter->handleRequest(null, Object(Config\Cache), false)
 4 FCPATH\index.php(79): CodeIgniter\CodeIgniter->run()
CRITICAL - 2024-02-22 23:35:43 --> Error: Call to a member function isValid() on null
in APPPATH\Controllers\Home.php on line 285.
 1 SYSTEMPATH\CodeIgniter.php(941): App\Controllers\Home->update('3')
 2 SYSTEMPATH\CodeIgniter.php(502): CodeIgniter\CodeIgniter->runController(Object(App\Controllers\Home))
 3 SYSTEMPATH\CodeIgniter.php(361): CodeIgniter\CodeIgniter->handleRequest(null, Object(Config\Cache), false)
 4 FCPATH\index.php(79): CodeIgniter\CodeIgniter->run()
CRITICAL - 2024-02-22 23:40:58 --> ParseError: syntax error, unexpected string content "", expecting "-" or identifier or variable or number
in APPPATH\Views\edit.php on line 148.
 1 SYSTEMPATH\View\View.php(231): CodeIgniter\View\View->CodeIgniter\View\{closure}()
 2 SYSTEMPATH\Common.php(1178): CodeIgniter\View\View->render('edit', [], true)
 3 APPPATH\Controllers\Home.php(275): view('edit', [...])
 4 SYSTEMPATH\CodeIgniter.php(941): App\Controllers\Home->edit('3')
 5 SYSTEMPATH\CodeIgniter.php(502): CodeIgniter\CodeIgniter->runController(Object(App\Controllers\Home))
 6 SYSTEMPATH\CodeIgniter.php(361): CodeIgniter\CodeIgniter->handleRequest(null, Object(Config\Cache), false)
 7 FCPATH\index.php(79): CodeIgniter\CodeIgniter->run()
