CRITICAL - 2024-04-30 19:08:40 --> ErrorException: Undefined variable $record
in APPPATH\Views\yachtProject\us\yacht-booking.php on line 81.
 1 APPPATH\Views\yachtProject\us\yacht-booking.php(81): CodeIgniter\Debug\Exceptions->errorHandler(2, 'Undefined variable $record', 'C:\\xampp\\htdocs\\ciproject\\app\\Views\\yachtProject\\us\\yacht-booking.php', 81)
 2 SYSTEMPATH\View\View.php(228): include('C:\\xampp\\htdocs\\ciproject\\app\\Views\\yachtProject\\us\\yacht-booking.php')
 3 SYSTEMPATH\View\View.php(231): CodeIgniter\View\View->CodeIgniter\View\{closure}()
 4 SYSTEMPATH\Common.php(1178): CodeIgniter\View\View->render('yachtProject/us/yacht-booking', [], true)
 5 APPPATH\Controllers\Yacht.php(134): view('yachtProject/us/yacht-booking', [...])
 6 SYSTEMPATH\CodeIgniter.php(941): App\Controllers\Yacht->yachtBookingPage()
 7 SYSTEMPATH\CodeIgniter.php(502): CodeIgniter\CodeIgniter->runController(Object(App\Controllers\Yacht))
 8 SYSTEMPATH\CodeIgniter.php(361): CodeIgniter\CodeIgniter->handleRequest(null, Object(Config\Cache), false)
 9 FCPATH\index.php(79): CodeIgniter\CodeIgniter->run()
CRITICAL - 2024-04-30 19:49:08 --> ErrorException: Undefined variable $record
in APPPATH\Views\yachtProject\us\booking-form.php on line 25.
 1 APPPATH\Views\yachtProject\us\booking-form.php(25): CodeIgniter\Debug\Exceptions->errorHandler(2, 'Undefined variable $record', 'C:\\xampp\\htdocs\\ciproject\\app\\Views\\yachtProject\\us\\booking-form.php', 25)
 2 SYSTEMPATH\View\View.php(228): include('C:\\xampp\\htdocs\\ciproject\\app\\Views\\yachtProject\\us\\booking-form.php')
 3 SYSTEMPATH\View\View.php(231): CodeIgniter\View\View->CodeIgniter\View\{closure}()
 4 SYSTEMPATH\Common.php(1178): CodeIgniter\View\View->render('yachtProject/us/booking-form', [], true)
 5 APPPATH\Controllers\Yacht.php(274): view('yachtProject/us/booking-form')
 6 SYSTEMPATH\CodeIgniter.php(941): App\Controllers\Yacht->BookingForm()
 7 SYSTEMPATH\CodeIgniter.php(502): CodeIgniter\CodeIgniter->runController(Object(App\Controllers\Yacht))
 8 SYSTEMPATH\CodeIgniter.php(361): CodeIgniter\CodeIgniter->handleRequest(null, Object(Config\Cache), false)
 9 FCPATH\index.php(79): CodeIgniter\CodeIgniter->run()
CRITICAL - 2024-04-30 19:56:40 --> ErrorException: Undefined variable $record
in APPPATH\Views\yachtProject\us\booking-form.php on line 25.
 1 APPPATH\Views\yachtProject\us\booking-form.php(25): CodeIgniter\Debug\Exceptions->errorHandler(2, 'Undefined variable $record', 'C:\\xampp\\htdocs\\ciproject\\app\\Views\\yachtProject\\us\\booking-form.php', 25)
 2 SYSTEMPATH\View\View.php(228): include('C:\\xampp\\htdocs\\ciproject\\app\\Views\\yachtProject\\us\\booking-form.php')
 3 SYSTEMPATH\View\View.php(231): CodeIgniter\View\View->CodeIgniter\View\{closure}()
 4 SYSTEMPATH\Common.php(1178): CodeIgniter\View\View->render('yachtProject/us/booking-form', [], true)
 5 APPPATH\Controllers\Yacht.php(275): view('yachtProject/us/booking-form')
 6 SYSTEMPATH\CodeIgniter.php(941): App\Controllers\Yacht->BookingForm()
 7 SYSTEMPATH\CodeIgniter.php(502): CodeIgniter\CodeIgniter->runController(Object(App\Controllers\Yacht))
 8 SYSTEMPATH\CodeIgniter.php(361): CodeIgniter\CodeIgniter->handleRequest(null, Object(Config\Cache), false)
 9 FCPATH\index.php(79): CodeIgniter\CodeIgniter->run()
CRITICAL - 2024-04-30 19:56:55 --> ErrorException: Undefined variable $record
in APPPATH\Views\yachtProject\us\booking-form.php on line 31.
 1 APPPATH\Views\yachtProject\us\booking-form.php(31): CodeIgniter\Debug\Exceptions->errorHandler(2, 'Undefined variable $record', 'C:\\xampp\\htdocs\\ciproject\\app\\Views\\yachtProject\\us\\booking-form.php', 31)
 2 SYSTEMPATH\View\View.php(228): include('C:\\xampp\\htdocs\\ciproject\\app\\Views\\yachtProject\\us\\booking-form.php')
 3 SYSTEMPATH\View\View.php(231): CodeIgniter\View\View->CodeIgniter\View\{closure}()
 4 SYSTEMPATH\Common.php(1178): CodeIgniter\View\View->render('yachtProject/us/booking-form', [], true)
 5 APPPATH\Controllers\Yacht.php(275): view('yachtProject/us/booking-form')
 6 SYSTEMPATH\CodeIgniter.php(941): App\Controllers\Yacht->BookingForm()
 7 SYSTEMPATH\CodeIgniter.php(502): CodeIgniter\CodeIgniter->runController(Object(App\Controllers\Yacht))
 8 SYSTEMPATH\CodeIgniter.php(361): CodeIgniter\CodeIgniter->handleRequest(null, Object(Config\Cache), false)
 9 FCPATH\index.php(79): CodeIgniter\CodeIgniter->run()
CRITICAL - 2024-04-30 19:56:56 --> ErrorException: Undefined variable $record
in APPPATH\Views\yachtProject\us\booking-form.php on line 31.
 1 APPPATH\Views\yachtProject\us\booking-form.php(31): CodeIgniter\Debug\Exceptions->errorHandler(2, 'Undefined variable $record', 'C:\\xampp\\htdocs\\ciproject\\app\\Views\\yachtProject\\us\\booking-form.php', 31)
 2 SYSTEMPATH\View\View.php(228): include('C:\\xampp\\htdocs\\ciproject\\app\\Views\\yachtProject\\us\\booking-form.php')
 3 SYSTEMPATH\View\View.php(231): CodeIgniter\View\View->CodeIgniter\View\{closure}()
 4 SYSTEMPATH\Common.php(1178): CodeIgniter\View\View->render('yachtProject/us/booking-form', [], true)
 5 APPPATH\Controllers\Yacht.php(275): view('yachtProject/us/booking-form')
 6 SYSTEMPATH\CodeIgniter.php(941): App\Controllers\Yacht->BookingForm()
 7 SYSTEMPATH\CodeIgniter.php(502): CodeIgniter\CodeIgniter->runController(Object(App\Controllers\Yacht))
 8 SYSTEMPATH\CodeIgniter.php(361): CodeIgniter\CodeIgniter->handleRequest(null, Object(Config\Cache), false)
 9 FCPATH\index.php(79): CodeIgniter\CodeIgniter->run()
CRITICAL - 2024-04-30 19:56:56 --> ErrorException: Undefined variable $record
in APPPATH\Views\yachtProject\us\booking-form.php on line 31.
 1 APPPATH\Views\yachtProject\us\booking-form.php(31): CodeIgniter\Debug\Exceptions->errorHandler(2, 'Undefined variable $record', 'C:\\xampp\\htdocs\\ciproject\\app\\Views\\yachtProject\\us\\booking-form.php', 31)
 2 SYSTEMPATH\View\View.php(228): include('C:\\xampp\\htdocs\\ciproject\\app\\Views\\yachtProject\\us\\booking-form.php')
 3 SYSTEMPATH\View\View.php(231): CodeIgniter\View\View->CodeIgniter\View\{closure}()
 4 SYSTEMPATH\Common.php(1178): CodeIgniter\View\View->render('yachtProject/us/booking-form', [], true)
 5 APPPATH\Controllers\Yacht.php(275): view('yachtProject/us/booking-form')
 6 SYSTEMPATH\CodeIgniter.php(941): App\Controllers\Yacht->BookingForm()
 7 SYSTEMPATH\CodeIgniter.php(502): CodeIgniter\CodeIgniter->runController(Object(App\Controllers\Yacht))
 8 SYSTEMPATH\CodeIgniter.php(361): CodeIgniter\CodeIgniter->handleRequest(null, Object(Config\Cache), false)
 9 FCPATH\index.php(79): CodeIgniter\CodeIgniter->run()
CRITICAL - 2024-04-30 20:02:47 --> ErrorException: Undefined variable $record
in APPPATH\Views\yachtProject\us\booking-form.php on line 31.
 1 APPPATH\Views\yachtProject\us\booking-form.php(31): CodeIgniter\Debug\Exceptions->errorHandler(2, 'Undefined variable $record', 'C:\\xampp\\htdocs\\ciproject\\app\\Views\\yachtProject\\us\\booking-form.php', 31)
 2 SYSTEMPATH\View\View.php(228): include('C:\\xampp\\htdocs\\ciproject\\app\\Views\\yachtProject\\us\\booking-form.php')
 3 SYSTEMPATH\View\View.php(231): CodeIgniter\View\View->CodeIgniter\View\{closure}()
 4 SYSTEMPATH\Common.php(1178): CodeIgniter\View\View->render('yachtProject/us/booking-form', [], true)
 5 APPPATH\Controllers\Yacht.php(146): view('yachtProject/us/booking-form')
 6 SYSTEMPATH\CodeIgniter.php(941): App\Controllers\Yacht->BookingForm()
 7 SYSTEMPATH\CodeIgniter.php(502): CodeIgniter\CodeIgniter->runController(Object(App\Controllers\Yacht))
 8 SYSTEMPATH\CodeIgniter.php(361): CodeIgniter\CodeIgniter->handleRequest(null, Object(Config\Cache), false)
 9 FCPATH\index.php(79): CodeIgniter\CodeIgniter->run()
CRITICAL - 2024-04-30 20:02:48 --> ErrorException: Undefined variable $record
in APPPATH\Views\yachtProject\us\booking-form.php on line 31.
 1 APPPATH\Views\yachtProject\us\booking-form.php(31): CodeIgniter\Debug\Exceptions->errorHandler(2, 'Undefined variable $record', 'C:\\xampp\\htdocs\\ciproject\\app\\Views\\yachtProject\\us\\booking-form.php', 31)
 2 SYSTEMPATH\View\View.php(228): include('C:\\xampp\\htdocs\\ciproject\\app\\Views\\yachtProject\\us\\booking-form.php')
 3 SYSTEMPATH\View\View.php(231): CodeIgniter\View\View->CodeIgniter\View\{closure}()
 4 SYSTEMPATH\Common.php(1178): CodeIgniter\View\View->render('yachtProject/us/booking-form', [], true)
 5 APPPATH\Controllers\Yacht.php(146): view('yachtProject/us/booking-form')
 6 SYSTEMPATH\CodeIgniter.php(941): App\Controllers\Yacht->BookingForm()
 7 SYSTEMPATH\CodeIgniter.php(502): CodeIgniter\CodeIgniter->runController(Object(App\Controllers\Yacht))
 8 SYSTEMPATH\CodeIgniter.php(361): CodeIgniter\CodeIgniter->handleRequest(null, Object(Config\Cache), false)
 9 FCPATH\index.php(79): CodeIgniter\CodeIgniter->run()
CRITICAL - 2024-04-30 20:05:02 --> ErrorException: Undefined array key "thumb-img"
in APPPATH\Views\yachtProject\us\booking-form.php on line 26.
 1 APPPATH\Views\yachtProject\us\booking-form.php(26): CodeIgniter\Debug\Exceptions->errorHandler(2, 'Undefined array key "thumb-img"', 'C:\\xampp\\htdocs\\ciproject\\app\\Views\\yachtProject\\us\\booking-form.php', 26)
 2 SYSTEMPATH\View\View.php(228): include('C:\\xampp\\htdocs\\ciproject\\app\\Views\\yachtProject\\us\\booking-form.php')
 3 SYSTEMPATH\View\View.php(231): CodeIgniter\View\View->CodeIgniter\View\{closure}()
 4 SYSTEMPATH\Common.php(1178): CodeIgniter\View\View->render('yachtProject/us/booking-form', [], true)
 5 APPPATH\Controllers\Yacht.php(148): view('yachtProject/us/booking-form', [...])
 6 SYSTEMPATH\CodeIgniter.php(941): App\Controllers\Yacht->BookingForm()
 7 SYSTEMPATH\CodeIgniter.php(502): CodeIgniter\CodeIgniter->runController(Object(App\Controllers\Yacht))
 8 SYSTEMPATH\CodeIgniter.php(361): CodeIgniter\CodeIgniter->handleRequest(null, Object(Config\Cache), false)
 9 FCPATH\index.php(79): CodeIgniter\CodeIgniter->run()
CRITICAL - 2024-04-30 20:05:20 --> ErrorException: Undefined array key "thumb-img"
in APPPATH\Views\yachtProject\us\booking-form.php on line 26.
 1 APPPATH\Views\yachtProject\us\booking-form.php(26): CodeIgniter\Debug\Exceptions->errorHandler(2, 'Undefined array key "thumb-img"', 'C:\\xampp\\htdocs\\ciproject\\app\\Views\\yachtProject\\us\\booking-form.php', 26)
 2 SYSTEMPATH\View\View.php(228): include('C:\\xampp\\htdocs\\ciproject\\app\\Views\\yachtProject\\us\\booking-form.php')
 3 SYSTEMPATH\View\View.php(231): CodeIgniter\View\View->CodeIgniter\View\{closure}()
 4 SYSTEMPATH\Common.php(1178): CodeIgniter\View\View->render('yachtProject/us/booking-form', [], true)
 5 APPPATH\Controllers\Yacht.php(148): view('yachtProject/us/booking-form', [...])
 6 SYSTEMPATH\CodeIgniter.php(941): App\Controllers\Yacht->BookingForm()
 7 SYSTEMPATH\CodeIgniter.php(502): CodeIgniter\CodeIgniter->runController(Object(App\Controllers\Yacht))
 8 SYSTEMPATH\CodeIgniter.php(361): CodeIgniter\CodeIgniter->handleRequest(null, Object(Config\Cache), false)
 9 FCPATH\index.php(79): CodeIgniter\CodeIgniter->run()
CRITICAL - 2024-04-30 20:05:20 --> ErrorException: Undefined array key "thumb-img"
in APPPATH\Views\yachtProject\us\booking-form.php on line 26.
 1 APPPATH\Views\yachtProject\us\booking-form.php(26): CodeIgniter\Debug\Exceptions->errorHandler(2, 'Undefined array key "thumb-img"', 'C:\\xampp\\htdocs\\ciproject\\app\\Views\\yachtProject\\us\\booking-form.php', 26)
 2 SYSTEMPATH\View\View.php(228): include('C:\\xampp\\htdocs\\ciproject\\app\\Views\\yachtProject\\us\\booking-form.php')
 3 SYSTEMPATH\View\View.php(231): CodeIgniter\View\View->CodeIgniter\View\{closure}()
 4 SYSTEMPATH\Common.php(1178): CodeIgniter\View\View->render('yachtProject/us/booking-form', [], true)
 5 APPPATH\Controllers\Yacht.php(148): view('yachtProject/us/booking-form', [...])
 6 SYSTEMPATH\CodeIgniter.php(941): App\Controllers\Yacht->BookingForm()
 7 SYSTEMPATH\CodeIgniter.php(502): CodeIgniter\CodeIgniter->runController(Object(App\Controllers\Yacht))
 8 SYSTEMPATH\CodeIgniter.php(361): CodeIgniter\CodeIgniter->handleRequest(null, Object(Config\Cache), false)
 9 FCPATH\index.php(79): CodeIgniter\CodeIgniter->run()
CRITICAL - 2024-04-30 20:05:20 --> ErrorException: Undefined array key "thumb-img"
in APPPATH\Views\yachtProject\us\booking-form.php on line 26.
 1 APPPATH\Views\yachtProject\us\booking-form.php(26): CodeIgniter\Debug\Exceptions->errorHandler(2, 'Undefined array key "thumb-img"', 'C:\\xampp\\htdocs\\ciproject\\app\\Views\\yachtProject\\us\\booking-form.php', 26)
 2 SYSTEMPATH\View\View.php(228): include('C:\\xampp\\htdocs\\ciproject\\app\\Views\\yachtProject\\us\\booking-form.php')
 3 SYSTEMPATH\View\View.php(231): CodeIgniter\View\View->CodeIgniter\View\{closure}()
 4 SYSTEMPATH\Common.php(1178): CodeIgniter\View\View->render('yachtProject/us/booking-form', [], true)
 5 APPPATH\Controllers\Yacht.php(148): view('yachtProject/us/booking-form', [...])
 6 SYSTEMPATH\CodeIgniter.php(941): App\Controllers\Yacht->BookingForm()
 7 SYSTEMPATH\CodeIgniter.php(502): CodeIgniter\CodeIgniter->runController(Object(App\Controllers\Yacht))
 8 SYSTEMPATH\CodeIgniter.php(361): CodeIgniter\CodeIgniter->handleRequest(null, Object(Config\Cache), false)
 9 FCPATH\index.php(79): CodeIgniter\CodeIgniter->run()
CRITICAL - 2024-04-30 20:05:30 --> ErrorException: Undefined array key "thumb-img"
in APPPATH\Views\yachtProject\us\booking-form.php on line 26.
 1 APPPATH\Views\yachtProject\us\booking-form.php(26): CodeIgniter\Debug\Exceptions->errorHandler(2, 'Undefined array key "thumb-img"', 'C:\\xampp\\htdocs\\ciproject\\app\\Views\\yachtProject\\us\\booking-form.php', 26)
 2 SYSTEMPATH\View\View.php(228): include('C:\\xampp\\htdocs\\ciproject\\app\\Views\\yachtProject\\us\\booking-form.php')
 3 SYSTEMPATH\View\View.php(231): CodeIgniter\View\View->CodeIgniter\View\{closure}()
 4 SYSTEMPATH\Common.php(1178): CodeIgniter\View\View->render('yachtProject/us/booking-form', [], true)
 5 APPPATH\Controllers\Yacht.php(148): view('yachtProject/us/booking-form', [...])
 6 SYSTEMPATH\CodeIgniter.php(941): App\Controllers\Yacht->BookingForm()
 7 SYSTEMPATH\CodeIgniter.php(502): CodeIgniter\CodeIgniter->runController(Object(App\Controllers\Yacht))
 8 SYSTEMPATH\CodeIgniter.php(361): CodeIgniter\CodeIgniter->handleRequest(null, Object(Config\Cache), false)
 9 FCPATH\index.php(79): CodeIgniter\CodeIgniter->run()
CRITICAL - 2024-04-30 20:05:39 --> ErrorException: Undefined array key "thumb-img"
in APPPATH\Views\yachtProject\us\booking-form.php on line 26.
 1 APPPATH\Views\yachtProject\us\booking-form.php(26): CodeIgniter\Debug\Exceptions->errorHandler(2, 'Undefined array key "thumb-img"', 'C:\\xampp\\htdocs\\ciproject\\app\\Views\\yachtProject\\us\\booking-form.php', 26)
 2 SYSTEMPATH\View\View.php(228): include('C:\\xampp\\htdocs\\ciproject\\app\\Views\\yachtProject\\us\\booking-form.php')
 3 SYSTEMPATH\View\View.php(231): CodeIgniter\View\View->CodeIgniter\View\{closure}()
 4 SYSTEMPATH\Common.php(1178): CodeIgniter\View\View->render('yachtProject/us/booking-form', [], true)
 5 APPPATH\Controllers\Yacht.php(148): view('yachtProject/us/booking-form', [...])
 6 SYSTEMPATH\CodeIgniter.php(941): App\Controllers\Yacht->BookingForm()
 7 SYSTEMPATH\CodeIgniter.php(502): CodeIgniter\CodeIgniter->runController(Object(App\Controllers\Yacht))
 8 SYSTEMPATH\CodeIgniter.php(361): CodeIgniter\CodeIgniter->handleRequest(null, Object(Config\Cache), false)
 9 FCPATH\index.php(79): CodeIgniter\CodeIgniter->run()
CRITICAL - 2024-04-30 20:13:10 --> ErrorException: Undefined array key "thumb-img"
in APPPATH\Views\yachtProject\us\booking-form.php on line 26.
 1 APPPATH\Views\yachtProject\us\booking-form.php(26): CodeIgniter\Debug\Exceptions->errorHandler(2, 'Undefined array key "thumb-img"', 'C:\\xampp\\htdocs\\ciproject\\app\\Views\\yachtProject\\us\\booking-form.php', 26)
 2 SYSTEMPATH\View\View.php(228): include('C:\\xampp\\htdocs\\ciproject\\app\\Views\\yachtProject\\us\\booking-form.php')
 3 SYSTEMPATH\View\View.php(231): CodeIgniter\View\View->CodeIgniter\View\{closure}()
 4 SYSTEMPATH\Common.php(1178): CodeIgniter\View\View->render('yachtProject/us/booking-form', [], true)
 5 APPPATH\Controllers\Yacht.php(148): view('yachtProject/us/booking-form', [...])
 6 SYSTEMPATH\CodeIgniter.php(941): App\Controllers\Yacht->BookingForm()
 7 SYSTEMPATH\CodeIgniter.php(502): CodeIgniter\CodeIgniter->runController(Object(App\Controllers\Yacht))
 8 SYSTEMPATH\CodeIgniter.php(361): CodeIgniter\CodeIgniter->handleRequest(null, Object(Config\Cache), false)
 9 FCPATH\index.php(79): CodeIgniter\CodeIgniter->run()
CRITICAL - 2024-04-30 20:14:27 --> ErrorException: Undefined array key "thumb-img"
in APPPATH\Views\yachtProject\us\booking-form.php on line 26.
 1 APPPATH\Views\yachtProject\us\booking-form.php(26): CodeIgniter\Debug\Exceptions->errorHandler(2, 'Undefined array key "thumb-img"', 'C:\\xampp\\htdocs\\ciproject\\app\\Views\\yachtProject\\us\\booking-form.php', 26)
 2 SYSTEMPATH\View\View.php(228): include('C:\\xampp\\htdocs\\ciproject\\app\\Views\\yachtProject\\us\\booking-form.php')
 3 SYSTEMPATH\View\View.php(231): CodeIgniter\View\View->CodeIgniter\View\{closure}()
 4 SYSTEMPATH\Common.php(1178): CodeIgniter\View\View->render('yachtProject/us/booking-form', [], true)
 5 APPPATH\Controllers\Yacht.php(148): view('yachtProject/us/booking-form', [...])
 6 SYSTEMPATH\CodeIgniter.php(941): App\Controllers\Yacht->BookingForm()
 7 SYSTEMPATH\CodeIgniter.php(502): CodeIgniter\CodeIgniter->runController(Object(App\Controllers\Yacht))
 8 SYSTEMPATH\CodeIgniter.php(361): CodeIgniter\CodeIgniter->handleRequest(null, Object(Config\Cache), false)
 9 FCPATH\index.php(79): CodeIgniter\CodeIgniter->run()
CRITICAL - 2024-04-30 20:14:28 --> ErrorException: Undefined array key "thumb-img"
in APPPATH\Views\yachtProject\us\booking-form.php on line 26.
 1 APPPATH\Views\yachtProject\us\booking-form.php(26): CodeIgniter\Debug\Exceptions->errorHandler(2, 'Undefined array key "thumb-img"', 'C:\\xampp\\htdocs\\ciproject\\app\\Views\\yachtProject\\us\\booking-form.php', 26)
 2 SYSTEMPATH\View\View.php(228): include('C:\\xampp\\htdocs\\ciproject\\app\\Views\\yachtProject\\us\\booking-form.php')
 3 SYSTEMPATH\View\View.php(231): CodeIgniter\View\View->CodeIgniter\View\{closure}()
 4 SYSTEMPATH\Common.php(1178): CodeIgniter\View\View->render('yachtProject/us/booking-form', [], true)
 5 APPPATH\Controllers\Yacht.php(148): view('yachtProject/us/booking-form', [...])
 6 SYSTEMPATH\CodeIgniter.php(941): App\Controllers\Yacht->BookingForm()
 7 SYSTEMPATH\CodeIgniter.php(502): CodeIgniter\CodeIgniter->runController(Object(App\Controllers\Yacht))
 8 SYSTEMPATH\CodeIgniter.php(361): CodeIgniter\CodeIgniter->handleRequest(null, Object(Config\Cache), false)
 9 FCPATH\index.php(79): CodeIgniter\CodeIgniter->run()
CRITICAL - 2024-04-30 20:14:28 --> ErrorException: Undefined array key "thumb-img"
in APPPATH\Views\yachtProject\us\booking-form.php on line 26.
 1 APPPATH\Views\yachtProject\us\booking-form.php(26): CodeIgniter\Debug\Exceptions->errorHandler(2, 'Undefined array key "thumb-img"', 'C:\\xampp\\htdocs\\ciproject\\app\\Views\\yachtProject\\us\\booking-form.php', 26)
 2 SYSTEMPATH\View\View.php(228): include('C:\\xampp\\htdocs\\ciproject\\app\\Views\\yachtProject\\us\\booking-form.php')
 3 SYSTEMPATH\View\View.php(231): CodeIgniter\View\View->CodeIgniter\View\{closure}()
 4 SYSTEMPATH\Common.php(1178): CodeIgniter\View\View->render('yachtProject/us/booking-form', [], true)
 5 APPPATH\Controllers\Yacht.php(148): view('yachtProject/us/booking-form', [...])
 6 SYSTEMPATH\CodeIgniter.php(941): App\Controllers\Yacht->BookingForm()
 7 SYSTEMPATH\CodeIgniter.php(502): CodeIgniter\CodeIgniter->runController(Object(App\Controllers\Yacht))
 8 SYSTEMPATH\CodeIgniter.php(361): CodeIgniter\CodeIgniter->handleRequest(null, Object(Config\Cache), false)
 9 FCPATH\index.php(79): CodeIgniter\CodeIgniter->run()
CRITICAL - 2024-04-30 20:20:10 --> ErrorException: Undefined variable $record
in APPPATH\Views\yachtProject\us\booking-form.php on line 25.
 1 APPPATH\Views\yachtProject\us\booking-form.php(25): CodeIgniter\Debug\Exceptions->errorHandler(2, 'Undefined variable $record', 'C:\\xampp\\htdocs\\ciproject\\app\\Views\\yachtProject\\us\\booking-form.php', 25)
 2 SYSTEMPATH\View\View.php(228): include('C:\\xampp\\htdocs\\ciproject\\app\\Views\\yachtProject\\us\\booking-form.php')
 3 SYSTEMPATH\View\View.php(231): CodeIgniter\View\View->CodeIgniter\View\{closure}()
 4 SYSTEMPATH\Common.php(1178): CodeIgniter\View\View->render('yachtProject/us/booking-form', [], true)
 5 APPPATH\Controllers\Yacht.php(148): view('yachtProject/us/booking-form', [...])
 6 SYSTEMPATH\CodeIgniter.php(941): App\Controllers\Yacht->BookingForm()
 7 SYSTEMPATH\CodeIgniter.php(502): CodeIgniter\CodeIgniter->runController(Object(App\Controllers\Yacht))
 8 SYSTEMPATH\CodeIgniter.php(361): CodeIgniter\CodeIgniter->handleRequest(null, Object(Config\Cache), false)
 9 FCPATH\index.php(79): CodeIgniter\CodeIgniter->run()
CRITICAL - 2024-04-30 20:42:20 --> ErrorException: Undefined variable $record
in APPPATH\Views\yachtProject\us\yacht-booking.php on line 81.
 1 APPPATH\Views\yachtProject\us\yacht-booking.php(81): CodeIgniter\Debug\Exceptions->errorHandler(2, 'Undefined variable $record', 'C:\\xampp\\htdocs\\ciproject\\app\\Views\\yachtProject\\us\\yacht-booking.php', 81)
 2 SYSTEMPATH\View\View.php(228): include('C:\\xampp\\htdocs\\ciproject\\app\\Views\\yachtProject\\us\\yacht-booking.php')
 3 SYSTEMPATH\View\View.php(231): CodeIgniter\View\View->CodeIgniter\View\{closure}()
 4 SYSTEMPATH\Common.php(1178): CodeIgniter\View\View->render('yachtProject/us/yacht-booking', [], true)
 5 APPPATH\Controllers\Yacht.php(134): view('yachtProject/us/yacht-booking', [...])
 6 SYSTEMPATH\CodeIgniter.php(941): App\Controllers\Yacht->yachtBookingPage()
 7 SYSTEMPATH\CodeIgniter.php(502): CodeIgniter\CodeIgniter->runController(Object(App\Controllers\Yacht))
 8 SYSTEMPATH\CodeIgniter.php(361): CodeIgniter\CodeIgniter->handleRequest(null, Object(Config\Cache), false)
 9 FCPATH\index.php(79): CodeIgniter\CodeIgniter->run()
CRITICAL - 2024-04-30 23:10:34 --> ErrorException: Undefined variable $record
in APPPATH\Views\yachtProject\us\booking-form.php on line 88.
 1 APPPATH\Views\yachtProject\us\booking-form.php(88): CodeIgniter\Debug\Exceptions->errorHandler(2, 'Undefined variable $record', 'C:\\xampp\\htdocs\\ciproject\\app\\Views\\yachtProject\\us\\booking-form.php', 88)
 2 SYSTEMPATH\View\View.php(228): include('C:\\xampp\\htdocs\\ciproject\\app\\Views\\yachtProject\\us\\booking-form.php')
 3 SYSTEMPATH\View\View.php(231): CodeIgniter\View\View->CodeIgniter\View\{closure}()
 4 SYSTEMPATH\Common.php(1178): CodeIgniter\View\View->render('yachtProject/us/booking-form', [], true)
 5 APPPATH\Controllers\Yacht.php(150): view('yachtProject/us/booking-form', [...])
 6 SYSTEMPATH\CodeIgniter.php(941): App\Controllers\Yacht->BookingForm()
 7 SYSTEMPATH\CodeIgniter.php(502): CodeIgniter\CodeIgniter->runController(Object(App\Controllers\Yacht))
 8 SYSTEMPATH\CodeIgniter.php(361): CodeIgniter\CodeIgniter->handleRequest(null, Object(Config\Cache), false)
 9 FCPATH\index.php(79): CodeIgniter\CodeIgniter->run()
CRITICAL - 2024-04-30 23:10:36 --> ErrorException: Undefined variable $record
in APPPATH\Views\yachtProject\us\booking-form.php on line 88.
 1 APPPATH\Views\yachtProject\us\booking-form.php(88): CodeIgniter\Debug\Exceptions->errorHandler(2, 'Undefined variable $record', 'C:\\xampp\\htdocs\\ciproject\\app\\Views\\yachtProject\\us\\booking-form.php', 88)
 2 SYSTEMPATH\View\View.php(228): include('C:\\xampp\\htdocs\\ciproject\\app\\Views\\yachtProject\\us\\booking-form.php')
 3 SYSTEMPATH\View\View.php(231): CodeIgniter\View\View->CodeIgniter\View\{closure}()
 4 SYSTEMPATH\Common.php(1178): CodeIgniter\View\View->render('yachtProject/us/booking-form', [], true)
 5 APPPATH\Controllers\Yacht.php(150): view('yachtProject/us/booking-form', [...])
 6 SYSTEMPATH\CodeIgniter.php(941): App\Controllers\Yacht->BookingForm()
 7 SYSTEMPATH\CodeIgniter.php(502): CodeIgniter\CodeIgniter->runController(Object(App\Controllers\Yacht))
 8 SYSTEMPATH\CodeIgniter.php(361): CodeIgniter\CodeIgniter->handleRequest(null, Object(Config\Cache), false)
 9 FCPATH\index.php(79): CodeIgniter\CodeIgniter->run()
CRITICAL - 2024-04-30 23:14:22 --> ErrorException: Undefined variable $record
in APPPATH\Views\yachtProject\us\booking-form.php on line 88.
 1 APPPATH\Views\yachtProject\us\booking-form.php(88): CodeIgniter\Debug\Exceptions->errorHandler(2, 'Undefined variable $record', 'C:\\xampp\\htdocs\\ciproject\\app\\Views\\yachtProject\\us\\booking-form.php', 88)
 2 SYSTEMPATH\View\View.php(228): include('C:\\xampp\\htdocs\\ciproject\\app\\Views\\yachtProject\\us\\booking-form.php')
 3 SYSTEMPATH\View\View.php(231): CodeIgniter\View\View->CodeIgniter\View\{closure}()
 4 SYSTEMPATH\Common.php(1178): CodeIgniter\View\View->render('yachtProject/us/booking-form', [], true)
 5 APPPATH\Controllers\Yacht.php(150): view('yachtProject/us/booking-form', [...])
 6 SYSTEMPATH\CodeIgniter.php(941): App\Controllers\Yacht->BookingForm()
 7 SYSTEMPATH\CodeIgniter.php(502): CodeIgniter\CodeIgniter->runController(Object(App\Controllers\Yacht))
 8 SYSTEMPATH\CodeIgniter.php(361): CodeIgniter\CodeIgniter->handleRequest(null, Object(Config\Cache), false)
 9 FCPATH\index.php(79): CodeIgniter\CodeIgniter->run()
CRITICAL - 2024-04-30 23:26:49 --> ErrorException: Undefined variable $record
in APPPATH\Views\yachtProject\us\booking-form.php on line 86.
 1 APPPATH\Views\yachtProject\us\booking-form.php(86): CodeIgniter\Debug\Exceptions->errorHandler(2, 'Undefined variable $record', 'C:\\xampp\\htdocs\\ciproject\\app\\Views\\yachtProject\\us\\booking-form.php', 86)
 2 SYSTEMPATH\View\View.php(228): include('C:\\xampp\\htdocs\\ciproject\\app\\Views\\yachtProject\\us\\booking-form.php')
 3 SYSTEMPATH\View\View.php(231): CodeIgniter\View\View->CodeIgniter\View\{closure}()
 4 SYSTEMPATH\Common.php(1178): CodeIgniter\View\View->render('yachtProject/us/booking-form', [], true)
 5 APPPATH\Controllers\Yacht.php(150): view('yachtProject/us/booking-form', [...])
 6 SYSTEMPATH\CodeIgniter.php(941): App\Controllers\Yacht->BookingForm()
 7 SYSTEMPATH\CodeIgniter.php(502): CodeIgniter\CodeIgniter->runController(Object(App\Controllers\Yacht))
 8 SYSTEMPATH\CodeIgniter.php(361): CodeIgniter\CodeIgniter->handleRequest(null, Object(Config\Cache), false)
 9 FCPATH\index.php(79): CodeIgniter\CodeIgniter->run()
