CRITICAL - 2024-07-09 19:20:45 --> ErrorException: Undefined variable $record
in APPPATH\Views\yacht-detail.php on line 157.
 1 APPPATH\Views\yacht-detail.php(157): CodeIgniter\Debug\Exceptions->errorHandler(2, 'Undefined variable $record', 'C:\\xampp\\htdocs\\bmy\\app\\Views\\yacht-detail.php', 157)
 2 SYSTEMPATH\View\View.php(228): include('C:\\xampp\\htdocs\\bmy\\app\\Views\\yacht-detail.php')
 3 SYSTEMPATH\View\View.php(231): CodeIgniter\View\View->CodeIgniter\View\{closure}()
 4 SYSTEMPATH\Common.php(1178): CodeIgniter\View\View->render('yacht-detail', [], true)
 5 APPPATH\Controllers\Yacht.php(86): view('yacht-detail', [...])
 6 SYSTEMPATH\CodeIgniter.php(941): App\Controllers\Yacht->yachtDetail()
 7 SYSTEMPATH\CodeIgniter.php(502): CodeIgniter\CodeIgniter->runController(Object(App\Controllers\Yacht))
 8 SYSTEMPATH\CodeIgniter.php(361): CodeIgniter\CodeIgniter->handleRequest(null, Object(Config\Cache), false)
 9 FCPATH\index.php(79): CodeIgniter\CodeIgniter->run()
CRITICAL - 2024-07-09 19:26:32 --> ParseError: syntax error, unexpected token ")"
in APPPATH\Views\yacht-detail.php on line 260.
 1 SYSTEMPATH\View\View.php(231): CodeIgniter\View\View->CodeIgniter\View\{closure}()
 2 SYSTEMPATH\Common.php(1178): CodeIgniter\View\View->render('yacht-detail', [], true)
 3 APPPATH\Controllers\Yacht.php(79): view('yacht-detail', [...])
 4 SYSTEMPATH\CodeIgniter.php(941): App\Controllers\Yacht->yachtRecordEditnew('12')
 5 SYSTEMPATH\CodeIgniter.php(502): CodeIgniter\CodeIgniter->runController(Object(App\Controllers\Yacht))
 6 SYSTEMPATH\CodeIgniter.php(361): CodeIgniter\CodeIgniter->handleRequest(null, Object(Config\Cache), false)
 7 FCPATH\index.php(79): CodeIgniter\CodeIgniter->run()
CRITICAL - 2024-07-09 19:26:33 --> ParseError: syntax error, unexpected token ")"
in APPPATH\Views\yacht-detail.php on line 260.
 1 SYSTEMPATH\View\View.php(231): CodeIgniter\View\View->CodeIgniter\View\{closure}()
 2 SYSTEMPATH\Common.php(1178): CodeIgniter\View\View->render('yacht-detail', [], true)
 3 APPPATH\Controllers\Yacht.php(79): view('yacht-detail', [...])
 4 SYSTEMPATH\CodeIgniter.php(941): App\Controllers\Yacht->yachtRecordEditnew('12')
 5 SYSTEMPATH\CodeIgniter.php(502): CodeIgniter\CodeIgniter->runController(Object(App\Controllers\Yacht))
 6 SYSTEMPATH\CodeIgniter.php(361): CodeIgniter\CodeIgniter->handleRequest(null, Object(Config\Cache), false)
 7 FCPATH\index.php(79): CodeIgniter\CodeIgniter->run()
CRITICAL - 2024-07-09 21:09:55 --> ErrorException: Undefined array key "time"
in APPPATH\Views\NewYachtCRM\holidays.php on line 133.
 1 APPPATH\Views\NewYachtCRM\holidays.php(133): CodeIgniter\Debug\Exceptions->errorHandler(2, 'Undefined array key "time"', 'C:\\xampp\\htdocs\\bmy\\app\\Views\\NewYachtCRM\\holidays.php', 133)
 2 SYSTEMPATH\View\View.php(228): include('C:\\xampp\\htdocs\\bmy\\app\\Views\\NewYachtCRM\\holidays.php')
 3 SYSTEMPATH\View\View.php(231): CodeIgniter\View\View->CodeIgniter\View\{closure}()
 4 SYSTEMPATH\Common.php(1178): CodeIgniter\View\View->render('NewYachtCRM/holidays', [], true)
 5 APPPATH\Controllers\NewYachtCRM.php(108): view('NewYachtCRM/holidays', [...])
 6 SYSTEMPATH\CodeIgniter.php(941): App\Controllers\NewYachtCRM->holidays()
 7 SYSTEMPATH\CodeIgniter.php(502): CodeIgniter\CodeIgniter->runController(Object(App\Controllers\NewYachtCRM))
 8 SYSTEMPATH\CodeIgniter.php(361): CodeIgniter\CodeIgniter->handleRequest(null, Object(Config\Cache), false)
 9 FCPATH\index.php(79): CodeIgniter\CodeIgniter->run()
CRITICAL - 2024-07-09 22:07:49 --> ParseError: syntax error, unexpected single-quoted string "reason", expecting "]"
in APPPATH\Controllers\NewYachtCRM.php on line 143.
 1 SYSTEMPATH\Autoloader\Autoloader.php(288): CodeIgniter\Autoloader\Autoloader->includeFile('C:\\xampp\\htdocs\\bmy\\app\\Controllers\\NewYachtCRM.php')
 2 SYSTEMPATH\Autoloader\Autoloader.php(266): CodeIgniter\Autoloader\Autoloader->loadInNamespace('App\\Controllers\\NewYachtCRM')
 3 [internal function]: CodeIgniter\Autoloader\Autoloader->loadClass('App\\Controllers\\NewYachtCRM')
 4 SYSTEMPATH\CodeIgniter.php(899): class_exists('\\App\\Controllers\\NewYachtCRM', true)
 5 SYSTEMPATH\CodeIgniter.php(489): CodeIgniter\CodeIgniter->startController()
 6 SYSTEMPATH\CodeIgniter.php(361): CodeIgniter\CodeIgniter->handleRequest(null, Object(Config\Cache), false)
 7 FCPATH\index.php(79): CodeIgniter\CodeIgniter->run()
CRITICAL - 2024-07-09 22:09:10 --> ParseError: syntax error, unexpected single-quoted string "reason", expecting "]"
in APPPATH\Controllers\NewYachtCRM.php on line 142.
 1 SYSTEMPATH\Autoloader\Autoloader.php(288): CodeIgniter\Autoloader\Autoloader->includeFile('C:\\xampp\\htdocs\\bmy\\app\\Controllers\\NewYachtCRM.php')
 2 SYSTEMPATH\Autoloader\Autoloader.php(266): CodeIgniter\Autoloader\Autoloader->loadInNamespace('App\\Controllers\\NewYachtCRM')
 3 [internal function]: CodeIgniter\Autoloader\Autoloader->loadClass('App\\Controllers\\NewYachtCRM')
 4 SYSTEMPATH\CodeIgniter.php(899): class_exists('\\App\\Controllers\\NewYachtCRM', true)
 5 SYSTEMPATH\CodeIgniter.php(489): CodeIgniter\CodeIgniter->startController()
 6 SYSTEMPATH\CodeIgniter.php(361): CodeIgniter\CodeIgniter->handleRequest(null, Object(Config\Cache), false)
 7 FCPATH\index.php(79): CodeIgniter\CodeIgniter->run()
CRITICAL - 2024-07-09 22:09:10 --> ParseError: syntax error, unexpected single-quoted string "reason", expecting "]"
in APPPATH\Controllers\NewYachtCRM.php on line 142.
 1 SYSTEMPATH\Autoloader\Autoloader.php(288): CodeIgniter\Autoloader\Autoloader->includeFile('C:\\xampp\\htdocs\\bmy\\app\\Controllers\\NewYachtCRM.php')
 2 SYSTEMPATH\Autoloader\Autoloader.php(266): CodeIgniter\Autoloader\Autoloader->loadInNamespace('App\\Controllers\\NewYachtCRM')
 3 [internal function]: CodeIgniter\Autoloader\Autoloader->loadClass('App\\Controllers\\NewYachtCRM')
 4 SYSTEMPATH\CodeIgniter.php(899): class_exists('\\App\\Controllers\\NewYachtCRM', true)
 5 SYSTEMPATH\CodeIgniter.php(489): CodeIgniter\CodeIgniter->startController()
 6 SYSTEMPATH\CodeIgniter.php(361): CodeIgniter\CodeIgniter->handleRequest(null, Object(Config\Cache), false)
 7 FCPATH\index.php(79): CodeIgniter\CodeIgniter->run()
CRITICAL - 2024-07-09 22:09:10 --> ParseError: syntax error, unexpected single-quoted string "reason", expecting "]"
in APPPATH\Controllers\NewYachtCRM.php on line 142.
 1 SYSTEMPATH\Autoloader\Autoloader.php(288): CodeIgniter\Autoloader\Autoloader->includeFile('C:\\xampp\\htdocs\\bmy\\app\\Controllers\\NewYachtCRM.php')
 2 SYSTEMPATH\Autoloader\Autoloader.php(266): CodeIgniter\Autoloader\Autoloader->loadInNamespace('App\\Controllers\\NewYachtCRM')
 3 [internal function]: CodeIgniter\Autoloader\Autoloader->loadClass('App\\Controllers\\NewYachtCRM')
 4 SYSTEMPATH\CodeIgniter.php(899): class_exists('\\App\\Controllers\\NewYachtCRM', true)
 5 SYSTEMPATH\CodeIgniter.php(489): CodeIgniter\CodeIgniter->startController()
 6 SYSTEMPATH\CodeIgniter.php(361): CodeIgniter\CodeIgniter->handleRequest(null, Object(Config\Cache), false)
 7 FCPATH\index.php(79): CodeIgniter\CodeIgniter->run()
CRITICAL - 2024-07-09 22:09:11 --> ParseError: syntax error, unexpected single-quoted string "reason", expecting "]"
in APPPATH\Controllers\NewYachtCRM.php on line 142.
 1 SYSTEMPATH\Autoloader\Autoloader.php(288): CodeIgniter\Autoloader\Autoloader->includeFile('C:\\xampp\\htdocs\\bmy\\app\\Controllers\\NewYachtCRM.php')
 2 SYSTEMPATH\Autoloader\Autoloader.php(266): CodeIgniter\Autoloader\Autoloader->loadInNamespace('App\\Controllers\\NewYachtCRM')
 3 [internal function]: CodeIgniter\Autoloader\Autoloader->loadClass('App\\Controllers\\NewYachtCRM')
 4 SYSTEMPATH\CodeIgniter.php(899): class_exists('\\App\\Controllers\\NewYachtCRM', true)
 5 SYSTEMPATH\CodeIgniter.php(489): CodeIgniter\CodeIgniter->startController()
 6 SYSTEMPATH\CodeIgniter.php(361): CodeIgniter\CodeIgniter->handleRequest(null, Object(Config\Cache), false)
 7 FCPATH\index.php(79): CodeIgniter\CodeIgniter->run()
CRITICAL - 2024-07-09 22:09:11 --> ParseError: syntax error, unexpected single-quoted string "reason", expecting "]"
in APPPATH\Controllers\NewYachtCRM.php on line 142.
 1 SYSTEMPATH\Autoloader\Autoloader.php(288): CodeIgniter\Autoloader\Autoloader->includeFile('C:\\xampp\\htdocs\\bmy\\app\\Controllers\\NewYachtCRM.php')
 2 SYSTEMPATH\Autoloader\Autoloader.php(266): CodeIgniter\Autoloader\Autoloader->loadInNamespace('App\\Controllers\\NewYachtCRM')
 3 [internal function]: CodeIgniter\Autoloader\Autoloader->loadClass('App\\Controllers\\NewYachtCRM')
 4 SYSTEMPATH\CodeIgniter.php(899): class_exists('\\App\\Controllers\\NewYachtCRM', true)
 5 SYSTEMPATH\CodeIgniter.php(489): CodeIgniter\CodeIgniter->startController()
 6 SYSTEMPATH\CodeIgniter.php(361): CodeIgniter\CodeIgniter->handleRequest(null, Object(Config\Cache), false)
 7 FCPATH\index.php(79): CodeIgniter\CodeIgniter->run()
CRITICAL - 2024-07-09 22:09:11 --> ParseError: syntax error, unexpected single-quoted string "reason", expecting "]"
in APPPATH\Controllers\NewYachtCRM.php on line 142.
 1 SYSTEMPATH\Autoloader\Autoloader.php(288): CodeIgniter\Autoloader\Autoloader->includeFile('C:\\xampp\\htdocs\\bmy\\app\\Controllers\\NewYachtCRM.php')
 2 SYSTEMPATH\Autoloader\Autoloader.php(266): CodeIgniter\Autoloader\Autoloader->loadInNamespace('App\\Controllers\\NewYachtCRM')
 3 [internal function]: CodeIgniter\Autoloader\Autoloader->loadClass('App\\Controllers\\NewYachtCRM')
 4 SYSTEMPATH\CodeIgniter.php(899): class_exists('\\App\\Controllers\\NewYachtCRM', true)
 5 SYSTEMPATH\CodeIgniter.php(489): CodeIgniter\CodeIgniter->startController()
 6 SYSTEMPATH\CodeIgniter.php(361): CodeIgniter\CodeIgniter->handleRequest(null, Object(Config\Cache), false)
 7 FCPATH\index.php(79): CodeIgniter\CodeIgniter->run()
CRITICAL - 2024-07-09 22:32:03 --> ErrorException: Undefined array key "time"
in APPPATH\Views\NewYachtCRM\holidays.php on line 155.
 1 APPPATH\Views\NewYachtCRM\holidays.php(155): CodeIgniter\Debug\Exceptions->errorHandler(2, 'Undefined array key "time"', 'C:\\xampp\\htdocs\\bmy\\app\\Views\\NewYachtCRM\\holidays.php', 155)
 2 SYSTEMPATH\View\View.php(228): include('C:\\xampp\\htdocs\\bmy\\app\\Views\\NewYachtCRM\\holidays.php')
 3 SYSTEMPATH\View\View.php(231): CodeIgniter\View\View->CodeIgniter\View\{closure}()
 4 SYSTEMPATH\Common.php(1178): CodeIgniter\View\View->render('NewYachtCRM/holidays', [], true)
 5 APPPATH\Controllers\NewYachtCRM.php(108): view('NewYachtCRM/holidays', [...])
 6 SYSTEMPATH\CodeIgniter.php(941): App\Controllers\NewYachtCRM->holidays()
 7 SYSTEMPATH\CodeIgniter.php(502): CodeIgniter\CodeIgniter->runController(Object(App\Controllers\NewYachtCRM))
 8 SYSTEMPATH\CodeIgniter.php(361): CodeIgniter\CodeIgniter->handleRequest(null, Object(Config\Cache), false)
 9 FCPATH\index.php(79): CodeIgniter\CodeIgniter->run()
CRITICAL - 2024-07-09 23:20:39 --> ParseError: syntax error, unexpected token ";", expecting "{"
in APPPATH\Controllers\NewYachtCRM.php on line 12.
 1 SYSTEMPATH\Autoloader\Autoloader.php(288): CodeIgniter\Autoloader\Autoloader->includeFile('C:\\xampp\\htdocs\\bmy\\app\\Controllers\\NewYachtCRM.php')
 2 SYSTEMPATH\Autoloader\Autoloader.php(266): CodeIgniter\Autoloader\Autoloader->loadInNamespace('App\\Controllers\\NewYachtCRM')
 3 [internal function]: CodeIgniter\Autoloader\Autoloader->loadClass('App\\Controllers\\NewYachtCRM')
 4 SYSTEMPATH\CodeIgniter.php(899): class_exists('\\App\\Controllers\\NewYachtCRM', true)
 5 SYSTEMPATH\CodeIgniter.php(489): CodeIgniter\CodeIgniter->startController()
 6 SYSTEMPATH\CodeIgniter.php(361): CodeIgniter\CodeIgniter->handleRequest(null, Object(Config\Cache), false)
 7 FCPATH\index.php(79): CodeIgniter\CodeIgniter->run()
CRITICAL - 2024-07-09 23:20:41 --> ParseError: syntax error, unexpected token ";", expecting "{"
in APPPATH\Controllers\NewYachtCRM.php on line 12.
 1 SYSTEMPATH\Autoloader\Autoloader.php(288): CodeIgniter\Autoloader\Autoloader->includeFile('C:\\xampp\\htdocs\\bmy\\app\\Controllers\\NewYachtCRM.php')
 2 SYSTEMPATH\Autoloader\Autoloader.php(266): CodeIgniter\Autoloader\Autoloader->loadInNamespace('App\\Controllers\\NewYachtCRM')
 3 [internal function]: CodeIgniter\Autoloader\Autoloader->loadClass('App\\Controllers\\NewYachtCRM')
 4 SYSTEMPATH\CodeIgniter.php(899): class_exists('\\App\\Controllers\\NewYachtCRM', true)
 5 SYSTEMPATH\CodeIgniter.php(489): CodeIgniter\CodeIgniter->startController()
 6 SYSTEMPATH\CodeIgniter.php(361): CodeIgniter\CodeIgniter->handleRequest(null, Object(Config\Cache), false)
 7 FCPATH\index.php(79): CodeIgniter\CodeIgniter->run()
CRITICAL - 2024-07-09 23:20:43 --> ParseError: syntax error, unexpected token ";", expecting "{"
in APPPATH\Controllers\NewYachtCRM.php on line 12.
 1 SYSTEMPATH\Autoloader\Autoloader.php(288): CodeIgniter\Autoloader\Autoloader->includeFile('C:\\xampp\\htdocs\\bmy\\app\\Controllers\\NewYachtCRM.php')
 2 SYSTEMPATH\Autoloader\Autoloader.php(266): CodeIgniter\Autoloader\Autoloader->loadInNamespace('App\\Controllers\\NewYachtCRM')
 3 [internal function]: CodeIgniter\Autoloader\Autoloader->loadClass('App\\Controllers\\NewYachtCRM')
 4 SYSTEMPATH\CodeIgniter.php(899): class_exists('\\App\\Controllers\\NewYachtCRM', true)
 5 SYSTEMPATH\CodeIgniter.php(489): CodeIgniter\CodeIgniter->startController()
 6 SYSTEMPATH\CodeIgniter.php(361): CodeIgniter\CodeIgniter->handleRequest(null, Object(Config\Cache), false)
 7 FCPATH\index.php(79): CodeIgniter\CodeIgniter->run()
