CRITICAL - 2024-05-24 17:58:20 --> ErrorException: Array to string conversion
in APPPATH\Views\yachtProject\us\booking-confirm.php on line 32.
 1 APPPATH\Views\yachtProject\us\booking-confirm.php(32): CodeIgniter\Debug\Exceptions->errorHandler(2, 'Array to string conversion', 'C:\\xampp\\htdocs\\ciproject\\app\\Views\\yachtProject\\us\\booking-confirm.php', 32)
 2 SYSTEMPATH\View\View.php(228): include('C:\\xampp\\htdocs\\ciproject\\app\\Views\\yachtProject\\us\\booking-confirm.php')
 3 SYSTEMPATH\View\View.php(231): CodeIgniter\View\View->CodeIgniter\View\{closure}()
 4 SYSTEMPATH\Common.php(1178): CodeIgniter\View\View->render('yachtProject/us/booking-confirm', [], true)
 5 APPPATH\Controllers\Yacht.php(305): view('yachtProject/us/booking-confirm', [...])
 6 SYSTEMPATH\CodeIgniter.php(941): App\Controllers\Yacht->bookingConfirm()
 7 SYSTEMPATH\CodeIgniter.php(502): CodeIgniter\CodeIgniter->runController(Object(App\Controllers\Yacht))
 8 SYSTEMPATH\CodeIgniter.php(361): CodeIgniter\CodeIgniter->handleRequest(null, Object(Config\Cache), false)
 9 FCPATH\index.php(79): CodeIgniter\CodeIgniter->run()
CRITICAL - 2024-05-24 17:59:05 --> ErrorException: Array to string conversion
in APPPATH\Views\yachtProject\us\booking-confirm.php on line 46.
 1 APPPATH\Views\yachtProject\us\booking-confirm.php(46): CodeIgniter\Debug\Exceptions->errorHandler(2, 'Array to string conversion', 'C:\\xampp\\htdocs\\ciproject\\app\\Views\\yachtProject\\us\\booking-confirm.php', 46)
 2 SYSTEMPATH\View\View.php(228): include('C:\\xampp\\htdocs\\ciproject\\app\\Views\\yachtProject\\us\\booking-confirm.php')
 3 SYSTEMPATH\View\View.php(231): CodeIgniter\View\View->CodeIgniter\View\{closure}()
 4 SYSTEMPATH\Common.php(1178): CodeIgniter\View\View->render('yachtProject/us/booking-confirm', [], true)
 5 APPPATH\Controllers\Yacht.php(305): view('yachtProject/us/booking-confirm', [...])
 6 SYSTEMPATH\CodeIgniter.php(941): App\Controllers\Yacht->bookingConfirm()
 7 SYSTEMPATH\CodeIgniter.php(502): CodeIgniter\CodeIgniter->runController(Object(App\Controllers\Yacht))
 8 SYSTEMPATH\CodeIgniter.php(361): CodeIgniter\CodeIgniter->handleRequest(null, Object(Config\Cache), false)
 9 FCPATH\index.php(79): CodeIgniter\CodeIgniter->run()
CRITICAL - 2024-05-24 17:59:06 --> ErrorException: Array to string conversion
in APPPATH\Views\yachtProject\us\booking-confirm.php on line 46.
 1 APPPATH\Views\yachtProject\us\booking-confirm.php(46): CodeIgniter\Debug\Exceptions->errorHandler(2, 'Array to string conversion', 'C:\\xampp\\htdocs\\ciproject\\app\\Views\\yachtProject\\us\\booking-confirm.php', 46)
 2 SYSTEMPATH\View\View.php(228): include('C:\\xampp\\htdocs\\ciproject\\app\\Views\\yachtProject\\us\\booking-confirm.php')
 3 SYSTEMPATH\View\View.php(231): CodeIgniter\View\View->CodeIgniter\View\{closure}()
 4 SYSTEMPATH\Common.php(1178): CodeIgniter\View\View->render('yachtProject/us/booking-confirm', [], true)
 5 APPPATH\Controllers\Yacht.php(305): view('yachtProject/us/booking-confirm', [...])
 6 SYSTEMPATH\CodeIgniter.php(941): App\Controllers\Yacht->bookingConfirm()
 7 SYSTEMPATH\CodeIgniter.php(502): CodeIgniter\CodeIgniter->runController(Object(App\Controllers\Yacht))
 8 SYSTEMPATH\CodeIgniter.php(361): CodeIgniter\CodeIgniter->handleRequest(null, Object(Config\Cache), false)
 9 FCPATH\index.php(79): CodeIgniter\CodeIgniter->run()
CRITICAL - 2024-05-24 17:59:06 --> ErrorException: Array to string conversion
in APPPATH\Views\yachtProject\us\booking-confirm.php on line 46.
 1 APPPATH\Views\yachtProject\us\booking-confirm.php(46): CodeIgniter\Debug\Exceptions->errorHandler(2, 'Array to string conversion', 'C:\\xampp\\htdocs\\ciproject\\app\\Views\\yachtProject\\us\\booking-confirm.php', 46)
 2 SYSTEMPATH\View\View.php(228): include('C:\\xampp\\htdocs\\ciproject\\app\\Views\\yachtProject\\us\\booking-confirm.php')
 3 SYSTEMPATH\View\View.php(231): CodeIgniter\View\View->CodeIgniter\View\{closure}()
 4 SYSTEMPATH\Common.php(1178): CodeIgniter\View\View->render('yachtProject/us/booking-confirm', [], true)
 5 APPPATH\Controllers\Yacht.php(305): view('yachtProject/us/booking-confirm', [...])
 6 SYSTEMPATH\CodeIgniter.php(941): App\Controllers\Yacht->bookingConfirm()
 7 SYSTEMPATH\CodeIgniter.php(502): CodeIgniter\CodeIgniter->runController(Object(App\Controllers\Yacht))
 8 SYSTEMPATH\CodeIgniter.php(361): CodeIgniter\CodeIgniter->handleRequest(null, Object(Config\Cache), false)
 9 FCPATH\index.php(79): CodeIgniter\CodeIgniter->run()
CRITICAL - 2024-05-24 18:05:10 --> ErrorException: Undefined array key "build_name"
in APPPATH\Views\yachtProject\us\booking-confirm.php on line 71.
 1 APPPATH\Views\yachtProject\us\booking-confirm.php(71): CodeIgniter\Debug\Exceptions->errorHandler(2, 'Undefined array key "build_name"', 'C:\\xampp\\htdocs\\ciproject\\app\\Views\\yachtProject\\us\\booking-confirm.php', 71)
 2 SYSTEMPATH\View\View.php(228): include('C:\\xampp\\htdocs\\ciproject\\app\\Views\\yachtProject\\us\\booking-confirm.php')
 3 SYSTEMPATH\View\View.php(231): CodeIgniter\View\View->CodeIgniter\View\{closure}()
 4 SYSTEMPATH\Common.php(1178): CodeIgniter\View\View->render('yachtProject/us/booking-confirm', [], true)
 5 APPPATH\Controllers\Yacht.php(305): view('yachtProject/us/booking-confirm', [...])
 6 SYSTEMPATH\CodeIgniter.php(941): App\Controllers\Yacht->bookingConfirm()
 7 SYSTEMPATH\CodeIgniter.php(502): CodeIgniter\CodeIgniter->runController(Object(App\Controllers\Yacht))
 8 SYSTEMPATH\CodeIgniter.php(361): CodeIgniter\CodeIgniter->handleRequest(null, Object(Config\Cache), false)
 9 FCPATH\index.php(79): CodeIgniter\CodeIgniter->run()
CRITICAL - 2024-05-24 18:05:54 --> ErrorException: Undefined array key "build_name"
in APPPATH\Views\yachtProject\us\booking-confirm.php on line 71.
 1 APPPATH\Views\yachtProject\us\booking-confirm.php(71): CodeIgniter\Debug\Exceptions->errorHandler(2, 'Undefined array key "build_name"', 'C:\\xampp\\htdocs\\ciproject\\app\\Views\\yachtProject\\us\\booking-confirm.php', 71)
 2 SYSTEMPATH\View\View.php(228): include('C:\\xampp\\htdocs\\ciproject\\app\\Views\\yachtProject\\us\\booking-confirm.php')
 3 SYSTEMPATH\View\View.php(231): CodeIgniter\View\View->CodeIgniter\View\{closure}()
 4 SYSTEMPATH\Common.php(1178): CodeIgniter\View\View->render('yachtProject/us/booking-confirm', [], true)
 5 APPPATH\Controllers\Yacht.php(305): view('yachtProject/us/booking-confirm', [...])
 6 SYSTEMPATH\CodeIgniter.php(941): App\Controllers\Yacht->bookingConfirm()
 7 SYSTEMPATH\CodeIgniter.php(502): CodeIgniter\CodeIgniter->runController(Object(App\Controllers\Yacht))
 8 SYSTEMPATH\CodeIgniter.php(361): CodeIgniter\CodeIgniter->handleRequest(null, Object(Config\Cache), false)
 9 FCPATH\index.php(79): CodeIgniter\CodeIgniter->run()
CRITICAL - 2024-05-24 18:05:55 --> ErrorException: Undefined array key "build_name"
in APPPATH\Views\yachtProject\us\booking-confirm.php on line 71.
 1 APPPATH\Views\yachtProject\us\booking-confirm.php(71): CodeIgniter\Debug\Exceptions->errorHandler(2, 'Undefined array key "build_name"', 'C:\\xampp\\htdocs\\ciproject\\app\\Views\\yachtProject\\us\\booking-confirm.php', 71)
 2 SYSTEMPATH\View\View.php(228): include('C:\\xampp\\htdocs\\ciproject\\app\\Views\\yachtProject\\us\\booking-confirm.php')
 3 SYSTEMPATH\View\View.php(231): CodeIgniter\View\View->CodeIgniter\View\{closure}()
 4 SYSTEMPATH\Common.php(1178): CodeIgniter\View\View->render('yachtProject/us/booking-confirm', [], true)
 5 APPPATH\Controllers\Yacht.php(305): view('yachtProject/us/booking-confirm', [...])
 6 SYSTEMPATH\CodeIgniter.php(941): App\Controllers\Yacht->bookingConfirm()
 7 SYSTEMPATH\CodeIgniter.php(502): CodeIgniter\CodeIgniter->runController(Object(App\Controllers\Yacht))
 8 SYSTEMPATH\CodeIgniter.php(361): CodeIgniter\CodeIgniter->handleRequest(null, Object(Config\Cache), false)
 9 FCPATH\index.php(79): CodeIgniter\CodeIgniter->run()
CRITICAL - 2024-05-24 18:05:55 --> ErrorException: Undefined array key "build_name"
in APPPATH\Views\yachtProject\us\booking-confirm.php on line 71.
 1 APPPATH\Views\yachtProject\us\booking-confirm.php(71): CodeIgniter\Debug\Exceptions->errorHandler(2, 'Undefined array key "build_name"', 'C:\\xampp\\htdocs\\ciproject\\app\\Views\\yachtProject\\us\\booking-confirm.php', 71)
 2 SYSTEMPATH\View\View.php(228): include('C:\\xampp\\htdocs\\ciproject\\app\\Views\\yachtProject\\us\\booking-confirm.php')
 3 SYSTEMPATH\View\View.php(231): CodeIgniter\View\View->CodeIgniter\View\{closure}()
 4 SYSTEMPATH\Common.php(1178): CodeIgniter\View\View->render('yachtProject/us/booking-confirm', [], true)
 5 APPPATH\Controllers\Yacht.php(305): view('yachtProject/us/booking-confirm', [...])
 6 SYSTEMPATH\CodeIgniter.php(941): App\Controllers\Yacht->bookingConfirm()
 7 SYSTEMPATH\CodeIgniter.php(502): CodeIgniter\CodeIgniter->runController(Object(App\Controllers\Yacht))
 8 SYSTEMPATH\CodeIgniter.php(361): CodeIgniter\CodeIgniter->handleRequest(null, Object(Config\Cache), false)
 9 FCPATH\index.php(79): CodeIgniter\CodeIgniter->run()
CRITICAL - 2024-05-24 18:05:55 --> ErrorException: Undefined array key "build_name"
in APPPATH\Views\yachtProject\us\booking-confirm.php on line 71.
 1 APPPATH\Views\yachtProject\us\booking-confirm.php(71): CodeIgniter\Debug\Exceptions->errorHandler(2, 'Undefined array key "build_name"', 'C:\\xampp\\htdocs\\ciproject\\app\\Views\\yachtProject\\us\\booking-confirm.php', 71)
 2 SYSTEMPATH\View\View.php(228): include('C:\\xampp\\htdocs\\ciproject\\app\\Views\\yachtProject\\us\\booking-confirm.php')
 3 SYSTEMPATH\View\View.php(231): CodeIgniter\View\View->CodeIgniter\View\{closure}()
 4 SYSTEMPATH\Common.php(1178): CodeIgniter\View\View->render('yachtProject/us/booking-confirm', [], true)
 5 APPPATH\Controllers\Yacht.php(305): view('yachtProject/us/booking-confirm', [...])
 6 SYSTEMPATH\CodeIgniter.php(941): App\Controllers\Yacht->bookingConfirm()
 7 SYSTEMPATH\CodeIgniter.php(502): CodeIgniter\CodeIgniter->runController(Object(App\Controllers\Yacht))
 8 SYSTEMPATH\CodeIgniter.php(361): CodeIgniter\CodeIgniter->handleRequest(null, Object(Config\Cache), false)
 9 FCPATH\index.php(79): CodeIgniter\CodeIgniter->run()
CRITICAL - 2024-05-24 18:05:56 --> ErrorException: Undefined array key "build_name"
in APPPATH\Views\yachtProject\us\booking-confirm.php on line 71.
 1 APPPATH\Views\yachtProject\us\booking-confirm.php(71): CodeIgniter\Debug\Exceptions->errorHandler(2, 'Undefined array key "build_name"', 'C:\\xampp\\htdocs\\ciproject\\app\\Views\\yachtProject\\us\\booking-confirm.php', 71)
 2 SYSTEMPATH\View\View.php(228): include('C:\\xampp\\htdocs\\ciproject\\app\\Views\\yachtProject\\us\\booking-confirm.php')
 3 SYSTEMPATH\View\View.php(231): CodeIgniter\View\View->CodeIgniter\View\{closure}()
 4 SYSTEMPATH\Common.php(1178): CodeIgniter\View\View->render('yachtProject/us/booking-confirm', [], true)
 5 APPPATH\Controllers\Yacht.php(305): view('yachtProject/us/booking-confirm', [...])
 6 SYSTEMPATH\CodeIgniter.php(941): App\Controllers\Yacht->bookingConfirm()
 7 SYSTEMPATH\CodeIgniter.php(502): CodeIgniter\CodeIgniter->runController(Object(App\Controllers\Yacht))
 8 SYSTEMPATH\CodeIgniter.php(361): CodeIgniter\CodeIgniter->handleRequest(null, Object(Config\Cache), false)
 9 FCPATH\index.php(79): CodeIgniter\CodeIgniter->run()
CRITICAL - 2024-05-24 18:05:57 --> ErrorException: Undefined array key "build_name"
in APPPATH\Views\yachtProject\us\booking-confirm.php on line 71.
 1 APPPATH\Views\yachtProject\us\booking-confirm.php(71): CodeIgniter\Debug\Exceptions->errorHandler(2, 'Undefined array key "build_name"', 'C:\\xampp\\htdocs\\ciproject\\app\\Views\\yachtProject\\us\\booking-confirm.php', 71)
 2 SYSTEMPATH\View\View.php(228): include('C:\\xampp\\htdocs\\ciproject\\app\\Views\\yachtProject\\us\\booking-confirm.php')
 3 SYSTEMPATH\View\View.php(231): CodeIgniter\View\View->CodeIgniter\View\{closure}()
 4 SYSTEMPATH\Common.php(1178): CodeIgniter\View\View->render('yachtProject/us/booking-confirm', [], true)
 5 APPPATH\Controllers\Yacht.php(305): view('yachtProject/us/booking-confirm', [...])
 6 SYSTEMPATH\CodeIgniter.php(941): App\Controllers\Yacht->bookingConfirm()
 7 SYSTEMPATH\CodeIgniter.php(502): CodeIgniter\CodeIgniter->runController(Object(App\Controllers\Yacht))
 8 SYSTEMPATH\CodeIgniter.php(361): CodeIgniter\CodeIgniter->handleRequest(null, Object(Config\Cache), false)
 9 FCPATH\index.php(79): CodeIgniter\CodeIgniter->run()
CRITICAL - 2024-05-24 18:05:57 --> ErrorException: Undefined array key "build_name"
in APPPATH\Views\yachtProject\us\booking-confirm.php on line 71.
 1 APPPATH\Views\yachtProject\us\booking-confirm.php(71): CodeIgniter\Debug\Exceptions->errorHandler(2, 'Undefined array key "build_name"', 'C:\\xampp\\htdocs\\ciproject\\app\\Views\\yachtProject\\us\\booking-confirm.php', 71)
 2 SYSTEMPATH\View\View.php(228): include('C:\\xampp\\htdocs\\ciproject\\app\\Views\\yachtProject\\us\\booking-confirm.php')
 3 SYSTEMPATH\View\View.php(231): CodeIgniter\View\View->CodeIgniter\View\{closure}()
 4 SYSTEMPATH\Common.php(1178): CodeIgniter\View\View->render('yachtProject/us/booking-confirm', [], true)
 5 APPPATH\Controllers\Yacht.php(305): view('yachtProject/us/booking-confirm', [...])
 6 SYSTEMPATH\CodeIgniter.php(941): App\Controllers\Yacht->bookingConfirm()
 7 SYSTEMPATH\CodeIgniter.php(502): CodeIgniter\CodeIgniter->runController(Object(App\Controllers\Yacht))
 8 SYSTEMPATH\CodeIgniter.php(361): CodeIgniter\CodeIgniter->handleRequest(null, Object(Config\Cache), false)
 9 FCPATH\index.php(79): CodeIgniter\CodeIgniter->run()
CRITICAL - 2024-05-24 18:05:57 --> ErrorException: Undefined array key "build_name"
in APPPATH\Views\yachtProject\us\booking-confirm.php on line 71.
 1 APPPATH\Views\yachtProject\us\booking-confirm.php(71): CodeIgniter\Debug\Exceptions->errorHandler(2, 'Undefined array key "build_name"', 'C:\\xampp\\htdocs\\ciproject\\app\\Views\\yachtProject\\us\\booking-confirm.php', 71)
 2 SYSTEMPATH\View\View.php(228): include('C:\\xampp\\htdocs\\ciproject\\app\\Views\\yachtProject\\us\\booking-confirm.php')
 3 SYSTEMPATH\View\View.php(231): CodeIgniter\View\View->CodeIgniter\View\{closure}()
 4 SYSTEMPATH\Common.php(1178): CodeIgniter\View\View->render('yachtProject/us/booking-confirm', [], true)
 5 APPPATH\Controllers\Yacht.php(305): view('yachtProject/us/booking-confirm', [...])
 6 SYSTEMPATH\CodeIgniter.php(941): App\Controllers\Yacht->bookingConfirm()
 7 SYSTEMPATH\CodeIgniter.php(502): CodeIgniter\CodeIgniter->runController(Object(App\Controllers\Yacht))
 8 SYSTEMPATH\CodeIgniter.php(361): CodeIgniter\CodeIgniter->handleRequest(null, Object(Config\Cache), false)
 9 FCPATH\index.php(79): CodeIgniter\CodeIgniter->run()
CRITICAL - 2024-05-24 18:05:58 --> ErrorException: Undefined array key "build_name"
in APPPATH\Views\yachtProject\us\booking-confirm.php on line 71.
 1 APPPATH\Views\yachtProject\us\booking-confirm.php(71): CodeIgniter\Debug\Exceptions->errorHandler(2, 'Undefined array key "build_name"', 'C:\\xampp\\htdocs\\ciproject\\app\\Views\\yachtProject\\us\\booking-confirm.php', 71)
 2 SYSTEMPATH\View\View.php(228): include('C:\\xampp\\htdocs\\ciproject\\app\\Views\\yachtProject\\us\\booking-confirm.php')
 3 SYSTEMPATH\View\View.php(231): CodeIgniter\View\View->CodeIgniter\View\{closure}()
 4 SYSTEMPATH\Common.php(1178): CodeIgniter\View\View->render('yachtProject/us/booking-confirm', [], true)
 5 APPPATH\Controllers\Yacht.php(305): view('yachtProject/us/booking-confirm', [...])
 6 SYSTEMPATH\CodeIgniter.php(941): App\Controllers\Yacht->bookingConfirm()
 7 SYSTEMPATH\CodeIgniter.php(502): CodeIgniter\CodeIgniter->runController(Object(App\Controllers\Yacht))
 8 SYSTEMPATH\CodeIgniter.php(361): CodeIgniter\CodeIgniter->handleRequest(null, Object(Config\Cache), false)
 9 FCPATH\index.php(79): CodeIgniter\CodeIgniter->run()
CRITICAL - 2024-05-24 18:06:50 --> ErrorException: Undefined array key "price"
in APPPATH\Views\yachtProject\us\booking-confirm.php on line 76.
 1 APPPATH\Views\yachtProject\us\booking-confirm.php(76): CodeIgniter\Debug\Exceptions->errorHandler(2, 'Undefined array key "price"', 'C:\\xampp\\htdocs\\ciproject\\app\\Views\\yachtProject\\us\\booking-confirm.php', 76)
 2 SYSTEMPATH\View\View.php(228): include('C:\\xampp\\htdocs\\ciproject\\app\\Views\\yachtProject\\us\\booking-confirm.php')
 3 SYSTEMPATH\View\View.php(231): CodeIgniter\View\View->CodeIgniter\View\{closure}()
 4 SYSTEMPATH\Common.php(1178): CodeIgniter\View\View->render('yachtProject/us/booking-confirm', [], true)
 5 APPPATH\Controllers\Yacht.php(305): view('yachtProject/us/booking-confirm', [...])
 6 SYSTEMPATH\CodeIgniter.php(941): App\Controllers\Yacht->bookingConfirm()
 7 SYSTEMPATH\CodeIgniter.php(502): CodeIgniter\CodeIgniter->runController(Object(App\Controllers\Yacht))
 8 SYSTEMPATH\CodeIgniter.php(361): CodeIgniter\CodeIgniter->handleRequest(null, Object(Config\Cache), false)
 9 FCPATH\index.php(79): CodeIgniter\CodeIgniter->run()
CRITICAL - 2024-05-24 18:08:04 --> ErrorException: Undefined array key "price"
in APPPATH\Views\yachtProject\us\booking-confirm.php on line 76.
 1 APPPATH\Views\yachtProject\us\booking-confirm.php(76): CodeIgniter\Debug\Exceptions->errorHandler(2, 'Undefined array key "price"', 'C:\\xampp\\htdocs\\ciproject\\app\\Views\\yachtProject\\us\\booking-confirm.php', 76)
 2 SYSTEMPATH\View\View.php(228): include('C:\\xampp\\htdocs\\ciproject\\app\\Views\\yachtProject\\us\\booking-confirm.php')
 3 SYSTEMPATH\View\View.php(231): CodeIgniter\View\View->CodeIgniter\View\{closure}()
 4 SYSTEMPATH\Common.php(1178): CodeIgniter\View\View->render('yachtProject/us/booking-confirm', [], true)
 5 APPPATH\Controllers\Yacht.php(305): view('yachtProject/us/booking-confirm', [...])
 6 SYSTEMPATH\CodeIgniter.php(941): App\Controllers\Yacht->bookingConfirm()
 7 SYSTEMPATH\CodeIgniter.php(502): CodeIgniter\CodeIgniter->runController(Object(App\Controllers\Yacht))
 8 SYSTEMPATH\CodeIgniter.php(361): CodeIgniter\CodeIgniter->handleRequest(null, Object(Config\Cache), false)
 9 FCPATH\index.php(79): CodeIgniter\CodeIgniter->run()
CRITICAL - 2024-05-24 18:08:55 --> ErrorException: Undefined array key "size"
in APPPATH\Views\yachtProject\us\booking-confirm.php on line 76.
 1 APPPATH\Views\yachtProject\us\booking-confirm.php(76): CodeIgniter\Debug\Exceptions->errorHandler(2, 'Undefined array key "size"', 'C:\\xampp\\htdocs\\ciproject\\app\\Views\\yachtProject\\us\\booking-confirm.php', 76)
 2 SYSTEMPATH\View\View.php(228): include('C:\\xampp\\htdocs\\ciproject\\app\\Views\\yachtProject\\us\\booking-confirm.php')
 3 SYSTEMPATH\View\View.php(231): CodeIgniter\View\View->CodeIgniter\View\{closure}()
 4 SYSTEMPATH\Common.php(1178): CodeIgniter\View\View->render('yachtProject/us/booking-confirm', [], true)
 5 APPPATH\Controllers\Yacht.php(305): view('yachtProject/us/booking-confirm', [...])
 6 SYSTEMPATH\CodeIgniter.php(941): App\Controllers\Yacht->bookingConfirm()
 7 SYSTEMPATH\CodeIgniter.php(502): CodeIgniter\CodeIgniter->runController(Object(App\Controllers\Yacht))
 8 SYSTEMPATH\CodeIgniter.php(361): CodeIgniter\CodeIgniter->handleRequest(null, Object(Config\Cache), false)
 9 FCPATH\index.php(79): CodeIgniter\CodeIgniter->run()
CRITICAL - 2024-05-24 18:08:56 --> ErrorException: Undefined array key "size"
in APPPATH\Views\yachtProject\us\booking-confirm.php on line 76.
 1 APPPATH\Views\yachtProject\us\booking-confirm.php(76): CodeIgniter\Debug\Exceptions->errorHandler(2, 'Undefined array key "size"', 'C:\\xampp\\htdocs\\ciproject\\app\\Views\\yachtProject\\us\\booking-confirm.php', 76)
 2 SYSTEMPATH\View\View.php(228): include('C:\\xampp\\htdocs\\ciproject\\app\\Views\\yachtProject\\us\\booking-confirm.php')
 3 SYSTEMPATH\View\View.php(231): CodeIgniter\View\View->CodeIgniter\View\{closure}()
 4 SYSTEMPATH\Common.php(1178): CodeIgniter\View\View->render('yachtProject/us/booking-confirm', [], true)
 5 APPPATH\Controllers\Yacht.php(305): view('yachtProject/us/booking-confirm', [...])
 6 SYSTEMPATH\CodeIgniter.php(941): App\Controllers\Yacht->bookingConfirm()
 7 SYSTEMPATH\CodeIgniter.php(502): CodeIgniter\CodeIgniter->runController(Object(App\Controllers\Yacht))
 8 SYSTEMPATH\CodeIgniter.php(361): CodeIgniter\CodeIgniter->handleRequest(null, Object(Config\Cache), false)
 9 FCPATH\index.php(79): CodeIgniter\CodeIgniter->run()
CRITICAL - 2024-05-24 18:08:56 --> ErrorException: Undefined array key "size"
in APPPATH\Views\yachtProject\us\booking-confirm.php on line 76.
 1 APPPATH\Views\yachtProject\us\booking-confirm.php(76): CodeIgniter\Debug\Exceptions->errorHandler(2, 'Undefined array key "size"', 'C:\\xampp\\htdocs\\ciproject\\app\\Views\\yachtProject\\us\\booking-confirm.php', 76)
 2 SYSTEMPATH\View\View.php(228): include('C:\\xampp\\htdocs\\ciproject\\app\\Views\\yachtProject\\us\\booking-confirm.php')
 3 SYSTEMPATH\View\View.php(231): CodeIgniter\View\View->CodeIgniter\View\{closure}()
 4 SYSTEMPATH\Common.php(1178): CodeIgniter\View\View->render('yachtProject/us/booking-confirm', [], true)
 5 APPPATH\Controllers\Yacht.php(305): view('yachtProject/us/booking-confirm', [...])
 6 SYSTEMPATH\CodeIgniter.php(941): App\Controllers\Yacht->bookingConfirm()
 7 SYSTEMPATH\CodeIgniter.php(502): CodeIgniter\CodeIgniter->runController(Object(App\Controllers\Yacht))
 8 SYSTEMPATH\CodeIgniter.php(361): CodeIgniter\CodeIgniter->handleRequest(null, Object(Config\Cache), false)
 9 FCPATH\index.php(79): CodeIgniter\CodeIgniter->run()
CRITICAL - 2024-05-24 18:08:56 --> ErrorException: Undefined array key "size"
in APPPATH\Views\yachtProject\us\booking-confirm.php on line 76.
 1 APPPATH\Views\yachtProject\us\booking-confirm.php(76): CodeIgniter\Debug\Exceptions->errorHandler(2, 'Undefined array key "size"', 'C:\\xampp\\htdocs\\ciproject\\app\\Views\\yachtProject\\us\\booking-confirm.php', 76)
 2 SYSTEMPATH\View\View.php(228): include('C:\\xampp\\htdocs\\ciproject\\app\\Views\\yachtProject\\us\\booking-confirm.php')
 3 SYSTEMPATH\View\View.php(231): CodeIgniter\View\View->CodeIgniter\View\{closure}()
 4 SYSTEMPATH\Common.php(1178): CodeIgniter\View\View->render('yachtProject/us/booking-confirm', [], true)
 5 APPPATH\Controllers\Yacht.php(305): view('yachtProject/us/booking-confirm', [...])
 6 SYSTEMPATH\CodeIgniter.php(941): App\Controllers\Yacht->bookingConfirm()
 7 SYSTEMPATH\CodeIgniter.php(502): CodeIgniter\CodeIgniter->runController(Object(App\Controllers\Yacht))
 8 SYSTEMPATH\CodeIgniter.php(361): CodeIgniter\CodeIgniter->handleRequest(null, Object(Config\Cache), false)
 9 FCPATH\index.php(79): CodeIgniter\CodeIgniter->run()
CRITICAL - 2024-05-24 18:08:56 --> ErrorException: Undefined array key "size"
in APPPATH\Views\yachtProject\us\booking-confirm.php on line 76.
 1 APPPATH\Views\yachtProject\us\booking-confirm.php(76): CodeIgniter\Debug\Exceptions->errorHandler(2, 'Undefined array key "size"', 'C:\\xampp\\htdocs\\ciproject\\app\\Views\\yachtProject\\us\\booking-confirm.php', 76)
 2 SYSTEMPATH\View\View.php(228): include('C:\\xampp\\htdocs\\ciproject\\app\\Views\\yachtProject\\us\\booking-confirm.php')
 3 SYSTEMPATH\View\View.php(231): CodeIgniter\View\View->CodeIgniter\View\{closure}()
 4 SYSTEMPATH\Common.php(1178): CodeIgniter\View\View->render('yachtProject/us/booking-confirm', [], true)
 5 APPPATH\Controllers\Yacht.php(305): view('yachtProject/us/booking-confirm', [...])
 6 SYSTEMPATH\CodeIgniter.php(941): App\Controllers\Yacht->bookingConfirm()
 7 SYSTEMPATH\CodeIgniter.php(502): CodeIgniter\CodeIgniter->runController(Object(App\Controllers\Yacht))
 8 SYSTEMPATH\CodeIgniter.php(361): CodeIgniter\CodeIgniter->handleRequest(null, Object(Config\Cache), false)
 9 FCPATH\index.php(79): CodeIgniter\CodeIgniter->run()
CRITICAL - 2024-05-24 18:09:11 --> ErrorException: Undefined array key "size"
in APPPATH\Views\yachtProject\us\booking-confirm.php on line 76.
 1 APPPATH\Views\yachtProject\us\booking-confirm.php(76): CodeIgniter\Debug\Exceptions->errorHandler(2, 'Undefined array key "size"', 'C:\\xampp\\htdocs\\ciproject\\app\\Views\\yachtProject\\us\\booking-confirm.php', 76)
 2 SYSTEMPATH\View\View.php(228): include('C:\\xampp\\htdocs\\ciproject\\app\\Views\\yachtProject\\us\\booking-confirm.php')
 3 SYSTEMPATH\View\View.php(231): CodeIgniter\View\View->CodeIgniter\View\{closure}()
 4 SYSTEMPATH\Common.php(1178): CodeIgniter\View\View->render('yachtProject/us/booking-confirm', [], true)
 5 APPPATH\Controllers\Yacht.php(305): view('yachtProject/us/booking-confirm', [...])
 6 SYSTEMPATH\CodeIgniter.php(941): App\Controllers\Yacht->bookingConfirm()
 7 SYSTEMPATH\CodeIgniter.php(502): CodeIgniter\CodeIgniter->runController(Object(App\Controllers\Yacht))
 8 SYSTEMPATH\CodeIgniter.php(361): CodeIgniter\CodeIgniter->handleRequest(null, Object(Config\Cache), false)
 9 FCPATH\index.php(79): CodeIgniter\CodeIgniter->run()
CRITICAL - 2024-05-24 18:09:11 --> ErrorException: Undefined array key "size"
in APPPATH\Views\yachtProject\us\booking-confirm.php on line 76.
 1 APPPATH\Views\yachtProject\us\booking-confirm.php(76): CodeIgniter\Debug\Exceptions->errorHandler(2, 'Undefined array key "size"', 'C:\\xampp\\htdocs\\ciproject\\app\\Views\\yachtProject\\us\\booking-confirm.php', 76)
 2 SYSTEMPATH\View\View.php(228): include('C:\\xampp\\htdocs\\ciproject\\app\\Views\\yachtProject\\us\\booking-confirm.php')
 3 SYSTEMPATH\View\View.php(231): CodeIgniter\View\View->CodeIgniter\View\{closure}()
 4 SYSTEMPATH\Common.php(1178): CodeIgniter\View\View->render('yachtProject/us/booking-confirm', [], true)
 5 APPPATH\Controllers\Yacht.php(305): view('yachtProject/us/booking-confirm', [...])
 6 SYSTEMPATH\CodeIgniter.php(941): App\Controllers\Yacht->bookingConfirm()
 7 SYSTEMPATH\CodeIgniter.php(502): CodeIgniter\CodeIgniter->runController(Object(App\Controllers\Yacht))
 8 SYSTEMPATH\CodeIgniter.php(361): CodeIgniter\CodeIgniter->handleRequest(null, Object(Config\Cache), false)
 9 FCPATH\index.php(79): CodeIgniter\CodeIgniter->run()
CRITICAL - 2024-05-24 18:09:11 --> ErrorException: Undefined array key "size"
in APPPATH\Views\yachtProject\us\booking-confirm.php on line 76.
 1 APPPATH\Views\yachtProject\us\booking-confirm.php(76): CodeIgniter\Debug\Exceptions->errorHandler(2, 'Undefined array key "size"', 'C:\\xampp\\htdocs\\ciproject\\app\\Views\\yachtProject\\us\\booking-confirm.php', 76)
 2 SYSTEMPATH\View\View.php(228): include('C:\\xampp\\htdocs\\ciproject\\app\\Views\\yachtProject\\us\\booking-confirm.php')
 3 SYSTEMPATH\View\View.php(231): CodeIgniter\View\View->CodeIgniter\View\{closure}()
 4 SYSTEMPATH\Common.php(1178): CodeIgniter\View\View->render('yachtProject/us/booking-confirm', [], true)
 5 APPPATH\Controllers\Yacht.php(305): view('yachtProject/us/booking-confirm', [...])
 6 SYSTEMPATH\CodeIgniter.php(941): App\Controllers\Yacht->bookingConfirm()
 7 SYSTEMPATH\CodeIgniter.php(502): CodeIgniter\CodeIgniter->runController(Object(App\Controllers\Yacht))
 8 SYSTEMPATH\CodeIgniter.php(361): CodeIgniter\CodeIgniter->handleRequest(null, Object(Config\Cache), false)
 9 FCPATH\index.php(79): CodeIgniter\CodeIgniter->run()
CRITICAL - 2024-05-24 18:09:12 --> ErrorException: Undefined array key "size"
in APPPATH\Views\yachtProject\us\booking-confirm.php on line 76.
 1 APPPATH\Views\yachtProject\us\booking-confirm.php(76): CodeIgniter\Debug\Exceptions->errorHandler(2, 'Undefined array key "size"', 'C:\\xampp\\htdocs\\ciproject\\app\\Views\\yachtProject\\us\\booking-confirm.php', 76)
 2 SYSTEMPATH\View\View.php(228): include('C:\\xampp\\htdocs\\ciproject\\app\\Views\\yachtProject\\us\\booking-confirm.php')
 3 SYSTEMPATH\View\View.php(231): CodeIgniter\View\View->CodeIgniter\View\{closure}()
 4 SYSTEMPATH\Common.php(1178): CodeIgniter\View\View->render('yachtProject/us/booking-confirm', [], true)
 5 APPPATH\Controllers\Yacht.php(305): view('yachtProject/us/booking-confirm', [...])
 6 SYSTEMPATH\CodeIgniter.php(941): App\Controllers\Yacht->bookingConfirm()
 7 SYSTEMPATH\CodeIgniter.php(502): CodeIgniter\CodeIgniter->runController(Object(App\Controllers\Yacht))
 8 SYSTEMPATH\CodeIgniter.php(361): CodeIgniter\CodeIgniter->handleRequest(null, Object(Config\Cache), false)
 9 FCPATH\index.php(79): CodeIgniter\CodeIgniter->run()
CRITICAL - 2024-05-24 18:09:12 --> ErrorException: Undefined array key "size"
in APPPATH\Views\yachtProject\us\booking-confirm.php on line 76.
 1 APPPATH\Views\yachtProject\us\booking-confirm.php(76): CodeIgniter\Debug\Exceptions->errorHandler(2, 'Undefined array key "size"', 'C:\\xampp\\htdocs\\ciproject\\app\\Views\\yachtProject\\us\\booking-confirm.php', 76)
 2 SYSTEMPATH\View\View.php(228): include('C:\\xampp\\htdocs\\ciproject\\app\\Views\\yachtProject\\us\\booking-confirm.php')
 3 SYSTEMPATH\View\View.php(231): CodeIgniter\View\View->CodeIgniter\View\{closure}()
 4 SYSTEMPATH\Common.php(1178): CodeIgniter\View\View->render('yachtProject/us/booking-confirm', [], true)
 5 APPPATH\Controllers\Yacht.php(305): view('yachtProject/us/booking-confirm', [...])
 6 SYSTEMPATH\CodeIgniter.php(941): App\Controllers\Yacht->bookingConfirm()
 7 SYSTEMPATH\CodeIgniter.php(502): CodeIgniter\CodeIgniter->runController(Object(App\Controllers\Yacht))
 8 SYSTEMPATH\CodeIgniter.php(361): CodeIgniter\CodeIgniter->handleRequest(null, Object(Config\Cache), false)
 9 FCPATH\index.php(79): CodeIgniter\CodeIgniter->run()
CRITICAL - 2024-05-24 18:14:44 --> ErrorException: Undefined array key "size"
in APPPATH\Views\yachtProject\us\booking-confirm.php on line 76.
 1 APPPATH\Views\yachtProject\us\booking-confirm.php(76): CodeIgniter\Debug\Exceptions->errorHandler(2, 'Undefined array key "size"', 'C:\\xampp\\htdocs\\ciproject\\app\\Views\\yachtProject\\us\\booking-confirm.php', 76)
 2 SYSTEMPATH\View\View.php(228): include('C:\\xampp\\htdocs\\ciproject\\app\\Views\\yachtProject\\us\\booking-confirm.php')
 3 SYSTEMPATH\View\View.php(231): CodeIgniter\View\View->CodeIgniter\View\{closure}()
 4 SYSTEMPATH\Common.php(1178): CodeIgniter\View\View->render('yachtProject/us/booking-confirm', [], true)
 5 APPPATH\Controllers\Yacht.php(305): view('yachtProject/us/booking-confirm', [...])
 6 SYSTEMPATH\CodeIgniter.php(941): App\Controllers\Yacht->bookingConfirm()
 7 SYSTEMPATH\CodeIgniter.php(502): CodeIgniter\CodeIgniter->runController(Object(App\Controllers\Yacht))
 8 SYSTEMPATH\CodeIgniter.php(361): CodeIgniter\CodeIgniter->handleRequest(null, Object(Config\Cache), false)
 9 FCPATH\index.php(79): CodeIgniter\CodeIgniter->run()
CRITICAL - 2024-05-24 18:14:48 --> ErrorException: Undefined array key "size"
in APPPATH\Views\yachtProject\us\booking-confirm.php on line 76.
 1 APPPATH\Views\yachtProject\us\booking-confirm.php(76): CodeIgniter\Debug\Exceptions->errorHandler(2, 'Undefined array key "size"', 'C:\\xampp\\htdocs\\ciproject\\app\\Views\\yachtProject\\us\\booking-confirm.php', 76)
 2 SYSTEMPATH\View\View.php(228): include('C:\\xampp\\htdocs\\ciproject\\app\\Views\\yachtProject\\us\\booking-confirm.php')
 3 SYSTEMPATH\View\View.php(231): CodeIgniter\View\View->CodeIgniter\View\{closure}()
 4 SYSTEMPATH\Common.php(1178): CodeIgniter\View\View->render('yachtProject/us/booking-confirm', [], true)
 5 APPPATH\Controllers\Yacht.php(305): view('yachtProject/us/booking-confirm', [...])
 6 SYSTEMPATH\CodeIgniter.php(941): App\Controllers\Yacht->bookingConfirm()
 7 SYSTEMPATH\CodeIgniter.php(502): CodeIgniter\CodeIgniter->runController(Object(App\Controllers\Yacht))
 8 SYSTEMPATH\CodeIgniter.php(361): CodeIgniter\CodeIgniter->handleRequest(null, Object(Config\Cache), false)
 9 FCPATH\index.php(79): CodeIgniter\CodeIgniter->run()
CRITICAL - 2024-05-24 18:18:45 --> ErrorException: Undefined array key "size"
in APPPATH\Views\yachtProject\us\booking-confirm.php on line 76.
 1 APPPATH\Views\yachtProject\us\booking-confirm.php(76): CodeIgniter\Debug\Exceptions->errorHandler(2, 'Undefined array key "size"', 'C:\\xampp\\htdocs\\ciproject\\app\\Views\\yachtProject\\us\\booking-confirm.php', 76)
 2 SYSTEMPATH\View\View.php(228): include('C:\\xampp\\htdocs\\ciproject\\app\\Views\\yachtProject\\us\\booking-confirm.php')
 3 SYSTEMPATH\View\View.php(231): CodeIgniter\View\View->CodeIgniter\View\{closure}()
 4 SYSTEMPATH\Common.php(1178): CodeIgniter\View\View->render('yachtProject/us/booking-confirm', [], true)
 5 APPPATH\Controllers\Yacht.php(306): view('yachtProject/us/booking-confirm', [...])
 6 SYSTEMPATH\CodeIgniter.php(941): App\Controllers\Yacht->bookingConfirm()
 7 SYSTEMPATH\CodeIgniter.php(502): CodeIgniter\CodeIgniter->runController(Object(App\Controllers\Yacht))
 8 SYSTEMPATH\CodeIgniter.php(361): CodeIgniter\CodeIgniter->handleRequest(null, Object(Config\Cache), false)
 9 FCPATH\index.php(79): CodeIgniter\CodeIgniter->run()
CRITICAL - 2024-05-24 18:18:46 --> ErrorException: Undefined array key "size"
in APPPATH\Views\yachtProject\us\booking-confirm.php on line 76.
 1 APPPATH\Views\yachtProject\us\booking-confirm.php(76): CodeIgniter\Debug\Exceptions->errorHandler(2, 'Undefined array key "size"', 'C:\\xampp\\htdocs\\ciproject\\app\\Views\\yachtProject\\us\\booking-confirm.php', 76)
 2 SYSTEMPATH\View\View.php(228): include('C:\\xampp\\htdocs\\ciproject\\app\\Views\\yachtProject\\us\\booking-confirm.php')
 3 SYSTEMPATH\View\View.php(231): CodeIgniter\View\View->CodeIgniter\View\{closure}()
 4 SYSTEMPATH\Common.php(1178): CodeIgniter\View\View->render('yachtProject/us/booking-confirm', [], true)
 5 APPPATH\Controllers\Yacht.php(306): view('yachtProject/us/booking-confirm', [...])
 6 SYSTEMPATH\CodeIgniter.php(941): App\Controllers\Yacht->bookingConfirm()
 7 SYSTEMPATH\CodeIgniter.php(502): CodeIgniter\CodeIgniter->runController(Object(App\Controllers\Yacht))
 8 SYSTEMPATH\CodeIgniter.php(361): CodeIgniter\CodeIgniter->handleRequest(null, Object(Config\Cache), false)
 9 FCPATH\index.php(79): CodeIgniter\CodeIgniter->run()
CRITICAL - 2024-05-24 18:18:46 --> ErrorException: Undefined array key "size"
in APPPATH\Views\yachtProject\us\booking-confirm.php on line 76.
 1 APPPATH\Views\yachtProject\us\booking-confirm.php(76): CodeIgniter\Debug\Exceptions->errorHandler(2, 'Undefined array key "size"', 'C:\\xampp\\htdocs\\ciproject\\app\\Views\\yachtProject\\us\\booking-confirm.php', 76)
 2 SYSTEMPATH\View\View.php(228): include('C:\\xampp\\htdocs\\ciproject\\app\\Views\\yachtProject\\us\\booking-confirm.php')
 3 SYSTEMPATH\View\View.php(231): CodeIgniter\View\View->CodeIgniter\View\{closure}()
 4 SYSTEMPATH\Common.php(1178): CodeIgniter\View\View->render('yachtProject/us/booking-confirm', [], true)
 5 APPPATH\Controllers\Yacht.php(306): view('yachtProject/us/booking-confirm', [...])
 6 SYSTEMPATH\CodeIgniter.php(941): App\Controllers\Yacht->bookingConfirm()
 7 SYSTEMPATH\CodeIgniter.php(502): CodeIgniter\CodeIgniter->runController(Object(App\Controllers\Yacht))
 8 SYSTEMPATH\CodeIgniter.php(361): CodeIgniter\CodeIgniter->handleRequest(null, Object(Config\Cache), false)
 9 FCPATH\index.php(79): CodeIgniter\CodeIgniter->run()
CRITICAL - 2024-05-24 18:18:47 --> ErrorException: Undefined array key "size"
in APPPATH\Views\yachtProject\us\booking-confirm.php on line 76.
 1 APPPATH\Views\yachtProject\us\booking-confirm.php(76): CodeIgniter\Debug\Exceptions->errorHandler(2, 'Undefined array key "size"', 'C:\\xampp\\htdocs\\ciproject\\app\\Views\\yachtProject\\us\\booking-confirm.php', 76)
 2 SYSTEMPATH\View\View.php(228): include('C:\\xampp\\htdocs\\ciproject\\app\\Views\\yachtProject\\us\\booking-confirm.php')
 3 SYSTEMPATH\View\View.php(231): CodeIgniter\View\View->CodeIgniter\View\{closure}()
 4 SYSTEMPATH\Common.php(1178): CodeIgniter\View\View->render('yachtProject/us/booking-confirm', [], true)
 5 APPPATH\Controllers\Yacht.php(306): view('yachtProject/us/booking-confirm', [...])
 6 SYSTEMPATH\CodeIgniter.php(941): App\Controllers\Yacht->bookingConfirm()
 7 SYSTEMPATH\CodeIgniter.php(502): CodeIgniter\CodeIgniter->runController(Object(App\Controllers\Yacht))
 8 SYSTEMPATH\CodeIgniter.php(361): CodeIgniter\CodeIgniter->handleRequest(null, Object(Config\Cache), false)
 9 FCPATH\index.php(79): CodeIgniter\CodeIgniter->run()
CRITICAL - 2024-05-24 18:18:47 --> ErrorException: Undefined array key "size"
in APPPATH\Views\yachtProject\us\booking-confirm.php on line 76.
 1 APPPATH\Views\yachtProject\us\booking-confirm.php(76): CodeIgniter\Debug\Exceptions->errorHandler(2, 'Undefined array key "size"', 'C:\\xampp\\htdocs\\ciproject\\app\\Views\\yachtProject\\us\\booking-confirm.php', 76)
 2 SYSTEMPATH\View\View.php(228): include('C:\\xampp\\htdocs\\ciproject\\app\\Views\\yachtProject\\us\\booking-confirm.php')
 3 SYSTEMPATH\View\View.php(231): CodeIgniter\View\View->CodeIgniter\View\{closure}()
 4 SYSTEMPATH\Common.php(1178): CodeIgniter\View\View->render('yachtProject/us/booking-confirm', [], true)
 5 APPPATH\Controllers\Yacht.php(306): view('yachtProject/us/booking-confirm', [...])
 6 SYSTEMPATH\CodeIgniter.php(941): App\Controllers\Yacht->bookingConfirm()
 7 SYSTEMPATH\CodeIgniter.php(502): CodeIgniter\CodeIgniter->runController(Object(App\Controllers\Yacht))
 8 SYSTEMPATH\CodeIgniter.php(361): CodeIgniter\CodeIgniter->handleRequest(null, Object(Config\Cache), false)
 9 FCPATH\index.php(79): CodeIgniter\CodeIgniter->run()
CRITICAL - 2024-05-24 18:18:48 --> ErrorException: Undefined array key "size"
in APPPATH\Views\yachtProject\us\booking-confirm.php on line 76.
 1 APPPATH\Views\yachtProject\us\booking-confirm.php(76): CodeIgniter\Debug\Exceptions->errorHandler(2, 'Undefined array key "size"', 'C:\\xampp\\htdocs\\ciproject\\app\\Views\\yachtProject\\us\\booking-confirm.php', 76)
 2 SYSTEMPATH\View\View.php(228): include('C:\\xampp\\htdocs\\ciproject\\app\\Views\\yachtProject\\us\\booking-confirm.php')
 3 SYSTEMPATH\View\View.php(231): CodeIgniter\View\View->CodeIgniter\View\{closure}()
 4 SYSTEMPATH\Common.php(1178): CodeIgniter\View\View->render('yachtProject/us/booking-confirm', [], true)
 5 APPPATH\Controllers\Yacht.php(306): view('yachtProject/us/booking-confirm', [...])
 6 SYSTEMPATH\CodeIgniter.php(941): App\Controllers\Yacht->bookingConfirm()
 7 SYSTEMPATH\CodeIgniter.php(502): CodeIgniter\CodeIgniter->runController(Object(App\Controllers\Yacht))
 8 SYSTEMPATH\CodeIgniter.php(361): CodeIgniter\CodeIgniter->handleRequest(null, Object(Config\Cache), false)
 9 FCPATH\index.php(79): CodeIgniter\CodeIgniter->run()
CRITICAL - 2024-05-24 18:18:49 --> ErrorException: Undefined array key "size"
in APPPATH\Views\yachtProject\us\booking-confirm.php on line 76.
 1 APPPATH\Views\yachtProject\us\booking-confirm.php(76): CodeIgniter\Debug\Exceptions->errorHandler(2, 'Undefined array key "size"', 'C:\\xampp\\htdocs\\ciproject\\app\\Views\\yachtProject\\us\\booking-confirm.php', 76)
 2 SYSTEMPATH\View\View.php(228): include('C:\\xampp\\htdocs\\ciproject\\app\\Views\\yachtProject\\us\\booking-confirm.php')
 3 SYSTEMPATH\View\View.php(231): CodeIgniter\View\View->CodeIgniter\View\{closure}()
 4 SYSTEMPATH\Common.php(1178): CodeIgniter\View\View->render('yachtProject/us/booking-confirm', [], true)
 5 APPPATH\Controllers\Yacht.php(306): view('yachtProject/us/booking-confirm', [...])
 6 SYSTEMPATH\CodeIgniter.php(941): App\Controllers\Yacht->bookingConfirm()
 7 SYSTEMPATH\CodeIgniter.php(502): CodeIgniter\CodeIgniter->runController(Object(App\Controllers\Yacht))
 8 SYSTEMPATH\CodeIgniter.php(361): CodeIgniter\CodeIgniter->handleRequest(null, Object(Config\Cache), false)
 9 FCPATH\index.php(79): CodeIgniter\CodeIgniter->run()
CRITICAL - 2024-05-24 18:20:09 --> ErrorException: Undefined array key "size"
in APPPATH\Views\yachtProject\us\booking-confirm.php on line 76.
 1 APPPATH\Views\yachtProject\us\booking-confirm.php(76): CodeIgniter\Debug\Exceptions->errorHandler(2, 'Undefined array key "size"', 'C:\\xampp\\htdocs\\ciproject\\app\\Views\\yachtProject\\us\\booking-confirm.php', 76)
 2 SYSTEMPATH\View\View.php(228): include('C:\\xampp\\htdocs\\ciproject\\app\\Views\\yachtProject\\us\\booking-confirm.php')
 3 SYSTEMPATH\View\View.php(231): CodeIgniter\View\View->CodeIgniter\View\{closure}()
 4 SYSTEMPATH\Common.php(1178): CodeIgniter\View\View->render('yachtProject/us/booking-confirm', [], true)
 5 APPPATH\Controllers\Yacht.php(306): view('yachtProject/us/booking-confirm', [...])
 6 SYSTEMPATH\CodeIgniter.php(941): App\Controllers\Yacht->bookingConfirm()
 7 SYSTEMPATH\CodeIgniter.php(502): CodeIgniter\CodeIgniter->runController(Object(App\Controllers\Yacht))
 8 SYSTEMPATH\CodeIgniter.php(361): CodeIgniter\CodeIgniter->handleRequest(null, Object(Config\Cache), false)
 9 FCPATH\index.php(79): CodeIgniter\CodeIgniter->run()
CRITICAL - 2024-05-24 18:48:41 --> CodeIgniter\Security\Exceptions\SecurityException: The action you requested is not allowed.
in SYSTEMPATH\Security\Security.php on line 300.
 1 SYSTEMPATH\Security\Security.php(300): CodeIgniter\Security\Exceptions\SecurityException::forDisallowedAction()
 2 SYSTEMPATH\Filters\CSRF.php(56): CodeIgniter\Security\Security->verify(Object(CodeIgniter\HTTP\IncomingRequest))
 3 SYSTEMPATH\Filters\Filters.php(182): CodeIgniter\Filters\CSRF->before(Object(CodeIgniter\HTTP\IncomingRequest), null)
 4 SYSTEMPATH\CodeIgniter.php(474): CodeIgniter\Filters\Filters->run('booking-confirm', 'before')
 5 SYSTEMPATH\CodeIgniter.php(361): CodeIgniter\CodeIgniter->handleRequest(null, Object(Config\Cache), false)
 6 FCPATH\index.php(79): CodeIgniter\CodeIgniter->run()
CRITICAL - 2024-05-24 18:49:35 --> ErrorException: Undefined array key "size"
in APPPATH\Views\yachtProject\us\booking-confirm.php on line 75.
 1 APPPATH\Views\yachtProject\us\booking-confirm.php(75): CodeIgniter\Debug\Exceptions->errorHandler(2, 'Undefined array key "size"', 'C:\\xampp\\htdocs\\ciproject\\app\\Views\\yachtProject\\us\\booking-confirm.php', 75)
 2 SYSTEMPATH\View\View.php(228): include('C:\\xampp\\htdocs\\ciproject\\app\\Views\\yachtProject\\us\\booking-confirm.php')
 3 SYSTEMPATH\View\View.php(231): CodeIgniter\View\View->CodeIgniter\View\{closure}()
 4 SYSTEMPATH\Common.php(1178): CodeIgniter\View\View->render('yachtProject/us/booking-confirm', [], true)
 5 APPPATH\Controllers\Yacht.php(306): view('yachtProject/us/booking-confirm', [...])
 6 SYSTEMPATH\CodeIgniter.php(941): App\Controllers\Yacht->bookingConfirm()
 7 SYSTEMPATH\CodeIgniter.php(502): CodeIgniter\CodeIgniter->runController(Object(App\Controllers\Yacht))
 8 SYSTEMPATH\CodeIgniter.php(361): CodeIgniter\CodeIgniter->handleRequest(null, Object(Config\Cache), false)
 9 FCPATH\index.php(79): CodeIgniter\CodeIgniter->run()
